
> discovery-assistant@0.0.0 build:typecheck
> tsc -b && vite build

src/components/Auth/Login.tsx(2,23): error TS6133: 'Link' is declared but its value is never read.
src/components/Common/ExportMenu.tsx(1,8): error TS6133: 'React' is declared but its value is never read.
src/components/Common/FormFields/Input.tsx(122,10): error TS6133: 'isFocused' is declared but its value is never read.
src/components/Common/PhaseNavigator.old.tsx(2,23): error TS6133: 'Circle' is declared but its value is never read.
src/components/Dashboard/Dashboard.tsx(10,3): error TS6133: 'Download' is declared but its value is never read.
src/components/Dashboard/Dashboard.tsx(11,3): error TS6133: 'FileText' is declared but its value is never read.
src/components/Dashboard/Dashboard.tsx(16,3): error TS6133: 'Mail' is declared but its value is never read.
src/components/Dashboard/Dashboard.tsx(17,3): error TS6133: 'MessageCircle' is declared but its value is never read.
src/components/Dashboard/Dashboard.tsx(18,3): error TS6133: 'FileSpreadsheet' is declared but its value is never read.
src/components/Dashboard/Dashboard.tsx(20,3): error TS6133: 'ChevronDown' is declared but its value is never read.
src/components/Dashboard/Dashboard.tsx(82,10): error TS6133: 'exportMenuOpen' is declared but its value is never read.
src/components/Dashboard/Dashboard.tsx(113,9): error TS6133: 'handleModuleClick' is declared but its value is never read.
src/components/Dashboard/Dashboard.tsx(141,9): error TS6133: 'handleExportJSON' is declared but its value is never read.
src/components/Dashboard/Dashboard.tsx(153,9): error TS6133: 'handleExportExcel' is declared but its value is never read.
src/components/Dashboard/Dashboard.tsx(253,9): error TS6133: 'handleExportWhatsApp' is declared but its value is never read.
src/components/Dashboard/Dashboard.tsx(285,9): error TS6133: 'handleExportEmail' is declared but its value is never read.
src/components/Dashboard/Dashboard.tsx(321,9): error TS6133: 'handleExportTechnicalSpec' is declared but its value is never read.
src/components/Dashboard/Dashboard.tsx(643,35): error TS2367: This comparison appears to be unintentional because the types 'number' and 'string' have no overlap.
src/components/Dashboard/Dashboard.tsx(644,35): error TS2367: This comparison appears to be unintentional because the types 'number' and 'string' have no overlap.
src/components/Dashboard/Dashboard.tsx(645,35): error TS2367: This comparison appears to be unintentional because the types 'number' and 'string' have no overlap.
src/components/Dashboard/Dashboard.tsx(654,39): error TS2339: Property 'type' does not exist on type 'SmartRecommendation'.
src/components/Dashboard/Dashboard.tsx(655,39): error TS2339: Property 'type' does not exist on type 'SmartRecommendation'.
src/components/Dashboard/Dashboard.tsx(656,39): error TS2339: Property 'type' does not exist on type 'SmartRecommendation'.
src/components/Dashboard/Dashboard.tsx(661,38): error TS2339: Property 'type' does not exist on type 'SmartRecommendation'.
src/components/Dashboard/Dashboard.tsx(662,38): error TS2339: Property 'type' does not exist on type 'SmartRecommendation'.
src/components/Dashboard/Dashboard.tsx(663,38): error TS2339: Property 'type' does not exist on type 'SmartRecommendation'.
src/components/Dashboard/Dashboard.tsx(664,38): error TS2339: Property 'type' does not exist on type 'SmartRecommendation'.
src/components/Dashboard/Dashboard.tsx(672,36): error TS2339: Property 'estimatedTimeSavings' does not exist on type 'SmartRecommendation'.
src/components/Dashboard/Dashboard.tsx(673,74): error TS2339: Property 'estimatedTimeSavings' does not exist on type 'SmartRecommendation'.
src/components/Dashboard/Dashboard.tsx(675,36): error TS2339: Property 'estimatedCostSavings' does not exist on type 'SmartRecommendation'.
src/components/Dashboard/Dashboard.tsx(676,73): error TS2339: Property 'estimatedCostSavings' does not exist on type 'SmartRecommendation'.
src/components/Dashboard/Dashboard.tsx(678,36): error TS2551: Property 'suggestedTool' does not exist on type 'SmartRecommendation'. Did you mean 'suggestedTools'?
src/components/Dashboard/Dashboard.tsx(679,76): error TS2551: Property 'suggestedTool' does not exist on type 'SmartRecommendation'. Did you mean 'suggestedTools'?
src/components/Examples/ValidatedFormExample.tsx(15,10): error TS2305: Module '"../../utils/validation"' has no exported member 'emailRules'.
src/components/Examples/ValidatedFormExample.tsx(15,22): error TS2305: Module '"../../utils/validation"' has no exported member 'phoneRules'.
src/components/Examples/ValidatedFormExample.tsx(15,34): error TS2305: Module '"../../utils/validation"' has no exported member 'numberRules'.
src/components/Examples/ValidatedFormExample.tsx(15,47): error TS2305: Module '"../../utils/validation"' has no exported member 'hebrewTextRules'.
src/components/Examples/ValidatedFormExample.tsx(119,13): error TS2322: Type '{ label: string; value: string; onChange: (value: string) => void; onBlur: () => void; type: "email"; placeholder: string; required: true; error: boolean; helperText: string | undefined; dir: "ltr"; }' is not assignable to type 'IntrinsicAttributes & TextFieldProps'.
  Property 'onBlur' does not exist on type 'IntrinsicAttributes & TextFieldProps'.
src/components/Examples/ValidatedFormExample.tsx(133,13): error TS2322: Type '{ label: string; value: string; onChange: (value: string) => void; onBlur: () => void; type: "tel"; placeholder: string; required: true; error: boolean; helperText: string | undefined; }' is not assignable to type 'IntrinsicAttributes & TextFieldProps'.
  Property 'onBlur' does not exist on type 'IntrinsicAttributes & TextFieldProps'.
src/components/Examples/ValidatedFormExample.tsx(176,13): error TS2322: Type '{ label: string; value: string; onChange: (value: string) => void; rows: number; placeholder: string; error: boolean; helperText: string | undefined; }' is not assignable to type 'IntrinsicAttributes & TextAreaFieldProps'.
  Property 'error' does not exist on type 'IntrinsicAttributes & TextAreaFieldProps'.
src/components/Feedback/AutoSaveIndicator.tsx(22,11): error TS6133: 'checkSaveStatus' is declared but its value is never read.
src/components/Layout/GlobalNavigation.tsx(87,39): error TS7015: Element implicitly has an 'any' type because index expression is not of type 'number'.
src/components/Layout/GlobalNavigation.tsx(89,37): error TS7015: Element implicitly has an 'any' type because index expression is not of type 'number'.
src/components/Modules/AIAgents/AIAgentUseCaseBuilder.tsx(2,48): error TS6133: 'AlertCircle' is declared but its value is never read.
src/components/Modules/AIAgents/AIAgentUseCaseBuilder.tsx(263,17): error TS2322: Type '{ value: string; onChange: Dispatch<SetStateAction<string>>; placeholder: string; className: string; onKeyPress: (e: KeyboardEvent<Element>) => void; }' is not assignable to type 'IntrinsicAttributes & TextFieldProps'.
  Property 'onKeyPress' does not exist on type 'IntrinsicAttributes & TextFieldProps'.
src/components/Modules/AIAgents/AIAgentUseCaseBuilder.tsx(358,17): error TS2322: Type '{ value: string; onChange: Dispatch<SetStateAction<string>>; placeholder: string; className: string; onKeyPress: (e: KeyboardEvent<Element>) => void; }' is not assignable to type 'IntrinsicAttributes & TextFieldProps'.
  Property 'onKeyPress' does not exist on type 'IntrinsicAttributes & TextFieldProps'.
src/components/Modules/AIAgents/AIModelSelector.tsx(1,27): error TS6133: 'useMemo' is declared but its value is never read.
src/components/Modules/CustomerService/CustomerServiceModule.tsx(90,10): error TS6133: 'customFeedbackMethod' is declared but its value is never read.
src/components/Modules/CustomerService/CustomerServiceModule.tsx(95,10): error TS6133: 'customReviewPlatform' is declared but its value is never read.
src/components/Modules/CustomerService/CustomerServiceModule.tsx(95,32): error TS6133: 'setCustomReviewPlatform' is declared but its value is never read.
src/components/Modules/CustomerService/CustomerServiceModule.tsx(524,75): error TS18048: 'q.frequencyPerDay' is possibly 'undefined'.
src/components/Modules/EssentialDetails/components/LeadManagementSection.tsx(2,33): error TS6133: 'Select' is declared but its value is never read.
src/components/Modules/LeadsAndSales/LeadsAndSalesModule.tsx(3,44): error TS6133: 'ChevronUp' is declared but its value is never read.
src/components/Modules/LeadsAndSales/LeadsAndSalesModule.tsx(3,74): error TS6133: 'AlertTriangle' is declared but its value is never read.
src/components/Modules/LeadsAndSales/LeadsAndSalesModule.tsx(5,41): error TS6133: 'Button' is declared but its value is never read.
src/components/Modules/LeadsAndSales/LeadsAndSalesModule.tsx(58,72): error TS2345: Argument of type 'string | undefined' is not assignable to parameter of type 'number | (() => number | undefined) | undefined'.
  Type 'string' is not assignable to type 'number | (() => number | undefined) | undefined'.
src/components/Modules/LeadsAndSales/LeadsAndSalesModule.tsx(449,23): error TS2322: Type 'Dispatch<SetStateAction<number>>' is not assignable to type '(value: number | undefined) => void'.
  Types of parameters 'value' and 'value' are incompatible.
    Type 'number | undefined' is not assignable to type 'SetStateAction<number>'.
      Type 'undefined' is not assignable to type 'SetStateAction<number>'.
src/components/Modules/LeadsAndSales/LeadsAndSalesModule.tsx(476,23): error TS2322: Type 'Dispatch<SetStateAction<number>>' is not assignable to type '(value: number | undefined) => void'.
  Types of parameters 'value' and 'value' are incompatible.
    Type 'number | undefined' is not assignable to type 'SetStateAction<number>'.
      Type 'undefined' is not assignable to type 'SetStateAction<number>'.
src/components/Modules/LeadsAndSales/LeadsAndSalesModule.tsx(488,21): error TS2322: Type 'Element' is not assignable to type 'string'.
src/components/Modules/LeadsAndSales/LeadsAndSalesModule.tsx(495,21): error TS2322: Type 'Dispatch<SetStateAction<number>>' is not assignable to type '(value: number | undefined) => void'.
  Types of parameters 'value' and 'value' are incompatible.
    Type 'number | undefined' is not assignable to type 'SetStateAction<number>'.
      Type 'undefined' is not assignable to type 'SetStateAction<number>'.
src/components/Modules/LeadsAndSales/LeadsAndSalesModule.tsx(502,21): error TS2322: Type 'Element' is not assignable to type 'string'.
src/components/Modules/LeadsAndSales/LeadsAndSalesModule.tsx(509,21): error TS2322: Type 'Dispatch<SetStateAction<number>>' is not assignable to type '(value: number | undefined) => void'.
  Types of parameters 'value' and 'value' are incompatible.
    Type 'number | undefined' is not assignable to type 'SetStateAction<number>'.
      Type 'undefined' is not assignable to type 'SetStateAction<number>'.
src/components/Modules/LeadsAndSales/LeadsAndSalesModule.tsx(577,62): error TS2345: Argument of type 'string' is not assignable to parameter of type 'SetStateAction<"minutes" | "hours" | "days">'.
src/components/Modules/LeadsAndSales/LeadsAndSalesModule.tsx(619,21): error TS2322: Type 'Dispatch<SetStateAction<number>>' is not assignable to type '(value: number | undefined) => void'.
  Types of parameters 'value' and 'value' are incompatible.
    Type 'number | undefined' is not assignable to type 'SetStateAction<number>'.
      Type 'undefined' is not assignable to type 'SetStateAction<number>'.
src/components/Modules/LeadsAndSales/LeadsAndSalesModule.tsx(674,49): error TS18048: 'responseTime' is possibly 'undefined'.
src/components/Modules/LeadsAndSales/LeadsAndSalesModule.tsx(828,21): error TS2322: Type 'Dispatch<SetStateAction<number>>' is not assignable to type '(value: number | undefined) => void'.
  Types of parameters 'value' and 'value' are incompatible.
    Type 'number | undefined' is not assignable to type 'SetStateAction<number>'.
      Type 'undefined' is not assignable to type 'SetStateAction<number>'.
src/components/Modules/LeadsAndSales/LeadsAndSalesModule.tsx(883,21): error TS2322: Type 'Dispatch<SetStateAction<number>>' is not assignable to type '(value: number | undefined) => void'.
  Types of parameters 'value' and 'value' are incompatible.
    Type 'number | undefined' is not assignable to type 'SetStateAction<number>'.
      Type 'undefined' is not assignable to type 'SetStateAction<number>'.
src/components/Modules/LeadsAndSales/LeadsAndSalesModule.tsx(980,21): error TS2322: Type 'Dispatch<SetStateAction<number>>' is not assignable to type '(value: number | undefined) => void'.
  Types of parameters 'value' and 'value' are incompatible.
    Type 'number | undefined' is not assignable to type 'SetStateAction<number>'.
      Type 'undefined' is not assignable to type 'SetStateAction<number>'.
src/components/Modules/LeadsAndSales/LeadsAndSalesModule.tsx(987,21): error TS2322: Type 'Dispatch<SetStateAction<number>>' is not assignable to type '(value: number | undefined) => void'.
  Types of parameters 'value' and 'value' are incompatible.
    Type 'number | undefined' is not assignable to type 'SetStateAction<number>'.
      Type 'undefined' is not assignable to type 'SetStateAction<number>'.
src/components/Modules/LeadsAndSales/LeadsAndSalesModule.tsx(999,23): error TS2322: Type 'Dispatch<SetStateAction<number>>' is not assignable to type '(value: number | undefined) => void'.
  Types of parameters 'value' and 'value' are incompatible.
    Type 'number | undefined' is not assignable to type 'SetStateAction<number>'.
      Type 'undefined' is not assignable to type 'SetStateAction<number>'.
src/components/Modules/LeadsAndSales/LeadsAndSalesModule.tsx(1007,23): error TS2322: Type 'Dispatch<SetStateAction<number>>' is not assignable to type '(value: number | undefined) => void'.
  Types of parameters 'value' and 'value' are incompatible.
    Type 'number | undefined' is not assignable to type 'SetStateAction<number>'.
      Type 'undefined' is not assignable to type 'SetStateAction<number>'.
src/components/Modules/LeadsAndSales/LeadsAndSalesModule.tsx(1033,21): error TS2322: Type 'Dispatch<SetStateAction<number>>' is not assignable to type '(value: number | undefined) => void'.
  Types of parameters 'value' and 'value' are incompatible.
    Type 'number | undefined' is not assignable to type 'SetStateAction<number>'.
      Type 'undefined' is not assignable to type 'SetStateAction<number>'.
src/components/Modules/Operations/OperationsModule.tsx(204,7): error TS2365: Operator '>' cannot be applied to types 'string' and 'number'.
src/components/Modules/Overview/OverviewModule.tsx(3,22): error TS6133: 'Plus' is declared but its value is never read.
src/components/Modules/Overview/OverviewModule.tsx(3,28): error TS6133: 'X' is declared but its value is never read.
src/components/Modules/Overview/OverviewModule.tsx(3,39): error TS6133: 'Users' is declared but its value is never read.
src/components/Modules/Overview/OverviewModule.tsx(164,17): error TS2322: Type '{ children: Element[]; title: string; subtitle: string; }' is not assignable to type 'IntrinsicAttributes & CardProps'.
  Property 'title' does not exist on type 'IntrinsicAttributes & CardProps'.
src/components/Modules/Overview/OverviewModule.tsx(196,17): error TS2322: Type '{ children: Element[]; title: string; subtitle: string; icon: Element; }' is not assignable to type 'IntrinsicAttributes & CardProps'.
  Property 'title' does not exist on type 'IntrinsicAttributes & CardProps'.
src/components/Modules/Overview/OverviewModule.tsx(217,13): error TS2322: Type '{ children: Element[]; title: string; subtitle: string; icon: Element; className: string; }' is not assignable to type 'IntrinsicAttributes & CardProps'.
  Property 'title' does not exist on type 'IntrinsicAttributes & CardProps'.
src/components/Modules/Overview/OverviewModule.tsx(237,19): error TS2322: Type '{ children: Element; title: string; subtitle: string; className: string; }' is not assignable to type 'IntrinsicAttributes & CardProps'.
  Property 'title' does not exist on type 'IntrinsicAttributes & CardProps'.
src/components/Modules/Overview/OverviewModule.tsx(270,19): error TS2322: Type '{ children: Element; title: string; subtitle: string; className: string; }' is not assignable to type 'IntrinsicAttributes & CardProps'.
  Property 'title' does not exist on type 'IntrinsicAttributes & CardProps'.
src/components/Modules/Overview/OverviewModule.tsx(304,13): error TS2322: Type '{ children: Element; title: string; subtitle: string; className: string; }' is not assignable to type 'IntrinsicAttributes & CardProps'.
  Property 'title' does not exist on type 'IntrinsicAttributes & CardProps'.
src/components/Modules/Overview/OverviewModule.tsx(312,17): error TS2322: Type 'Dispatch<SetStateAction<"none" | "full" | "basic">>' is not assignable to type '(value: string) => void'.
  Types of parameters 'value' and 'value' are incompatible.
    Type 'string' is not assignable to type 'SetStateAction<"none" | "full" | "basic">'.
src/components/Modules/Overview/OverviewModule.tsx(354,19): error TS2322: Type '{ children: Element; title: string; className: string; }' is not assignable to type 'IntrinsicAttributes & CardProps'.
  Property 'title' does not exist on type 'IntrinsicAttributes & CardProps'.
src/components/Modules/Planning/PlanningModule.tsx(3,22): error TS6133: 'Target' is declared but its value is never read.
src/components/Modules/Planning/PlanningModule.tsx(3,30): error TS6133: 'Rocket' is declared but its value is never read.
src/components/Modules/Planning/PlanningModule.tsx(3,38): error TS6133: 'Calendar' is declared but its value is never read.
src/components/Modules/Planning/PlanningModule.tsx(10,41): error TS2339: Property 'completeMeeting' does not exist on type 'MeetingStore'.
src/components/Modules/Planning/PlanningModule.tsx(15,73): error TS2339: Property 'primaryGoals' does not exist on type 'PlanningModule'.
src/components/Modules/Planning/PlanningModule.tsx(16,57): error TS2339: Property 'timeframe' does not exist on type 'PlanningModule'.
src/components/Modules/Planning/PlanningModule.tsx(19,87): error TS2339: Property 'top' does not exist on type 'Priority[]'.
src/components/Modules/Planning/PlanningModule.tsx(20,79): error TS2339: Property 'quickWins' does not exist on type 'Priority[]'.
src/components/Modules/Planning/PlanningModule.tsx(21,93): error TS2339: Property 'longTerm' does not exist on type 'Priority[]'.
src/components/Modules/Planning/PlanningModule.tsx(24,83): error TS2339: Property 'implementation' does not exist on type 'PlanningModule'.
src/components/Modules/Planning/PlanningModule.tsx(25,69): error TS2339: Property 'implementation' does not exist on type 'PlanningModule'.
src/components/Modules/Planning/PlanningModule.tsx(26,67): error TS2339: Property 'implementation' does not exist on type 'PlanningModule'.
src/components/Modules/Planning/PlanningModule.tsx(29,82): error TS2339: Property 'immediate' does not exist on type 'NextStep[]'.
src/components/Modules/Planning/PlanningModule.tsx(30,74): error TS2339: Property 'followUp' does not exist on type 'NextStep[]'.
src/components/Modules/Planning/PlanningModule.tsx(31,78): error TS2339: Property 'decisionMakers' does not exist on type 'NextStep[]'.
src/components/Modules/Planning/PlanningModule.tsx(34,67): error TS2339: Property 'risks' does not exist on type 'PlanningModule'.
src/components/Modules/Planning/PlanningModule.tsx(35,73): error TS2339: Property 'additionalSupport' does not exist on type 'PlanningModule'.
src/components/Modules/Planning/PlanningModule.tsx(276,17): error TS2322: Type '"date"' is not assignable to type '"url" | "email" | "text" | "tel" | undefined'.
src/components/Modules/Proposal/ProposalModule.tsx(6,38): error TS6133: 'ChevronDown' is declared but its value is never read.
src/components/Modules/Proposal/ProposalModule.tsx(6,51): error TS6133: 'Filter' is declared but its value is never read.
src/components/Modules/Proposal/ProposalModule.tsx(7,3): error TS6133: 'TrendingUp' is declared but its value is never read.
src/components/Modules/Proposal/ProposalModule.tsx(7,15): error TS6133: 'Calendar' is declared but its value is never read.
src/components/Modules/Proposal/ProposalModule.tsx(7,37): error TS6133: 'MessageCircle' is declared but its value is never read.
src/components/Modules/Proposal/ProposalModule.tsx(7,52): error TS6133: 'Mail' is declared but its value is never read.
src/components/Modules/Proposal/ProposalModule.tsx(10,10): error TS6133: 'Card' is declared but its value is never read.
src/components/Modules/Proposal/ProposalModule.tsx(16,3): error TS6133: 'SERVICES_DATABASE' is declared but its value is never read.
src/components/Modules/Proposal/ProposalModule.tsx(17,3): error TS2459: Module '"../../../config/servicesDatabase"' declares 'ServiceItem' locally, but it is not exported.
src/components/Modules/Proposal/ProposalModule.tsx(17,3): error TS6133: 'ServiceItem' is declared but its value is never read.
src/components/Modules/Proposal/ProposalModule.tsx(18,3): error TS2724: '"../../../config/servicesDatabase"' has no exported member named 'ServiceCategoryId'. Did you mean 'SERVICE_CATEGORIES'?
src/components/Modules/Proposal/ProposalModule.tsx(37,33): error TS2503: Cannot find namespace 'JSX'.
src/components/Modules/Proposal/ProposalModule.tsx(88,10): error TS6133: 'editingNotes' is declared but its value is never read.
src/components/Modules/Proposal/ProposalModule.tsx(115,10): error TS6133: 'showCart' is declared but its value is never read.
src/components/Modules/Proposal/ProposalModule.tsx(115,20): error TS6133: 'setShowCart' is declared but its value is never read.
src/components/Modules/Proposal/ProposalModule.tsx(116,10): error TS6133: 'viewMode' is declared but its value is never read.
src/components/Modules/Proposal/ProposalModule.tsx(116,20): error TS6133: 'setViewMode' is declared but its value is never read.
src/components/Modules/Proposal/ProposalModule.tsx(251,9): error TS6133: 'updateServiceNotes' is declared but its value is never read.
src/components/Modules/Proposal/ProposalModule.tsx(265,53): error TS2339: Property 'companyName' does not exist on type 'OverviewModule'.
src/components/Modules/Proposal/ProposalModule.tsx(275,26): error TS2339: Property 'companyName' does not exist on type 'OverviewModule'.
src/components/Modules/Proposal/ProposalModule.tsx(276,24): error TS2339: Property 'contactEmail' does not exist on type 'OverviewModule'.
src/components/Modules/Proposal/ProposalModule.tsx(277,24): error TS2339: Property 'contactPhone' does not exist on type 'OverviewModule'.
src/components/Modules/Reporting/ReportingModule.tsx(13,1): error TS6133: 'Option' is declared but its value is never read.
src/components/Modules/Reporting/ReportingModule.tsx(25,77): error TS2339: Property 'criticalAlerts' does not exist on type 'ReportingModule'.
src/components/Modules/Reporting/ReportingModule.tsx(105,11): error TS6133: 'dailyReports' is declared but its value is never read.
src/components/Modules/Reporting/ReportingModule.tsx(106,11): error TS6133: 'weeklyReports' is declared but its value is never read.
src/components/Modules/Reporting/ReportingModule.tsx(107,11): error TS6133: 'monthlyReports' is declared but its value is never read.
src/components/Modules/ROI/ROIModule.tsx(3,22): error TS6133: 'Calculator' is declared but its value is never read.
src/components/Modules/ROI/ROIModule.tsx(6,37): error TS6133: 'RatingField' is declared but its value is never read.
src/components/Modules/ROI/ROIModule.tsx(24,90): error TS2339: Property 'estimatedHoursSaved' does not exist on type '{ automationPotential?: string | undefined; processes?: string[] | undefined; implementation?: string | undefined; }'.
src/components/Modules/ROI/ROIModule.tsx(184,17): error TS2322: Type '{ children: Element; title: string; subtitle: string; }' is not assignable to type 'IntrinsicAttributes & CardProps'.
  Property 'title' does not exist on type 'IntrinsicAttributes & CardProps'.
src/components/Modules/ROI/ROIModule.tsx(248,17): error TS2322: Type '{ children: Element; title: string; subtitle: string; }' is not assignable to type 'IntrinsicAttributes & CardProps'.
  Property 'title' does not exist on type 'IntrinsicAttributes & CardProps'.
src/components/Modules/ROI/ROIModule.tsx(295,17): error TS2322: Type '{ children: Element; title: string; subtitle: string; }' is not assignable to type 'IntrinsicAttributes & CardProps'.
  Property 'title' does not exist on type 'IntrinsicAttributes & CardProps'.
src/components/Modules/ROI/ROIModule.tsx(341,17): error TS2322: Type '{ children: Element; title: string; subtitle: string; }' is not assignable to type 'IntrinsicAttributes & CardProps'.
  Property 'title' does not exist on type 'IntrinsicAttributes & CardProps'.
src/components/Modules/ROI/ROIVisualization.tsx(63,3): error TS6133: 'netSavings' is declared but its value is never read.
src/components/Modules/ROI/ROIVisualization.tsx(176,11): error TS6133: 'total' is declared but its value is never read.
src/components/Modules/Systems/DetailedSystemCard.tsx(114,11): error TS2322: Type '"number"' is not assignable to type '"url" | "email" | "text" | "tel" | undefined'.
src/components/Modules/Systems/DetailedSystemCard.tsx(123,11): error TS2322: Type '"number"' is not assignable to type '"url" | "email" | "text" | "tel" | undefined'.
src/components/Modules/Systems/SystemsModule.tsx(3,22): error TS6133: 'Database' is declared but its value is never read.
src/components/Modules/Systems/SystemsModule.tsx(3,32): error TS6133: 'Link2' is declared but its value is never read.
src/components/Modules/Systems/SystemsModule.tsx(3,39): error TS6133: 'Shield' is declared but its value is never read.
src/components/Modules/Systems/SystemsModule.tsx(3,47): error TS6133: 'Cloud' is declared but its value is never read.
src/components/Modules/Systems/SystemsModule.tsx(3,54): error TS6133: 'AlertTriangle' is declared but its value is never read.
src/components/Modules/Systems/SystemsModule.tsx(6,37): error TS6133: 'RatingField' is declared but its value is never read.
src/components/Modules/Systems/SystemsModule.tsx(100,17): error TS2322: Type '{ children: Element; title: string; subtitle: string; }' is not assignable to type 'IntrinsicAttributes & CardProps'.
  Property 'title' does not exist on type 'IntrinsicAttributes & CardProps'.
src/components/Modules/Systems/SystemsModule.tsx(132,19): error TS2322: Type '{ severity: string; description: string; }' is not assignable to type 'IntrinsicAttributes & PainPointFlagProps'.
  Property 'severity' does not exist on type 'IntrinsicAttributes & PainPointFlagProps'.
src/components/Modules/Systems/SystemsModule.tsx(140,17): error TS2322: Type '{ children: Element; title: string; subtitle: string; }' is not assignable to type 'IntrinsicAttributes & CardProps'.
  Property 'title' does not exist on type 'IntrinsicAttributes & CardProps'.
src/components/Modules/Systems/SystemsModule.tsx(185,19): error TS2322: Type '{ severity: string; description: string; }' is not assignable to type 'IntrinsicAttributes & PainPointFlagProps'.
  Property 'severity' does not exist on type 'IntrinsicAttributes & PainPointFlagProps'.
src/components/Modules/Systems/SystemsModule.tsx(193,17): error TS2322: Type '{ children: Element; title: string; subtitle: string; }' is not assignable to type 'IntrinsicAttributes & CardProps'.
  Property 'title' does not exist on type 'IntrinsicAttributes & CardProps'.
src/components/Modules/Systems/SystemsModule.tsx(234,19): error TS2322: Type '{ severity: string; description: string; }' is not assignable to type 'IntrinsicAttributes & PainPointFlagProps'.
  Property 'severity' does not exist on type 'IntrinsicAttributes & PainPointFlagProps'.
src/components/Modules/Systems/SystemsModule.tsx(242,17): error TS2322: Type '{ children: Element; title: string; subtitle: string; }' is not assignable to type 'IntrinsicAttributes & CardProps'.
  Property 'title' does not exist on type 'IntrinsicAttributes & CardProps'.
src/components/Modules/Systems/SystemsModule.tsx(287,17): error TS2322: Type '{ children: Element; title: string; subtitle: string; }' is not assignable to type 'IntrinsicAttributes & CardProps'.
  Property 'title' does not exist on type 'IntrinsicAttributes & CardProps'.
src/components/Modules/Systems/SystemsModule.tsx(335,19): error TS2322: Type '{ severity: string; description: string; }' is not assignable to type 'IntrinsicAttributes & PainPointFlagProps'.
  Property 'severity' does not exist on type 'IntrinsicAttributes & PainPointFlagProps'.
src/components/Modules/Systems/SystemsModule.tsx(342,19): error TS2322: Type '{ severity: string; description: string; }' is not assignable to type 'IntrinsicAttributes & PainPointFlagProps'.
  Property 'severity' does not exist on type 'IntrinsicAttributes & PainPointFlagProps'.
src/components/Modules/Systems/SystemsModuleEnhanced.tsx(10,29): error TS6133: 'getSystemLabel' is declared but its value is never read.
src/components/Modules/Systems/SystemsModuleEnhanced.tsx(174,19): error TS2322: Type '{ severity: string; description: string; }' is not assignable to type 'IntrinsicAttributes & PainPointFlagProps'.
  Property 'severity' does not exist on type 'IntrinsicAttributes & PainPointFlagProps'.
src/components/Modules/Systems/SystemsModuleEnhanced.tsx(282,19): error TS2322: Type '{ severity: string; description: string; }' is not assignable to type 'IntrinsicAttributes & PainPointFlagProps'.
  Property 'severity' does not exist on type 'IntrinsicAttributes & PainPointFlagProps'.
src/components/Modules/Systems/SystemsModuleEnhanced.tsx(331,19): error TS2322: Type '{ severity: string; description: string; }' is not assignable to type 'IntrinsicAttributes & PainPointFlagProps'.
  Property 'severity' does not exist on type 'IntrinsicAttributes & PainPointFlagProps'.
src/components/Modules/Systems/SystemsModuleEnhanced.tsx(432,19): error TS2322: Type '{ severity: string; description: string; }' is not assignable to type 'IntrinsicAttributes & PainPointFlagProps'.
  Property 'severity' does not exist on type 'IntrinsicAttributes & PainPointFlagProps'.
src/components/Modules/Systems/SystemsModuleEnhanced.tsx(439,19): error TS2322: Type '{ severity: string; description: string; }' is not assignable to type 'IntrinsicAttributes & PainPointFlagProps'.
  Property 'severity' does not exist on type 'IntrinsicAttributes & PainPointFlagProps'.
src/components/NextSteps/NextStepsGenerator.tsx(1,1): error TS6133: 'React' is declared but its value is never read.
src/components/NextSteps/NextStepsGenerator.tsx(13,3): error TS6133: 'Users' is declared but its value is never read.
src/components/NextSteps/NextStepsGenerator.tsx(14,3): error TS6133: 'Code' is declared but its value is never read.
src/components/NextSteps/NextStepsGenerator.tsx(15,3): error TS6133: 'TrendingUp' is declared but its value is never read.
src/components/NextSteps/NextStepsGenerator.tsx(16,3): error TS6133: 'Target' is declared but its value is never read.
src/components/NextSteps/NextStepsGenerator.tsx(17,3): error TS6133: 'Zap' is declared but its value is never read.
src/components/NextSteps/NextStepsGenerator.tsx(47,94): error TS2345: Argument of type '(phase: MeetingPhase) => boolean' is not assignable to parameter of type '(phase: string) => boolean'.
  Types of parameters 'phase' and 'phase' are incompatible.
    Type 'string' is not assignable to type 'MeetingPhase'.
src/components/Phase2/AcceptanceCriteriaBuilder.tsx(16,10): error TS6133: 'Input' is declared but its value is never read.
src/components/Phase2/AcceptanceCriteriaBuilder.tsx(46,18): error TS2339: Property 'functionalCriteria' does not exist on type 'AcceptanceCriteria'.
src/components/Phase2/AcceptanceCriteriaBuilder.tsx(51,18): error TS2339: Property 'signOffRequired' does not exist on type 'AcceptanceCriteria'.
src/components/Phase2/AcceptanceCriteriaBuilder.tsx(51,46): error TS2339: Property 'signOffBy' does not exist on type 'AcceptanceCriteria'.
src/components/Phase2/AcceptanceCriteriaBuilder.tsx(73,7): error TS2353: Object literal may only specify known properties, and 'functionalCriteria' does not exist in type 'SetStateAction<AcceptanceCriteria>'.
src/components/Phase2/AcceptanceCriteriaBuilder.tsx(74,21): error TS2339: Property 'functionalCriteria' does not exist on type 'AcceptanceCriteria'.
src/components/Phase2/AcceptanceCriteriaBuilder.tsx(87,34): error TS2339: Property 'functionalCriteria' does not exist on type 'AcceptanceCriteria'.
src/components/Phase2/AcceptanceCriteriaBuilder.tsx(89,32): error TS2353: Object literal may only specify known properties, and 'functionalCriteria' does not exist in type 'SetStateAction<AcceptanceCriteria>'.
src/components/Phase2/AcceptanceCriteriaBuilder.tsx(95,7): error TS2353: Object literal may only specify known properties, and 'functionalCriteria' does not exist in type 'SetStateAction<AcceptanceCriteria>'.
src/components/Phase2/AcceptanceCriteriaBuilder.tsx(95,36): error TS2339: Property 'functionalCriteria' does not exist on type 'AcceptanceCriteria'.
src/components/Phase2/AcceptanceCriteriaBuilder.tsx(95,63): error TS7006: Parameter '_' implicitly has an 'any' type.
src/components/Phase2/AcceptanceCriteriaBuilder.tsx(95,66): error TS7006: Parameter 'i' implicitly has an 'any' type.
src/components/Phase2/AcceptanceCriteriaBuilder.tsx(102,7): error TS2353: Object literal may only specify known properties, and 'performanceCriteria' does not exist in type 'SetStateAction<AcceptanceCriteria>'.
src/components/Phase2/AcceptanceCriteriaBuilder.tsx(103,21): error TS2339: Property 'performanceCriteria' does not exist on type 'AcceptanceCriteria'.
src/components/Phase2/AcceptanceCriteriaBuilder.tsx(114,34): error TS2339: Property 'performanceCriteria' does not exist on type 'AcceptanceCriteria'.
src/components/Phase2/AcceptanceCriteriaBuilder.tsx(116,32): error TS2353: Object literal may only specify known properties, and 'performanceCriteria' does not exist in type 'SetStateAction<AcceptanceCriteria>'.
src/components/Phase2/AcceptanceCriteriaBuilder.tsx(122,7): error TS2353: Object literal may only specify known properties, and 'performanceCriteria' does not exist in type 'SetStateAction<AcceptanceCriteria>'.
src/components/Phase2/AcceptanceCriteriaBuilder.tsx(122,37): error TS2339: Property 'performanceCriteria' does not exist on type 'AcceptanceCriteria'.
src/components/Phase2/AcceptanceCriteriaBuilder.tsx(122,65): error TS7006: Parameter '_' implicitly has an 'any' type.
src/components/Phase2/AcceptanceCriteriaBuilder.tsx(122,68): error TS7006: Parameter 'i' implicitly has an 'any' type.
src/components/Phase2/AcceptanceCriteriaBuilder.tsx(129,7): error TS2353: Object literal may only specify known properties, and 'securityCriteria' does not exist in type 'SetStateAction<AcceptanceCriteria>'.
src/components/Phase2/AcceptanceCriteriaBuilder.tsx(130,21): error TS2339: Property 'securityCriteria' does not exist on type 'AcceptanceCriteria'.
src/components/Phase2/AcceptanceCriteriaBuilder.tsx(141,34): error TS2339: Property 'securityCriteria' does not exist on type 'AcceptanceCriteria'.
src/components/Phase2/AcceptanceCriteriaBuilder.tsx(143,32): error TS2353: Object literal may only specify known properties, and 'securityCriteria' does not exist in type 'SetStateAction<AcceptanceCriteria>'.
src/components/Phase2/AcceptanceCriteriaBuilder.tsx(149,7): error TS2353: Object literal may only specify known properties, and 'securityCriteria' does not exist in type 'SetStateAction<AcceptanceCriteria>'.
src/components/Phase2/AcceptanceCriteriaBuilder.tsx(149,34): error TS2339: Property 'securityCriteria' does not exist on type 'AcceptanceCriteria'.
src/components/Phase2/AcceptanceCriteriaBuilder.tsx(149,59): error TS7006: Parameter '_' implicitly has an 'any' type.
src/components/Phase2/AcceptanceCriteriaBuilder.tsx(149,62): error TS7006: Parameter 'i' implicitly has an 'any' type.
src/components/Phase2/AcceptanceCriteriaBuilder.tsx(156,7): error TS2353: Object literal may only specify known properties, and 'deploymentCriteria' does not exist in type 'SetStateAction<AcceptanceCriteria>'.
src/components/Phase2/AcceptanceCriteriaBuilder.tsx(157,21): error TS2339: Property 'deploymentCriteria' does not exist on type 'AcceptanceCriteria'.
src/components/Phase2/AcceptanceCriteriaBuilder.tsx(158,33): error TS2339: Property 'deploymentCriteria' does not exist on type 'AcceptanceCriteria'.
src/components/Phase2/AcceptanceCriteriaBuilder.tsx(164,34): error TS2339: Property 'deploymentCriteria' does not exist on type 'AcceptanceCriteria'.
src/components/Phase2/AcceptanceCriteriaBuilder.tsx(168,7): error TS2353: Object literal may only specify known properties, and 'deploymentCriteria' does not exist in type 'SetStateAction<AcceptanceCriteria>'.
src/components/Phase2/AcceptanceCriteriaBuilder.tsx(169,21): error TS2339: Property 'deploymentCriteria' does not exist on type 'AcceptanceCriteria'.
src/components/Phase2/AcceptanceCriteriaBuilder.tsx(178,7): error TS2353: Object literal may only specify known properties, and 'deploymentCriteria' does not exist in type 'SetStateAction<AcceptanceCriteria>'.
src/components/Phase2/AcceptanceCriteriaBuilder.tsx(179,21): error TS2339: Property 'deploymentCriteria' does not exist on type 'AcceptanceCriteria'.
src/components/Phase2/AcceptanceCriteriaBuilder.tsx(180,29): error TS2339: Property 'deploymentCriteria' does not exist on type 'AcceptanceCriteria'.
src/components/Phase2/AcceptanceCriteriaBuilder.tsx(180,66): error TS7006: Parameter '_' implicitly has an 'any' type.
src/components/Phase2/AcceptanceCriteriaBuilder.tsx(180,69): error TS7006: Parameter 'i' implicitly has an 'any' type.
src/components/Phase2/AcceptanceCriteriaBuilder.tsx(188,7): error TS2353: Object literal may only specify known properties, and 'deploymentCriteria' does not exist in type 'SetStateAction<AcceptanceCriteria>'.
src/components/Phase2/AcceptanceCriteriaBuilder.tsx(189,21): error TS2339: Property 'deploymentCriteria' does not exist on type 'AcceptanceCriteria'.
src/components/Phase2/AcceptanceCriteriaBuilder.tsx(190,34): error TS2339: Property 'deploymentCriteria' does not exist on type 'AcceptanceCriteria'.
src/components/Phase2/AcceptanceCriteriaBuilder.tsx(196,34): error TS2339: Property 'deploymentCriteria' does not exist on type 'AcceptanceCriteria'.
src/components/Phase2/AcceptanceCriteriaBuilder.tsx(200,7): error TS2353: Object literal may only specify known properties, and 'deploymentCriteria' does not exist in type 'SetStateAction<AcceptanceCriteria>'.
src/components/Phase2/AcceptanceCriteriaBuilder.tsx(201,21): error TS2339: Property 'deploymentCriteria' does not exist on type 'AcceptanceCriteria'.
src/components/Phase2/AcceptanceCriteriaBuilder.tsx(210,7): error TS2353: Object literal may only specify known properties, and 'deploymentCriteria' does not exist in type 'SetStateAction<AcceptanceCriteria>'.
src/components/Phase2/AcceptanceCriteriaBuilder.tsx(211,21): error TS2339: Property 'deploymentCriteria' does not exist on type 'AcceptanceCriteria'.
src/components/Phase2/AcceptanceCriteriaBuilder.tsx(212,30): error TS2339: Property 'deploymentCriteria' does not exist on type 'AcceptanceCriteria'.
src/components/Phase2/AcceptanceCriteriaBuilder.tsx(212,68): error TS7006: Parameter '_' implicitly has an 'any' type.
src/components/Phase2/AcceptanceCriteriaBuilder.tsx(212,71): error TS7006: Parameter 'i' implicitly has an 'any' type.
src/components/Phase2/AcceptanceCriteriaBuilder.tsx(220,7): error TS2353: Object literal may only specify known properties, and 'signOffBy' does not exist in type 'SetStateAction<AcceptanceCriteria>'.
src/components/Phase2/AcceptanceCriteriaBuilder.tsx(220,31): error TS2339: Property 'signOffBy' does not exist on type 'AcceptanceCriteria'.
src/components/Phase2/AcceptanceCriteriaBuilder.tsx(225,34): error TS2339: Property 'signOffBy' does not exist on type 'AcceptanceCriteria'.
src/components/Phase2/AcceptanceCriteriaBuilder.tsx(227,32): error TS2353: Object literal may only specify known properties, and 'signOffBy' does not exist in type 'SetStateAction<AcceptanceCriteria>'.
src/components/Phase2/AcceptanceCriteriaBuilder.tsx(233,7): error TS2353: Object literal may only specify known properties, and 'signOffBy' does not exist in type 'SetStateAction<AcceptanceCriteria>'.
src/components/Phase2/AcceptanceCriteriaBuilder.tsx(233,27): error TS2339: Property 'signOffBy' does not exist on type 'AcceptanceCriteria'.
src/components/Phase2/AcceptanceCriteriaBuilder.tsx(233,45): error TS7006: Parameter '_' implicitly has an 'any' type.
src/components/Phase2/AcceptanceCriteriaBuilder.tsx(233,48): error TS7006: Parameter 'i' implicitly has an 'any' type.
src/components/Phase2/AcceptanceCriteriaBuilder.tsx(264,63): error TS2339: Property 'functionalCriteria' does not exist on type 'AcceptanceCriteria'.
src/components/Phase2/AcceptanceCriteriaBuilder.tsx(265,65): error TS2339: Property 'performanceCriteria' does not exist on type 'AcceptanceCriteria'.
src/components/Phase2/AcceptanceCriteriaBuilder.tsx(266,60): error TS2339: Property 'securityCriteria' does not exist on type 'AcceptanceCriteria'.
src/components/Phase2/AcceptanceCriteriaBuilder.tsx(300,27): error TS2339: Property 'functionalCriteria' does not exist on type 'AcceptanceCriteria'.
src/components/Phase2/AcceptanceCriteriaBuilder.tsx(314,31): error TS2339: Property 'functionalCriteria' does not exist on type 'AcceptanceCriteria'.
src/components/Phase2/AcceptanceCriteriaBuilder.tsx(314,55): error TS7006: Parameter 'item' implicitly has an 'any' type.
src/components/Phase2/AcceptanceCriteriaBuilder.tsx(314,61): error TS7006: Parameter 'index' implicitly has an 'any' type.
src/components/Phase2/AcceptanceCriteriaBuilder.tsx(405,27): error TS2339: Property 'performanceCriteria' does not exist on type 'AcceptanceCriteria'.
src/components/Phase2/AcceptanceCriteriaBuilder.tsx(419,31): error TS2339: Property 'performanceCriteria' does not exist on type 'AcceptanceCriteria'.
src/components/Phase2/AcceptanceCriteriaBuilder.tsx(419,56): error TS7006: Parameter 'item' implicitly has an 'any' type.
src/components/Phase2/AcceptanceCriteriaBuilder.tsx(419,62): error TS7006: Parameter 'index' implicitly has an 'any' type.
src/components/Phase2/AcceptanceCriteriaBuilder.tsx(503,27): error TS2339: Property 'securityCriteria' does not exist on type 'AcceptanceCriteria'.
src/components/Phase2/AcceptanceCriteriaBuilder.tsx(517,31): error TS2339: Property 'securityCriteria' does not exist on type 'AcceptanceCriteria'.
src/components/Phase2/AcceptanceCriteriaBuilder.tsx(517,53): error TS7006: Parameter 'item' implicitly has an 'any' type.
src/components/Phase2/AcceptanceCriteriaBuilder.tsx(517,59): error TS7006: Parameter 'index' implicitly has an 'any' type.
src/components/Phase2/AcceptanceCriteriaBuilder.tsx(585,18): error TS2322: Type '{ children: Element[]; label: string; value: any; onChange: (e: string) => void; }' is not assignable to type 'IntrinsicAttributes & SelectProps'.
  Property 'children' does not exist on type 'IntrinsicAttributes & SelectProps'.
src/components/Phase2/AcceptanceCriteriaBuilder.tsx(587,35): error TS2339: Property 'deploymentCriteria' does not exist on type 'AcceptanceCriteria'.
src/components/Phase2/AcceptanceCriteriaBuilder.tsx(590,21): error TS2353: Object literal may only specify known properties, and 'deploymentCriteria' does not exist in type 'SetStateAction<AcceptanceCriteria>'.
src/components/Phase2/AcceptanceCriteriaBuilder.tsx(591,35): error TS2339: Property 'deploymentCriteria' does not exist on type 'AcceptanceCriteria'.
src/components/Phase2/AcceptanceCriteriaBuilder.tsx(592,38): error TS2339: Property 'target' does not exist on type 'string'.
src/components/Phase2/AcceptanceCriteriaBuilder.tsx(616,31): error TS2339: Property 'deploymentCriteria' does not exist on type 'AcceptanceCriteria'.
src/components/Phase2/AcceptanceCriteriaBuilder.tsx(616,65): error TS7006: Parameter 'approver' implicitly has an 'any' type.
src/components/Phase2/AcceptanceCriteriaBuilder.tsx(616,75): error TS7006: Parameter 'index' implicitly has an 'any' type.
src/components/Phase2/AcceptanceCriteriaBuilder.tsx(675,35): error TS2339: Property 'deploymentCriteria' does not exist on type 'AcceptanceCriteria'.
src/components/Phase2/AcceptanceCriteriaBuilder.tsx(678,21): error TS2353: Object literal may only specify known properties, and 'deploymentCriteria' does not exist in type 'SetStateAction<AcceptanceCriteria>'.
src/components/Phase2/AcceptanceCriteriaBuilder.tsx(679,35): error TS2339: Property 'deploymentCriteria' does not exist on type 'AcceptanceCriteria'.
src/components/Phase2/AcceptanceCriteriaBuilder.tsx(680,39): error TS2339: Property 'target' does not exist on type 'string'.
src/components/Phase2/AcceptanceCriteriaBuilder.tsx(702,31): error TS2339: Property 'deploymentCriteria' does not exist on type 'AcceptanceCriteria'.
src/components/Phase2/AcceptanceCriteriaBuilder.tsx(702,66): error TS7006: Parameter 'test' implicitly has an 'any' type.
src/components/Phase2/AcceptanceCriteriaBuilder.tsx(702,72): error TS7006: Parameter 'index' implicitly has an 'any' type.
src/components/Phase2/AcceptanceCriteriaBuilder.tsx(735,37): error TS2339: Property 'signOffRequired' does not exist on type 'AcceptanceCriteria'.
src/components/Phase2/AcceptanceCriteriaBuilder.tsx(736,63): error TS2353: Object literal may only specify known properties, and 'signOffRequired' does not exist in type 'SetStateAction<AcceptanceCriteria>'.
src/components/Phase2/AcceptanceCriteriaBuilder.tsx(742,25): error TS2339: Property 'signOffRequired' does not exist on type 'AcceptanceCriteria'.
src/components/Phase2/AcceptanceCriteriaBuilder.tsx(758,31): error TS2339: Property 'signOffBy' does not exist on type 'AcceptanceCriteria'.
src/components/Phase2/AcceptanceCriteriaBuilder.tsx(758,46): error TS7006: Parameter 'person' implicitly has an 'any' type.
src/components/Phase2/AcceptanceCriteriaBuilder.tsx(758,54): error TS7006: Parameter 'index' implicitly has an 'any' type.
src/components/Phase2/AcceptanceCriteriaBuilder.tsx(819,13): error TS2322: Type '"outline"' is not assignable to type '"success" | "primary" | "danger" | "secondary" | "ghost" | undefined'.
src/components/Phase2/AIAgentDetailedSpec.tsx(23,3): error TS6133: 'KnowledgeBase' is declared but its value is never read.
src/components/Phase2/AIAgentDetailedSpec.tsx(24,3): error TS6133: 'DetailedConversationFlow' is declared but its value is never read.
src/components/Phase2/AIAgentDetailedSpec.tsx(25,3): error TS6133: 'AIAgentIntegrations' is declared but its value is never read.
src/components/Phase2/AIAgentDetailedSpec.tsx(26,3): error TS6133: 'AIAgentTraining' is declared but its value is never read.
src/components/Phase2/AIAgentDetailedSpec.tsx(27,3): error TS6133: 'AIModelSelection' is declared but its value is never read.
src/components/Phase2/AIAgentDetailedSpec.tsx(30,17): error TS6133: 'Select' is declared but its value is never read.
src/components/Phase2/AIAgentDetailedSpec.tsx(49,7): error TS6133: 'INTENT_TYPES' is declared but its value is never read.
src/components/Phase2/AIAgentDetailedSpec.tsx(64,57): error TS7006: Parameter 'a' implicitly has an 'any' type.
src/components/Phase2/AIAgentDetailedSpec.tsx(70,9): error TS18047: 'currentMeeting' is possibly 'null'.
src/components/Phase2/AIAgentDetailedSpec.tsx(72,48): error TS7006: Parameter 's' implicitly has an 'any' type.
src/components/Phase2/AIAgentDetailedSpec.tsx(73,52): error TS7006: Parameter 's' implicitly has an 'any' type.
src/components/Phase2/AIAgentDetailedSpec.tsx(136,50): error TS7006: Parameter 's' implicitly has an 'any' type.
src/components/Phase2/AIAgentDetailedSpec.tsx(141,49): error TS7006: Parameter 's' implicitly has an 'any' type.
src/components/Phase2/AIAgentDetailedSpec.tsx(142,46): error TS7006: Parameter 's' implicitly has an 'any' type.
src/components/Phase2/AIAgentDetailedSpec.tsx(142,83): error TS7006: Parameter 's' implicitly has an 'any' type.
src/components/Phase2/AIAgentDetailedSpec.tsx(207,59): error TS7006: Parameter 'a' implicitly has an 'any' type.
src/components/Phase2/AIAgentDetailedSpec.tsx(230,13): error TS2322: Type '"document"' is not assignable to type '"pdf" | "json" | "website" | "crm_field" | "api_endpoint" | "google_drive" | "notion" | "confluence" | "sharepoint" | "csv"'.
src/components/Phase2/AIAgentDetailedSpec.tsx(232,13): error TS2322: Type 'KnowledgeSource | { type: "document"; name: string; path: string; lastUpdated: Date; }' is not assignable to type 'KnowledgeSource'.
  Object literal may only specify known properties, and 'path' does not exist in type 'KnowledgeSource'.
src/components/Phase2/AIAgentDetailedSpec.tsx(267,9): error TS2353: Object literal may only specify known properties, and 'intents' does not exist in type 'DetailedConversationFlow'.
src/components/Phase2/AIAgentDetailedSpec.tsx(268,37): error TS2339: Property 'intents' does not exist on type 'DetailedConversationFlow'.
src/components/Phase2/AIAgentDetailedSpec.tsx(281,55): error TS2339: Property 'intents' does not exist on type 'DetailedConversationFlow'.
src/components/Phase2/AIAgentDetailedSpec.tsx(287,9): error TS2353: Object literal may only specify known properties, and 'intents' does not exist in type 'DetailedConversationFlow'.
src/components/Phase2/AIAgentDetailedSpec.tsx(297,9): error TS2353: Object literal may only specify known properties, and 'intents' does not exist in type 'DetailedConversationFlow'.
src/components/Phase2/AIAgentDetailedSpec.tsx(297,41): error TS2339: Property 'intents' does not exist on type 'DetailedConversationFlow'.
src/components/Phase2/AIAgentDetailedSpec.tsx(297,57): error TS7006: Parameter '_' implicitly has an 'any' type.
src/components/Phase2/AIAgentDetailedSpec.tsx(297,60): error TS7006: Parameter 'i' implicitly has an 'any' type.
src/components/Phase2/AIAgentDetailedSpec.tsx(307,9): error TS2353: Object literal may only specify known properties, and 'faqPairs' does not exist in type 'AIAgentTraining'.
src/components/Phase2/AIAgentDetailedSpec.tsx(308,29): error TS2339: Property 'faqPairs' does not exist on type 'AIAgentTraining'.
src/components/Phase2/AIAgentDetailedSpec.tsx(320,44): error TS2339: Property 'faqPairs' does not exist on type 'AIAgentTraining'.
src/components/Phase2/AIAgentDetailedSpec.tsx(326,9): error TS2353: Object literal may only specify known properties, and 'faqPairs' does not exist in type 'AIAgentTraining'.
src/components/Phase2/AIAgentDetailedSpec.tsx(336,9): error TS2353: Object literal may only specify known properties, and 'faqPairs' does not exist in type 'AIAgentTraining'.
src/components/Phase2/AIAgentDetailedSpec.tsx(336,34): error TS2339: Property 'faqPairs' does not exist on type 'AIAgentTraining'.
src/components/Phase2/AIAgentDetailedSpec.tsx(336,51): error TS7006: Parameter '_' implicitly has an 'any' type.
src/components/Phase2/AIAgentDetailedSpec.tsx(336,54): error TS7006: Parameter 'i' implicitly has an 'any' type.
src/components/Phase2/AIAgentDetailedSpec.tsx(346,9): error TS2353: Object literal may only specify known properties, and 'customWebhooks' does not exist in type 'AIAgentIntegrations'.
src/components/Phase2/AIAgentDetailedSpec.tsx(347,33): error TS2339: Property 'customWebhooks' does not exist on type 'AIAgentIntegrations'.
src/components/Phase2/AIAgentDetailedSpec.tsx(364,9): error TS2353: Object literal may only specify known properties, and 'customWebhooks' does not exist in type 'AIAgentIntegrations'.
src/components/Phase2/AIAgentDetailedSpec.tsx(364,44): error TS2339: Property 'customWebhooks' does not exist on type 'AIAgentIntegrations'.
src/components/Phase2/AIAgentDetailedSpec.tsx(364,67): error TS7006: Parameter '_' implicitly has an 'any' type.
src/components/Phase2/AIAgentDetailedSpec.tsx(364,70): error TS7006: Parameter 'i' implicitly has an 'any' type.
src/components/Phase2/AIAgentDetailedSpec.tsx(452,17): error TS7006: Parameter 'a' implicitly has an 'any' type.
src/components/Phase2/AIAgentDetailedSpec.tsx(508,77): error TS2339: Property 'intents' does not exist on type 'DetailedConversationFlow'.
src/components/Phase2/AIAgentDetailedSpec.tsx(510,66): error TS2339: Property 'faqPairs' does not exist on type 'AIAgentTraining'.
src/components/Phase2/AIAgentDetailedSpec.tsx(536,65): error TS2339: Property 'target' does not exist on type 'string'.
src/components/Phase2/AIAgentDetailedSpec.tsx(636,47): error TS2339: Property 'path' does not exist on type 'KnowledgeSource'.
src/components/Phase2/AIAgentDetailedSpec.tsx(709,49): error TS2339: Property 'greeting' does not exist on type 'DetailedConversationFlow'.
src/components/Phase2/AIAgentDetailedSpec.tsx(714,23): error TS2353: Object literal may only specify known properties, and 'greeting' does not exist in type 'DetailedConversationFlow'.
src/components/Phase2/AIAgentDetailedSpec.tsx(714,35): error TS2339: Property 'target' does not exist on type 'string'.
src/components/Phase2/AIAgentDetailedSpec.tsx(736,45): error TS2339: Property 'intents' does not exist on type 'DetailedConversationFlow'.
src/components/Phase2/AIAgentDetailedSpec.tsx(736,58): error TS7006: Parameter 'intent' implicitly has an 'any' type.
src/components/Phase2/AIAgentDetailedSpec.tsx(736,66): error TS7006: Parameter 'index' implicitly has an 'any' type.
src/components/Phase2/AIAgentDetailedSpec.tsx(785,49): error TS2339: Property 'fallbackResponse' does not exist on type 'DetailedConversationFlow'.
src/components/Phase2/AIAgentDetailedSpec.tsx(790,23): error TS2353: Object literal may only specify known properties, and 'fallbackResponse' does not exist in type 'DetailedConversationFlow'.
src/components/Phase2/AIAgentDetailedSpec.tsx(790,43): error TS2339: Property 'target' does not exist on type 'string'.
src/components/Phase2/AIAgentDetailedSpec.tsx(804,53): error TS2339: Property 'maxTurns' does not exist on type 'DetailedConversationFlow'.
src/components/Phase2/AIAgentDetailedSpec.tsx(809,27): error TS2353: Object literal may only specify known properties, and 'maxTurns' does not exist in type 'DetailedConversationFlow'.
src/components/Phase2/AIAgentDetailedSpec.tsx(824,53): error TS2339: Property 'contextWindow' does not exist on type 'DetailedConversationFlow'.
src/components/Phase2/AIAgentDetailedSpec.tsx(829,27): error TS2353: Object literal may only specify known properties, and 'contextWindow' does not exist in type 'DetailedConversationFlow'.
src/components/Phase2/AIAgentDetailedSpec.tsx(853,53): error TS2339: Property 'crmEnabled' does not exist on type 'AIAgentIntegrations'.
src/components/Phase2/AIAgentDetailedSpec.tsx(858,29): error TS2353: Object literal may only specify known properties, and 'crmEnabled' does not exist in type 'AIAgentIntegrations'.
src/components/Phase2/AIAgentDetailedSpec.tsx(867,39): error TS2339: Property 'crmEnabled' does not exist on type 'AIAgentIntegrations'.
src/components/Phase2/AIAgentDetailedSpec.tsx(870,49): error TS2339: Property 'crmSystem' does not exist on type 'AIAgentIntegrations'.
src/components/Phase2/AIAgentDetailedSpec.tsx(875,27): error TS2353: Object literal may only specify known properties, and 'crmSystem' does not exist in type 'AIAgentIntegrations'.
src/components/Phase2/AIAgentDetailedSpec.tsx(875,40): error TS2339: Property 'target' does not exist on type 'string'.
src/components/Phase2/AIAgentDetailedSpec.tsx(890,53): error TS2339: Property 'emailEnabled' does not exist on type 'AIAgentIntegrations'.
src/components/Phase2/AIAgentDetailedSpec.tsx(895,29): error TS2353: Object literal may only specify known properties, and 'emailEnabled' does not exist in type 'AIAgentIntegrations'.
src/components/Phase2/AIAgentDetailedSpec.tsx(912,53): error TS2339: Property 'calendarEnabled' does not exist on type 'AIAgentIntegrations'.
src/components/Phase2/AIAgentDetailedSpec.tsx(917,29): error TS2353: Object literal may only specify known properties, and 'calendarEnabled' does not exist in type 'AIAgentIntegrations'.
src/components/Phase2/AIAgentDetailedSpec.tsx(941,39): error TS2339: Property 'customWebhooks' does not exist on type 'AIAgentIntegrations'.
src/components/Phase2/AIAgentDetailedSpec.tsx(943,43): error TS2339: Property 'customWebhooks' does not exist on type 'AIAgentIntegrations'.
src/components/Phase2/AIAgentDetailedSpec.tsx(943,63): error TS7006: Parameter 'webhook' implicitly has an 'any' type.
src/components/Phase2/AIAgentDetailedSpec.tsx(943,72): error TS7006: Parameter 'index' implicitly has an 'any' type.
src/components/Phase2/AIAgentDetailedSpec.tsx(950,72): error TS2339: Property 'customWebhooks' does not exist on type 'AIAgentIntegrations'.
src/components/Phase2/AIAgentDetailedSpec.tsx(954,74): error TS2353: Object literal may only specify known properties, and 'customWebhooks' does not exist in type 'AIAgentIntegrations'.
src/components/Phase2/AIAgentDetailedSpec.tsx(972,70): error TS2339: Property 'customWebhooks' does not exist on type 'AIAgentIntegrations'.
src/components/Phase2/AIAgentDetailedSpec.tsx(976,72): error TS2353: Object literal may only specify known properties, and 'customWebhooks' does not exist in type 'AIAgentIntegrations'.
src/components/Phase2/AIAgentDetailedSpec.tsx(1008,37): error TS2339: Property 'faqPairs' does not exist on type 'AIAgentTraining'.
src/components/Phase2/AIAgentDetailedSpec.tsx(1008,51): error TS7006: Parameter 'faq' implicitly has an 'any' type.
src/components/Phase2/AIAgentDetailedSpec.tsx(1008,56): error TS7006: Parameter 'index' implicitly has an 'any' type.
src/components/Phase2/AIAgentDetailedSpec.tsx(1063,37): error TS2339: Property 'faqPairs' does not exist on type 'AIAgentTraining'.
src/components/Phase2/AIAgentDetailedSpec.tsx(1078,45): error TS2339: Property 'tone' does not exist on type 'AIAgentTraining'.
src/components/Phase2/AIAgentDetailedSpec.tsx(1083,27): error TS2353: Object literal may only specify known properties, and 'tone' does not exist in type 'AIAgentTraining'.
src/components/Phase2/AIAgentDetailedSpec.tsx(1100,45): error TS2339: Property 'language' does not exist on type 'AIAgentTraining'.
src/components/Phase2/AIAgentDetailedSpec.tsx(1105,27): error TS2353: Object literal may only specify known properties, and 'language' does not exist in type 'AIAgentTraining'.
src/components/Phase2/AIAgentDetailedSpec.tsx(1169,42): error TS2339: Property 'temperature' does not exist on type 'AIModelSelection'.
src/components/Phase2/AIAgentDetailedSpec.tsx(1174,27): error TS2353: Object literal may only specify known properties, and 'temperature' does not exist in type 'AIModelSelection'.
src/components/Phase2/AIAgentDetailedSpec.tsx(1191,42): error TS2339: Property 'maxTokens' does not exist on type 'AIModelSelection'.
src/components/Phase2/AIAgentDetailedSpec.tsx(1196,27): error TS2353: Object literal may only specify known properties, and 'maxTokens' does not exist in type 'AIModelSelection'.
src/components/Phase2/AIAgentDetailedSpec.tsx(1213,42): error TS2339: Property 'topP' does not exist on type 'AIModelSelection'.
src/components/Phase2/AIAgentDetailedSpec.tsx(1218,27): error TS2353: Object literal may only specify known properties, and 'topP' does not exist in type 'AIModelSelection'.
src/components/Phase2/AIAgentDetailedSpec.tsx(1357,13): error TS2322: Type '"outline"' is not assignable to type '"success" | "primary" | "danger" | "secondary" | "ghost" | undefined'.
src/components/Phase2/ImplementationSpecDashboard.tsx(12,3): error TS6133: 'Settings' is declared but its value is never read.
src/components/Phase2/ImplementationSpecDashboard.tsx(15,3): error TS6133: 'FileText' is declared but its value is never read.
src/components/Phase2/ImplementationSpecDashboard.tsx(16,3): error TS6133: 'Download' is declared but its value is never read.
src/components/Phase2/ImplementationSpecDashboard.tsx(17,3): error TS6133: 'Copy' is declared but its value is never read.
src/components/Phase2/ImplementationSpecDashboard.tsx(18,3): error TS6133: 'FileDown' is declared but its value is never read.
src/components/Phase2/ImplementationSpecDashboard.tsx(27,10): error TS6133: 'Card' is declared but its value is never read.
src/components/Phase2/ImplementationSpecDashboard.tsx(27,24): error TS6133: 'Badge' is declared but its value is never read.
src/components/Phase2/ImplementationSpecDashboard.tsx(89,58): error TS7006: Parameter 's' implicitly has an 'any' type.
src/components/Phase2/ImplementationSpecDashboard.tsx(107,26): error TS7006: Parameter 's' implicitly has an 'any' type.
src/components/Phase2/ImplementationSpecDashboard.tsx(110,31): error TS7006: Parameter 'i' implicitly has an 'any' type.
src/components/Phase2/ImplementationSpecDashboard.tsx(113,27): error TS7006: Parameter 'a' implicitly has an 'any' type.
src/components/Phase2/ImplementationSpecDashboard.tsx(200,9): error TS6133: 'handleExportMarkdown' is declared but its value is never read.
src/components/Phase2/ImplementationSpecDashboard.tsx(204,9): error TS6133: 'handleExportText' is declared but its value is never read.
src/components/Phase2/ImplementationSpecDashboard.tsx(208,9): error TS6133: 'handleCopyToClipboard' is declared but its value is never read.
src/components/Phase2/ImplementationSpecDashboard.tsx(263,17): error TS2322: Type '"outline"' is not assignable to type '"success" | "primary" | "danger" | "secondary" | "ghost" | undefined'.
src/components/Phase2/ImplementationSpecDashboard.tsx(430,35): error TS7006: Parameter 'system' implicitly has an 'any' type.
src/components/Phase2/ImplementationSpecDashboard.tsx(457,71): error TS7006: Parameter 'i' implicitly has an 'any' type.
src/components/Phase2/ImplementationSpecDashboard.tsx(484,40): error TS7006: Parameter 'integration' implicitly has an 'any' type.
src/components/Phase2/ImplementationSpecDashboard.tsx(521,63): error TS7006: Parameter 'a' implicitly has an 'any' type.
src/components/Phase2/ImplementationSpecDashboard.tsx(548,36): error TS7006: Parameter 'agent' implicitly has an 'any' type.
src/components/Phase2/ImplementationSpecDashboard.tsx(581,62): error TS7006: Parameter 'req' implicitly has an 'any' type.
src/components/Phase2/IntegrationFlowBuilder.tsx(25,3): error TS6133: 'FlowTrigger' is declared but its value is never read.
src/components/Phase2/IntegrationFlowBuilder.tsx(27,3): error TS6133: 'ErrorHandlingStrategy' is declared but its value is never read.
src/components/Phase2/IntegrationFlowBuilder.tsx(32,33): error TS6133: 'TextArea' is declared but its value is never read.
src/components/Phase2/IntegrationFlowBuilder.tsx(67,61): error TS7006: Parameter 'f' implicitly has an 'any' type.
src/components/Phase2/IntegrationFlowBuilder.tsx(71,76): error TS7006: Parameter 's' implicitly has an 'any' type.
src/components/Phase2/IntegrationFlowBuilder.tsx(126,55): error TS7006: Parameter 'service' implicitly has an 'any' type.
src/components/Phase2/IntegrationFlowBuilder.tsx(305,63): error TS7006: Parameter 'f' implicitly has an 'any' type.
src/components/Phase2/IntegrationFlowBuilder.tsx(327,7): error TS2322: Type 'string' is not assignable to type '{ field: string; operator: "==" | "!=" | ">" | "<" | ">=" | "<=" | "contains" | "not_contains" | "in" | "not_in"; value: any; nextStepIfTrue?: string | undefined; nextStepIfFalse?: string | undefined; }'.
src/components/Phase2/IntegrationFlowBuilder.tsx(355,7): error TS2322: Type '"pending"' is not assignable to type '"passed" | "failed" | "not_tested"'.
src/components/Phase2/IntegrationFlowBuilder.tsx(384,17): error TS7006: Parameter 'f' implicitly has an 'any' type.
src/components/Phase2/IntegrationFlowBuilder.tsx(423,11): error TS2322: Type '{ onUndo: () => void; onRedo: () => void; onSave: () => void; canUndo: boolean; canRedo: boolean; stepCount: number; completionPercentage: number; }' is not assignable to type 'IntrinsicAttributes & IntegrationFlowToolbarProps'.
  Property 'stepCount' does not exist on type 'IntrinsicAttributes & IntegrationFlowToolbarProps'.
src/components/Phase2/IntegrationFlowBuilder.tsx(468,56): error TS2339: Property 'target' does not exist on type 'string'.
src/components/Phase2/IntegrationFlowBuilder.tsx(477,20): error TS2322: Type '{ children: any[]; label: string; value: string; onChange: (e: string) => void; required: true; }' is not assignable to type 'IntrinsicAttributes & SelectProps'.
  Property 'children' does not exist on type 'IntrinsicAttributes & SelectProps'.
src/components/Phase2/IntegrationFlowBuilder.tsx(481,66): error TS2339: Property 'target' does not exist on type 'string'.
src/components/Phase2/IntegrationFlowBuilder.tsx(488,43): error TS7006: Parameter 'sys' implicitly has an 'any' type.
src/components/Phase2/IntegrationFlowBuilder.tsx(493,20): error TS2322: Type '{ children: any[]; label: string; value: string; onChange: (e: string) => void; required: true; }' is not assignable to type 'IntrinsicAttributes & SelectProps'.
  Property 'children' does not exist on type 'IntrinsicAttributes & SelectProps'.
src/components/Phase2/IntegrationFlowBuilder.tsx(497,66): error TS2339: Property 'target' does not exist on type 'string'.
src/components/Phase2/IntegrationFlowBuilder.tsx(504,43): error TS7006: Parameter 'sys' implicitly has an 'any' type.
src/components/Phase2/IntegrationFlowBuilder.tsx(520,55): error TS2322: Type '"manual" | "webhook" | "schedule" | "event"' is not assignable to type '"manual" | "webhook" | "schedule" | "watch_field" | "new_record" | "updated_record" | "deleted_record"'.
  Type '"event"' is not assignable to type '"manual" | "webhook" | "schedule" | "watch_field" | "new_record" | "updated_record" | "deleted_record"'.
src/components/Phase2/IntegrationFlowBuilder.tsx(538,41): error TS2339: Property 'schedule' does not exist on type 'FlowTrigger'.
src/components/Phase2/IntegrationFlowBuilder.tsx(542,65): error TS2339: Property 'target' does not exist on type 'string'.
src/components/Phase2/IntegrationFlowBuilder.tsx(551,18): error TS2367: This comparison appears to be unintentional because the types '"manual" | "webhook" | "schedule" | "watch_field" | "new_record" | "updated_record" | "deleted_record"' and '"event"' have no overlap.
src/components/Phase2/IntegrationFlowBuilder.tsx(554,41): error TS2339: Property 'eventName' does not exist on type 'FlowTrigger'.
src/components/Phase2/IntegrationFlowBuilder.tsx(558,66): error TS2339: Property 'target' does not exist on type 'string'.
src/components/Phase2/IntegrationFlowBuilder.tsx(567,18): error TS2322: Type '{ children: Element[]; label: string; value: "manual" | "realtime" | "every_5_min" | "every_15_min" | "hourly" | "daily" | "weekly"; onChange: (e: string) => void; }' is not assignable to type 'IntrinsicAttributes & SelectProps'.
  Property 'children' does not exist on type 'IntrinsicAttributes & SelectProps'.
src/components/Phase2/IntegrationFlowBuilder.tsx(571,61): error TS2339: Property 'target' does not exist on type 'string'.
src/components/Phase2/IntegrationFlowBuilder.tsx(605,37): error TS2339: Property 'stepNumber' does not exist on type 'FlowStep'.
src/components/Phase2/IntegrationFlowBuilder.tsx(608,43): error TS2339: Property 'type' does not exist on type 'FlowStep'.
src/components/Phase2/IntegrationFlowBuilder.tsx(609,68): error TS2353: Object literal may only specify known properties, and 'type' does not exist in type 'Partial<FlowStep>'.
src/components/Phase2/IntegrationFlowBuilder.tsx(639,34): error TS2339: Property 'type' does not exist on type 'FlowStep'.
src/components/Phase2/IntegrationFlowBuilder.tsx(639,59): error TS2339: Property 'type' does not exist on type 'FlowStep'.
src/components/Phase2/IntegrationFlowBuilder.tsx(639,85): error TS2339: Property 'type' does not exist on type 'FlowStep'.
src/components/Phase2/IntegrationFlowBuilder.tsx(646,45): error TS2339: Property 'endpoint' does not exist on type 'FlowStep'.
src/components/Phase2/IntegrationFlowBuilder.tsx(647,70): error TS2353: Object literal may only specify known properties, and 'endpoint' does not exist in type 'Partial<FlowStep>'.
src/components/Phase2/IntegrationFlowBuilder.tsx(654,33): error TS2339: Property 'type' does not exist on type 'FlowStep'.
src/components/Phase2/IntegrationFlowBuilder.tsx(661,33): error TS2322: Type 'string | { field: string; operator: "==" | "!=" | ">" | "<" | ">=" | "<=" | "contains" | "not_contains" | "in" | "not_in"; value: any; nextStepIfTrue?: string | undefined; nextStepIfFalse?: string | undefined; }' is not assignable to type 'string | number | readonly string[] | undefined'.
  Type '{ field: string; operator: "==" | "!=" | ">" | "<" | ">=" | "<=" | "contains" | "not_contains" | "in" | "not_in"; value: any; nextStepIfTrue?: string | undefined; nextStepIfFalse?: string | undefined; }' is not assignable to type 'string | number | readonly string[] | undefined'.
src/components/Phase2/IntegrationFlowBuilder.tsx(662,70): error TS2322: Type 'string' is not assignable to type '{ field: string; operator: "==" | "!=" | ">" | "<" | ">=" | "<=" | "contains" | "not_contains" | "in" | "not_in"; value: any; nextStepIfTrue?: string | undefined; nextStepIfFalse?: string | undefined; }'.
src/components/Phase2/IntegrationFlowBuilder.tsx(694,49): error TS2339: Property 'retryCount' does not exist on type 'ErrorHandlingStrategy'.
src/components/Phase2/IntegrationFlowBuilder.tsx(699,27): error TS2353: Object literal may only specify known properties, and 'retryCount' does not exist in type 'ErrorHandlingStrategy'.
src/components/Phase2/IntegrationFlowBuilder.tsx(754,51): error TS2339: Property 'notifyOnFailure' does not exist on type 'ErrorHandlingStrategy'.
src/components/Phase2/IntegrationFlowBuilder.tsx(759,27): error TS2353: Object literal may only specify known properties, and 'notifyOnFailure' does not exist in type 'ErrorHandlingStrategy'.
src/components/Phase2/IntegrationFlowBuilder.tsx(770,37): error TS2339: Property 'notifyOnFailure' does not exist on type 'ErrorHandlingStrategy'.
src/components/Phase2/IntegrationFlowBuilder.tsx(777,49): error TS2339: Property 'failureEmail' does not exist on type 'ErrorHandlingStrategy'.
src/components/Phase2/IntegrationFlowBuilder.tsx(782,27): error TS2353: Object literal may only specify known properties, and 'failureEmail' does not exist in type 'ErrorHandlingStrategy'.
src/components/Phase2/IntegrationFlowBuilder.tsx(829,43): error TS2339: Property 'scenario' does not exist on type 'TestCase'.
src/components/Phase2/IntegrationFlowBuilder.tsx(830,72): error TS2353: Object literal may only specify known properties, and 'scenario' does not exist in type 'Partial<TestCase>'.
src/components/Phase2/IntegrationFlowBuilder.tsx(965,13): error TS2322: Type '"outline"' is not assignable to type '"success" | "primary" | "danger" | "secondary" | "ghost" | undefined'.
src/components/Phase2/SystemDeepDive.tsx(4,44): error TS6133: 'SystemField' is declared but its value is never read.
src/components/Phase2/SystemDeepDive.tsx(4,57): error TS6133: 'SystemAuthentication' is declared but its value is never read.
src/components/Phase2/SystemDeepDive.tsx(4,79): error TS6133: 'DataMigration' is declared but its value is never read.
src/components/Phase2/SystemDeepDive.tsx(5,30): error TS6133: 'FunctionalRequirement' is declared but its value is never read.
src/components/Phase2/SystemDeepDive.tsx(6,107): error TS6133: 'Edit2' is declared but its value is never read.
src/components/Phase2/SystemDeepDive.tsx(9,33): error TS6133: 'getSuggestedModules' is declared but its value is never read.
src/components/Phase2/SystemDeepDive.tsx(26,5): error TS7006: Parameter 's' implicitly has an 'any' type.
src/components/Phase2/SystemDeepDive.tsx(70,24): error TS6133: 'setAuthTemplate' is declared but its value is never read.
src/components/Phase2/SystemDeepDive.tsx(106,55): error TS7006: Parameter 's' implicitly has an 'any' type.
src/components/Phase2/SystemDeepDive.tsx(281,11): error TS2322: Type '{ completionPercentage: number; authComplete: boolean; modulesCount: number; migrationRequired: boolean; }' is not assignable to type 'IntrinsicAttributes & SystemSpecProgressProps'.
  Property 'completionPercentage' does not exist on type 'IntrinsicAttributes & SystemSpecProgressProps'.
src/components/Phase2/SystemDeepDive.tsx(360,75): error TS2339: Property 'target' does not exist on type 'string'.
src/components/Phase2/SystemDeepDive.tsx(365,20): error TS2322: Type '{ children: Element[]; label: string; value: "custom" | "oauth" | "api_key" | "basic_auth" | "jwt"; onChange: (e: string) => void; required: true; }' is not assignable to type 'IntrinsicAttributes & SelectProps'.
  Property 'children' does not exist on type 'IntrinsicAttributes & SelectProps'.
src/components/Phase2/SystemDeepDive.tsx(372,35): error TS2339: Property 'target' does not exist on type 'string'.
src/components/Phase2/SystemDeepDive.tsx(387,19): error TS2322: Type '"url"' is not assignable to type '"number" | "email" | "text" | "password" | "tel" | undefined'.
src/components/Phase2/SystemDeepDive.tsx(393,38): error TS2339: Property 'target' does not exist on type 'string'.
src/components/Phase2/SystemDeepDive.tsx(406,37): error TS2339: Property 'target' does not exist on type 'string'.
src/components/Phase2/SystemDeepDive.tsx(454,46): error TS2339: Property 'target' does not exist on type 'string'.
src/components/Phase2/SystemDeepDive.tsx(535,82): error TS2339: Property 'target' does not exist on type 'string'.
src/components/Phase2/SystemDeepDive.tsx(543,98): error TS2339: Property 'target' does not exist on type 'string'.
src/components/Phase2/SystemDeepDive.tsx(607,53): error TS2339: Property 'target' does not exist on type 'string'.
src/components/Phase2/SystemDeepDive.tsx(620,61): error TS2339: Property 'target' does not exist on type 'string'.
src/components/Phase2/SystemDeepDive.tsx(626,22): error TS2322: Type '{ children: Element[]; label: string; value: "api" | "csv_export" | "csv_import" | "database_dump" | "manual" | "etl_tool"; onChange: (e: string) => void; }' is not assignable to type 'IntrinsicAttributes & SelectProps'.
  Property 'children' does not exist on type 'IntrinsicAttributes & SelectProps'.
src/components/Phase2/SystemDeepDive.tsx(633,46): error TS2339: Property 'target' does not exist on type 'string'.
src/components/Phase2/SystemDeepDive.tsx(702,43): error TS2339: Property 'target' does not exist on type 'string'.
src/components/Phase2/SystemDeepDive.tsx(885,17): error TS2322: Type 'string | undefined' is not assignable to type 'string'.
  Type 'undefined' is not assignable to type 'string'.
src/components/Phase2/SystemDeepDive.tsx(886,75): error TS2339: Property 'target' does not exist on type 'string'.
src/components/Phase2/SystemDeepDiveSelection.tsx(25,9): error TS18047: 'currentMeeting' is possibly 'null'.
src/components/Phase2/SystemDeepDiveSelection.tsx(27,53): error TS7006: Parameter 's' implicitly has an 'any' type.
src/components/Phase2/SystemDeepDiveSelection.tsx(72,9): error TS6133: 'hasDeepDive' is declared but its value is never read.
src/components/Phase2/SystemDeepDiveSelection.tsx(73,31): error TS7006: Parameter 's' implicitly has an 'any' type.
src/components/Phase2/SystemDeepDiveSelection.tsx(78,41): error TS7006: Parameter 's' implicitly has an 'any' type.
src/components/Phase2/SystemDeepDiveSelection.tsx(131,15): error TS2322: Type '"outline"' is not assignable to type '"success" | "primary" | "danger" | "secondary" | "ghost" | undefined'.
src/components/Phase2/SystemDeepDiveSelection.tsx(170,15): error TS2322: Type '"outline"' is not assignable to type '"success" | "primary" | "danger" | "secondary" | "ghost" | undefined'.
src/components/Phase2/SystemDeepDiveSelection.tsx(215,52): error TS7006: Parameter 'service' implicitly has an 'any' type.
src/components/Phase2/SystemDeepDiveSelection.tsx(224,15): error TS2322: Type '"outline"' is not assignable to type '"success" | "primary" | "danger" | "secondary" | "ghost" | undefined'.
src/components/Phase2/SystemDeepDiveSelection.tsx(360,26): error TS2322: Type '"outline"' is not assignable to type '"gray" | "success" | "primary" | "danger" | "warning" | "info" | undefined'.
src/components/Phase3/BlockerManagement.tsx(112,28): error TS7006: Parameter 'b' implicitly has an 'any' type.
src/components/Phase3/BlockerManagement.tsx(116,28): error TS7006: Parameter 'b' implicitly has an 'any' type.
src/components/Phase3/BlockerManagement.tsx(120,35): error TS7006: Parameter 'acc' implicitly has an 'any' type.
src/components/Phase3/BlockerManagement.tsx(120,40): error TS7006: Parameter 'blocker' implicitly has an 'any' type.
src/components/Phase3/BlockerManagement.tsx(121,31): error TS7006: Parameter 't' implicitly has an 'any' type.
src/components/Phase3/BlockerManagement.tsx(137,39): error TS7006: Parameter 'b' implicitly has an 'any' type.
src/components/Phase3/BlockerManagement.tsx(138,35): error TS7006: Parameter 'b' implicitly has an 'any' type.
src/components/Phase3/BlockerManagement.tsx(139,37): error TS7006: Parameter 'b' implicitly has an 'any' type.
src/components/Phase3/BlockerManagement.tsx(140,34): error TS7006: Parameter 'b' implicitly has an 'any' type.
src/components/Phase3/BlockerManagement.tsx(149,50): error TS7006: Parameter 'b' implicitly has an 'any' type.
src/components/Phase3/BlockerManagement.tsx(246,63): error TS2339: Property 'task' does not exist on type 'unknown'.
src/components/Phase3/BlockerManagement.tsx(246,69): error TS2339: Property 'blockers' does not exist on type 'unknown'.
src/components/Phase3/BlockerManagement.tsx(272,39): error TS7006: Parameter 'blocker' implicitly has an 'any' type.
src/components/Phase3/BlockerManagement.tsx(273,38): error TS7053: Element implicitly has an 'any' type because expression of type 'any' can't be used to index type '{ critical: { bg: string; text: string; border: string; icon: string; }; high: { bg: string; text: string; border: string; icon: string; }; medium: { bg: string; text: string; border: string; icon: string; }; low: { ...; }; }'.
src/components/Phase3/BlockerManagement.tsx(343,37): error TS7006: Parameter 'blocker' implicitly has an 'any' type.
src/components/Phase3/BlockerManagement.tsx(344,41): error TS7006: Parameter 't' implicitly has an 'any' type.
src/components/Phase3/BlockerManagement.tsx(345,32): error TS7053: Element implicitly has an 'any' type because expression of type 'any' can't be used to index type '{ critical: { bg: string; text: string; border: string; icon: string; }; high: { bg: string; text: string; border: string; icon: string; }; medium: { bg: string; text: string; border: string; icon: string; }; low: { ...; }; }'.
src/components/Phase3/DeveloperDashboard.tsx(5,10): error TS6133: 'DevelopmentTask' is declared but its value is never read.
src/components/Phase3/DeveloperDashboard.tsx(24,1): error TS6133: 'Badge' is declared but its value is never read.
src/components/Phase3/DeveloperDashboard.tsx(283,34): error TS7006: Parameter 't' implicitly has an 'any' type.
src/components/Phase3/DeveloperDashboard.tsx(284,40): error TS7006: Parameter 't' implicitly has an 'any' type.
src/components/Phase3/DeveloperDashboard.tsx(285,38): error TS7006: Parameter 't' implicitly has an 'any' type.
src/components/Phase3/DeveloperDashboard.tsx(286,37): error TS7006: Parameter 't' implicitly has an 'any' type.
src/components/Phase3/DeveloperDashboard.tsx(287,34): error TS7006: Parameter 't' implicitly has an 'any' type.
src/components/Phase3/DeveloperDashboard.tsx(292,54): error TS7006: Parameter 't' implicitly has an 'any' type.
src/components/Phase3/DeveloperDashboard.tsx(296,26): error TS7006: Parameter 's' implicitly has an 'any' type.
src/components/Phase3/DeveloperDashboard.tsx(299,27): error TS7006: Parameter 't' implicitly has an 'any' type.
src/components/Phase3/DeveloperDashboard.tsx(304,27): error TS7006: Parameter 't' implicitly has an 'any' type.
src/components/Phase3/DeveloperDashboard.tsx(307,72): error TS7006: Parameter 't' implicitly has an 'any' type.
src/components/Phase3/DeveloperDashboard.tsx(308,64): error TS7006: Parameter 't' implicitly has an 'any' type.
src/components/Phase3/DeveloperDashboard.tsx(309,68): error TS7006: Parameter 't' implicitly has an 'any' type.
src/components/Phase3/DeveloperDashboard.tsx(310,62): error TS7006: Parameter 't' implicitly has an 'any' type.
src/components/Phase3/DeveloperDashboard.tsx(324,42): error TS7006: Parameter 't' implicitly has an 'any' type.
src/components/Phase3/DeveloperDashboard.tsx(327,42): error TS7006: Parameter 't' implicitly has an 'any' type.
src/components/Phase3/DeveloperDashboard.tsx(493,13): error TS2322: Type '{ sprints: any; systems: { id: unknown; label: unknown; count: any; }[]; priorities: { id: string; label: string; count: any; }[]; statuses: { id: string; label: string; count: any; }[]; }' is not assignable to type '{ sprints: FilterOption[]; systems: FilterOption[]; priorities: FilterOption[]; statuses: FilterOption[]; }'.
  Types of property 'systems' are incompatible.
    Type '{ id: unknown; label: unknown; count: any; }[]' is not assignable to type 'FilterOption[]'.
      Type '{ id: unknown; label: unknown; count: any; }' is not assignable to type 'FilterOption'.
        Types of property 'id' are incompatible.
          Type 'unknown' is not assignable to type 'string'.
src/components/Phase3/DeveloperDashboard.tsx(514,34): error TS7006: Parameter 'task' implicitly has an 'any' type.
src/components/Phase3/DeveloperDashboard.tsx(558,56): error TS7006: Parameter 't' implicitly has an 'any' type.
src/components/Phase3/DeveloperDashboard.tsx(567,38): error TS7006: Parameter 'task' implicitly has an 'any' type.
src/components/Phase3/ProgressTracking.tsx(15,41): error TS7006: Parameter 't' implicitly has an 'any' type.
src/components/Phase3/ProgressTracking.tsx(16,42): error TS7006: Parameter 't' implicitly has an 'any' type.
src/components/Phase3/ProgressTracking.tsx(17,39): error TS7006: Parameter 't' implicitly has an 'any' type.
src/components/Phase3/ProgressTracking.tsx(18,36): error TS7006: Parameter 't' implicitly has an 'any' type.
src/components/Phase3/ProgressTracking.tsx(20,38): error TS7006: Parameter 'sum' implicitly has an 'any' type.
src/components/Phase3/ProgressTracking.tsx(20,43): error TS7006: Parameter 't' implicitly has an 'any' type.
src/components/Phase3/ProgressTracking.tsx(21,41): error TS7006: Parameter 't' implicitly has an 'any' type.
src/components/Phase3/ProgressTracking.tsx(22,16): error TS7006: Parameter 'sum' implicitly has an 'any' type.
src/components/Phase3/ProgressTracking.tsx(22,21): error TS7006: Parameter 't' implicitly has an 'any' type.
src/components/Phase3/ProgressTracking.tsx(23,39): error TS7006: Parameter 'sum' implicitly has an 'any' type.
src/components/Phase3/ProgressTracking.tsx(23,44): error TS7006: Parameter 't' implicitly has an 'any' type.
src/components/Phase3/ProgressTracking.tsx(48,48): error TS7006: Parameter 't' implicitly has an 'any' type.
src/components/Phase3/ProgressTracking.tsx(48,71): error TS7006: Parameter 't' implicitly has an 'any' type.
src/components/Phase3/ProgressTracking.tsx(51,42): error TS7006: Parameter 't' implicitly has an 'any' type.
src/components/Phase3/ProgressTracking.tsx(52,46): error TS7006: Parameter 't' implicitly has an 'any' type.
src/components/Phase3/ProgressTracking.tsx(53,47): error TS7006: Parameter 't' implicitly has an 'any' type.
src/components/Phase3/ProgressTracking.tsx(54,44): error TS7006: Parameter 't' implicitly has an 'any' type.
src/components/Phase3/ProgressTracking.tsx(56,48): error TS7006: Parameter 'sum' implicitly has an 'any' type.
src/components/Phase3/ProgressTracking.tsx(56,53): error TS7006: Parameter 't' implicitly has an 'any' type.
src/components/Phase3/ProgressTracking.tsx(57,51): error TS7006: Parameter 't' implicitly has an 'any' type.
src/components/Phase3/ProgressTracking.tsx(58,18): error TS7006: Parameter 'sum' implicitly has an 'any' type.
src/components/Phase3/ProgressTracking.tsx(58,23): error TS7006: Parameter 't' implicitly has an 'any' type.
src/components/Phase3/ProgressTracking.tsx(74,24): error TS7006: Parameter 'sprint' implicitly has an 'any' type.
src/components/Phase3/ProgressTracking.tsx(75,40): error TS7006: Parameter 't' implicitly has an 'any' type.
src/components/Phase3/ProgressTracking.tsx(76,44): error TS7006: Parameter 't' implicitly has an 'any' type.
src/components/Phase3/ProgressTracking.tsx(77,46): error TS7006: Parameter 'sum' implicitly has an 'any' type.
src/components/Phase3/ProgressTracking.tsx(77,51): error TS7006: Parameter 't' implicitly has an 'any' type.
src/components/Phase3/ProgressTracking.tsx(78,49): error TS7006: Parameter 't' implicitly has an 'any' type.
src/components/Phase3/ProgressTracking.tsx(79,18): error TS7006: Parameter 'sum' implicitly has an 'any' type.
src/components/Phase3/ProgressTracking.tsx(79,23): error TS7006: Parameter 't' implicitly has an 'any' type.
src/components/Phase3/ProgressTracking.tsx(96,30): error TS7006: Parameter 't' implicitly has an 'any' type.
src/components/Phase3/ProgressTracking.tsx(97,26): error TS7006: Parameter 't' implicitly has an 'any' type.
src/components/Phase3/ProgressTracking.tsx(98,28): error TS7006: Parameter 't' implicitly has an 'any' type.
src/components/Phase3/ProgressTracking.tsx(99,25): error TS7006: Parameter 't' implicitly has an 'any' type.
src/components/Phase3/ProgressTracking.tsx(107,27): error TS7006: Parameter 't' implicitly has an 'any' type.
src/components/Phase3/ProgressTracking.tsx(108,31): error TS7006: Parameter 't' implicitly has an 'any' type.
src/components/Phase3/ProgressTracking.tsx(236,33): error TS7006: Parameter 't' implicitly has an 'any' type.
src/components/Phase3/ProgressTracking.tsx(241,75): error TS7006: Parameter 't' implicitly has an 'any' type.
src/components/Phase3/ProgressTracking.tsx(256,22): error TS2322: Type '{}' is not assignable to type 'Key | null | undefined'.
src/components/Phase3/ProgressTracking.tsx(259,65): error TS2322: Type '{}' is not assignable to type 'ReactNode'.
src/components/Phase3/ProgressTracking.tsx(295,34): error TS7006: Parameter 'sprint' implicitly has an 'any' type.
src/components/Phase3/ProgressTracking.tsx(308,73): error TS7053: Element implicitly has an 'any' type because expression of type 'any' can't be used to index type '{ planned: string; active: string; completed: string; }'.
src/components/Phase3/SprintView.tsx(4,18): error TS6133: 'DevelopmentTask' is declared but its value is never read.
src/components/Phase3/SprintView.tsx(7,1): error TS6133: 'Badge' is declared but its value is never read.
src/components/Phase3/SprintView.tsx(9,7): error TS6133: 'generateId' is declared but its value is never read.
src/components/Phase3/SprintView.tsx(133,10): error TS6133: 'showCreateSprint' is declared but its value is never read.
src/components/Phase3/SprintView.tsx(153,20): error TS7006: Parameter 's' implicitly has an 'any' type.
src/components/Phase3/SprintView.tsx(154,20): error TS7006: Parameter 's' implicitly has an 'any' type.
src/components/Phase3/SprintView.tsx(158,25): error TS7006: Parameter 't' implicitly has an 'any' type.
src/components/Phase3/SprintView.tsx(163,42): error TS7006: Parameter 't' implicitly has an 'any' type.
src/components/Phase3/SprintView.tsx(164,43): error TS7006: Parameter 't' implicitly has an 'any' type.
src/components/Phase3/SprintView.tsx(165,40): error TS7006: Parameter 't' implicitly has an 'any' type.
src/components/Phase3/SprintView.tsx(166,44): error TS7006: Parameter 'sum' implicitly has an 'any' type.
src/components/Phase3/SprintView.tsx(166,49): error TS7006: Parameter 't' implicitly has an 'any' type.
src/components/Phase3/SprintView.tsx(167,47): error TS7006: Parameter 't' implicitly has an 'any' type.
src/components/Phase3/SprintView.tsx(167,81): error TS7006: Parameter 'sum' implicitly has an 'any' type.
src/components/Phase3/SprintView.tsx(167,86): error TS7006: Parameter 't' implicitly has an 'any' type.
src/components/Phase3/SprintView.tsx(214,7): error TS2561: Object literal may only specify known properties, but 'goal' does not exist in type 'Sprint'. Did you mean to write 'goals'?
src/components/Phase3/SprintView.tsx(271,26): error TS7006: Parameter 'sprint' implicitly has an 'any' type.
src/components/Phase3/SprintView.tsx(294,83): error TS7053: Element implicitly has an 'any' type because expression of type 'any' can't be used to index type '{ planned: string; active: string; completed: string; }'.
src/components/Phase3/SprintView.tsx(490,36): error TS7006: Parameter 'task' implicitly has an 'any' type.
src/components/Phase3/SprintView.tsx(514,75): error TS7053: Element implicitly has an 'any' type because expression of type 'any' can't be used to index type '{ todo: string; in_progress: string; in_review: string; blocked: string; done: string; }'.
src/components/Phase3/SprintView.tsx(519,46): error TS7053: Element implicitly has an 'any' type because expression of type 'any' can't be used to index type '{ critical: string; high: string; medium: string; low: string; }'.
src/components/Phase3/SystemView.tsx(126,24): error TS7006: Parameter 'system' implicitly has an 'any' type.
src/components/Phase3/SystemView.tsx(127,40): error TS7006: Parameter 't' implicitly has an 'any' type.
src/components/Phase3/SystemView.tsx(132,44): error TS7006: Parameter 't' implicitly has an 'any' type.
src/components/Phase3/SystemView.tsx(133,45): error TS7006: Parameter 't' implicitly has an 'any' type.
src/components/Phase3/SystemView.tsx(134,42): error TS7006: Parameter 't' implicitly has an 'any' type.
src/components/Phase3/SystemView.tsx(135,39): error TS7006: Parameter 't' implicitly has an 'any' type.
src/components/Phase3/SystemView.tsx(137,46): error TS7006: Parameter 'sum' implicitly has an 'any' type.
src/components/Phase3/SystemView.tsx(137,51): error TS7006: Parameter 't' implicitly has an 'any' type.
src/components/Phase3/SystemView.tsx(138,49): error TS7006: Parameter 't' implicitly has an 'any' type.
src/components/Phase3/SystemView.tsx(139,18): error TS7006: Parameter 'sum' implicitly has an 'any' type.
src/components/Phase3/SystemView.tsx(139,23): error TS7006: Parameter 't' implicitly has an 'any' type.
src/components/Phase3/SystemView.tsx(160,44): error TS7006: Parameter 'sum' implicitly has an 'any' type.
src/components/Phase3/SystemView.tsx(160,49): error TS7006: Parameter 's' implicitly has an 'any' type.
src/components/Phase3/SystemView.tsx(161,48): error TS7006: Parameter 'sum' implicitly has an 'any' type.
src/components/Phase3/SystemView.tsx(161,53): error TS7006: Parameter 's' implicitly has an 'any' type.
src/components/Phase3/SystemView.tsx(162,44): error TS7006: Parameter 'sum' implicitly has an 'any' type.
src/components/Phase3/SystemView.tsx(162,49): error TS7006: Parameter 's' implicitly has an 'any' type.
src/components/Phase3/SystemView.tsx(163,48): error TS7006: Parameter 'sum' implicitly has an 'any' type.
src/components/Phase3/SystemView.tsx(163,53): error TS7006: Parameter 's' implicitly has an 'any' type.
src/components/Phase3/SystemView.tsx(247,31): error TS7031: Binding element 'system' implicitly has an 'any' type.
src/components/Phase3/SystemView.tsx(247,46): error TS7031: Binding element 'sysTasks' implicitly has an 'any' type.
src/components/Phase3/SystemView.tsx(247,56): error TS7031: Binding element 'stats' implicitly has an 'any' type.
src/components/Phase3/SystemView.tsx(330,37): error TS7006: Parameter 'task' implicitly has an 'any' type.
src/components/Phase3/SystemView.tsx(354,42): error TS7053: Element implicitly has an 'any' type because expression of type 'any' can't be used to index type '{ critical: { label: string; color: string; }; high: { label: string; color: string; }; medium: { label: string; color: string; }; low: { label: string; color: string; }; }'.
src/components/Phase3/SystemView.tsx(359,116): error TS7053: Element implicitly has an 'any' type because expression of type 'any' can't be used to index type '{ todo: string; in_progress: string; in_review: string; blocked: string; done: string; }'.
src/components/Phase3/SystemView.tsx(362,32): error TS7053: Element implicitly has an 'any' type because expression of type 'any' can't be used to index type '{ todo: Element; in_progress: Element; in_review: Element; blocked: Element; done: Element; }'.
src/components/Phase3/TaskDetail.tsx(6,1): error TS6133: 'Input' is declared but its value is never read.
src/components/Phase3/TaskDetail.tsx(7,1): error TS6133: 'TextArea' is declared but its value is never read.
src/components/Phase3/TaskDetail.tsx(8,1): error TS6133: 'Select' is declared but its value is never read.
src/components/Phase3/TaskDetail.tsx(9,1): error TS6133: 'Badge' is declared but its value is never read.
src/components/Phase3/TaskDetail.tsx(19,40): error TS6133: 'updateTaskTestCase' is declared but its value is never read.
src/components/Phase3/TaskDetail.tsx(40,19): error TS2322: Type 'TaskTestCase | { id: string; scenario: string; expectedResult: string; actualResult: string; status: "pending"; }' is not assignable to type 'TaskTestCase'.
  Type '{ id: string; scenario: string; expectedResult: string; actualResult: string; status: "pending"; }' is missing the following properties from type 'TaskTestCase': description, steps, passed
src/components/Phase3/TaskDetail.tsx(40,52): error TS2739: Type '{ id: string; scenario: string; expectedResult: string; actualResult: string; status: "pending"; }' is missing the following properties from type 'TaskTestCase': description, steps, passed
src/components/Phase3/TaskDetail.tsx(327,41): error TS2339: Property 'scenario' does not exist on type 'TaskTestCase'.
src/components/Phase3/TaskDetail.tsx(365,41): error TS2339: Property 'status' does not exist on type 'TaskTestCase'.
src/components/PhaseWorkflow/ClientApprovalView.tsx(556,56): error TS2551: Property 'monthlySavingsHours' does not exist on type 'ROIScenario'. Did you mean 'monthlySavings'?
src/components/PhaseWorkflow/ClientApprovalView.tsx(572,56): error TS2339: Property 'paybackMonths' does not exist on type 'ROIScenario'.
src/components/PhaseWorkflow/ClientApprovalView.tsx(592,60): error TS2339: Property 'paybackMonths' does not exist on type 'ROIScenario'.
src/components/PhaseWorkflow/PhaseNavigator.tsx(276,49): error TS6133: 'index' is declared but its value is never read.
src/components/Requirements/RequirementsGathering.tsx(2,10): error TS6133: 'ServiceRequirementsTemplate' is declared but its value is never read.
src/components/Requirements/RequirementsNavigator.tsx(28,29): error TS7006: Parameter 's' implicitly has an 'any' type.
src/components/Requirements/RequirementsNavigator.tsx(29,28): error TS7006: Parameter 's' implicitly has an 'any' type.
src/components/Requirements/RequirementsNavigator.tsx(80,9): error TS6133: 'currentService' is declared but its value is never read.
src/components/Settings/AISettings.tsx(8,3): error TS6133: 'ExclamationTriangleIcon' is declared but its value is never read.
src/components/Settings/AISettings.tsx(15,15): error TS2305: Module '"../../types"' has no exported member 'AIProvider'.
src/components/Settings/AISettings.tsx(38,9): error TS2322: Type '"local"' is not assignable to type '"custom" | "openai" | "xai-grok"'.
src/components/Settings/AISettings.tsx(238,8): error TS2367: This comparison appears to be unintentional because the types '"custom" | "openai" | "xai-grok"' and '"local"' have no overlap.
src/components/Settings/AISettings.tsx(320,31): error TS2339: Property 'rateLimitPerMinute' does not exist on type 'AIConfig'.
src/components/Settings/AISettings.tsx(321,52): error TS2345: Argument of type '"rateLimitPerMinute"' is not assignable to parameter of type 'keyof AIConfig'.
src/components/Settings/AISettings.tsx(352,31): error TS2339: Property 'enableCache' does not exist on type 'AIConfig'.
src/components/Settings/AISettings.tsx(353,50): error TS2345: Argument of type '"enableCache"' is not assignable to parameter of type 'keyof AIConfig'.
src/components/Settings/AISettings.tsx(362,31): error TS2339: Property 'fallbackToLocal' does not exist on type 'AIConfig'.
src/components/Settings/AISettings.tsx(363,50): error TS2345: Argument of type '"fallbackToLocal"' is not assignable to parameter of type 'keyof AIConfig'.
src/components/Settings/AISettings.tsx(372,15): error TS2339: Property 'enableCache' does not exist on type 'AIConfig'.
src/components/Settings/AISettings.tsx(419,52): error TS2367: This comparison appears to be unintentional because the types '"custom" | "openai" | "xai-grok"' and '"local"' have no overlap.
src/components/Summary/SummaryTab.tsx(7,3): error TS6133: 'MeetingStatus' is declared but its value is never read.
src/components/Summary/SummaryTab.tsx(18,3): error TS6133: 'Users' is declared but its value is never read.
src/components/Summary/SummaryTab.tsx(25,3): error TS6133: 'ChevronRight' is declared but its value is never read.
src/components/Summary/SummaryTab.tsx(190,9): error TS6133: 'moduleProgress' is declared but its value is never read.
src/components/Summary/SummaryTab.tsx(232,38): error TS2339: Property 'mainGoals' does not exist on type 'OverviewModule'.
src/components/Summary/SummaryTab.tsx(232,76): error TS2339: Property 'mainGoals' does not exist on type 'OverviewModule'.
src/components/Summary/SummaryTab.tsx(236,43): error TS2339: Property 'mainGoals' does not exist on type 'OverviewModule'.
src/components/Summary/SummaryTab.tsx(236,58): error TS7006: Parameter 'goal' implicitly has an 'any' type.
src/components/Summary/SummaryTab.tsx(236,64): error TS7006: Parameter 'idx' implicitly has an 'any' type.
src/components/Summary/SummaryTab.tsx(484,46): error TS7006: Parameter 'system' implicitly has an 'any' type.
src/components/Summary/SummaryTab.tsx(484,54): error TS6133: 'idx' is declared but its value is never read.
src/components/Summary/SummaryTab.tsx(484,54): error TS7006: Parameter 'idx' implicitly has an 'any' type.
src/components/Summary/SummaryTab.tsx(519,51): error TS7006: Parameter 'integration' implicitly has an 'any' type.
src/components/Summary/SummaryTab.tsx(519,64): error TS6133: 'idx' is declared but its value is never read.
src/components/Summary/SummaryTab.tsx(519,64): error TS7006: Parameter 'idx' implicitly has an 'any' type.
src/components/Summary/SummaryTab.tsx(600,24): error TS7006: Parameter 't' implicitly has an 'any' type.
src/components/Summary/SummaryTab.tsx(601,31): error TS7006: Parameter 't' implicitly has an 'any' type.
src/components/Summary/SummaryTab.tsx(602,29): error TS7006: Parameter 't' implicitly has an 'any' type.
src/components/Summary/SummaryTab.tsx(603,27): error TS7006: Parameter 't' implicitly has an 'any' type.
src/components/Summary/SummaryTab.tsx(604,24): error TS7006: Parameter 't' implicitly has an 'any' type.
src/components/Summary/SummaryTab.tsx(612,38): error TS7006: Parameter 's' implicitly has an 'any' type.
src/components/Summary/SummaryTab.tsx(616,43): error TS7006: Parameter 'b' implicitly has an 'any' type.
src/components/Summary/SummaryTab.tsx(617,45): error TS7006: Parameter 'b' implicitly has an 'any' type.
src/components/Summary/SummaryTab.tsx(619,9): error TS6133: 'isEnglish' is declared but its value is never read.
src/components/Summary/SummaryTab.tsx(781,39): error TS7006: Parameter 't' implicitly has an 'any' type.
src/components/Summary/SummaryTab.tsx(782,36): error TS7006: Parameter 'sum' implicitly has an 'any' type.
src/components/Summary/SummaryTab.tsx(782,41): error TS7006: Parameter 't' implicitly has an 'any' type.
src/components/Summary/SummaryTab.tsx(944,9): error TS6133: 'currentStatus' is declared but its value is never read.
src/components/Visualizations/IntegrationVisualizer.tsx(14,30): error TS6133: 'SystemIntegrationNeed' is declared but its value is never read.
src/components/Visualizations/IntegrationVisualizer.tsx(36,7): error TS6133: 'STATUS_COLORS' is declared but its value is never read.
src/components/Visualizations/IntegrationVisualizer.tsx(132,13): error TS2322: Type 'string | number[]' is not assignable to type 'StrokeDasharray<string | number> | undefined'.
  Type 'number[]' is not assignable to type 'StrokeDasharray<string | number> | undefined'.
    Type 'number[]' is not assignable to type 'string & {}'.
      Type 'number[]' is not assignable to type 'string'.
src/components/Visualizations/IntegrationVisualizer.tsx(159,17): error TS6133: 'setNodes' is declared but its value is never read.
src/components/Visualizations/IntegrationVisualizer.tsx(160,17): error TS6133: 'setEdges' is declared but its value is never read.
src/components/Wizard/WizardMode.tsx(11,10): error TS6133: 'WizardState' is declared but its value is never read.
src/components/Wizard/WizardMode.tsx(18,5): error TS6133: 'updateMeeting' is declared but its value is never read.
src/components/Wizard/WizardMode.tsx(21,5): error TS6133: 'setWizardState' is declared but its value is never read.
src/components/Wizard/WizardMode.tsx(24,5): error TS6133: 'navigateWizardStep' is declared but its value is never read.
src/components/Wizard/WizardMode.tsx(172,9): error TS6133: 'handlePrevious' is declared but its value is never read.
src/components/Wizard/WizardMode.tsx(190,9): error TS6133: 'handleSkip' is declared but its value is never read.
src/components/Wizard/WizardMode.tsx(249,15): error TS2322: Type '"outline"' is not assignable to type '"success" | "primary" | "danger" | "secondary" | "ghost" | undefined'.
src/components/Wizard/WizardProgress.tsx(42,9): error TS6133: 'getStepStatus' is declared but its value is never read.
src/components/Wizard/WizardProgress.tsx(49,9): error TS6133: 'getStepIcon' is declared but its value is never read.
src/components/Wizard/WizardProgress.tsx(62,9): error TS6133: 'getStepColor' is declared but its value is never read.
src/components/Wizard/WizardStepContent.tsx(60,21): error TS2339: Property 'allowCustom' does not exist on type '{ value: any; onChange: (value: any) => void; error: string; }'.
src/components/Wizard/WizardStepContent.tsx(61,21): error TS2339: Property 'onCustomAdd' does not exist on type '{ value: any; onChange: (value: any) => void; error: string; }'.
src/components/Wizard/WizardStepNavigation.tsx(44,19): error TS6133: 'isPending' is declared but its value is never read.
src/components/Wizard/WizardSummary.tsx(9,3): error TS6133: 'Users' is declared but its value is never read.
src/components/Wizard/WizardSummary.tsx(10,3): error TS6133: 'Target' is declared but its value is never read.
src/components/Wizard/WizardSummary.tsx(113,41): error TS2339: Property 'monthlySavings' does not exist on type 'ROIMetrics'.
src/components/Wizard/WizardSummary.tsx(127,37): error TS2339: Property 'hoursSaved' does not exist on type 'ROIMetrics'.
src/components/Wizard/WizardSummary.tsx(252,43): error TS2339: Property 'monthlySavings' does not exist on type 'ROIMetrics'.
src/components/ZohoNotifications.tsx(161,14): error TS2322: Type '{ children: string; jsx: true; }' is not assignable to type 'DetailedHTMLProps<StyleHTMLAttributes<HTMLStyleElement>, HTMLStyleElement>'.
  Property 'jsx' does not exist on type 'DetailedHTMLProps<StyleHTMLAttributes<HTMLStyleElement>, HTMLStyleElement>'.
src/config/serviceRequirementsTemplates.ts(1235,13): error TS2353: Object literal may only specify known properties, and 'rows' does not exist in type 'RequirementField'.
src/config/serviceRequirementsTemplates.ts(2160,13): error TS2353: Object literal may only specify known properties, and 'rows' does not exist in type 'RequirementField'.
src/config/serviceRequirementsTemplates.ts(2197,13): error TS2353: Object literal may only specify known properties, and 'rows' does not exist in type 'RequirementField'.
src/config/serviceRequirementsTemplates.ts(2281,13): error TS2353: Object literal may only specify known properties, and 'rows' does not exist in type 'RequirementField'.
src/config/serviceRequirementsTemplates.ts(2480,13): error TS2353: Object literal may only specify known properties, and 'itemFields' does not exist in type 'RequirementField'.
src/config/serviceRequirementsTemplates.ts(2594,13): error TS2353: Object literal may only specify known properties, and 'itemFields' does not exist in type 'RequirementField'.
src/config/serviceRequirementsTemplates.ts(2728,13): error TS2353: Object literal may only specify known properties, and 'itemFields' does not exist in type 'RequirementField'.
src/config/serviceRequirementsTemplates.ts(2775,13): error TS2353: Object literal may only specify known properties, and 'itemFields' does not exist in type 'RequirementField'.
src/config/serviceRequirementsTemplates.ts(2899,13): error TS2353: Object literal may only specify known properties, and 'itemFields' does not exist in type 'RequirementField'.
src/config/serviceRequirementsTemplates.ts(3031,13): error TS2353: Object literal may only specify known properties, and 'itemFields' does not exist in type 'RequirementField'.
src/config/serviceRequirementsTemplates.ts(3080,13): error TS2353: Object literal may only specify known properties, and 'itemFields' does not exist in type 'RequirementField'.
src/config/serviceRequirementsTemplates.ts(3115,13): error TS2353: Object literal may only specify known properties, and 'itemFields' does not exist in type 'RequirementField'.
src/config/serviceRequirementsTemplates.ts(3138,13): error TS2353: Object literal may only specify known properties, and 'itemFields' does not exist in type 'RequirementField'.
src/config/serviceRequirementsTemplates.ts(3165,13): error TS2353: Object literal may only specify known properties, and 'itemFields' does not exist in type 'RequirementField'.
src/config/serviceRequirementsTemplates.ts(3295,13): error TS2353: Object literal may only specify known properties, and 'itemFields' does not exist in type 'RequirementField'.
src/config/serviceRequirementsTemplates.ts(3384,13): error TS2353: Object literal may only specify known properties, and 'itemFields' does not exist in type 'RequirementField'.
src/config/serviceRequirementsTemplates.ts(3394,13): error TS2353: Object literal may only specify known properties, and 'itemFields' does not exist in type 'RequirementField'.
src/config/serviceRequirementsTemplates.ts(3471,13): error TS2353: Object literal may only specify known properties, and 'itemFields' does not exist in type 'RequirementField'.
src/config/serviceRequirementsTemplates.ts(3533,13): error TS2353: Object literal may only specify known properties, and 'itemFields' does not exist in type 'RequirementField'.
src/config/serviceRequirementsTemplates.ts(3560,13): error TS2353: Object literal may only specify known properties, and 'itemFields' does not exist in type 'RequirementField'.
src/config/serviceRequirementsTemplates.ts(3669,13): error TS2353: Object literal may only specify known properties, and 'itemFields' does not exist in type 'RequirementField'.
src/config/serviceRequirementsTemplates.ts(3719,13): error TS2353: Object literal may only specify known properties, and 'itemFields' does not exist in type 'RequirementField'.
src/config/serviceRequirementsTemplates.ts(3753,13): error TS2353: Object literal may only specify known properties, and 'itemFields' does not exist in type 'RequirementField'.
src/config/serviceRequirementsTemplates.ts(3802,13): error TS2353: Object literal may only specify known properties, and 'itemFields' does not exist in type 'RequirementField'.
src/config/serviceRequirementsTemplates.ts(4013,13): error TS2353: Object literal may only specify known properties, and 'itemFields' does not exist in type 'RequirementField'.
src/config/serviceRequirementsTemplates.ts(4023,13): error TS2353: Object literal may only specify known properties, and 'itemFields' does not exist in type 'RequirementField'.
src/config/serviceRequirementsTemplates.ts(4069,13): error TS2353: Object literal may only specify known properties, and 'itemFields' does not exist in type 'RequirementField'.
src/config/serviceRequirementsTemplates.ts(4092,13): error TS2353: Object literal may only specify known properties, and 'itemFields' does not exist in type 'RequirementField'.
src/config/wizardSteps.ts(868,34): error TS2367: This comparison appears to be unintentional because the types 'boolean | undefined' and 'string' have no overlap.
src/config/wizardSteps.ts(887,34): error TS2367: This comparison appears to be unintentional because the types 'boolean | undefined' and 'string' have no overlap.
src/config/wizardSteps.ts(904,34): error TS2367: This comparison appears to be unintentional because the types 'boolean | undefined' and 'string' have no overlap.
src/config/wizardSteps.ts(1590,34): error TS2367: This comparison appears to be unintentional because the types 'boolean | undefined' and 'string' have no overlap.
src/config/wizardSteps.ts(1604,34): error TS2367: This comparison appears to be unintentional because the types 'boolean | undefined' and 'string' have no overlap.
src/config/wizardSteps.ts(2355,16): error TS7053: Element implicitly has an 'any' type because expression of type 'string' can't be used to index type '{ b2b: string[]; b2c: string[]; b2b2c: string[]; marketplace: string[]; saas: string[]; }'.
  No index signature with a parameter of type 'string' was found on type '{ b2b: string[]; b2c: string[]; b2b2c: string[]; marketplace: string[]; saas: string[]; }'.
src/contexts/AuthContext.tsx(171,10): error TS2769: No overload matches this call.
  Overload 1 of 2, '(values: never, options?: { count?: "exact" | "planned" | "estimated" | undefined; } | undefined): PostgrestFilterBuilder<{ PostgrestVersion: "12"; }, never, never, null, "profiles", never, "POST">', gave the following error.
    Argument of type '{ id: any; email: any; full_name: string | null; company_name: string | null; }[]' is not assignable to parameter of type 'never'.
  Overload 2 of 2, '(values: never[], options?: { count?: "exact" | "planned" | "estimated" | undefined; defaultToNull?: boolean | undefined; } | undefined): PostgrestFilterBuilder<{ PostgrestVersion: "12"; }, never, never, null, "profiles", never, "POST">', gave the following error.
    Type '{ id: any; email: any; full_name: string | null; company_name: string | null; }' is not assignable to type 'never'.
src/contexts/AuthContext.tsx(223,17): error TS2345: Argument of type '{ updated_at: string; id?: string | undefined; created_at?: string | undefined; email?: string | undefined; full_name?: string | null | undefined; company_name?: string | null | undefined; ... 4 more ...; last_seen?: string | ... 1 more ... | undefined; }' is not assignable to parameter of type 'never'.
src/contexts/AuthContext.tsx(331,23): error TS6133: 'error' is declared but its value is never read.
src/hooks/useCollaboration.ts(6,1): error TS6133: 'Meeting' is declared but its value is never read.
src/hooks/useCollaboration.ts(7,15): error TS6196: 'MeetingCollaborator' is declared but never used.
src/hooks/useCollaboration.ts(42,11): error TS6133: 'currentMeeting' is declared but its value is never read.
src/hooks/useCollaboration.ts(108,47): error TS6133: 'key' is declared but its value is never read.
src/hooks/useCollaboration.ts(115,48): error TS6133: 'key' is declared but its value is never read.
src/hooks/useCollaboration.ts(393,10): error TS2769: No overload matches this call.
  Overload 1 of 2, '(values: never, options?: { count?: "exact" | "planned" | "estimated" | undefined; } | undefined): PostgrestFilterBuilder<{ PostgrestVersion: "12"; }, never, never, null, "meeting_comments", never, "POST">', gave the following error.
    Argument of type '{ meeting_id: string; user_id: string; module: string | null; field: string | null; comment: string; }' is not assignable to parameter of type 'never'.
  Overload 2 of 2, '(values: never[], options?: { count?: "exact" | "planned" | "estimated" | undefined; defaultToNull?: boolean | undefined; } | undefined): PostgrestFilterBuilder<{ PostgrestVersion: "12"; }, never, never, null, "meeting_comments", never, "POST">', gave the following error.
    Object literal may only specify known properties, and 'meeting_id' does not exist in type 'never[]'.
src/hooks/useCollaboration.ts(422,17): error TS2345: Argument of type '{ is_resolved: boolean; resolved_by: string; resolved_at: string; }' is not assignable to parameter of type 'never'.
src/hooks/useFormValidation.ts(20,20): error TS2724: '"../utils/validation"' has no exported member named 'validateAll'. Did you mean 'validate'?
src/hooks/useFormValidation.ts(20,33): error TS2305: Module '"../utils/validation"' has no exported member 'ValidationConfig'.
src/hooks/useFormValidation.ts(20,51): error TS2305: Module '"../utils/validation"' has no exported member 'sanitizeInput'.
src/hooks/useFormValidation.ts(169,45): error TS2554: Expected 2 arguments, but got 3.
src/hooks/useFormValidation.ts(170,14): error TS18047: 'result' is possibly 'null'.
src/hooks/useFormValidation.ts(170,21): error TS2339: Property 'error' does not exist on type 'string'.
src/hooks/useFormValidation.ts(406,5): error TS2322: Type '(name: keyof T, value: any) => string | null' is not assignable to type '(name: keyof T) => string | null'.
  Target signature provides too few arguments. Expected 2 or more, but got 1.
src/integrations/zoho/paramParser.ts(46,9): error TS2353: Object literal may only specify known properties, and 'mainGoals' does not exist in type 'OverviewModule'.
src/lib/supabase.ts(159,15): error TS2345: Argument of type 'Partial<T>' is not assignable to parameter of type 'never'.
src/lib/supabase.ts(187,13): error TS2769: No overload matches this call.
  Overload 1 of 2, '(values: never, options?: { count?: "exact" | "planned" | "estimated" | undefined; } | undefined): PostgrestFilterBuilder<{ PostgrestVersion: "12"; }, never, never, null, string, never, "POST">', gave the following error.
    Argument of type 'T[]' is not assignable to parameter of type 'never'.
  Overload 2 of 2, '(values: never[], options?: { count?: "exact" | "planned" | "estimated" | undefined; defaultToNull?: boolean | undefined; } | undefined): PostgrestFilterBuilder<{ PostgrestVersion: "12"; }, never, never, null, string, never, "POST">', gave the following error.
    Argument of type 'T[]' is not assignable to parameter of type 'never[]'.
      Type 'T' is not assignable to type 'never'.
src/pages/PDFTestPage.tsx(19,7): error TS2561: Object literal may only specify known properties, but 'nameEn' does not exist in type 'SelectedService'. Did you mean to write 'name'?
src/pages/PDFTestPage.tsx(37,7): error TS2561: Object literal may only specify known properties, but 'nameEn' does not exist in type 'SelectedService'. Did you mean to write 'name'?
src/pages/PDFTestPage.tsx(55,7): error TS2561: Object literal may only specify known properties, but 'nameEn' does not exist in type 'SelectedService'. Did you mean to write 'name'?
src/pages/PDFTestPage.tsx(74,7): error TS2561: Object literal may only specify known properties, but 'nameEn' does not exist in type 'SelectedService'. Did you mean to write 'name'?
src/services/AIService.ts(2,3): error TS2305: Module '"../types"' has no exported member 'AIProvider'.
src/services/AIService.ts(7,3): error TS2305: Module '"../types"' has no exported member 'AIInsight'.
src/services/AIService.ts(8,3): error TS2305: Module '"../types"' has no exported member 'AIAnalysisResult'.
src/services/AIService.ts(10,30): error TS2724: '"../types"' has no exported member named 'Recommendation'. Did you mean 'AIRecommendation'?
src/services/AIService.ts(10,30): error TS6133: 'Recommendation' is declared but its value is never read.
src/services/AIService.ts(12,11): error TS6196: 'ProviderConfig' is declared but never used.
src/services/AIService.ts(28,11): error TS6133: 'isProcessing' is declared but its value is never read.
src/services/AIService.ts(73,7): error TS2353: Object literal may only specify known properties, and 'enableCache' does not exist in type 'AIConfig'.
src/services/AIService.ts(128,20): error TS2339: Property 'success' does not exist on type 'AIResponse'.
src/services/AIService.ts(128,40): error TS2339: Property 'data' does not exist on type 'AIResponse'.
src/services/AIService.ts(129,68): error TS2339: Property 'data' does not exist on type 'AIResponse'.
src/services/AIService.ts(160,20): error TS2339: Property 'success' does not exist on type 'AIResponse'.
src/services/AIService.ts(160,40): error TS2339: Property 'data' does not exist on type 'AIResponse'.
src/services/AIService.ts(161,54): error TS2339: Property 'data' does not exist on type 'AIResponse'.
src/services/AIService.ts(190,20): error TS2339: Property 'success' does not exist on type 'AIResponse'.
src/services/AIService.ts(190,40): error TS2339: Property 'data' does not exist on type 'AIResponse'.
src/services/AIService.ts(191,54): error TS2339: Property 'data' does not exist on type 'AIResponse'.
src/services/AIService.ts(207,16): error TS2353: Object literal may only specify known properties, and 'success' does not exist in type 'AIResponse'.
src/services/AIService.ts(224,20): error TS2353: Object literal may only specify known properties, and 'success' does not exist in type 'AIResponse'.
src/services/AIService.ts(228,9): error TS2353: Object literal may only specify known properties, and 'success' does not exist in type 'AIResponse'.
src/services/AIService.ts(265,7): error TS2353: Object literal may only specify known properties, and 'success' does not exist in type 'AIResponse'.
src/services/AIService.ts(279,7): error TS2769: No overload matches this call.
  Overload 1 of 2, '(input: string | URL | Request, init?: RequestInit | undefined): Promise<Response>', gave the following error.
    Type '{ 'Content-Type': string; 'x-api-key': string | undefined; 'anthropic-version': string; }' is not assignable to type 'HeadersInit | undefined'.
      Type '{ 'Content-Type': string; 'x-api-key': string | undefined; 'anthropic-version': string; }' is not assignable to type 'undefined'.
  Overload 2 of 2, '(input: URL | RequestInfo, init?: RequestInit | undefined): Promise<Response>', gave the following error.
    Type '{ 'Content-Type': string; 'x-api-key': string | undefined; 'anthropic-version': string; }' is not assignable to type 'HeadersInit | undefined'.
      Type '{ 'Content-Type': string; 'x-api-key': string | undefined; 'anthropic-version': string; }' is not assignable to type 'undefined'.
src/services/AIService.ts(303,7): error TS2353: Object literal may only specify known properties, and 'success' does not exist in type 'AIResponse'.
src/services/AIService.ts(330,7): error TS2353: Object literal may only specify known properties, and 'success' does not exist in type 'AIResponse'.
src/services/AIService.ts(361,7): error TS2353: Object literal may only specify known properties, and 'success' does not exist in type 'AIResponse'.
src/services/AIService.ts(369,67): error TS7053: Element implicitly has an 'any' type because expression of type 'string' can't be used to index type 'Modules'.
  No index signature with a parameter of type 'string' was found on type 'Modules'.
src/services/AIService.ts(375,23): error TS2339: Property 'companyName' does not exist on type 'Meeting'.
src/services/AIService.ts(399,23): error TS2339: Property 'companyName' does not exist on type 'Meeting'.
src/services/AIService.ts(536,58): error TS6133: 'module' is declared but its value is never read.
src/services/AIService.ts(541,38): error TS6133: 'leadSources' is declared but its value is never read.
src/services/AIService.ts(543,26): error TS2365: Operator '>' cannot be applied to types 'SpeedToLead' and 'number'.
src/services/AIService.ts(549,11): error TS2353: Object literal may only specify known properties, and 'estimatedValue' does not exist in type 'AIRecommendation'.
src/services/AIService.ts(555,33): error TS2339: Property 'manual' does not exist on type 'FollowUpStrategy'.
src/services/AIService.ts(561,11): error TS2353: Object literal may only specify known properties, and 'estimatedValue' does not exist in type 'AIRecommendation'.
src/services/AIService.ts(569,15): error TS6133: 'channels' is declared but its value is never read.
src/services/AIService.ts(569,25): error TS2339: Property 'automationLevel' does not exist on type 'CustomerServiceModule'.
src/services/AIService.ts(577,11): error TS2353: Object literal may only specify known properties, and 'estimatedValue' does not exist in type 'AIRecommendation'.
src/services/AIService.ts(585,15): error TS2339: Property 'processes' does not exist on type 'OperationsModule'.
src/services/AIService.ts(585,15): error TS6133: 'processes' is declared but its value is never read.
src/services/AIService.ts(585,26): error TS2339: Property 'bottlenecks' does not exist on type 'OperationsModule'.
src/services/AIService.ts(593,11): error TS2353: Object literal may only specify known properties, and 'estimatedValue' does not exist in type 'AIRecommendation'.
src/services/AIService.ts(601,27): error TS6133: 'scheduledReports' is declared but its value is never read.
src/services/AIService.ts(603,37): error TS2339: Property 'manual' does not exist on type 'DashboardConfig'.
src/services/AIService.ts(609,11): error TS2353: Object literal may only specify known properties, and 'estimatedValue' does not exist in type 'AIRecommendation'.
src/services/AIService.ts(626,11): error TS2353: Object literal may only specify known properties, and 'estimatedValue' does not exist in type 'AIRecommendation'.
src/services/AIService.ts(642,14): error TS7053: Element implicitly has an 'any' type because expression of type 'string' can't be used to index type 'Modules'.
  No index signature with a parameter of type 'string' was found on type 'Modules'.
src/services/AIService.ts(642,50): error TS7053: Element implicitly has an 'any' type because expression of type 'string' can't be used to index type 'Modules'.
  No index signature with a parameter of type 'string' was found on type 'Modules'.
src/services/AIService.ts(658,50): error TS2339: Property 'manual' does not exist on type 'FollowUpStrategy'.
src/services/AIService.ts(659,42): error TS2339: Property 'automationLevel' does not exist on type 'CustomerServiceModule'.
src/services/AIService.ts(660,48): error TS2339: Property 'manual' does not exist on type 'DashboardConfig'.
src/services/AIService.ts(742,23): error TS2339: Property 'enableCache' does not exist on type 'AIConfig'.
src/services/AIService.ts(756,23): error TS2339: Property 'enableCache' does not exist on type 'AIConfig'.
src/services/AIService.ts(766,25): error TS2345: Argument of type 'string | undefined' is not assignable to parameter of type 'string'.
  Type 'undefined' is not assignable to type 'string'.
src/services/AIService.ts(772,23): error TS2339: Property 'rateLimitPerMinute' does not exist on type 'AIConfig'.
src/services/AIService.ts(780,57): error TS2339: Property 'timestamp' does not exist on type 'AIRequest'.
src/services/AIService.ts(783,49): error TS2339: Property 'rateLimitPerMinute' does not exist on type 'AIConfig'.
src/services/AIService.ts(785,53): error TS2339: Property 'timestamp' does not exist on type 'AIRequest'.
src/services/AIService.ts(794,7): error TS2353: Object literal may only specify known properties, and 'id' does not exist in type 'AIRequest'.
src/services/AIService.ts(827,27): error TS2339: Property 'success' does not exist on type 'AIResponse'.
src/services/AIService.ts(828,27): error TS2339: Property 'success' does not exist on type 'AIResponse'.
src/services/emailService.ts(85,32): error TS2551: Property 'totalServices' does not exist on type 'ProposalData'. Did you mean 'totalPrice'?
src/services/emailService.ts(315,54): error TS2551: Property 'totalServices' does not exist on type 'ProposalData'. Did you mean 'totalPrice'?
src/services/supabaseService.ts(56,15): error TS6133: 'data' is declared but its value is never read.
src/services/syncService.ts(1,42): error TS6133: 'optimisticUpdate' is declared but its value is never read.
src/services/syncService.ts(131,21): error TS2345: Argument of type 'any' is not assignable to parameter of type 'never'.
src/services/syncService.ts(166,39): error TS2339: Property 'id' does not exist on type 'Meeting'.
src/services/syncService.ts(175,27): error TS2339: Property 'id' does not exist on type 'Meeting'.
src/services/syncService.ts(179,21): error TS2339: Property 'id' does not exist on type 'Meeting'.
src/services/syncService.ts(181,31): error TS2339: Property 'companyName' does not exist on type 'Meeting'.
src/services/syncService.ts(182,31): error TS2339: Property 'contactName' does not exist on type 'Meeting'.
src/services/syncService.ts(183,31): error TS2339: Property 'contactRole' does not exist on type 'Meeting'.
src/services/syncService.ts(184,32): error TS2339: Property 'contactEmail' does not exist on type 'Meeting'.
src/services/syncService.ts(185,32): error TS2339: Property 'contactPhone' does not exist on type 'Meeting'.
src/services/syncService.ts(186,31): error TS2551: Property 'meetingDate' does not exist on type 'Meeting'. Did you mean 'meetingId'?
src/services/syncService.ts(187,9): error TS2322: Type 'MeetingStatus' is not assignable to type '"draft" | "in_progress" | "completed" | "archived" | undefined'.
  Type '"discovery_in_progress"' is not assignable to type '"draft" | "in_progress" | "completed" | "archived" | undefined'.
src/services/syncService.ts(192,30): error TS2339: Property 'aiInsights' does not exist on type 'Meeting'.
src/services/syncService.ts(212,46): error TS2339: Property 'version' does not exist on type 'never'.
src/services/syncService.ts(216,19): error TS2345: Argument of type 'Partial<{ id: string; created_at: string; updated_at: string; owner_id: string; company_name: string; contact_name: string; contact_role: string; contact_email: string | null; contact_phone: string | null; ... 10 more ...; last_modified_by: string | null; }>' is not assignable to parameter of type 'never'.
src/services/syncService.ts(217,29): error TS2339: Property 'id' does not exist on type 'Meeting'.
src/services/syncService.ts(226,31): error TS2339: Property 'id' does not exist on type 'Meeting'.
src/services/syncService.ts(238,19): error TS2769: No overload matches this call.
  Overload 1 of 2, '(values: never, options?: { count?: "exact" | "planned" | "estimated" | undefined; } | undefined): PostgrestFilterBuilder<{ PostgrestVersion: "12"; }, never, never, null, "meetings", never, "POST">', gave the following error.
    Argument of type 'Partial<{ id: string; created_at: string; updated_at: string; owner_id: string; company_name: string; contact_name: string; contact_role: string; contact_email: string | null; contact_phone: string | null; ... 10 more ...; last_modified_by: string | null; }>' is not assignable to parameter of type 'never'.
  Overload 2 of 2, '(values: never[], options?: { count?: "exact" | "planned" | "estimated" | undefined; defaultToNull?: boolean | undefined; } | undefined): PostgrestFilterBuilder<{ PostgrestVersion: "12"; }, never, never, null, "meetings", never, "POST">', gave the following error.
    Argument of type 'Partial<{ id: string; created_at: string; updated_at: string; owner_id: string; company_name: string; contact_name: string; contact_role: string; contact_email: string | null; contact_phone: string | null; ... 10 more ...; last_modified_by: string | null; }>' is not assignable to parameter of type 'never[]'.
      Type 'Partial<{ id: string; created_at: string; updated_at: string; owner_id: string; company_name: string; contact_name: string; contact_role: string; contact_email: string | null; contact_phone: string | null; ... 10 more ...; last_modified_by: string | null; }>' is missing the following properties from type 'never[]': length, pop, push, concat, and 29 more.
src/services/syncService.ts(247,31): error TS2339: Property 'id' does not exist on type 'Meeting'.
src/services/syncService.ts(258,15): error TS2304: Cannot find name 'existingMeeting'.
src/services/syncService.ts(269,38): error TS2339: Property 'updatedAt' does not exist on type 'Meeting'.
src/services/syncService.ts(273,63): error TS2339: Property 'version' does not exist on type 'Meeting'.
src/services/syncService.ts(312,37): error TS2339: Property 'id' does not exist on type 'Meeting'.
src/services/syncService.ts(373,13): error TS2322: Type '{ id: any; companyName: any; contactName: any; contactRole: any; contactEmail: any; contactPhone: any; meetingDate: any; status: any; modules: any; painPoints: any; customFieldValues: any; wizardState: any; aiInsights: any; createdAt: any; updatedAt: any; version: any; }[]' is not assignable to type 'Meeting[]'.
  Type '{ id: any; companyName: any; contactName: any; contactRole: any; contactEmail: any; contactPhone: any; meetingDate: any; status: any; modules: any; painPoints: any; customFieldValues: any; wizardState: any; aiInsights: any; createdAt: any; updatedAt: any; version: any; }' is missing the following properties from type 'Meeting': meetingId, clientName, date, phase, phaseHistory
src/services/syncService.ts(409,17): error TS2769: No overload matches this call.
  Overload 1 of 2, '(values: never, options?: { count?: "exact" | "planned" | "estimated" | undefined; } | undefined): PostgrestFilterBuilder<{ PostgrestVersion: "12"; }, never, never, null, "meeting_activities", never, "POST">', gave the following error.
    Argument of type 'Partial<{ id: string; created_at: string; meeting_id: string; user_id: string; action: string; module: string | null; field: string | null; old_value: Json; new_value: Json; metadata: Json; }>' is not assignable to parameter of type 'never'.
  Overload 2 of 2, '(values: never[], options?: { count?: "exact" | "planned" | "estimated" | undefined; defaultToNull?: boolean | undefined; } | undefined): PostgrestFilterBuilder<{ PostgrestVersion: "12"; }, never, never, null, "meeting_activities", never, "POST">', gave the following error.
    Argument of type 'Partial<{ id: string; created_at: string; meeting_id: string; user_id: string; action: string; module: string | null; field: string | null; old_value: Json; new_value: Json; metadata: Json; }>' is not assignable to parameter of type 'never[]'.
      Type 'Partial<{ id: string; created_at: string; meeting_id: string; user_id: string; action: string; module: string | null; field: string | null; old_value: Json; new_value: Json; metadata: Json; }>' is missing the following properties from type 'never[]': length, pop, push, concat, and 29 more.
src/services/zohoSyncService.ts(5,11): error TS6133: 'compressData' is declared but its value is never read.
src/services/zohoSyncService.ts(15,11): error TS6133: 'decompressData' is declared but its value is never read.
src/services/zohoSyncService.ts(47,13): error TS2353: Object literal may only specify known properties, and 'lastSync' does not exist in type '{ recordId: string; module: "Potentials1"; lastSyncTime?: string | undefined; syncEnabled?: boolean | undefined; contactInfo?: { email?: string | undefined; phone?: string | undefined; } | undefined; }'.
src/store/useMeetingStore.ts(1283,52): error TS2339: Property 'id' does not exist on type 'Meeting'.
src/store/useMeetingStore.ts(1289,31): error TS2339: Property 'updatedAt' does not exist on type 'Meeting'.
src/store/useMeetingStore.ts(1290,44): error TS2339: Property 'updatedAt' does not exist on type 'Meeting'.
src/store/useMeetingStore.ts(1290,75): error TS2339: Property 'updatedAt' does not exist on type 'Meeting'.
src/store/useMeetingStore.ts(1293,46): error TS2339: Property 'id' does not exist on type 'Meeting'.
src/store/useMeetingStore.ts(1300,44): error TS2339: Property 'id' does not exist on type 'Meeting'.
src/store/useMeetingStore.ts(1365,18): error TS7053: Element implicitly has an 'any' type because expression of type 'string' can't be used to index type 'Modules'.
  No index signature with a parameter of type 'string' was found on type 'Modules'.
src/store/useMeetingStore.ts(1495,50): error TS7006: Parameter 't' implicitly has an 'any' type.
src/store/useMeetingStore.ts(1497,52): error TS7006: Parameter 't' implicitly has an 'any' type.
src/store/useMeetingStore.ts(1576,28): error TS2339: Property 'supabaseId' does not exist on type 'Meeting'.
src/store/useMeetingStore.ts(1626,28): error TS2339: Property 'supabaseId' does not exist on type 'Meeting'.
src/store/useMeetingStore.ts(1672,49): error TS7006: Parameter 't' implicitly has an 'any' type.
src/store/useMeetingStore.ts(1713,81): error TS7006: Parameter 'task' implicitly has an 'any' type.
src/store/useMeetingStore.ts(1736,11): error TS7006: Parameter 'task' implicitly has an 'any' type.
src/store/useMeetingStore.ts(1763,74): error TS7006: Parameter 't' implicitly has an 'any' type.
src/store/useMeetingStore.ts(1780,74): error TS7006: Parameter 't' implicitly has an 'any' type.
src/store/useMeetingStore.ts(1783,53): error TS7006: Parameter 'tc' implicitly has an 'any' type.
src/store/useMeetingStore.ts(1820,24): error TS6133: 'taskId' is declared but its value is never read.
src/store/useMeetingStore.ts(1824,88): error TS7006: Parameter 'blocker' implicitly has an 'any' type.
src/store/useMeetingStore.ts(2056,15): error TS2322: Type '{ zohoIntegration: { recordId: any; lastSyncTime: string; syncEnabled: boolean; module?: "Potentials1" | undefined; contactInfo?: { email?: string; phone?: string; }; }; ... 16 more ...; developmentTracking?: DevelopmentTrackingData; }' is not assignable to type 'Meeting'.
  The types of 'zohoIntegration.module' are incompatible between these types.
    Type '"Potentials1" | undefined' is not assignable to type '"Potentials1"'.
      Type 'undefined' is not assignable to type '"Potentials1"'.
src/test-pdf-page.tsx(19,11): error TS2561: Object literal may only specify known properties, but 'nameEn' does not exist in type 'SelectedService'. Did you mean to write 'name'?
src/test-pdf-page.tsx(30,11): error TS2561: Object literal may only specify known properties, but 'nameEn' does not exist in type 'SelectedService'. Did you mean to write 'name'?
src/test-pdf-page.tsx(41,11): error TS2561: Object literal may only specify known properties, but 'nameEn' does not exist in type 'SelectedService'. Did you mean to write 'name'?
src/test-pdf-page.tsx(56,9): error TS2740: Type '{ totalServices: number; }' is missing the following properties from type 'ProposalSummary': totalAutomations, totalAIAgents, totalIntegrations, identifiedProcesses, and 2 more.
src/types/index.ts(17,1): error TS2308: Module './design-system' has already exported a member named 'AlertVariant'. Consider explicitly re-exporting to resolve the ambiguity.
src/types/index.ts(17,1): error TS2308: Module './design-system' has already exported a member named 'LoadingState'. Consider explicitly re-exporting to resolve the ambiguity.
src/types/index.ts(134,24): error TS2304: Cannot find name 'ImplementationSpecData'.
src/types/index.ts(135,25): error TS2304: Cannot find name 'DevelopmentTrackingData'.
src/types/index.ts(161,18): error TS2304: Cannot find name 'CollectedRequirements'.
src/types/index.ts(1225,3): error TS2484: Export declaration conflicts with exported declaration of 'AIModelSelection'.
src/utils/__tests__/dataMigration.test.ts(5,32): error TS6133: 'beforeEach' is declared but its value is never read.
src/utils/__tests__/dataMigration.test.ts(5,44): error TS6133: 'vi' is declared but its value is never read.
src/utils/__tests__/dataMigration.test.ts(13,1): error TS6192: All imports in import declaration are unused.
src/utils/__tests__/dataMigration.test.ts(77,14): error TS18048: 'result.meeting.modules.leadsAndSales.leadSources' is possibly 'undefined'.
src/utils/__tests__/dataMigration.test.ts(98,51): error TS2339: Property 'leadSourcesMetadata' does not exist on type 'LeadsAndSalesModule'.
src/utils/__tests__/dataMigration.test.ts(99,51): error TS2339: Property 'leadSourcesMetadata' does not exist on type 'LeadsAndSalesModule'.
src/utils/__tests__/dataMigration.test.ts(100,51): error TS2339: Property 'leadSourcesMetadata' does not exist on type 'LeadsAndSalesModule'.
src/utils/__tests__/dataMigration.test.ts(171,14): error TS18048: 'result.meeting.modules.leadsAndSales.leadSources' is possibly 'undefined'.
src/utils/__tests__/dataMigration.test.ts(219,14): error TS18048: 'result.meeting.modules.customerService.channels' is possibly 'undefined'.
src/utils/__tests__/dataMigration.test.ts(240,53): error TS2339: Property 'channelsMetadata' does not exist on type 'CustomerServiceModule'.
src/utils/__tests__/dataMigration.test.ts(241,53): error TS2339: Property 'channelsMetadata' does not exist on type 'CustomerServiceModule'.
src/utils/__tests__/dataMigration.test.ts(242,53): error TS2339: Property 'channelsMetadata' does not exist on type 'CustomerServiceModule'.
src/utils/__tests__/dataMigration.test.ts(313,14): error TS18048: 'result.meeting.modules.customerService.channels' is possibly 'undefined'.
src/utils/__tests__/smartRecommendationsEngine.test.ts(35,11): error TS2322: Type 'string' is not assignable to type 'string[]'.
src/utils/__tests__/smartRecommendationsEngine.test.ts(64,35): error TS2353: Object literal may only specify known properties, and 'frequency' does not exist in type 'WorkProcess'.
src/utils/__tests__/smartRecommendationsEngine.test.ts(73,15): error TS2353: Object literal may only specify known properties, and 'name' does not exist in type 'DocumentFlow'.
src/utils/__tests__/smartRecommendationsEngine.test.ts(85,15): error TS2353: Object literal may only specify known properties, and 'type' does not exist in type 'ProjectIssue'.
src/utils/__tests__/smartRecommendationsEngine.test.ts(86,15): error TS2353: Object literal may only specify known properties, and 'type' does not exist in type 'ProjectIssue'.
src/utils/__tests__/smartRecommendationsEngine.test.ts(93,9): error TS2740: Type '{}' is missing the following properties from type '{ departments: Department[]; onboardingSteps: number; onboardingDuration: number; trainingRequirements: string[]; performanceReviewFrequency: string; employeeTurnoverRate: number; hrSystemsInUse: string[]; }': departments, onboardingSteps, onboardingDuration, trainingRequirements, and 3 more.
src/utils/__tests__/smartRecommendationsEngine.test.ts(94,9): error TS2740: Type '{}' is missing the following properties from type '{ inventoryMethod: string; shippingProcesses: string[]; supplierCount: number; orderFulfillmentTime: number; warehouseOperations: string[]; deliveryIssues: string; returnProcessTime: number; inventoryAccuracy: number; }': inventoryMethod, shippingProcesses, supplierCount, orderFulfillmentTime, and 4 more.
src/utils/__tests__/smartRecommendationsEngine.test.ts(535,13): error TS2739: Type '{}' is missing the following properties from type '{ processes: WorkProcess[]; commonFailures: string[]; errorTrackingSystem: string; processDocumentation: string; automationReadiness: number; }': processes, commonFailures, errorTrackingSystem, processDocumentation, automationReadiness
src/utils/__tests__/smartRecommendationsEngine.test.ts(536,13): error TS2740: Type '{}' is missing the following properties from type '{ flows: DocumentFlow[]; storageLocations: string[]; searchDifficulties: string; versionControlMethod: string; approvalWorkflow: string; documentRetention: number; }': flows, storageLocations, searchDifficulties, versionControlMethod, and 2 more.
src/utils/__tests__/smartRecommendationsEngine.test.ts(537,13): error TS2740: Type '{}' is missing the following properties from type '{ tools: string[]; taskCreationSources: string[]; issues: ProjectIssue[]; resourceAllocationMethod: string; timelineAccuracy: number; projectVisibility: string; deadlineMissRate: number; }': tools, taskCreationSources, issues, resourceAllocationMethod, and 3 more.
src/utils/__tests__/smartRecommendationsEngine.test.ts(538,13): error TS2740: Type '{}' is missing the following properties from type '{ departments: Department[]; onboardingSteps: number; onboardingDuration: number; trainingRequirements: string[]; performanceReviewFrequency: string; employeeTurnoverRate: number; hrSystemsInUse: string[]; }': departments, onboardingSteps, onboardingDuration, trainingRequirements, and 3 more.
src/utils/__tests__/smartRecommendationsEngine.test.ts(539,13): error TS2740: Type '{}' is missing the following properties from type '{ inventoryMethod: string; shippingProcesses: string[]; supplierCount: number; orderFulfillmentTime: number; warehouseOperations: string[]; deliveryIssues: string; returnProcessTime: number; inventoryAccuracy: number; }': inventoryMethod, shippingProcesses, supplierCount, orderFulfillmentTime, and 4 more.
src/utils/__tests__/smartRecommendationsEngine.test.ts(558,13): error TS2739: Type '{ meetingId: string; clientName: string; date: Date; modules: { overview: {}; leadsAndSales: any; customerService: any; operations: any; reporting: {}; aiAgents: {}; systems: {}; roi: {}; planning: {}; }; painPoints: never[]; }' is missing the following properties from type 'Meeting': phase, status, phaseHistory
src/utils/acceptanceCriteriaGenerator.ts(53,19): error TS7006: Parameter 'system' implicitly has an 'any' type.
src/utils/acceptanceCriteriaGenerator.ts(78,24): error TS7006: Parameter 'integration' implicitly has an 'any' type.
src/utils/acceptanceCriteriaGenerator.ts(103,20): error TS7006: Parameter 'agent' implicitly has an 'any' type.
src/utils/acceptanceCriteriaGenerator.ts(154,9): error TS1117: An object literal cannot have multiple properties with the same name.
src/utils/acceptanceCriteriaGenerator.ts(218,19): error TS7006: Parameter 'system' implicitly has an 'any' type.
src/utils/acceptanceCriteriaGenerator.ts(229,24): error TS7006: Parameter 'integration' implicitly has an 'any' type.
src/utils/acceptanceCriteriaGenerator.ts(242,20): error TS7006: Parameter 'agent' implicitly has an 'any' type.
src/utils/acceptanceCriteriaGenerator.ts(272,19): error TS7006: Parameter 'system' implicitly has an 'any' type.
src/utils/acceptanceCriteriaGenerator.ts(355,20): error TS7006: Parameter 'agent' implicitly has an 'any' type.
src/utils/aiAgentExpander.ts(105,71): error TS2339: Property 'companyWebsite' does not exist on type 'OverviewModule'.
src/utils/aiAgentExpander.ts(110,26): error TS2339: Property 'companyWebsite' does not exist on type 'OverviewModule'.
src/utils/aiAgentExpander.ts(157,48): error TS2339: Property 'productServices' does not exist on type 'LeadsAndSalesModule'.
src/utils/aiAgentExpander.ts(225,5): error TS2353: Object literal may only specify known properties, and 'greeting' does not exist in type 'DetailedConversationFlow'.
src/utils/aiAgentExpander.ts(242,29): error TS6133: 'useCase' is declared but its value is never read.
src/utils/aiAgentExpander.ts(322,5): error TS2353: Object literal may only specify known properties, and 'crmEnabled' does not exist in type 'AIAgentIntegrations'.
src/utils/aiAgentExpander.ts(346,59): error TS6133: 'idx' is declared but its value is never read.
src/utils/aiAgentExpander.ts(356,5): error TS2353: Object literal may only specify known properties, and 'conversationExamples' does not exist in type 'AIAgentTraining'.
src/utils/aiAgentExpander.ts(372,9): error TS6133: 'isReady' is declared but its value is never read.
src/utils/aiAgentExpander.ts(379,7): error TS2353: Object literal may only specify known properties, and 'temperature' does not exist in type 'AIModelSelection'.
src/utils/aiAgentExpander.ts(390,5): error TS2353: Object literal may only specify known properties, and 'temperature' does not exist in type 'AIModelSelection'.
src/utils/aiAgentExpander.ts(408,70): error TS2339: Property 'intents' does not exist on type 'DetailedConversationFlow'.
src/utils/aiAgentExpander.ts(409,61): error TS2339: Property 'crmEnabled' does not exist on type 'AIAgentIntegrations'.
src/utils/dataMappingGenerator.ts(29,3): error TS6133: 'meeting' is declared but its value is never read.
src/utils/dataMappingGenerator.ts(271,55): error TS6133: 'target' is declared but its value is never read.
src/utils/dataMappingGenerator.ts(295,32): error TS6133: 'source' is declared but its value is never read.
src/utils/dataMappingGenerator.ts(295,60): error TS6133: 'target' is declared but its value is never read.
src/utils/dataMappingGenerator.ts(395,21): error TS2304: Cannot find name 'target'.
src/utils/dataMappingGenerator.ts(398,15): error TS2304: Cannot find name 'target'.
src/utils/dataMappingGenerator.ts(399,33): error TS2304: Cannot find name 'target'.
src/utils/dataMappingGenerator.ts(408,29): error TS2304: Cannot find name 'target'.
src/utils/dataMigration.examples.ts(16,3): error TS6133: 'clearMigrationLogs' is declared but its value is never read.
src/utils/dataMigration.examples.ts(104,46): error TS2339: Property 'leadSourcesMetadata' does not exist on type 'LeadsAndSalesModule'.
src/utils/dataMigration.examples.ts(106,78): error TS2339: Property 'leadSourcesMetadata' does not exist on type 'LeadsAndSalesModule'.
src/utils/dataMigration.examples.ts(107,77): error TS2339: Property 'leadSourcesMetadata' does not exist on type 'LeadsAndSalesModule'.
src/utils/dataMigration.examples.ts(110,48): error TS2339: Property 'channelsMetadata' does not exist on type 'CustomerServiceModule'.
src/utils/dataMigration.examples.ts(112,84): error TS2339: Property 'channelsMetadata' does not exist on type 'CustomerServiceModule'.
src/utils/dataMigration.examples.ts(113,84): error TS2339: Property 'channelsMetadata' does not exist on type 'CustomerServiceModule'.
src/utils/dataMigration.ts(23,19): error TS6133: 'LeadsAndSalesModule' is declared but its value is never read.
src/utils/dataMigration.ts(23,40): error TS6133: 'CustomerServiceModule' is declared but its value is never read.
src/utils/dataMigration.ts(176,5): error TS2740: Type '{}' is missing the following properties from type 'Modules': overview, leadsAndSales, customerService, operations, and 4 more.
src/utils/dataMigration.ts(352,5): error TS2740: Type '{}' is missing the following properties from type 'Modules': overview, leadsAndSales, customerService, operations, and 4 more.
src/utils/dataMigration.ts(518,5): error TS2740: Type '{}' is missing the following properties from type 'Modules': overview, leadsAndSales, customerService, operations, and 4 more.
src/utils/downloadProposalPDF.ts(539,26): error TS2345: Argument of type '{ margin: number; filename: string; image: { type: string; quality: number; }; html2canvas: { scale: number; useCORS: boolean; letterRendering: boolean; logging: boolean; windowWidth: number; windowHeight: number; }; jsPDF: { ...; }; pagebreak: { ...; }; }' is not assignable to parameter of type 'Html2PdfOptions'.
  The types of 'image.type' are incompatible between these types.
    Type 'string' is not assignable to type '"jpeg" | "png" | "webp" | undefined'.
src/utils/englishExport.ts(22,37): error TS2339: Property 'industry' does not exist on type 'Meeting'.
src/utils/englishExport.ts(23,41): error TS2339: Property 'companySize' does not exist on type 'Meeting'.
src/utils/englishExport.ts(24,43): error TS2339: Property 'annualRevenue' does not exist on type 'Meeting'.
src/utils/englishExport.ts(27,15): error TS2339: Property 'systems' does not exist on type 'Meeting'.
src/utils/englishExport.ts(27,34): error TS2339: Property 'systems' does not exist on type 'Meeting'.
src/utils/englishExport.ts(29,13): error TS2339: Property 'systems' does not exist on type 'Meeting'.
src/utils/englishExport.ts(29,29): error TS7006: Parameter 'sys' implicitly has an 'any' type.
src/utils/englishExport.ts(42,40): error TS2339: Property 'title' does not exist on type 'PainPoint'.
src/utils/englishExport.ts(43,37): error TS2339: Property 'impact' does not exist on type 'PainPoint'.
src/utils/englishExport.ts(44,40): error TS2339: Property 'frequency' does not exist on type 'PainPoint'.
src/utils/englishExport.ts(45,16): error TS2339: Property 'details' does not exist on type 'PainPoint'.
src/utils/englishExport.ts(46,40): error TS2339: Property 'details' does not exist on type 'PainPoint'.
src/utils/englishExport.ts(60,51): error TS7006: Parameter 'sys' implicitly has an 'any' type.
src/utils/englishExport.ts(60,56): error TS7006: Parameter 'index' implicitly has an 'any' type.
src/utils/englishExport.ts(69,56): error TS7006: Parameter 'flow' implicitly has an 'any' type.
src/utils/englishExport.ts(69,62): error TS7006: Parameter 'index' implicitly has an 'any' type.
src/utils/englishExport.ts(78,52): error TS7006: Parameter 'agent' implicitly has an 'any' type.
src/utils/englishExport.ts(78,59): error TS7006: Parameter 'index' implicitly has an 'any' type.
src/utils/englishExport.ts(114,40): error TS2339: Property 'fieldCount' does not exist on type 'SystemModule'.
src/utils/englishExport.ts(149,20): error TS2339: Property 'schedule' does not exist on type 'FlowTrigger'.
src/utils/englishExport.ts(150,46): error TS2339: Property 'schedule' does not exist on type 'FlowTrigger'.
src/utils/englishExport.ts(152,20): error TS2339: Property 'eventName' does not exist on type 'FlowTrigger'.
src/utils/englishExport.ts(153,43): error TS2339: Property 'eventName' does not exist on type 'FlowTrigger'.
src/utils/englishExport.ts(160,26): error TS2339: Property 'stepNumber' does not exist on type 'FlowStep'.
src/utils/englishExport.ts(160,46): error TS2339: Property 'type' does not exist on type 'FlowStep'.
src/utils/englishExport.ts(161,16): error TS2339: Property 'endpoint' does not exist on type 'FlowStep'.
src/utils/englishExport.ts(162,43): error TS2339: Property 'endpoint' does not exist on type 'FlowStep'.
src/utils/englishExport.ts(172,51): error TS2339: Property 'retryCount' does not exist on type 'ErrorHandlingStrategy'.
src/utils/englishExport.ts(175,57): error TS2339: Property 'notifyOnFailure' does not exist on type 'ErrorHandlingStrategy'.
src/utils/englishExport.ts(176,26): error TS2339: Property 'failureEmail' does not exist on type 'ErrorHandlingStrategy'.
src/utils/englishExport.ts(177,55): error TS2339: Property 'failureEmail' does not exist on type 'ErrorHandlingStrategy'.
src/utils/englishExport.ts(184,40): error TS2339: Property 'scenario' does not exist on type 'TestCase'.
src/utils/englishExport.ts(197,46): error TS2339: Property 'temperature' does not exist on type 'AIModelSelection'.
src/utils/englishExport.ts(198,45): error TS2339: Property 'maxTokens' does not exist on type 'AIModelSelection'.
src/utils/englishExport.ts(204,39): error TS2339: Property 'path' does not exist on type 'KnowledgeSource'.
src/utils/englishExport.ts(209,30): error TS2339: Property 'greeting' does not exist on type 'DetailedConversationFlow'.
src/utils/englishExport.ts(211,55): error TS2339: Property 'greeting' does not exist on type 'DetailedConversationFlow'.
src/utils/englishExport.ts(212,53): error TS2339: Property 'intents' does not exist on type 'DetailedConversationFlow'.
src/utils/englishExport.ts(213,28): error TS2339: Property 'intents' does not exist on type 'DetailedConversationFlow'.
src/utils/englishExport.ts(213,45): error TS7006: Parameter 'intent' implicitly has an 'any' type.
src/utils/englishExport.ts(213,53): error TS7006: Parameter 'index' implicitly has an 'any' type.
src/utils/englishExport.ts(217,55): error TS2339: Property 'maxTurns' does not exist on type 'DetailedConversationFlow'.
src/utils/englishExport.ts(218,60): error TS2339: Property 'contextWindow' does not exist on type 'DetailedConversationFlow'.
src/utils/englishExport.ts(222,43): error TS2339: Property 'crmEnabled' does not exist on type 'AIAgentIntegrations'.
src/utils/englishExport.ts(222,83): error TS2339: Property 'crmSystem' does not exist on type 'AIAgentIntegrations'.
src/utils/englishExport.ts(223,45): error TS2339: Property 'emailEnabled' does not exist on type 'AIAgentIntegrations'.
src/utils/englishExport.ts(223,87): error TS2339: Property 'emailProvider' does not exist on type 'AIAgentIntegrations'.
src/utils/englishExport.ts(224,48): error TS2339: Property 'calendarEnabled' does not exist on type 'AIAgentIntegrations'.
src/utils/englishExport.ts(225,26): error TS2339: Property 'customWebhooks' does not exist on type 'AIAgentIntegrations'.
src/utils/englishExport.ts(225,63): error TS2339: Property 'customWebhooks' does not exist on type 'AIAgentIntegrations'.
src/utils/englishExport.ts(226,57): error TS2339: Property 'customWebhooks' does not exist on type 'AIAgentIntegrations'.
src/utils/englishExport.ts(231,45): error TS2339: Property 'faqPairs' does not exist on type 'AIAgentTraining'.
src/utils/englishExport.ts(232,57): error TS2339: Property 'conversationExamples' does not exist on type 'AIAgentTraining'.
src/utils/englishExport.ts(233,40): error TS2339: Property 'tone' does not exist on type 'AIAgentTraining'.
src/utils/englishExport.ts(234,44): error TS2339: Property 'language' does not exist on type 'AIAgentTraining'.
src/utils/englishExport.ts(242,16): error TS2339: Property 'functionalCriteria' does not exist on type 'AcceptanceCriteria'.
src/utils/englishExport.ts(242,47): error TS2339: Property 'functionalCriteria' does not exist on type 'AcceptanceCriteria'.
src/utils/englishExport.ts(244,14): error TS2339: Property 'functionalCriteria' does not exist on type 'AcceptanceCriteria'.
src/utils/englishExport.ts(244,42): error TS7006: Parameter 'item' implicitly has an 'any' type.
src/utils/englishExport.ts(244,48): error TS7006: Parameter 'index' implicitly has an 'any' type.
src/utils/englishExport.ts(252,16): error TS2339: Property 'performanceCriteria' does not exist on type 'AcceptanceCriteria'.
src/utils/englishExport.ts(252,48): error TS2339: Property 'performanceCriteria' does not exist on type 'AcceptanceCriteria'.
src/utils/englishExport.ts(254,14): error TS2339: Property 'performanceCriteria' does not exist on type 'AcceptanceCriteria'.
src/utils/englishExport.ts(254,43): error TS7006: Parameter 'item' implicitly has an 'any' type.
src/utils/englishExport.ts(254,49): error TS7006: Parameter 'index' implicitly has an 'any' type.
src/utils/englishExport.ts(261,16): error TS2339: Property 'securityCriteria' does not exist on type 'AcceptanceCriteria'.
src/utils/englishExport.ts(261,45): error TS2339: Property 'securityCriteria' does not exist on type 'AcceptanceCriteria'.
src/utils/englishExport.ts(263,14): error TS2339: Property 'securityCriteria' does not exist on type 'AcceptanceCriteria'.
src/utils/englishExport.ts(263,40): error TS7006: Parameter 'item' implicitly has an 'any' type.
src/utils/englishExport.ts(263,46): error TS7006: Parameter 'index' implicitly has an 'any' type.
src/utils/englishExport.ts(272,41): error TS2339: Property 'deploymentCriteria' does not exist on type 'AcceptanceCriteria'.
src/utils/englishExport.ts(273,16): error TS2339: Property 'deploymentCriteria' does not exist on type 'AcceptanceCriteria'.
src/utils/englishExport.ts(273,57): error TS2339: Property 'deploymentCriteria' does not exist on type 'AcceptanceCriteria'.
src/utils/englishExport.ts(275,14): error TS2339: Property 'deploymentCriteria' does not exist on type 'AcceptanceCriteria'.
src/utils/englishExport.ts(275,51): error TS7006: Parameter 'approver' implicitly has an 'any' type.
src/utils/englishExport.ts(279,16): error TS2339: Property 'deploymentCriteria' does not exist on type 'AcceptanceCriteria'.
src/utils/englishExport.ts(280,45): error TS2339: Property 'deploymentCriteria' does not exist on type 'AcceptanceCriteria'.
src/utils/englishExport.ts(282,16): error TS2339: Property 'deploymentCriteria' does not exist on type 'AcceptanceCriteria'.
src/utils/englishExport.ts(282,58): error TS2339: Property 'deploymentCriteria' does not exist on type 'AcceptanceCriteria'.
src/utils/englishExport.ts(284,14): error TS2339: Property 'deploymentCriteria' does not exist on type 'AcceptanceCriteria'.
src/utils/englishExport.ts(284,52): error TS7006: Parameter 'test' implicitly has an 'any' type.
src/utils/englishExport.ts(290,16): error TS2339: Property 'signOffRequired' does not exist on type 'AcceptanceCriteria'.
src/utils/englishExport.ts(292,18): error TS2339: Property 'signOffBy' does not exist on type 'AcceptanceCriteria'.
src/utils/englishExport.ts(292,40): error TS2339: Property 'signOffBy' does not exist on type 'AcceptanceCriteria'.
src/utils/englishExport.ts(294,16): error TS2339: Property 'signOffBy' does not exist on type 'AcceptanceCriteria'.
src/utils/englishExport.ts(294,34): error TS7006: Parameter 'person' implicitly has an 'any' type.
src/utils/englishExport.ts(383,36): error TS2551: Property 'goal' does not exist on type 'Sprint'. Did you mean 'goals'?
src/utils/exportCSV.ts(104,36): error TS2339: Property 'name' does not exist on type 'TaskTestCase'.
src/utils/exportCSV.ts(113,12): error TS2339: Property 'acceptanceCriteria' does not exist on type 'DevelopmentTask'.
src/utils/exportCSV.ts(113,39): error TS2339: Property 'acceptanceCriteria' does not exist on type 'DevelopmentTask'.
src/utils/exportCSV.ts(115,10): error TS2339: Property 'acceptanceCriteria' does not exist on type 'DevelopmentTask'.
src/utils/exportCSV.ts(115,37): error TS7006: Parameter 'criteria' implicitly has an 'any' type.
src/utils/exportCSV.ts(192,25): error TS2339: Property 'tags' does not exist on type 'DevelopmentTask'.
src/utils/exportCSV.ts(200,17): error TS7006: Parameter 'row' implicitly has an 'any' type.
src/utils/exportCSV.ts(228,16): error TS2339: Property 'tags' does not exist on type 'DevelopmentTask'.
src/utils/exportCSV.ts(236,17): error TS7006: Parameter 'row' implicitly has an 'any' type.
src/utils/exportCSV.ts(283,25): error TS2339: Property 'tags' does not exist on type 'DevelopmentTask'.
src/utils/exportCSV.ts(290,17): error TS7006: Parameter 'row' implicitly has an 'any' type.
src/utils/exportCSV.ts(353,17): error TS7006: Parameter 'row' implicitly has an 'any' type.
src/utils/exportCSV.ts(407,17): error TS7006: Parameter 'row' implicitly has an 'any' type.
src/utils/exportExcel.ts(2,19): error TS6133: 'PainPoint' is declared but its value is never read.
src/utils/exportExcel.ts(178,25): error TS2362: The left-hand side of an arithmetic operation must be of type 'any', 'number', 'bigint' or an enum type.
src/utils/exportExcel.ts(178,65): error TS2363: The right-hand side of an arithmetic operation must be of type 'any', 'number', 'bigint' or an enum type.
src/utils/exportExcel.ts(433,7): error TS2322: Type 'number' is not assignable to type 'string'.
src/utils/exportExcel.ts(434,7): error TS2322: Type 'number' is not assignable to type 'string'.
src/utils/exportExcel.ts(446,39): error TS7006: Parameter 't' implicitly has an 'any' type.
src/utils/exportExcel.ts(447,40): error TS7006: Parameter 'sum' implicitly has an 'any' type.
src/utils/exportExcel.ts(447,45): error TS7006: Parameter 't' implicitly has an 'any' type.
src/utils/exportExcel.ts(448,37): error TS7006: Parameter 'sum' implicitly has an 'any' type.
src/utils/exportExcel.ts(448,42): error TS7006: Parameter 't' implicitly has an 'any' type.
src/utils/exportExcel.ts(456,30): error TS2322: Type 'number' is not assignable to type 'string'.
src/utils/exportExcel.ts(491,14): error TS2551: Property 'goal' does not exist on type 'Sprint'. Did you mean 'goals'?
src/utils/exportExcel.ts(530,15): error TS2339: Property 'reason' does not exist on type 'Blocker'.
src/utils/exportExcel.ts(531,15): error TS2339: Property 'severity' does not exist on type 'Blocker'.
src/utils/exportExcel.ts(532,24): error TS2551: Property 'reportedDate' does not exist on type 'Blocker'. Did you mean 'reportedAt'?
src/utils/exportExcel.ts(533,15): error TS2551: Property 'resolved' does not exist on type 'Blocker'. Did you mean 'resolvedBy'?
src/utils/exportExcel.ts(579,7): error TS2322: Type 'number' is not assignable to type 'string'.
src/utils/exportExcel.ts(580,7): error TS2322: Type 'number' is not assignable to type 'string'.
src/utils/exportExcel.ts(581,7): error TS2322: Type 'number' is not assignable to type 'string'.
src/utils/exportExcel.ts(582,7): error TS2322: Type 'number' is not assignable to type 'string'.
src/utils/exportExcel.ts(583,7): error TS2322: Type 'number' is not assignable to type 'string'.
src/utils/exportJSON.ts(142,50): error TS2551: Property 'integrationNeeds' does not exist on type 'SystemsModule'. Did you mean 'integrations'?
src/utils/exportJSON.ts(143,51): error TS2339: Property 'overallSatisfaction' does not exist on type 'SystemsModule'.
src/utils/exportTechnicalSpec.ts(368,27): error TS2362: The left-hand side of an arithmetic operation must be of type 'any', 'number', 'bigint' or an enum type.
src/utils/exportTechnicalSpec.ts(368,65): error TS2363: The right-hand side of an arithmetic operation must be of type 'any', 'number', 'bigint' or an enum type.
src/utils/exportTechnicalSpec.ts(608,39): error TS7006: Parameter 't' implicitly has an 'any' type.
src/utils/exportTechnicalSpec.ts(609,40): error TS7006: Parameter 't' implicitly has an 'any' type.
src/utils/exportTechnicalSpec.ts(610,37): error TS7006: Parameter 't' implicitly has an 'any' type.
src/utils/exportTechnicalSpec.ts(621,40): error TS7006: Parameter 'sum' implicitly has an 'any' type.
src/utils/exportTechnicalSpec.ts(621,45): error TS7006: Parameter 't' implicitly has an 'any' type.
src/utils/exportTechnicalSpec.ts(622,37): error TS7006: Parameter 'sum' implicitly has an 'any' type.
src/utils/exportTechnicalSpec.ts(622,42): error TS7006: Parameter 't' implicitly has an 'any' type.
src/utils/exportTechnicalSpec.ts(645,26): error TS7006: Parameter 't' implicitly has an 'any' type.
src/utils/exportTechnicalSpec.ts(646,33): error TS7006: Parameter 't' implicitly has an 'any' type.
src/utils/exportTechnicalSpec.ts(647,31): error TS7006: Parameter 't' implicitly has an 'any' type.
src/utils/exportTechnicalSpec.ts(648,29): error TS7006: Parameter 't' implicitly has an 'any' type.
src/utils/exportTechnicalSpec.ts(649,26): error TS7006: Parameter 't' implicitly has an 'any' type.
src/utils/exportTechnicalSpec.ts(661,40): error TS7006: Parameter 'task' implicitly has an 'any' type.
src/utils/integrationFlowSuggester.ts(232,7): error TS2353: Object literal may only specify known properties, and 'retryCount' does not exist in type 'ErrorHandlingStrategy'.
src/utils/integrationFlowSuggester.ts(241,7): error TS2353: Object literal may only specify known properties, and 'retryCount' does not exist in type 'ErrorHandlingStrategy'.
src/utils/integrationFlowSuggester.ts(249,7): error TS2353: Object literal may only specify known properties, and 'retryCount' does not exist in type 'ErrorHandlingStrategy'.
src/utils/integrationFlowSuggester.ts(282,5): error TS2322: Type '"pending"' is not assignable to type '"passed" | "failed" | "not_tested"'.
src/utils/integrationFlowSuggester.ts(299,5): error TS2322: Type '"pending"' is not assignable to type '"passed" | "failed" | "not_tested"'.
src/utils/integrationFlowSuggester.ts(317,7): error TS2322: Type '"pending"' is not assignable to type '"passed" | "failed" | "not_tested"'.
src/utils/pdfGenerators.ts(35,10): error TS2345: Argument of type '{ margin: number; filename: string; image: { type: string; quality: number; }; html2canvas: { scale: number; useCORS: boolean; letterRendering: boolean; }; jsPDF: { unit: string; format: string; orientation: string; }; }' is not assignable to parameter of type 'Html2PdfOptions'.
  The types of 'image.type' are incompatible between these types.
    Type 'string' is not assignable to type '"jpeg" | "png" | "webp" | undefined'.
src/utils/proposalEngine.ts(601,9): error TS6133: 'missingOpportunities' is declared but its value is never read.
src/utils/proposalEngine.ts(1905,9): error TS6133: 'service' is declared but its value is never read.
src/utils/requirementsPrefillEngine.ts(15,9): error TS6133: 'prefilled' is declared but its value is never read.
src/utils/requirementsPrefillEngine.ts(220,53): error TS6133: 'serviceId' is declared but its value is never read.
src/utils/requirementsPrefillEngine.ts(223,9): error TS6133: 'ai' is declared but its value is never read.
src/utils/requirementsPrefillEngine.ts(231,9): error TS7034: Variable 'channels' implicitly has type 'any[]' in some locations where its type cannot be determined.
src/utils/requirementsPrefillEngine.ts(240,46): error TS7005: Variable 'channels' implicitly has an 'any[]' type.
src/utils/requirementsPrefillEngine.ts(482,9): error TS6133: 'operations' is declared but its value is never read.
src/utils/requirementsPrefillEngine.ts(626,9): error TS6133: 'leads' is declared but its value is never read.
src/utils/requirementsPrefillEngine.ts(646,9): error TS6133: 'overview' is declared but its value is never read.
src/utils/requirementsPrefillEngine.ts(809,51): error TS6133: 'serviceId' is declared but its value is never read.
src/utils/roiCalculator.ts(146,5): error TS2740: Type '{ hoursSavedMonthly: number; moneySavedMonthly: number; lostLeadsValue: number; paybackPeriod: number; totalMonthlySavings: number; breakdown: {}; }' is missing the following properties from type 'ROIMetrics': implementationCosts, ongoingMonthlyCosts, netSavings12Month, netSavings24Month, and 5 more.
src/utils/roiCalculator.ts(210,13): error TS6133: 'workProcesses' is declared but its value is never read.
src/utils/roiCalculator.ts(252,9): error TS2365: Operator '>' cannot be applied to types 'SelectOption[]' and 'number'.
src/utils/roiCalculator.ts(254,9): error TS2345: Argument of type '{ [fieldName: string]: SelectOption[]; }' is not assignable to parameter of type 'SelectOption[]'.
  Type '{ [fieldName: string]: SelectOption[]; }' is missing the following properties from type 'SelectOption[]': length, pop, push, concat, and 29 more.
src/utils/roiCalculator.ts(260,33): error TS2349: This expression is not callable.
  Type 'SelectOption[]' has no call signatures.
src/utils/roiCalculator.ts(260,41): error TS7006: Parameter 'system' implicitly has an 'any' type.
src/utils/roiCalculator.ts(261,15): error TS6133: 'potential' is declared but its value is never read.
src/utils/roiCalculator.ts(269,9): error TS2365: Operator '>' cannot be applied to types 'SelectOption[]' and 'number'.
src/utils/roiCalculator.ts(271,9): error TS2345: Argument of type '{ [fieldName: string]: SelectOption[]; }' is not assignable to parameter of type 'SelectOption[]'.
  Type '{ [fieldName: string]: SelectOption[]; }' is missing the following properties from type 'SelectOption[]': length, pop, push, concat, and 29 more.
src/utils/roiCalculator.ts(278,9): error TS2365: Operator '>' cannot be applied to types 'SelectOption[]' and 'number'.
src/utils/roiCalculator.ts(280,9): error TS2345: Argument of type '{ [fieldName: string]: SelectOption[]; }' is not assignable to parameter of type 'SelectOption[]'.
  Type '{ [fieldName: string]: SelectOption[]; }' is missing the following properties from type 'SelectOption[]': length, pop, push, concat, and 29 more.
src/utils/roiCalculator.ts(286,28): error TS2362: The left-hand side of an arithmetic operation must be of type 'any', 'number', 'bigint' or an enum type.
src/utils/roiCalculator.ts(290,9): error TS2365: Operator '>' cannot be applied to types 'SelectOption[]' and 'number'.
src/utils/roiCalculator.ts(292,9): error TS2345: Argument of type '{ [fieldName: string]: SelectOption[]; }' is not assignable to parameter of type 'SelectOption[]'.
  Type '{ [fieldName: string]: SelectOption[]; }' is missing the following properties from type 'SelectOption[]': length, pop, push, concat, and 29 more.
src/utils/roiCalculator.ts(298,28): error TS2362: The left-hand side of an arithmetic operation must be of type 'any', 'number', 'bigint' or an enum type.
src/utils/roiCalculator.ts(302,9): error TS2365: Operator '>' cannot be applied to types 'SelectOption[]' and 'number'.
src/utils/roiCalculator.ts(304,9): error TS2345: Argument of type '{ [fieldName: string]: SelectOption[]; }' is not assignable to parameter of type 'SelectOption[]'.
  Type '{ [fieldName: string]: SelectOption[]; }' is missing the following properties from type 'SelectOption[]': length, pop, push, concat, and 29 more.
src/utils/roiCalculator.ts(311,9): error TS2365: Operator '>' cannot be applied to types 'SelectOption[]' and 'number'.
src/utils/roiCalculator.ts(313,9): error TS2345: Argument of type '{ [fieldName: string]: SelectOption[]; }' is not assignable to parameter of type 'SelectOption[]'.
  Type '{ [fieldName: string]: SelectOption[]; }' is missing the following properties from type 'SelectOption[]': length, pop, push, concat, and 29 more.
src/utils/roiCalculator.ts(317,28): error TS2362: The left-hand side of an arithmetic operation must be of type 'any', 'number', 'bigint' or an enum type.
src/utils/roiCalculator.ts(321,9): error TS2365: Operator '>' cannot be applied to types 'SelectOption[]' and 'number'.
src/utils/roiCalculator.ts(323,9): error TS2345: Argument of type '{ [fieldName: string]: SelectOption[]; }' is not assignable to parameter of type 'SelectOption[]'.
  Type '{ [fieldName: string]: SelectOption[]; }' is missing the following properties from type 'SelectOption[]': length, pop, push, concat, and 29 more.
src/utils/roiCalculator.ts(329,36): error TS2349: This expression is not callable.
  Type 'SelectOption[]' has no call signatures.
src/utils/roiCalculator.ts(329,44): error TS7006: Parameter 'useCase' implicitly has an 'any' type.
src/utils/roiCalculator.ts(330,15): error TS6133: 'potential' is declared but its value is never read.
src/utils/smartRecommendations.ts(57,33): error TS2339: Property 'timeToProcessLead' does not exist on type 'LeadSource[]'.
src/utils/smartRecommendations.ts(58,45): error TS2339: Property 'timeToProcessLead' does not exist on type 'LeadSource[]'.
src/utils/smartRecommendations.ts(59,46): error TS2339: Property 'monthlyLeads' does not exist on type 'LeadSource[]'.
src/utils/smartRecommendations.ts(63,33): error TS2339: Property 'costPerLostLead' does not exist on type 'LeadSource[]'.
src/utils/smartRecommendations.ts(63,61): error TS2339: Property 'leadManagement' does not exist on type 'LeadsAndSalesModule'.
src/utils/smartRecommendations.ts(64,57): error TS2339: Property 'costPerLostLead' does not exist on type 'LeadSource[]'.
src/utils/smartRecommendations.ts(65,45): error TS2339: Property 'leadManagement' does not exist on type 'LeadsAndSalesModule'.
src/utils/smartRecommendations.ts(69,34): error TS2339: Property 'sources' does not exist on type 'LeadSource[]'.
src/utils/smartRecommendations.ts(72,30): error TS2339: Property 'method' does not exist on type 'FollowUpStrategy'.
src/utils/smartRecommendations.ts(75,21): error TS2339: Property 'qualification' does not exist on type 'LeadsAndSalesModule'.
src/utils/smartRecommendations.ts(75,62): error TS2339: Property 'qualification' does not exist on type 'LeadsAndSalesModule'.
src/utils/smartRecommendations.ts(85,33): error TS2339: Property 'responseTime' does not exist on type 'ServiceChannel[]'.
src/utils/smartRecommendations.ts(85,70): error TS2339: Property 'responseTime' does not exist on type 'ServiceChannel[]'.
src/utils/smartRecommendations.ts(86,45): error TS2339: Property 'responseTime' does not exist on type 'ServiceChannel[]'.
src/utils/smartRecommendations.ts(87,36): error TS2339: Property 'volume' does not exist on type 'CustomerServiceModule'.
src/utils/smartRecommendations.ts(102,34): error TS2339: Property 'unifiedInbox' does not exist on type 'ServiceChannel[]'.
src/utils/smartRecommendations.ts(165,45): error TS2339: Property 'sources' does not exist on type 'LeadSource[]'.
src/utils/smartRecommendations.ts(166,45): error TS2339: Property 'sources' does not exist on type 'LeadSource[]'.
src/utils/smartRecommendations.ts(167,32): error TS2339: Property 'qualification' does not exist on type 'LeadsAndSalesModule'.
src/utils/smartRecommendations.ts(170,44): error TS2339: Property 'unifiedInbox' does not exist on type 'ServiceChannel[]'.
src/utils/smartRecommendations.ts(171,48): error TS2339: Property 'hasBot' does not exist on type 'AutoResponse'.
src/utils/smartRecommendations.ts(175,9): error TS18048: 'modules.operations.projectManagement.tools.length' is possibly 'undefined'.
src/utils/smartRecommendations.ts(178,27): error TS2339: Property 'currentAI' does not exist on type 'AIAgentsModule'.
src/utils/smartRecommendations.ts(179,27): error TS2339: Property 'readinessLevel' does not exist on type 'AIAgentsModule'.
src/utils/smartRecommendations.ts(182,9): error TS18048: 'modules.systems.currentSystems.length' is possibly 'undefined'.
src/utils/smartRecommendations.ts(183,26): error TS2551: Property 'integrationLevel' does not exist on type 'SystemsModule'. Did you mean 'integrations'?
src/utils/smartRecommendations.ts(193,44): error TS2339: Property 'responseTime' does not exist on type 'ServiceChannel[]'.
src/utils/smartRecommendations.ts(194,44): error TS2339: Property 'responseTime' does not exist on type 'ServiceChannel[]'.
src/utils/smartRecommendations.ts(195,49): error TS2339: Property 'responseTime' does not exist on type 'ServiceChannel[]'.
src/utils/smartRecommendations.ts(199,44): error TS2339: Property 'unifiedInbox' does not exist on type 'ServiceChannel[]'.
src/utils/smartRecommendations.ts(200,48): error TS2339: Property 'hasBot' does not exist on type 'AutoResponse'.
src/utils/smartRecommendations.ts(203,42): error TS2339: Property 'firstContactTime' does not exist on type 'FollowUpStrategy'.
src/utils/smartRecommendations.ts(204,42): error TS2339: Property 'firstContactTime' does not exist on type 'FollowUpStrategy'.
src/utils/smartRecommendations.ts(205,47): error TS2339: Property 'firstContactTime' does not exist on type 'FollowUpStrategy'.
src/utils/smartRecommendations.ts(247,32): error TS2339: Property 'sources' does not exist on type 'LeadSource[]'.
src/utils/smartRecommendations.ts(271,18): error TS2339: Property 'qualification' does not exist on type 'LeadsAndSalesModule'.
src/utils/smartRecommendations.ts(275,28): error TS2339: Property 'leadManagement' does not exist on type 'LeadsAndSalesModule'.
src/utils/smartRecommendations.ts(295,28): error TS2339: Property 'method' does not exist on type 'FollowUpStrategy'.
src/utils/smartRecommendations.ts(319,18): error TS2339: Property 'leadManagement' does not exist on type 'LeadsAndSalesModule'.
src/utils/smartRecommendations.ts(326,46): error TS2339: Property 'leadManagement' does not exist on type 'LeadsAndSalesModule'.
src/utils/smartRecommendations.ts(328,49): error TS2339: Property 'costPerLostLead' does not exist on type 'LeadSource[]'.
src/utils/smartRecommendations.ts(329,32): error TS2339: Property 'costPerLostLead' does not exist on type 'LeadSource[]'.
src/utils/smartRecommendations.ts(329,59): error TS2339: Property 'leadManagement' does not exist on type 'LeadsAndSalesModule'.
src/utils/smartRecommendations.ts(353,56): error TS2339: Property 'hasBot' does not exist on type 'AutoResponse'.
src/utils/smartRecommendations.ts(379,32): error TS2339: Property 'unifiedInbox' does not exist on type 'ServiceChannel[]'.
src/utils/smartRecommendations.ts(379,70): error TS2339: Property 'channels' does not exist on type 'ServiceChannel[]'.
src/utils/smartRecommendations.ts(403,31): error TS2339: Property 'responseTime' does not exist on type 'ServiceChannel[]'.
src/utils/smartRecommendations.ts(427,21): error TS2339: Property 'satisfaction' does not exist on type 'CustomerServiceModule'.
src/utils/smartRecommendations.ts(510,9): error TS18048: 'opsData.hr.onboardingDuration' is possibly 'undefined'.
src/utils/smartRecommendations.ts(517,38): error TS18048: 'opsData.hr' is possibly 'undefined'.
src/utils/smartRecommendations.ts(517,84): error TS18048: 'opsData.hr' is possibly 'undefined'.
src/utils/smartRecommendations.ts(534,9): error TS18048: 'opsData.projectManagement.deadlineMissRate' is possibly 'undefined'.
src/utils/smartRecommendations.ts(538,19): error TS18048: 'opsData.projectManagement' is possibly 'undefined'.
src/utils/smartRecommendations.ts(563,16): error TS2339: Property 'readinessLevel' does not exist on type 'AIAgentsModule'.
src/utils/smartRecommendations.ts(563,54): error TS2339: Property 'currentAI' does not exist on type 'AIAgentsModule'.
src/utils/smartRecommendations.ts(563,74): error TS2339: Property 'currentAI' does not exist on type 'AIAgentsModule'.
src/utils/smartRecommendations.ts(611,53): error TS2339: Property 'updateFrequency' does not exist on type 'DashboardConfig'.
src/utils/smartRecommendations.ts(640,17): error TS2551: Property 'integrationLevel' does not exist on type 'SystemsModule'. Did you mean 'integrations'?
src/utils/smartRecommendations.ts(640,48): error TS18048: 'sysData.currentSystems.length' is possibly 'undefined'.
src/utils/smartRecommendations.ts(664,17): error TS2339: Property 'apiAccess' does not exist on type 'SystemsModule'.
src/utils/smartRecommendations.ts(664,41): error TS18048: 'sysData.currentSystems.length' is possibly 'undefined'.
src/utils/smartRecommendations.ts(714,40): error TS2339: Property 'dataWarehouse' does not exist on type 'SystemsModule'.
src/utils/smartRecommendations.ts(782,44): error TS18048: 'r.automationPotential' is possibly 'undefined'.
src/utils/smartRecommendationsEngine.ts(8,19): error TS6133: 'DetailedSystemInfo' is declared but its value is never read.
src/utils/smartRecommendationsEngine.ts(8,39): error TS6133: 'SystemIntegrationNeed' is declared but its value is never read.
src/utils/smartRecommendationsEngine.ts(8,62): error TS6133: 'PainPoint' is declared but its value is never read.
src/utils/smartRecommendationsEngine.ts(161,11): error TS6133: 'ops' is declared but its value is never read.
src/utils/smartRecommendationsEngine.ts(463,9): error TS2367: This comparison appears to be unintentional because the types 'string[] | undefined' and 'string' have no overlap.
src/utils/smartRecommendationsEngine.ts(1179,11): error TS6133: 'getInvoiceGenerationRecommendation' is declared but its value is never read.
src/utils/taskGenerator.ts(21,24): error TS7006: Parameter 'system' implicitly has an 'any' type.
src/utils/taskGenerator.ts(26,29): error TS7006: Parameter 'integration' implicitly has an 'any' type.
src/utils/taskGenerator.ts(31,25): error TS7006: Parameter 'agent' implicitly has an 'any' type.
src/utils/taskGenerator.ts(366,50): error TS6133: 'spec' is declared but its value is never read.
src/utils/taskGenerator.ts(506,7): error TS6133: 'currentSprint' is declared but its value is never read.
src/utils/technicalSpecGenerator.ts(1,39): error TS6133: 'SystemIntegrationNeed' is declared but its value is never read.
src/utils/technicalSpecGenerator.ts(2,10): error TS6133: 'getSystemLabel' is declared but its value is never read.
src/utils/technicalSpecGenerator.ts(253,3): error TS6133: 'meeting' is declared but its value is never read.
src/utils/technicalSpecGenerator.ts(330,11): error TS6133: 'systemDetails' is declared but its value is never read.
src/utils/technicalSpecGenerator.ts(406,3): error TS6133: 'systems' is declared but its value is never read.
src/utils/toast.tsx(50,9): error TS18048: 'toast.duration' is possibly 'undefined'.
src/utils/toast.tsx(159,13): error TS2345: Argument of type '() => () => boolean' is not assignable to parameter of type 'EffectCallback'.
  Type '() => boolean' is not assignable to type 'void | Destructor'.
    Type '() => boolean' is not assignable to type 'Destructor'.
      Type 'boolean' is not assignable to type 'void | { [UNDEFINED_VOID_ONLY]: never; }'.
src/utils/validationGuards.ts(14,33): error TS6133: 'MeetingStatus' is declared but its value is never read.
src/utils/validationGuards.ts(60,18): error TS2339: Property 'mainGoals' does not exist on type 'OverviewModule'.
src/utils/validationGuards.ts(60,40): error TS2339: Property 'mainGoals' does not exist on type 'OverviewModule'.
src/utils/validationGuards.ts(145,17): error TS2551: Property 'integrationNeeds' does not exist on type 'SystemsModule'. Did you mean 'integrations'?
src/utils/validationGuards.ts(168,13): error TS2339: Property 'costAnalysis' does not exist on type 'ROIModule'.
src/utils/validationGuards.ts(169,12): error TS2339: Property 'costAnalysis' does not exist on type 'ROIModule'.
src/utils/validationGuards.ts(169,33): error TS2339: Property 'costAnalysis' does not exist on type 'ROIModule'.
src/utils/validationGuards.ts(395,40): error TS7006: Parameter 't' implicitly has an 'any' type.
src/utils/validationGuards.ts(405,46): error TS7006: Parameter 'b' implicitly has an 'any' type.
src/utils/validationGuards.ts(462,9): error TS6133: 'warnings' is declared but its value is never read.
src/utils/zohoHelpers.ts(197,53): error TS2339: Property 'progress' does not exist on type 'Meeting'.
vite.config.ts(11,7): error TS6133: 'env' is declared but its value is never read.
