
> discovery-assistant@0.0.0 build:typecheck
> tsc -b && vite build

src/components/Examples/ValidatedFormExample.tsx(63,19): error TS2349: This expression is not callable.
  Type 'ValidationRule[]' has no call signatures.
src/components/Examples/ValidatedFormExample.tsx(64,14): error TS2349: This expression is not callable.
  Type 'ValidationRule[]' has no call signatures.
src/components/Examples/ValidatedFormExample.tsx(65,14): error TS2349: This expression is not callable.
  Type 'ValidationRule[]' has no call signatures.
src/components/Examples/ValidatedFormExample.tsx(72,18): error TS2349: This expression is not callable.
  Type 'ValidationRule[]' has no call signatures.
src/components/Examples/ValidatedFormExample.tsx(79,20): error TS2349: This expression is not callable.
  Type 'ValidationRule[]' has no call signatures.
src/components/Layout/GlobalNavigation.tsx(92,33): error TS2339: Property 'progress' does not exist on type 'ModuleProgress'.
src/components/Modules/Operations/OperationsModule.tsx(204,7): error TS2365: Operator '>' cannot be applied to types 'string' and 'number'.
src/components/Modules/Overview/OverviewModule.tsx(164,17): error TS2322: Type '{ children: Element[]; title: string; subtitle: string; }' is not assignable to type 'IntrinsicAttributes & CardProps'.
  Property 'title' does not exist on type 'IntrinsicAttributes & CardProps'.
src/components/Modules/Overview/OverviewModule.tsx(196,17): error TS2322: Type '{ children: Element[]; title: string; subtitle: string; icon: Element; }' is not assignable to type 'IntrinsicAttributes & CardProps'.
  Property 'title' does not exist on type 'IntrinsicAttributes & CardProps'.
src/components/Modules/Overview/OverviewModule.tsx(217,13): error TS2322: Type '{ children: Element[]; title: string; subtitle: string; icon: Element; className: string; }' is not assignable to type 'IntrinsicAttributes & CardProps'.
  Property 'title' does not exist on type 'IntrinsicAttributes & CardProps'.
src/components/Modules/Overview/OverviewModule.tsx(237,19): error TS2322: Type '{ children: Element; title: string; subtitle: string; className: string; }' is not assignable to type 'IntrinsicAttributes & CardProps'.
  Property 'title' does not exist on type 'IntrinsicAttributes & CardProps'.
src/components/Modules/Overview/OverviewModule.tsx(270,19): error TS2322: Type '{ children: Element; title: string; subtitle: string; className: string; }' is not assignable to type 'IntrinsicAttributes & CardProps'.
  Property 'title' does not exist on type 'IntrinsicAttributes & CardProps'.
src/components/Modules/Overview/OverviewModule.tsx(304,13): error TS2322: Type '{ children: Element; title: string; subtitle: string; className: string; }' is not assignable to type 'IntrinsicAttributes & CardProps'.
  Property 'title' does not exist on type 'IntrinsicAttributes & CardProps'.
src/components/Modules/Overview/OverviewModule.tsx(312,17): error TS2322: Type 'Dispatch<SetStateAction<"none" | "full" | "basic">>' is not assignable to type '(value: string) => void'.
  Types of parameters 'value' and 'value' are incompatible.
    Type 'string' is not assignable to type 'SetStateAction<"none" | "full" | "basic">'.
src/components/Modules/Overview/OverviewModule.tsx(354,19): error TS2322: Type '{ children: Element; title: string; className: string; }' is not assignable to type 'IntrinsicAttributes & CardProps'.
  Property 'title' does not exist on type 'IntrinsicAttributes & CardProps'.
src/components/Modules/Planning/PlanningModule.tsx(10,41): error TS2339: Property 'completeMeeting' does not exist on type 'MeetingStore'.
src/components/Modules/Planning/PlanningModule.tsx(276,17): error TS2322: Type '"date"' is not assignable to type '"url" | "email" | "text" | "tel" | undefined'.
src/components/Modules/Proposal/ProposalModule.tsx(16,3): error TS2724: '"../../../config/servicesDatabase"' has no exported member named 'ServiceCategoryId'. Did you mean 'SERVICE_CATEGORIES'?
src/components/Modules/Proposal/ProposalModule.tsx(35,33): error TS2503: Cannot find namespace 'JSX'.
src/components/Modules/ROI/ROIModule.tsx(184,17): error TS2322: Type '{ children: Element; title: string; subtitle: string; }' is not assignable to type 'IntrinsicAttributes & CardProps'.
  Property 'title' does not exist on type 'IntrinsicAttributes & CardProps'.
src/components/Modules/ROI/ROIModule.tsx(248,17): error TS2322: Type '{ children: Element; title: string; subtitle: string; }' is not assignable to type 'IntrinsicAttributes & CardProps'.
  Property 'title' does not exist on type 'IntrinsicAttributes & CardProps'.
src/components/Modules/ROI/ROIModule.tsx(295,17): error TS2322: Type '{ children: Element; title: string; subtitle: string; }' is not assignable to type 'IntrinsicAttributes & CardProps'.
  Property 'title' does not exist on type 'IntrinsicAttributes & CardProps'.
src/components/Modules/ROI/ROIModule.tsx(341,17): error TS2322: Type '{ children: Element; title: string; subtitle: string; }' is not assignable to type 'IntrinsicAttributes & CardProps'.
  Property 'title' does not exist on type 'IntrinsicAttributes & CardProps'.
src/components/Modules/Systems/DetailedSystemCard.tsx(114,11): error TS2322: Type '"number"' is not assignable to type '"url" | "email" | "text" | "tel" | undefined'.
src/components/Modules/Systems/DetailedSystemCard.tsx(123,11): error TS2322: Type '"number"' is not assignable to type '"url" | "email" | "text" | "tel" | undefined'.
src/components/Modules/Systems/SystemsModule.tsx(100,17): error TS2322: Type '{ children: Element; title: string; subtitle: string; }' is not assignable to type 'IntrinsicAttributes & CardProps'.
  Property 'title' does not exist on type 'IntrinsicAttributes & CardProps'.
src/components/Modules/Systems/SystemsModule.tsx(132,19): error TS2322: Type '{ severity: string; description: string; }' is not assignable to type 'IntrinsicAttributes & PainPointFlagProps'.
  Property 'severity' does not exist on type 'IntrinsicAttributes & PainPointFlagProps'.
src/components/Modules/Systems/SystemsModule.tsx(140,17): error TS2322: Type '{ children: Element; title: string; subtitle: string; }' is not assignable to type 'IntrinsicAttributes & CardProps'.
  Property 'title' does not exist on type 'IntrinsicAttributes & CardProps'.
src/components/Modules/Systems/SystemsModule.tsx(185,19): error TS2322: Type '{ severity: string; description: string; }' is not assignable to type 'IntrinsicAttributes & PainPointFlagProps'.
  Property 'severity' does not exist on type 'IntrinsicAttributes & PainPointFlagProps'.
src/components/Modules/Systems/SystemsModule.tsx(193,17): error TS2322: Type '{ children: Element; title: string; subtitle: string; }' is not assignable to type 'IntrinsicAttributes & CardProps'.
  Property 'title' does not exist on type 'IntrinsicAttributes & CardProps'.
src/components/Modules/Systems/SystemsModule.tsx(234,19): error TS2322: Type '{ severity: string; description: string; }' is not assignable to type 'IntrinsicAttributes & PainPointFlagProps'.
  Property 'severity' does not exist on type 'IntrinsicAttributes & PainPointFlagProps'.
src/components/Modules/Systems/SystemsModule.tsx(242,17): error TS2322: Type '{ children: Element; title: string; subtitle: string; }' is not assignable to type 'IntrinsicAttributes & CardProps'.
  Property 'title' does not exist on type 'IntrinsicAttributes & CardProps'.
src/components/Modules/Systems/SystemsModule.tsx(287,17): error TS2322: Type '{ children: Element; title: string; subtitle: string; }' is not assignable to type 'IntrinsicAttributes & CardProps'.
  Property 'title' does not exist on type 'IntrinsicAttributes & CardProps'.
src/components/Modules/Systems/SystemsModule.tsx(335,19): error TS2322: Type '{ severity: string; description: string; }' is not assignable to type 'IntrinsicAttributes & PainPointFlagProps'.
  Property 'severity' does not exist on type 'IntrinsicAttributes & PainPointFlagProps'.
src/components/Modules/Systems/SystemsModule.tsx(342,19): error TS2322: Type '{ severity: string; description: string; }' is not assignable to type 'IntrinsicAttributes & PainPointFlagProps'.
  Property 'severity' does not exist on type 'IntrinsicAttributes & PainPointFlagProps'.
src/components/Modules/Systems/SystemsModuleEnhanced.tsx(174,19): error TS2322: Type '{ severity: string; description: string; }' is not assignable to type 'IntrinsicAttributes & PainPointFlagProps'.
  Property 'severity' does not exist on type 'IntrinsicAttributes & PainPointFlagProps'.
src/components/Modules/Systems/SystemsModuleEnhanced.tsx(282,19): error TS2322: Type '{ severity: string; description: string; }' is not assignable to type 'IntrinsicAttributes & PainPointFlagProps'.
  Property 'severity' does not exist on type 'IntrinsicAttributes & PainPointFlagProps'.
src/components/Modules/Systems/SystemsModuleEnhanced.tsx(331,19): error TS2322: Type '{ severity: string; description: string; }' is not assignable to type 'IntrinsicAttributes & PainPointFlagProps'.
  Property 'severity' does not exist on type 'IntrinsicAttributes & PainPointFlagProps'.
src/components/Modules/Systems/SystemsModuleEnhanced.tsx(432,19): error TS2322: Type '{ severity: string; description: string; }' is not assignable to type 'IntrinsicAttributes & PainPointFlagProps'.
  Property 'severity' does not exist on type 'IntrinsicAttributes & PainPointFlagProps'.
src/components/Modules/Systems/SystemsModuleEnhanced.tsx(439,19): error TS2322: Type '{ severity: string; description: string; }' is not assignable to type 'IntrinsicAttributes & PainPointFlagProps'.
  Property 'severity' does not exist on type 'IntrinsicAttributes & PainPointFlagProps'.
src/components/NextSteps/NextStepsGenerator.tsx(41,94): error TS2345: Argument of type '(phase: MeetingPhase) => boolean' is not assignable to parameter of type '(phase: string) => boolean'.
  Types of parameters 'phase' and 'phase' are incompatible.
    Type 'string' is not assignable to type 'MeetingPhase'.
src/components/Phase2/AcceptanceCriteriaBuilder.tsx(52,9): error TS18048: 'criteria.functionalCriteria' is possibly 'undefined'.
src/components/Phase2/AcceptanceCriteriaBuilder.tsx(57,37): error TS18048: 'criteria.signOffBy' is possibly 'undefined'.
src/components/Phase2/AcceptanceCriteriaBuilder.tsx(80,12): error TS2488: Type 'FunctionalRequirement[] | undefined' must have a '[Symbol.iterator]()' method that returns an iterator.
src/components/Phase2/AcceptanceCriteriaBuilder.tsx(101,27): error TS18048: 'criteria.functionalCriteria' is possibly 'undefined'.
src/components/Phase2/AcceptanceCriteriaBuilder.tsx(109,12): error TS2488: Type 'PerformanceRequirement[] | undefined' must have a '[Symbol.iterator]()' method that returns an iterator.
src/components/Phase2/AcceptanceCriteriaBuilder.tsx(128,28): error TS18048: 'criteria.performanceCriteria' is possibly 'undefined'.
src/components/Phase2/AcceptanceCriteriaBuilder.tsx(136,12): error TS2488: Type 'SecurityRequirement[] | undefined' must have a '[Symbol.iterator]()' method that returns an iterator.
src/components/Phase2/AcceptanceCriteriaBuilder.tsx(155,25): error TS18048: 'criteria.securityCriteria' is possibly 'undefined'.
src/components/Phase2/AcceptanceCriteriaBuilder.tsx(164,24): error TS18048: 'criteria.deploymentCriteria' is possibly 'undefined'.
src/components/Phase2/AcceptanceCriteriaBuilder.tsx(164,24): error TS2488: Type '{ name?: string | undefined; role?: string | undefined; email?: string | undefined; }[] | undefined' must have a '[Symbol.iterator]()' method that returns an iterator.
src/components/Phase2/AcceptanceCriteriaBuilder.tsx(170,25): error TS18048: 'criteria.deploymentCriteria' is possibly 'undefined'.
src/components/Phase2/AcceptanceCriteriaBuilder.tsx(186,20): error TS18048: 'criteria.deploymentCriteria' is possibly 'undefined'.
src/components/Phase2/AcceptanceCriteriaBuilder.tsx(186,20): error TS18048: 'criteria.deploymentCriteria.approvers' is possibly 'undefined'.
src/components/Phase2/AcceptanceCriteriaBuilder.tsx(186,65): error TS2769: No overload matches this call.
  Overload 1 of 2, '(predicate: (value: { name?: string | undefined; role?: string | undefined; email?: string | undefined; }, index: number, array: { name?: string | undefined; role?: string | undefined; email?: string | undefined; }[]) => value is { ...; }, thisArg?: any): { ...; }[]', gave the following error.
    Argument of type '(_item: SignOffPerson, i: number) => boolean' is not assignable to parameter of type '(value: { name?: string | undefined; role?: string | undefined; email?: string | undefined; }, index: number, array: { name?: string | undefined; role?: string | undefined; email?: string | undefined; }[]) => value is { ...; }'.
      Types of parameters '_item' and 'value' are incompatible.
        Type '{ name?: string | undefined; role?: string | undefined; email?: string | undefined; }' is not assignable to type 'SignOffPerson'.
          Types of property 'name' are incompatible.
            Type 'string | undefined' is not assignable to type 'string'.
              Type 'undefined' is not assignable to type 'string'.
  Overload 2 of 2, '(predicate: (value: { name?: string | undefined; role?: string | undefined; email?: string | undefined; }, index: number, array: { name?: string | undefined; role?: string | undefined; email?: string | undefined; }[]) => unknown, thisArg?: any): { ...; }[]', gave the following error.
    Argument of type '(_item: SignOffPerson, i: number) => boolean' is not assignable to parameter of type '(value: { name?: string | undefined; role?: string | undefined; email?: string | undefined; }, index: number, array: { name?: string | undefined; role?: string | undefined; email?: string | undefined; }[]) => unknown'.
      Types of parameters '_item' and 'value' are incompatible.
        Type '{ name?: string | undefined; role?: string | undefined; email?: string | undefined; }' is not assignable to type 'SignOffPerson'.
          Types of property 'name' are incompatible.
            Type 'string | undefined' is not assignable to type 'string'.
              Type 'undefined' is not assignable to type 'string'.
src/components/Phase2/AcceptanceCriteriaBuilder.tsx(196,25): error TS18048: 'criteria.deploymentCriteria' is possibly 'undefined'.
src/components/Phase2/AcceptanceCriteriaBuilder.tsx(196,25): error TS2488: Type 'string[] | undefined' must have a '[Symbol.iterator]()' method that returns an iterator.
src/components/Phase2/AcceptanceCriteriaBuilder.tsx(202,25): error TS18048: 'criteria.deploymentCriteria' is possibly 'undefined'.
src/components/Phase2/AcceptanceCriteriaBuilder.tsx(218,21): error TS18048: 'criteria.deploymentCriteria' is possibly 'undefined'.
src/components/Phase2/AcceptanceCriteriaBuilder.tsx(218,21): error TS18048: 'criteria.deploymentCriteria.smokeTests' is possibly 'undefined'.
src/components/Phase2/AcceptanceCriteriaBuilder.tsx(226,22): error TS2488: Type 'SignOffPerson[] | undefined' must have a '[Symbol.iterator]()' method that returns an iterator.
src/components/Phase2/AcceptanceCriteriaBuilder.tsx(239,18): error TS18048: 'criteria.signOffBy' is possibly 'undefined'.
src/components/Phase2/AcceptanceCriteriaBuilder.tsx(270,63): error TS18048: 'criteria.functionalCriteria' is possibly 'undefined'.
src/components/Phase2/AcceptanceCriteriaBuilder.tsx(271,65): error TS18048: 'criteria.performanceCriteria' is possibly 'undefined'.
src/components/Phase2/AcceptanceCriteriaBuilder.tsx(272,60): error TS18048: 'criteria.securityCriteria' is possibly 'undefined'.
src/components/Phase2/AcceptanceCriteriaBuilder.tsx(306,18): error TS18048: 'criteria.functionalCriteria' is possibly 'undefined'.
src/components/Phase2/AcceptanceCriteriaBuilder.tsx(320,22): error TS18048: 'criteria.functionalCriteria' is possibly 'undefined'.
src/components/Phase2/AcceptanceCriteriaBuilder.tsx(411,18): error TS18048: 'criteria.performanceCriteria' is possibly 'undefined'.
src/components/Phase2/AcceptanceCriteriaBuilder.tsx(425,22): error TS18048: 'criteria.performanceCriteria' is possibly 'undefined'.
src/components/Phase2/AcceptanceCriteriaBuilder.tsx(509,18): error TS18048: 'criteria.securityCriteria' is possibly 'undefined'.
src/components/Phase2/AcceptanceCriteriaBuilder.tsx(523,22): error TS18048: 'criteria.securityCriteria' is possibly 'undefined'.
src/components/Phase2/AcceptanceCriteriaBuilder.tsx(593,19): error TS2322: Type 'string | undefined' is not assignable to type 'string'.
  Type 'undefined' is not assignable to type 'string'.
src/components/Phase2/AcceptanceCriteriaBuilder.tsx(593,26): error TS18048: 'criteria.deploymentCriteria' is possibly 'undefined'.
src/components/Phase2/AcceptanceCriteriaBuilder.tsx(598,38): error TS2339: Property 'target' does not exist on type 'string'.
src/components/Phase2/AcceptanceCriteriaBuilder.tsx(622,22): error TS18048: 'criteria.deploymentCriteria' is possibly 'undefined'.
src/components/Phase2/AcceptanceCriteriaBuilder.tsx(622,22): error TS18048: 'criteria.deploymentCriteria.approvers' is possibly 'undefined'.
src/components/Phase2/AcceptanceCriteriaBuilder.tsx(622,64): error TS2345: Argument of type '(approver: SignOffPerson, index: number) => JSX.Element' is not assignable to parameter of type '(value: { name?: string | undefined; role?: string | undefined; email?: string | undefined; }, index: number, array: { name?: string | undefined; role?: string | undefined; email?: string | undefined; }[]) => Element'.
  Types of parameters 'approver' and 'value' are incompatible.
    Type '{ name?: string | undefined; role?: string | undefined; email?: string | undefined; }' is not assignable to type 'SignOffPerson'.
      Types of property 'name' are incompatible.
        Type 'string | undefined' is not assignable to type 'string'.
          Type 'undefined' is not assignable to type 'string'.
src/components/Phase2/AcceptanceCriteriaBuilder.tsx(681,19): error TS2322: Type 'string | undefined' is not assignable to type 'string'.
  Type 'undefined' is not assignable to type 'string'.
src/components/Phase2/AcceptanceCriteriaBuilder.tsx(681,26): error TS18048: 'criteria.deploymentCriteria' is possibly 'undefined'.
src/components/Phase2/AcceptanceCriteriaBuilder.tsx(686,39): error TS2339: Property 'target' does not exist on type 'string'.
src/components/Phase2/AcceptanceCriteriaBuilder.tsx(708,22): error TS18048: 'criteria.deploymentCriteria' is possibly 'undefined'.
src/components/Phase2/AcceptanceCriteriaBuilder.tsx(708,22): error TS18048: 'criteria.deploymentCriteria.smokeTests' is possibly 'undefined'.
src/components/Phase2/AcceptanceCriteriaBuilder.tsx(764,22): error TS18048: 'criteria.signOffBy' is possibly 'undefined'.
src/components/Phase2/AIAgentDetailedSpec.tsx(57,57): error TS7006: Parameter 'a' implicitly has an 'any' type.
src/components/Phase2/AIAgentDetailedSpec.tsx(63,9): error TS18047: 'currentMeeting' is possibly 'null'.
src/components/Phase2/AIAgentDetailedSpec.tsx(65,48): error TS7006: Parameter 's' implicitly has an 'any' type.
src/components/Phase2/AIAgentDetailedSpec.tsx(66,52): error TS7006: Parameter 's' implicitly has an 'any' type.
src/components/Phase2/AIAgentDetailedSpec.tsx(129,50): error TS7006: Parameter 's' implicitly has an 'any' type.
src/components/Phase2/AIAgentDetailedSpec.tsx(134,49): error TS7006: Parameter 's' implicitly has an 'any' type.
src/components/Phase2/AIAgentDetailedSpec.tsx(135,46): error TS7006: Parameter 's' implicitly has an 'any' type.
src/components/Phase2/AIAgentDetailedSpec.tsx(135,83): error TS7006: Parameter 's' implicitly has an 'any' type.
src/components/Phase2/AIAgentDetailedSpec.tsx(223,13): error TS2322: Type '"document"' is not assignable to type '"pdf" | "json" | "website" | "crm_field" | "api_endpoint" | "google_drive" | "notion" | "confluence" | "sharepoint" | "csv"'.
src/components/Phase2/AIAgentDetailedSpec.tsx(225,13): error TS2322: Type 'KnowledgeSource | { type: "document"; name: string; path: string; lastUpdated: Date; }' is not assignable to type 'KnowledgeSource'.
  Object literal may only specify known properties, and 'path' does not exist in type 'KnowledgeSource'.
src/components/Phase2/AIAgentDetailedSpec.tsx(261,14): error TS2488: Type 'Intent[] | undefined' must have a '[Symbol.iterator]()' method that returns an iterator.
src/components/Phase2/AIAgentDetailedSpec.tsx(290,18): error TS18048: 'agent.conversationFlow.intents' is possibly 'undefined'.
src/components/Phase2/AIAgentDetailedSpec.tsx(301,14): error TS2488: Type 'FAQPair[] | undefined' must have a '[Symbol.iterator]()' method that returns an iterator.
src/components/Phase2/AIAgentDetailedSpec.tsx(329,19): error TS18048: 'agent.training.faqPairs' is possibly 'undefined'.
src/components/Phase2/AIAgentDetailedSpec.tsx(340,14): error TS2488: Type 'Webhook[] | undefined' must have a '[Symbol.iterator]()' method that returns an iterator.
src/components/Phase2/AIAgentDetailedSpec.tsx(357,25): error TS18048: 'agent.integrations.customWebhooks' is possibly 'undefined'.
src/components/Phase2/AIAgentDetailedSpec.tsx(449,17): error TS7006: Parameter 'a' implicitly has an 'any' type.
src/components/Phase2/AIAgentDetailedSpec.tsx(505,63): error TS18048: 'agent.conversationFlow.intents' is possibly 'undefined'.
src/components/Phase2/AIAgentDetailedSpec.tsx(507,60): error TS18048: 'agent.training.faqPairs' is possibly 'undefined'.
src/components/Phase2/AIAgentDetailedSpec.tsx(533,65): error TS2339: Property 'target' does not exist on type 'string'.
src/components/Phase2/AIAgentDetailedSpec.tsx(633,47): error TS2339: Property 'path' does not exist on type 'KnowledgeSource'.
src/components/Phase2/AIAgentDetailedSpec.tsx(634,81): error TS2353: Object literal may only specify known properties, and 'path' does not exist in type 'Partial<KnowledgeSource>'.
src/components/Phase2/AIAgentDetailedSpec.tsx(706,19): error TS2322: Type 'string | undefined' is not assignable to type 'string'.
  Type 'undefined' is not assignable to type 'string'.
src/components/Phase2/AIAgentDetailedSpec.tsx(711,35): error TS2339: Property 'target' does not exist on type 'string'.
src/components/Phase2/AIAgentDetailedSpec.tsx(733,22): error TS18048: 'agent.conversationFlow.intents' is possibly 'undefined'.
src/components/Phase2/AIAgentDetailedSpec.tsx(782,19): error TS2322: Type 'string | undefined' is not assignable to type 'string'.
  Type 'undefined' is not assignable to type 'string'.
src/components/Phase2/AIAgentDetailedSpec.tsx(787,43): error TS2339: Property 'target' does not exist on type 'string'.
src/components/Phase2/AIAgentDetailedSpec.tsx(867,23): error TS2322: Type 'string | undefined' is not assignable to type 'string'.
  Type 'undefined' is not assignable to type 'string'.
src/components/Phase2/AIAgentDetailedSpec.tsx(872,40): error TS2339: Property 'target' does not exist on type 'string'.
src/components/Phase2/AIAgentDetailedSpec.tsx(938,20): error TS18048: 'agent.integrations.customWebhooks' is possibly 'undefined'.
src/components/Phase2/AIAgentDetailedSpec.tsx(940,24): error TS18048: 'agent.integrations.customWebhooks' is possibly 'undefined'.
src/components/Phase2/AIAgentDetailedSpec.tsx(1005,22): error TS18048: 'agent.training.faqPairs' is possibly 'undefined'.
src/components/Phase2/AIAgentDetailedSpec.tsx(1060,22): error TS18048: 'agent.training.faqPairs' is possibly 'undefined'.
src/components/Phase2/AIAgentDetailedSpec.tsx(1258,19): error TS18048: 'agentCriteria.functional' is possibly 'undefined'.
src/components/Phase2/AIAgentDetailedSpec.tsx(1259,19): error TS18048: 'agentCriteria.performance' is possibly 'undefined'.
src/components/Phase2/AIAgentDetailedSpec.tsx(1260,19): error TS18048: 'agentCriteria.usability' is possibly 'undefined'.
src/components/Phase2/AIAgentDetailedSpec.tsx(1276,22): error TS18048: 'agentCriteria.functional' is possibly 'undefined'.
src/components/Phase2/AIAgentDetailedSpec.tsx(1279,49): error TS18048: 'agentCriteria.functional' is possibly 'undefined'.
src/components/Phase2/AIAgentDetailedSpec.tsx(1282,28): error TS18048: 'agentCriteria.functional' is possibly 'undefined'.
src/components/Phase2/AIAgentDetailedSpec.tsx(1297,22): error TS18048: 'agentCriteria.performance' is possibly 'undefined'.
src/components/Phase2/AIAgentDetailedSpec.tsx(1300,44): error TS18048: 'agentCriteria.performance' is possibly 'undefined'.
src/components/Phase2/AIAgentDetailedSpec.tsx(1303,28): error TS18048: 'agentCriteria.performance' is possibly 'undefined'.
src/components/Phase2/AIAgentDetailedSpec.tsx(1320,22): error TS18048: 'agentCriteria.usability' is possibly 'undefined'.
src/components/Phase2/AIAgentDetailedSpec.tsx(1323,45): error TS18048: 'agentCriteria.usability' is possibly 'undefined'.
src/components/Phase2/AIAgentDetailedSpec.tsx(1326,28): error TS18048: 'agentCriteria.usability' is possibly 'undefined'.
src/components/Phase2/ImplementationSpecDashboard.tsx(435,71): error TS7006: Parameter 'i' implicitly has an 'any' type.
src/components/Phase2/ImplementationSpecDashboard.tsx(499,63): error TS7006: Parameter 'a' implicitly has an 'any' type.
src/components/Phase2/IntegrationFlowBuilder.tsx(68,61): error TS7006: Parameter 'f' implicitly has an 'any' type.
src/components/Phase2/IntegrationFlowBuilder.tsx(72,76): error TS7006: Parameter 's' implicitly has an 'any' type.
src/components/Phase2/IntegrationFlowBuilder.tsx(143,41): error TS2345: Argument of type 'string' is not assignable to parameter of type 'SystemCategory'.
src/components/Phase2/IntegrationFlowBuilder.tsx(385,17): error TS7006: Parameter 'f' implicitly has an 'any' type.
src/components/Phase2/IntegrationFlowBuilder.tsx(424,11): error TS2322: Type '{ onUndo: () => void; onRedo: () => void; onSave: () => void; canUndo: boolean; canRedo: boolean; stepCount: number; completionPercentage: number; }' is not assignable to type 'IntrinsicAttributes & IntegrationFlowToolbarProps'.
  Property 'stepCount' does not exist on type 'IntrinsicAttributes & IntegrationFlowToolbarProps'.
src/components/Phase2/IntegrationFlowBuilder.tsx(469,56): error TS2339: Property 'target' does not exist on type 'string'.
src/components/Phase2/IntegrationFlowBuilder.tsx(478,20): error TS2322: Type '{ children: any[]; label: string; value: string; onChange: (e: string) => void; required: true; }' is not assignable to type 'IntrinsicAttributes & SelectProps'.
  Property 'children' does not exist on type 'IntrinsicAttributes & SelectProps'.
src/components/Phase2/IntegrationFlowBuilder.tsx(482,66): error TS2339: Property 'target' does not exist on type 'string'.
src/components/Phase2/IntegrationFlowBuilder.tsx(494,20): error TS2322: Type '{ children: any[]; label: string; value: string; onChange: (e: string) => void; required: true; }' is not assignable to type 'IntrinsicAttributes & SelectProps'.
  Property 'children' does not exist on type 'IntrinsicAttributes & SelectProps'.
src/components/Phase2/IntegrationFlowBuilder.tsx(498,66): error TS2339: Property 'target' does not exist on type 'string'.
src/components/Phase2/IntegrationFlowBuilder.tsx(543,65): error TS2339: Property 'target' does not exist on type 'string'.
src/components/Phase2/IntegrationFlowBuilder.tsx(559,66): error TS2339: Property 'target' does not exist on type 'string'.
src/components/Phase2/IntegrationFlowBuilder.tsx(568,18): error TS2322: Type '{ children: Element[]; label: string; value: "manual" | "realtime" | "every_5_min" | "every_15_min" | "hourly" | "daily" | "weekly"; onChange: (e: string) => void; }' is not assignable to type 'IntrinsicAttributes & SelectProps'.
  Property 'children' does not exist on type 'IntrinsicAttributes & SelectProps'.
src/components/Phase2/IntegrationFlowBuilder.tsx(572,61): error TS2339: Property 'target' does not exist on type 'string'.
src/components/Phase2/IntegrationFlowBuilder.tsx(896,43): error TS18048: 'integrationCriteria.functional' is possibly 'undefined'.
src/components/Phase2/IntegrationFlowBuilder.tsx(896,90): error TS18048: 'integrationCriteria.performance' is possibly 'undefined'.
src/components/Phase2/IntegrationFlowBuilder.tsx(911,22): error TS18048: 'integrationCriteria.functional' is possibly 'undefined'.
src/components/Phase2/IntegrationFlowBuilder.tsx(914,49): error TS18048: 'integrationCriteria.functional' is possibly 'undefined'.
src/components/Phase2/IntegrationFlowBuilder.tsx(917,28): error TS18048: 'integrationCriteria.functional' is possibly 'undefined'.
src/components/Phase2/IntegrationFlowBuilder.tsx(934,22): error TS18048: 'integrationCriteria.performance' is possibly 'undefined'.
src/components/Phase2/IntegrationFlowBuilder.tsx(937,44): error TS18048: 'integrationCriteria.performance' is possibly 'undefined'.
src/components/Phase2/IntegrationFlowBuilder.tsx(940,28): error TS18048: 'integrationCriteria.performance' is possibly 'undefined'.
src/components/Phase2/SystemDeepDive.tsx(26,5): error TS7006: Parameter 's' implicitly has an 'any' type.
src/components/Phase2/SystemDeepDive.tsx(106,55): error TS7006: Parameter 's' implicitly has an 'any' type.
src/components/Phase2/SystemDeepDive.tsx(285,11): error TS2322: Type '{ completionPercentage: number; authComplete: boolean; modulesCount: number; migrationRequired: boolean; }' is not assignable to type 'IntrinsicAttributes & SystemSpecProgressProps'.
  Property 'completionPercentage' does not exist on type 'IntrinsicAttributes & SystemSpecProgressProps'.
src/components/Phase2/SystemDeepDive.tsx(364,75): error TS2339: Property 'target' does not exist on type 'string'.
src/components/Phase2/SystemDeepDive.tsx(369,20): error TS2322: Type '{ children: Element[]; label: string; value: "custom" | "oauth" | "api_key" | "basic_auth" | "jwt"; onChange: (e: string) => void; required: true; }' is not assignable to type 'IntrinsicAttributes & SelectProps'.
  Property 'children' does not exist on type 'IntrinsicAttributes & SelectProps'.
src/components/Phase2/SystemDeepDive.tsx(376,35): error TS2339: Property 'target' does not exist on type 'string'.
src/components/Phase2/SystemDeepDive.tsx(391,19): error TS2322: Type '"url"' is not assignable to type '"number" | "email" | "text" | "password" | "tel" | undefined'.
src/components/Phase2/SystemDeepDive.tsx(397,38): error TS2339: Property 'target' does not exist on type 'string'.
src/components/Phase2/SystemDeepDive.tsx(410,37): error TS2339: Property 'target' does not exist on type 'string'.
src/components/Phase2/SystemDeepDive.tsx(458,46): error TS2339: Property 'target' does not exist on type 'string'.
src/components/Phase2/SystemDeepDive.tsx(539,82): error TS2339: Property 'target' does not exist on type 'string'.
src/components/Phase2/SystemDeepDive.tsx(547,98): error TS2339: Property 'target' does not exist on type 'string'.
src/components/Phase2/SystemDeepDive.tsx(611,53): error TS2339: Property 'target' does not exist on type 'string'.
src/components/Phase2/SystemDeepDive.tsx(624,61): error TS2339: Property 'target' does not exist on type 'string'.
src/components/Phase2/SystemDeepDive.tsx(630,22): error TS2322: Type '{ children: Element[]; label: string; value: "api" | "csv_export" | "csv_import" | "database_dump" | "manual" | "etl_tool"; onChange: (e: string) => void; }' is not assignable to type 'IntrinsicAttributes & SelectProps'.
  Property 'children' does not exist on type 'IntrinsicAttributes & SelectProps'.
src/components/Phase2/SystemDeepDive.tsx(637,46): error TS2339: Property 'target' does not exist on type 'string'.
src/components/Phase2/SystemDeepDive.tsx(706,43): error TS2339: Property 'target' does not exist on type 'string'.
src/components/Phase2/SystemDeepDive.tsx(748,19): error TS18048: 'systemCriteria.functional' is possibly 'undefined'.
src/components/Phase2/SystemDeepDive.tsx(749,19): error TS18048: 'systemCriteria.performance' is possibly 'undefined'.
src/components/Phase2/SystemDeepDive.tsx(750,19): error TS18048: 'systemCriteria.security' is possibly 'undefined'.
src/components/Phase2/SystemDeepDive.tsx(751,19): error TS18048: 'systemCriteria.usability' is possibly 'undefined'.
src/components/Phase2/SystemDeepDive.tsx(768,22): error TS18048: 'systemCriteria.functional' is possibly 'undefined'.
src/components/Phase2/SystemDeepDive.tsx(772,49): error TS18048: 'systemCriteria.functional' is possibly 'undefined'.
src/components/Phase2/SystemDeepDive.tsx(775,28): error TS18048: 'systemCriteria.functional' is possibly 'undefined'.
src/components/Phase2/SystemDeepDive.tsx(824,22): error TS18048: 'systemCriteria.performance' is possibly 'undefined'.
src/components/Phase2/SystemDeepDive.tsx(828,44): error TS18048: 'systemCriteria.performance' is possibly 'undefined'.
src/components/Phase2/SystemDeepDive.tsx(831,28): error TS18048: 'systemCriteria.performance' is possibly 'undefined'.
src/components/Phase2/SystemDeepDive.tsx(851,22): error TS18048: 'systemCriteria.security' is possibly 'undefined'.
src/components/Phase2/SystemDeepDive.tsx(855,42): error TS18048: 'systemCriteria.security' is possibly 'undefined'.
src/components/Phase2/SystemDeepDive.tsx(858,28): error TS18048: 'systemCriteria.security' is possibly 'undefined'.
src/components/Phase2/SystemDeepDive.tsx(889,17): error TS2322: Type 'string | undefined' is not assignable to type 'string'.
  Type 'undefined' is not assignable to type 'string'.
src/components/Phase2/SystemDeepDive.tsx(890,75): error TS2339: Property 'target' does not exist on type 'string'.
src/components/Phase2/SystemDeepDiveSelection.tsx(26,9): error TS18047: 'currentMeeting' is possibly 'null'.
src/components/Phase2/SystemDeepDiveSelection.tsx(54,58): error TS2345: Argument of type 'string' is not assignable to parameter of type 'SystemCategory'.
src/components/Phase2/SystemDeepDiveSelection.tsx(74,41): error TS7006: Parameter 's' implicitly has an 'any' type.
src/components/Phase2/SystemDeepDiveSelection.tsx(220,15): error TS2322: Type '"outline"' is not assignable to type '"success" | "primary" | "danger" | "secondary" | "ghost" | undefined'.
src/components/Phase3/BlockerManagement.tsx(112,28): error TS7006: Parameter 'b' implicitly has an 'any' type.
src/components/Phase3/BlockerManagement.tsx(116,28): error TS7006: Parameter 'b' implicitly has an 'any' type.
src/components/Phase3/BlockerManagement.tsx(120,35): error TS7006: Parameter 'acc' implicitly has an 'any' type.
src/components/Phase3/BlockerManagement.tsx(120,40): error TS7006: Parameter 'blocker' implicitly has an 'any' type.
src/components/Phase3/BlockerManagement.tsx(121,31): error TS7006: Parameter 't' implicitly has an 'any' type.
src/components/Phase3/BlockerManagement.tsx(137,39): error TS7006: Parameter 'b' implicitly has an 'any' type.
src/components/Phase3/BlockerManagement.tsx(138,35): error TS7006: Parameter 'b' implicitly has an 'any' type.
src/components/Phase3/BlockerManagement.tsx(139,37): error TS7006: Parameter 'b' implicitly has an 'any' type.
src/components/Phase3/BlockerManagement.tsx(140,34): error TS7006: Parameter 'b' implicitly has an 'any' type.
src/components/Phase3/BlockerManagement.tsx(149,50): error TS7006: Parameter 'b' implicitly has an 'any' type.
src/components/Phase3/BlockerManagement.tsx(246,63): error TS2339: Property 'task' does not exist on type 'unknown'.
src/components/Phase3/BlockerManagement.tsx(246,69): error TS2339: Property 'blockers' does not exist on type 'unknown'.
src/components/Phase3/BlockerManagement.tsx(272,39): error TS7006: Parameter 'blocker' implicitly has an 'any' type.
src/components/Phase3/BlockerManagement.tsx(273,38): error TS7053: Element implicitly has an 'any' type because expression of type 'any' can't be used to index type '{ critical: { bg: string; text: string; border: string; icon: string; }; high: { bg: string; text: string; border: string; icon: string; }; medium: { bg: string; text: string; border: string; icon: string; }; low: { ...; }; }'.
src/components/Phase3/BlockerManagement.tsx(343,37): error TS7006: Parameter 'blocker' implicitly has an 'any' type.
src/components/Phase3/BlockerManagement.tsx(344,41): error TS7006: Parameter 't' implicitly has an 'any' type.
src/components/Phase3/BlockerManagement.tsx(345,32): error TS7053: Element implicitly has an 'any' type because expression of type 'any' can't be used to index type '{ critical: { bg: string; text: string; border: string; icon: string; }; high: { bg: string; text: string; border: string; icon: string; }; medium: { bg: string; text: string; border: string; icon: string; }; low: { ...; }; }'.
src/components/Phase3/DeveloperDashboard.tsx(282,34): error TS7006: Parameter 't' implicitly has an 'any' type.
src/components/Phase3/DeveloperDashboard.tsx(283,40): error TS7006: Parameter 't' implicitly has an 'any' type.
src/components/Phase3/DeveloperDashboard.tsx(284,38): error TS7006: Parameter 't' implicitly has an 'any' type.
src/components/Phase3/DeveloperDashboard.tsx(285,37): error TS7006: Parameter 't' implicitly has an 'any' type.
src/components/Phase3/DeveloperDashboard.tsx(286,34): error TS7006: Parameter 't' implicitly has an 'any' type.
src/components/Phase3/DeveloperDashboard.tsx(291,54): error TS7006: Parameter 't' implicitly has an 'any' type.
src/components/Phase3/DeveloperDashboard.tsx(295,26): error TS7006: Parameter 's' implicitly has an 'any' type.
src/components/Phase3/DeveloperDashboard.tsx(298,27): error TS7006: Parameter 't' implicitly has an 'any' type.
src/components/Phase3/DeveloperDashboard.tsx(303,27): error TS7006: Parameter 't' implicitly has an 'any' type.
src/components/Phase3/DeveloperDashboard.tsx(306,72): error TS7006: Parameter 't' implicitly has an 'any' type.
src/components/Phase3/DeveloperDashboard.tsx(307,64): error TS7006: Parameter 't' implicitly has an 'any' type.
src/components/Phase3/DeveloperDashboard.tsx(308,68): error TS7006: Parameter 't' implicitly has an 'any' type.
src/components/Phase3/DeveloperDashboard.tsx(309,62): error TS7006: Parameter 't' implicitly has an 'any' type.
src/components/Phase3/DeveloperDashboard.tsx(323,42): error TS7006: Parameter 't' implicitly has an 'any' type.
src/components/Phase3/DeveloperDashboard.tsx(326,42): error TS7006: Parameter 't' implicitly has an 'any' type.
src/components/Phase3/DeveloperDashboard.tsx(492,13): error TS2322: Type '{ sprints: any; systems: { id: unknown; label: unknown; count: any; }[]; priorities: { id: string; label: string; count: any; }[]; statuses: { id: string; label: string; count: any; }[]; }' is not assignable to type '{ sprints: FilterOption[]; systems: FilterOption[]; priorities: FilterOption[]; statuses: FilterOption[]; }'.
  Types of property 'systems' are incompatible.
    Type '{ id: unknown; label: unknown; count: any; }[]' is not assignable to type 'FilterOption[]'.
      Type '{ id: unknown; label: unknown; count: any; }' is not assignable to type 'FilterOption'.
        Types of property 'id' are incompatible.
          Type 'unknown' is not assignable to type 'string'.
src/components/Phase3/DeveloperDashboard.tsx(513,34): error TS7006: Parameter 'task' implicitly has an 'any' type.
src/components/Phase3/DeveloperDashboard.tsx(557,56): error TS7006: Parameter 't' implicitly has an 'any' type.
src/components/Phase3/DeveloperDashboard.tsx(566,38): error TS7006: Parameter 'task' implicitly has an 'any' type.
src/components/Phase3/ProgressTracking.tsx(15,41): error TS7006: Parameter 't' implicitly has an 'any' type.
src/components/Phase3/ProgressTracking.tsx(16,42): error TS7006: Parameter 't' implicitly has an 'any' type.
src/components/Phase3/ProgressTracking.tsx(17,39): error TS7006: Parameter 't' implicitly has an 'any' type.
src/components/Phase3/ProgressTracking.tsx(18,36): error TS7006: Parameter 't' implicitly has an 'any' type.
src/components/Phase3/ProgressTracking.tsx(20,38): error TS7006: Parameter 'sum' implicitly has an 'any' type.
src/components/Phase3/ProgressTracking.tsx(20,43): error TS7006: Parameter 't' implicitly has an 'any' type.
src/components/Phase3/ProgressTracking.tsx(21,41): error TS7006: Parameter 't' implicitly has an 'any' type.
src/components/Phase3/ProgressTracking.tsx(22,16): error TS7006: Parameter 'sum' implicitly has an 'any' type.
src/components/Phase3/ProgressTracking.tsx(22,21): error TS7006: Parameter 't' implicitly has an 'any' type.
src/components/Phase3/ProgressTracking.tsx(23,39): error TS7006: Parameter 'sum' implicitly has an 'any' type.
src/components/Phase3/ProgressTracking.tsx(23,44): error TS7006: Parameter 't' implicitly has an 'any' type.
src/components/Phase3/ProgressTracking.tsx(48,48): error TS7006: Parameter 't' implicitly has an 'any' type.
src/components/Phase3/ProgressTracking.tsx(48,71): error TS7006: Parameter 't' implicitly has an 'any' type.
src/components/Phase3/ProgressTracking.tsx(51,42): error TS7006: Parameter 't' implicitly has an 'any' type.
src/components/Phase3/ProgressTracking.tsx(52,46): error TS7006: Parameter 't' implicitly has an 'any' type.
src/components/Phase3/ProgressTracking.tsx(53,47): error TS7006: Parameter 't' implicitly has an 'any' type.
src/components/Phase3/ProgressTracking.tsx(54,44): error TS7006: Parameter 't' implicitly has an 'any' type.
src/components/Phase3/ProgressTracking.tsx(56,48): error TS7006: Parameter 'sum' implicitly has an 'any' type.
src/components/Phase3/ProgressTracking.tsx(56,53): error TS7006: Parameter 't' implicitly has an 'any' type.
src/components/Phase3/ProgressTracking.tsx(57,51): error TS7006: Parameter 't' implicitly has an 'any' type.
src/components/Phase3/ProgressTracking.tsx(58,18): error TS7006: Parameter 'sum' implicitly has an 'any' type.
src/components/Phase3/ProgressTracking.tsx(58,23): error TS7006: Parameter 't' implicitly has an 'any' type.
src/components/Phase3/ProgressTracking.tsx(74,24): error TS7006: Parameter 'sprint' implicitly has an 'any' type.
src/components/Phase3/ProgressTracking.tsx(75,40): error TS7006: Parameter 't' implicitly has an 'any' type.
src/components/Phase3/ProgressTracking.tsx(76,44): error TS7006: Parameter 't' implicitly has an 'any' type.
src/components/Phase3/ProgressTracking.tsx(77,46): error TS7006: Parameter 'sum' implicitly has an 'any' type.
src/components/Phase3/ProgressTracking.tsx(77,51): error TS7006: Parameter 't' implicitly has an 'any' type.
src/components/Phase3/ProgressTracking.tsx(78,49): error TS7006: Parameter 't' implicitly has an 'any' type.
src/components/Phase3/ProgressTracking.tsx(79,18): error TS7006: Parameter 'sum' implicitly has an 'any' type.
src/components/Phase3/ProgressTracking.tsx(79,23): error TS7006: Parameter 't' implicitly has an 'any' type.
src/components/Phase3/ProgressTracking.tsx(96,30): error TS7006: Parameter 't' implicitly has an 'any' type.
src/components/Phase3/ProgressTracking.tsx(97,26): error TS7006: Parameter 't' implicitly has an 'any' type.
src/components/Phase3/ProgressTracking.tsx(98,28): error TS7006: Parameter 't' implicitly has an 'any' type.
src/components/Phase3/ProgressTracking.tsx(99,25): error TS7006: Parameter 't' implicitly has an 'any' type.
src/components/Phase3/ProgressTracking.tsx(107,27): error TS7006: Parameter 't' implicitly has an 'any' type.
src/components/Phase3/ProgressTracking.tsx(108,31): error TS7006: Parameter 't' implicitly has an 'any' type.
src/components/Phase3/ProgressTracking.tsx(236,33): error TS7006: Parameter 't' implicitly has an 'any' type.
src/components/Phase3/ProgressTracking.tsx(241,75): error TS7006: Parameter 't' implicitly has an 'any' type.
src/components/Phase3/ProgressTracking.tsx(256,22): error TS2322: Type '{}' is not assignable to type 'Key | null | undefined'.
src/components/Phase3/ProgressTracking.tsx(259,65): error TS2322: Type '{}' is not assignable to type 'ReactNode'.
src/components/Phase3/ProgressTracking.tsx(295,34): error TS7006: Parameter 'sprint' implicitly has an 'any' type.
src/components/Phase3/ProgressTracking.tsx(308,73): error TS7053: Element implicitly has an 'any' type because expression of type 'any' can't be used to index type '{ planned: string; active: string; completed: string; }'.
src/components/Phase3/SprintView.tsx(149,20): error TS7006: Parameter 's' implicitly has an 'any' type.
src/components/Phase3/SprintView.tsx(150,20): error TS7006: Parameter 's' implicitly has an 'any' type.
src/components/Phase3/SprintView.tsx(154,25): error TS7006: Parameter 't' implicitly has an 'any' type.
src/components/Phase3/SprintView.tsx(159,42): error TS7006: Parameter 't' implicitly has an 'any' type.
src/components/Phase3/SprintView.tsx(160,43): error TS7006: Parameter 't' implicitly has an 'any' type.
src/components/Phase3/SprintView.tsx(161,40): error TS7006: Parameter 't' implicitly has an 'any' type.
src/components/Phase3/SprintView.tsx(162,44): error TS7006: Parameter 'sum' implicitly has an 'any' type.
src/components/Phase3/SprintView.tsx(162,49): error TS7006: Parameter 't' implicitly has an 'any' type.
src/components/Phase3/SprintView.tsx(163,47): error TS7006: Parameter 't' implicitly has an 'any' type.
src/components/Phase3/SprintView.tsx(163,81): error TS7006: Parameter 'sum' implicitly has an 'any' type.
src/components/Phase3/SprintView.tsx(163,86): error TS7006: Parameter 't' implicitly has an 'any' type.
src/components/Phase3/SprintView.tsx(206,11): error TS2739: Type '{ name: string; startDate: Date; endDate: Date; goal: string; status: "planned"; plannedCapacity: number; actualVelocity: number; }' is missing the following properties from type 'Sprint': id, meetingId, sprintNumber
src/components/Phase3/SprintView.tsx(223,5): error TS2304: Cannot find name 'setShowCreateSprint'.
src/components/Phase3/SprintView.tsx(267,26): error TS7006: Parameter 'sprint' implicitly has an 'any' type.
src/components/Phase3/SprintView.tsx(290,83): error TS7053: Element implicitly has an 'any' type because expression of type 'any' can't be used to index type '{ planned: string; active: string; completed: string; }'.
src/components/Phase3/SprintView.tsx(486,36): error TS7006: Parameter 'task' implicitly has an 'any' type.
src/components/Phase3/SprintView.tsx(510,75): error TS7053: Element implicitly has an 'any' type because expression of type 'any' can't be used to index type '{ todo: string; in_progress: string; in_review: string; blocked: string; done: string; }'.
src/components/Phase3/SprintView.tsx(515,46): error TS7053: Element implicitly has an 'any' type because expression of type 'any' can't be used to index type '{ critical: string; high: string; medium: string; low: string; }'.
src/components/Phase3/SystemView.tsx(126,24): error TS7006: Parameter 'system' implicitly has an 'any' type.
src/components/Phase3/SystemView.tsx(127,40): error TS7006: Parameter 't' implicitly has an 'any' type.
src/components/Phase3/SystemView.tsx(132,44): error TS7006: Parameter 't' implicitly has an 'any' type.
src/components/Phase3/SystemView.tsx(133,45): error TS7006: Parameter 't' implicitly has an 'any' type.
src/components/Phase3/SystemView.tsx(134,42): error TS7006: Parameter 't' implicitly has an 'any' type.
src/components/Phase3/SystemView.tsx(135,39): error TS7006: Parameter 't' implicitly has an 'any' type.
src/components/Phase3/SystemView.tsx(137,46): error TS7006: Parameter 'sum' implicitly has an 'any' type.
src/components/Phase3/SystemView.tsx(137,51): error TS7006: Parameter 't' implicitly has an 'any' type.
src/components/Phase3/SystemView.tsx(138,49): error TS7006: Parameter 't' implicitly has an 'any' type.
src/components/Phase3/SystemView.tsx(139,18): error TS7006: Parameter 'sum' implicitly has an 'any' type.
src/components/Phase3/SystemView.tsx(139,23): error TS7006: Parameter 't' implicitly has an 'any' type.
src/components/Phase3/SystemView.tsx(160,44): error TS7006: Parameter 'sum' implicitly has an 'any' type.
src/components/Phase3/SystemView.tsx(160,49): error TS7006: Parameter 's' implicitly has an 'any' type.
src/components/Phase3/SystemView.tsx(161,48): error TS7006: Parameter 'sum' implicitly has an 'any' type.
src/components/Phase3/SystemView.tsx(161,53): error TS7006: Parameter 's' implicitly has an 'any' type.
src/components/Phase3/SystemView.tsx(162,44): error TS7006: Parameter 'sum' implicitly has an 'any' type.
src/components/Phase3/SystemView.tsx(162,49): error TS7006: Parameter 's' implicitly has an 'any' type.
src/components/Phase3/SystemView.tsx(163,48): error TS7006: Parameter 'sum' implicitly has an 'any' type.
src/components/Phase3/SystemView.tsx(163,53): error TS7006: Parameter 's' implicitly has an 'any' type.
src/components/Phase3/SystemView.tsx(247,31): error TS7031: Binding element 'system' implicitly has an 'any' type.
src/components/Phase3/SystemView.tsx(247,46): error TS7031: Binding element 'sysTasks' implicitly has an 'any' type.
src/components/Phase3/SystemView.tsx(247,56): error TS7031: Binding element 'stats' implicitly has an 'any' type.
src/components/Phase3/SystemView.tsx(330,37): error TS7006: Parameter 'task' implicitly has an 'any' type.
src/components/Phase3/SystemView.tsx(354,42): error TS7053: Element implicitly has an 'any' type because expression of type 'any' can't be used to index type '{ critical: { label: string; color: string; }; high: { label: string; color: string; }; medium: { label: string; color: string; }; low: { label: string; color: string; }; }'.
src/components/Phase3/SystemView.tsx(359,116): error TS7053: Element implicitly has an 'any' type because expression of type 'any' can't be used to index type '{ todo: string; in_progress: string; in_review: string; blocked: string; done: string; }'.
src/components/Phase3/SystemView.tsx(362,32): error TS7053: Element implicitly has an 'any' type because expression of type 'any' can't be used to index type '{ todo: Element; in_progress: Element; in_review: Element; blocked: Element; done: Element; }'.
src/components/Phase3/TaskDetail.tsx(36,19): error TS2322: Type 'TaskTestCase | { id: string; scenario: string; expectedResult: string; actualResult: string; status: "pending"; }' is not assignable to type 'TaskTestCase'.
  Type '{ id: string; scenario: string; expectedResult: string; actualResult: string; status: "pending"; }' is missing the following properties from type 'TaskTestCase': description, steps, passed
src/components/Phase3/TaskDetail.tsx(36,52): error TS2739: Type '{ id: string; scenario: string; expectedResult: string; actualResult: string; status: "pending"; }' is missing the following properties from type 'TaskTestCase': description, steps, passed
src/components/Phase3/TaskDetail.tsx(323,41): error TS2339: Property 'scenario' does not exist on type 'TaskTestCase'.
src/components/Phase3/TaskDetail.tsx(361,41): error TS2339: Property 'status' does not exist on type 'TaskTestCase'.
src/components/PhaseWorkflow/ClientApprovalView.tsx(556,56): error TS2551: Property 'monthlySavingsHours' does not exist on type 'ROIScenario'. Did you mean 'monthlySavings'?
src/components/PhaseWorkflow/ClientApprovalView.tsx(572,56): error TS2339: Property 'paybackMonths' does not exist on type 'ROIScenario'.
src/components/PhaseWorkflow/ClientApprovalView.tsx(592,60): error TS2339: Property 'paybackMonths' does not exist on type 'ROIScenario'.
src/components/Requirements/RequirementsNavigator.tsx(28,29): error TS7006: Parameter 's' implicitly has an 'any' type.
src/components/Requirements/RequirementsNavigator.tsx(29,28): error TS7006: Parameter 's' implicitly has an 'any' type.
src/components/Settings/AISettings.tsx(14,15): error TS2305: Module '"../../types"' has no exported member 'AIProvider'.
src/components/Settings/AISettings.tsx(37,9): error TS2322: Type '"local"' is not assignable to type '"custom" | "openai" | "xai-grok"'.
src/components/Settings/AISettings.tsx(237,8): error TS2367: This comparison appears to be unintentional because the types '"custom" | "openai" | "xai-grok"' and '"local"' have no overlap.
src/components/Settings/AISettings.tsx(319,31): error TS2339: Property 'rateLimitPerMinute' does not exist on type 'AIConfig'.
src/components/Settings/AISettings.tsx(320,52): error TS2345: Argument of type '"rateLimitPerMinute"' is not assignable to parameter of type 'keyof AIConfig'.
src/components/Settings/AISettings.tsx(351,31): error TS2339: Property 'enableCache' does not exist on type 'AIConfig'.
src/components/Settings/AISettings.tsx(352,50): error TS2345: Argument of type '"enableCache"' is not assignable to parameter of type 'keyof AIConfig'.
src/components/Settings/AISettings.tsx(361,31): error TS2339: Property 'fallbackToLocal' does not exist on type 'AIConfig'.
src/components/Settings/AISettings.tsx(362,50): error TS2345: Argument of type '"fallbackToLocal"' is not assignable to parameter of type 'keyof AIConfig'.
src/components/Settings/AISettings.tsx(371,15): error TS2339: Property 'enableCache' does not exist on type 'AIConfig'.
src/components/Settings/AISettings.tsx(418,52): error TS2367: This comparison appears to be unintentional because the types '"custom" | "openai" | "xai-grok"' and '"local"' have no overlap.
src/components/Summary/SummaryTab.tsx(479,46): error TS7006: Parameter 'system' implicitly has an 'any' type.
src/components/Summary/SummaryTab.tsx(514,51): error TS7006: Parameter 'integration' implicitly has an 'any' type.
src/components/Summary/SummaryTab.tsx(595,24): error TS7006: Parameter 't' implicitly has an 'any' type.
src/components/Summary/SummaryTab.tsx(596,31): error TS7006: Parameter 't' implicitly has an 'any' type.
src/components/Summary/SummaryTab.tsx(597,29): error TS7006: Parameter 't' implicitly has an 'any' type.
src/components/Summary/SummaryTab.tsx(598,27): error TS7006: Parameter 't' implicitly has an 'any' type.
src/components/Summary/SummaryTab.tsx(599,24): error TS7006: Parameter 't' implicitly has an 'any' type.
src/components/Summary/SummaryTab.tsx(607,38): error TS7006: Parameter 's' implicitly has an 'any' type.
src/components/Summary/SummaryTab.tsx(611,43): error TS7006: Parameter 'b' implicitly has an 'any' type.
src/components/Summary/SummaryTab.tsx(612,45): error TS7006: Parameter 'b' implicitly has an 'any' type.
src/components/Summary/SummaryTab.tsx(774,39): error TS7006: Parameter 't' implicitly has an 'any' type.
src/components/Summary/SummaryTab.tsx(775,36): error TS7006: Parameter 'sum' implicitly has an 'any' type.
src/components/Summary/SummaryTab.tsx(775,41): error TS7006: Parameter 't' implicitly has an 'any' type.
src/components/Visualizations/IntegrationVisualizer.tsx(125,13): error TS2322: Type 'string | number[]' is not assignable to type 'StrokeDasharray<string | number> | undefined'.
  Type 'number[]' is not assignable to type 'StrokeDasharray<string | number> | undefined'.
    Type 'number[]' is not assignable to type 'string & {}'.
      Type 'number[]' is not assignable to type 'string'.
src/components/Wizard/WizardStepContent.tsx(60,21): error TS2339: Property 'allowCustom' does not exist on type '{ value: any; onChange: (value: any) => void; error: string; }'.
src/components/Wizard/WizardStepContent.tsx(61,21): error TS2339: Property 'onCustomAdd' does not exist on type '{ value: any; onChange: (value: any) => void; error: string; }'.
src/components/Wizard/WizardSummary.tsx(111,41): error TS2339: Property 'monthlySavings' does not exist on type 'ROIMetrics'.
src/components/Wizard/WizardSummary.tsx(125,37): error TS2339: Property 'hoursSaved' does not exist on type 'ROIMetrics'.
src/components/Wizard/WizardSummary.tsx(250,43): error TS2339: Property 'monthlySavings' does not exist on type 'ROIMetrics'.
src/components/Wizard/WizardSummary.tsx(326,51): error TS2339: Property 'map' does not exist on type '{ immediate?: string | undefined; followUp?: string | undefined; decisionMakers?: string | undefined; }'.
src/components/Wizard/WizardSummary.tsx(326,56): error TS7006: Parameter 'step' implicitly has an 'any' type.
src/components/Wizard/WizardSummary.tsx(326,62): error TS7006: Parameter 'index' implicitly has an 'any' type.
src/components/ZohoNotifications.tsx(161,14): error TS2322: Type '{ children: string; jsx: true; }' is not assignable to type 'DetailedHTMLProps<StyleHTMLAttributes<HTMLStyleElement>, HTMLStyleElement>'.
  Property 'jsx' does not exist on type 'DetailedHTMLProps<StyleHTMLAttributes<HTMLStyleElement>, HTMLStyleElement>'.
src/config/serviceRequirementsTemplates.ts(1235,13): error TS2353: Object literal may only specify known properties, and 'rows' does not exist in type 'RequirementField'.
src/config/serviceRequirementsTemplates.ts(2160,13): error TS2353: Object literal may only specify known properties, and 'rows' does not exist in type 'RequirementField'.
src/config/serviceRequirementsTemplates.ts(2197,13): error TS2353: Object literal may only specify known properties, and 'rows' does not exist in type 'RequirementField'.
src/config/serviceRequirementsTemplates.ts(2281,13): error TS2353: Object literal may only specify known properties, and 'rows' does not exist in type 'RequirementField'.
src/config/serviceRequirementsTemplates.ts(2480,13): error TS2353: Object literal may only specify known properties, and 'itemFields' does not exist in type 'RequirementField'.
src/config/serviceRequirementsTemplates.ts(2594,13): error TS2353: Object literal may only specify known properties, and 'itemFields' does not exist in type 'RequirementField'.
src/config/serviceRequirementsTemplates.ts(2728,13): error TS2353: Object literal may only specify known properties, and 'itemFields' does not exist in type 'RequirementField'.
src/config/serviceRequirementsTemplates.ts(2775,13): error TS2353: Object literal may only specify known properties, and 'itemFields' does not exist in type 'RequirementField'.
src/config/serviceRequirementsTemplates.ts(2899,13): error TS2353: Object literal may only specify known properties, and 'itemFields' does not exist in type 'RequirementField'.
src/config/serviceRequirementsTemplates.ts(3031,13): error TS2353: Object literal may only specify known properties, and 'itemFields' does not exist in type 'RequirementField'.
src/config/serviceRequirementsTemplates.ts(3080,13): error TS2353: Object literal may only specify known properties, and 'itemFields' does not exist in type 'RequirementField'.
src/config/serviceRequirementsTemplates.ts(3115,13): error TS2353: Object literal may only specify known properties, and 'itemFields' does not exist in type 'RequirementField'.
src/config/serviceRequirementsTemplates.ts(3138,13): error TS2353: Object literal may only specify known properties, and 'itemFields' does not exist in type 'RequirementField'.
src/config/serviceRequirementsTemplates.ts(3165,13): error TS2353: Object literal may only specify known properties, and 'itemFields' does not exist in type 'RequirementField'.
src/config/serviceRequirementsTemplates.ts(3295,13): error TS2353: Object literal may only specify known properties, and 'itemFields' does not exist in type 'RequirementField'.
src/config/serviceRequirementsTemplates.ts(3384,13): error TS2353: Object literal may only specify known properties, and 'itemFields' does not exist in type 'RequirementField'.
src/config/serviceRequirementsTemplates.ts(3394,13): error TS2353: Object literal may only specify known properties, and 'itemFields' does not exist in type 'RequirementField'.
src/config/serviceRequirementsTemplates.ts(3471,13): error TS2353: Object literal may only specify known properties, and 'itemFields' does not exist in type 'RequirementField'.
src/config/serviceRequirementsTemplates.ts(3533,13): error TS2353: Object literal may only specify known properties, and 'itemFields' does not exist in type 'RequirementField'.
src/config/serviceRequirementsTemplates.ts(3560,13): error TS2353: Object literal may only specify known properties, and 'itemFields' does not exist in type 'RequirementField'.
src/config/serviceRequirementsTemplates.ts(3669,13): error TS2353: Object literal may only specify known properties, and 'itemFields' does not exist in type 'RequirementField'.
src/config/serviceRequirementsTemplates.ts(3719,13): error TS2353: Object literal may only specify known properties, and 'itemFields' does not exist in type 'RequirementField'.
src/config/serviceRequirementsTemplates.ts(3753,13): error TS2353: Object literal may only specify known properties, and 'itemFields' does not exist in type 'RequirementField'.
src/config/serviceRequirementsTemplates.ts(3802,13): error TS2353: Object literal may only specify known properties, and 'itemFields' does not exist in type 'RequirementField'.
src/config/serviceRequirementsTemplates.ts(4013,13): error TS2353: Object literal may only specify known properties, and 'itemFields' does not exist in type 'RequirementField'.
src/config/serviceRequirementsTemplates.ts(4023,13): error TS2353: Object literal may only specify known properties, and 'itemFields' does not exist in type 'RequirementField'.
src/config/serviceRequirementsTemplates.ts(4069,13): error TS2353: Object literal may only specify known properties, and 'itemFields' does not exist in type 'RequirementField'.
src/config/serviceRequirementsTemplates.ts(4092,13): error TS2353: Object literal may only specify known properties, and 'itemFields' does not exist in type 'RequirementField'.
src/config/wizardSteps.ts(868,34): error TS2367: This comparison appears to be unintentional because the types 'boolean | undefined' and 'string' have no overlap.
src/config/wizardSteps.ts(887,34): error TS2367: This comparison appears to be unintentional because the types 'boolean | undefined' and 'string' have no overlap.
src/config/wizardSteps.ts(904,34): error TS2367: This comparison appears to be unintentional because the types 'boolean | undefined' and 'string' have no overlap.
src/config/wizardSteps.ts(1590,34): error TS2367: This comparison appears to be unintentional because the types 'boolean | undefined' and 'string' have no overlap.
src/config/wizardSteps.ts(1604,34): error TS2367: This comparison appears to be unintentional because the types 'boolean | undefined' and 'string' have no overlap.
src/config/wizardSteps.ts(2355,16): error TS7053: Element implicitly has an 'any' type because expression of type 'string' can't be used to index type '{ b2b: string[]; b2c: string[]; b2b2c: string[]; marketplace: string[]; saas: string[]; }'.
  No index signature with a parameter of type 'string' was found on type '{ b2b: string[]; b2c: string[]; b2b2c: string[]; marketplace: string[]; saas: string[]; }'.
src/contexts/AuthContext.tsx(171,10): error TS2769: No overload matches this call.
  Overload 1 of 2, '(values: never, options?: { count?: "exact" | "planned" | "estimated" | undefined; } | undefined): PostgrestFilterBuilder<{ PostgrestVersion: "12"; }, never, never, null, "profiles", never, "POST">', gave the following error.
    Argument of type '{ id: any; email: any; full_name: string | null; company_name: string | null; }[]' is not assignable to parameter of type 'never'.
  Overload 2 of 2, '(values: never[], options?: { count?: "exact" | "planned" | "estimated" | undefined; defaultToNull?: boolean | undefined; } | undefined): PostgrestFilterBuilder<{ PostgrestVersion: "12"; }, never, never, null, "profiles", never, "POST">', gave the following error.
    Type '{ id: any; email: any; full_name: string | null; company_name: string | null; }' is not assignable to type 'never'.
src/contexts/AuthContext.tsx(223,17): error TS2345: Argument of type '{ updated_at: string; id?: string | undefined; created_at?: string | undefined; email?: string | undefined; full_name?: string | null | undefined; company_name?: string | null | undefined; ... 4 more ...; last_seen?: string | ... 1 more ... | undefined; }' is not assignable to parameter of type 'never'.
src/hooks/useCollaboration.ts(6,15): error TS6196: 'MeetingCollaborator' is declared but never used.
src/hooks/useCollaboration.ts(392,10): error TS2769: No overload matches this call.
  Overload 1 of 2, '(values: never, options?: { count?: "exact" | "planned" | "estimated" | undefined; } | undefined): PostgrestFilterBuilder<{ PostgrestVersion: "12"; }, never, never, null, "meeting_comments", never, "POST">', gave the following error.
    Argument of type '{ meeting_id: string; user_id: string; module: string | null; field: string | null; comment: string; }' is not assignable to parameter of type 'never'.
  Overload 2 of 2, '(values: never[], options?: { count?: "exact" | "planned" | "estimated" | undefined; defaultToNull?: boolean | undefined; } | undefined): PostgrestFilterBuilder<{ PostgrestVersion: "12"; }, never, never, null, "meeting_comments", never, "POST">', gave the following error.
    Object literal may only specify known properties, and 'meeting_id' does not exist in type 'never[]'.
src/hooks/useCollaboration.ts(421,17): error TS2345: Argument of type '{ is_resolved: boolean; resolved_by: string; resolved_at: string; }' is not assignable to parameter of type 'never'.
src/hooks/useFormValidation.ts(20,20): error TS2724: '"../utils/validation"' has no exported member named 'validateAll'. Did you mean 'validate'?
src/hooks/useFormValidation.ts(20,33): error TS2305: Module '"../utils/validation"' has no exported member 'ValidationConfig'.
src/hooks/useFormValidation.ts(20,51): error TS2305: Module '"../utils/validation"' has no exported member 'sanitizeInput'.
src/hooks/useFormValidation.ts(169,45): error TS2554: Expected 2 arguments, but got 3.
src/hooks/useFormValidation.ts(170,14): error TS18047: 'result' is possibly 'null'.
src/hooks/useFormValidation.ts(170,21): error TS2339: Property 'error' does not exist on type 'string'.
src/hooks/useFormValidation.ts(406,5): error TS2322: Type '(name: keyof T, value: any) => string | null' is not assignable to type '(name: keyof T) => string | null'.
  Target signature provides too few arguments. Expected 2 or more, but got 1.
src/lib/supabase.ts(159,15): error TS2345: Argument of type 'Partial<T>' is not assignable to parameter of type 'never'.
src/lib/supabase.ts(187,13): error TS2769: No overload matches this call.
  Overload 1 of 2, '(values: never, options?: { count?: "exact" | "planned" | "estimated" | undefined; } | undefined): PostgrestFilterBuilder<{ PostgrestVersion: "12"; }, never, never, null, string, never, "POST">', gave the following error.
    Argument of type 'T[]' is not assignable to parameter of type 'never'.
  Overload 2 of 2, '(values: never[], options?: { count?: "exact" | "planned" | "estimated" | undefined; defaultToNull?: boolean | undefined; } | undefined): PostgrestFilterBuilder<{ PostgrestVersion: "12"; }, never, never, null, string, never, "POST">', gave the following error.
    Argument of type 'T[]' is not assignable to parameter of type 'never[]'.
      Type 'T' is not assignable to type 'never'.
src/pages/PDFTestPage.tsx(19,7): error TS2561: Object literal may only specify known properties, but 'nameEn' does not exist in type 'SelectedService'. Did you mean to write 'name'?
src/pages/PDFTestPage.tsx(37,7): error TS2561: Object literal may only specify known properties, but 'nameEn' does not exist in type 'SelectedService'. Did you mean to write 'name'?
src/pages/PDFTestPage.tsx(55,7): error TS2561: Object literal may only specify known properties, but 'nameEn' does not exist in type 'SelectedService'. Did you mean to write 'name'?
src/pages/PDFTestPage.tsx(74,7): error TS2561: Object literal may only specify known properties, but 'nameEn' does not exist in type 'SelectedService'. Did you mean to write 'name'?
src/services/AIService.ts(2,3): error TS2305: Module '"../types"' has no exported member 'AIProvider'.
src/services/AIService.ts(7,3): error TS2305: Module '"../types"' has no exported member 'AIInsight'.
src/services/AIService.ts(8,3): error TS2305: Module '"../types"' has no exported member 'AIAnalysisResult'.
src/services/AIService.ts(12,11): error TS6196: 'ProviderConfig' is declared but never used.
src/services/AIService.ts(72,7): error TS2353: Object literal may only specify known properties, and 'enableCache' does not exist in type 'AIConfig'.
src/services/AIService.ts(127,20): error TS2339: Property 'success' does not exist on type 'AIResponse'.
src/services/AIService.ts(127,40): error TS2339: Property 'data' does not exist on type 'AIResponse'.
src/services/AIService.ts(128,68): error TS2339: Property 'data' does not exist on type 'AIResponse'.
src/services/AIService.ts(159,20): error TS2339: Property 'success' does not exist on type 'AIResponse'.
src/services/AIService.ts(159,40): error TS2339: Property 'data' does not exist on type 'AIResponse'.
src/services/AIService.ts(160,54): error TS2339: Property 'data' does not exist on type 'AIResponse'.
src/services/AIService.ts(189,20): error TS2339: Property 'success' does not exist on type 'AIResponse'.
src/services/AIService.ts(189,40): error TS2339: Property 'data' does not exist on type 'AIResponse'.
src/services/AIService.ts(190,54): error TS2339: Property 'data' does not exist on type 'AIResponse'.
src/services/AIService.ts(206,16): error TS2353: Object literal may only specify known properties, and 'success' does not exist in type 'AIResponse'.
src/services/AIService.ts(223,20): error TS2353: Object literal may only specify known properties, and 'success' does not exist in type 'AIResponse'.
src/services/AIService.ts(227,9): error TS2353: Object literal may only specify known properties, and 'success' does not exist in type 'AIResponse'.
src/services/AIService.ts(264,7): error TS2353: Object literal may only specify known properties, and 'success' does not exist in type 'AIResponse'.
src/services/AIService.ts(278,7): error TS2769: No overload matches this call.
  Overload 1 of 2, '(input: string | URL | Request, init?: RequestInit | undefined): Promise<Response>', gave the following error.
    Type '{ 'Content-Type': string; 'x-api-key': string | undefined; 'anthropic-version': string; }' is not assignable to type 'HeadersInit | undefined'.
      Type '{ 'Content-Type': string; 'x-api-key': string | undefined; 'anthropic-version': string; }' is not assignable to type 'undefined'.
  Overload 2 of 2, '(input: URL | RequestInfo, init?: RequestInit | undefined): Promise<Response>', gave the following error.
    Type '{ 'Content-Type': string; 'x-api-key': string | undefined; 'anthropic-version': string; }' is not assignable to type 'HeadersInit | undefined'.
      Type '{ 'Content-Type': string; 'x-api-key': string | undefined; 'anthropic-version': string; }' is not assignable to type 'undefined'.
src/services/AIService.ts(302,7): error TS2353: Object literal may only specify known properties, and 'success' does not exist in type 'AIResponse'.
src/services/AIService.ts(329,7): error TS2353: Object literal may only specify known properties, and 'success' does not exist in type 'AIResponse'.
src/services/AIService.ts(360,7): error TS2353: Object literal may only specify known properties, and 'success' does not exist in type 'AIResponse'.
src/services/AIService.ts(368,67): error TS7053: Element implicitly has an 'any' type because expression of type 'string' can't be used to index type 'Modules'.
  No index signature with a parameter of type 'string' was found on type 'Modules'.
src/services/AIService.ts(374,23): error TS2339: Property 'companyName' does not exist on type 'Meeting'.
src/services/AIService.ts(398,23): error TS2339: Property 'companyName' does not exist on type 'Meeting'.
src/services/AIService.ts(542,26): error TS2365: Operator '>' cannot be applied to types 'SpeedToLead' and 'number'.
src/services/AIService.ts(548,11): error TS2353: Object literal may only specify known properties, and 'estimatedValue' does not exist in type 'AIRecommendation'.
src/services/AIService.ts(554,33): error TS2339: Property 'manual' does not exist on type 'FollowUpStrategy'.
src/services/AIService.ts(560,11): error TS2353: Object literal may only specify known properties, and 'estimatedValue' does not exist in type 'AIRecommendation'.
src/services/AIService.ts(568,15): error TS2339: Property 'automationLevel' does not exist on type 'CustomerServiceModule'.
src/services/AIService.ts(576,11): error TS2353: Object literal may only specify known properties, and 'estimatedValue' does not exist in type 'AIRecommendation'.
src/services/AIService.ts(584,15): error TS2339: Property 'bottlenecks' does not exist on type 'OperationsModule'.
src/services/AIService.ts(592,11): error TS2353: Object literal may only specify known properties, and 'estimatedValue' does not exist in type 'AIRecommendation'.
src/services/AIService.ts(602,37): error TS2339: Property 'manual' does not exist on type 'DashboardConfig'.
src/services/AIService.ts(608,11): error TS2353: Object literal may only specify known properties, and 'estimatedValue' does not exist in type 'AIRecommendation'.
src/services/AIService.ts(625,11): error TS2353: Object literal may only specify known properties, and 'estimatedValue' does not exist in type 'AIRecommendation'.
src/services/AIService.ts(641,14): error TS7053: Element implicitly has an 'any' type because expression of type 'string' can't be used to index type 'Modules'.
  No index signature with a parameter of type 'string' was found on type 'Modules'.
src/services/AIService.ts(641,50): error TS7053: Element implicitly has an 'any' type because expression of type 'string' can't be used to index type 'Modules'.
  No index signature with a parameter of type 'string' was found on type 'Modules'.
src/services/AIService.ts(657,50): error TS2339: Property 'manual' does not exist on type 'FollowUpStrategy'.
src/services/AIService.ts(658,42): error TS2339: Property 'automationLevel' does not exist on type 'CustomerServiceModule'.
src/services/AIService.ts(659,48): error TS2339: Property 'manual' does not exist on type 'DashboardConfig'.
src/services/AIService.ts(741,23): error TS2339: Property 'enableCache' does not exist on type 'AIConfig'.
src/services/AIService.ts(755,23): error TS2339: Property 'enableCache' does not exist on type 'AIConfig'.
src/services/AIService.ts(765,25): error TS2345: Argument of type 'string | undefined' is not assignable to parameter of type 'string'.
  Type 'undefined' is not assignable to type 'string'.
src/services/AIService.ts(771,23): error TS2339: Property 'rateLimitPerMinute' does not exist on type 'AIConfig'.
src/services/AIService.ts(779,57): error TS2339: Property 'timestamp' does not exist on type 'AIRequest'.
src/services/AIService.ts(782,49): error TS2339: Property 'rateLimitPerMinute' does not exist on type 'AIConfig'.
src/services/AIService.ts(784,53): error TS2339: Property 'timestamp' does not exist on type 'AIRequest'.
src/services/AIService.ts(793,7): error TS2353: Object literal may only specify known properties, and 'id' does not exist in type 'AIRequest'.
src/services/AIService.ts(826,27): error TS2339: Property 'success' does not exist on type 'AIResponse'.
src/services/AIService.ts(827,27): error TS2339: Property 'success' does not exist on type 'AIResponse'.
src/services/emailService.ts(85,32): error TS2551: Property 'totalServices' does not exist on type 'ProposalData'. Did you mean 'totalPrice'?
src/services/emailService.ts(315,54): error TS2551: Property 'totalServices' does not exist on type 'ProposalData'. Did you mean 'totalPrice'?
src/services/syncService.ts(131,21): error TS2345: Argument of type 'any' is not assignable to parameter of type 'never'.
src/services/syncService.ts(166,39): error TS2339: Property 'id' does not exist on type 'Meeting'.
src/services/syncService.ts(175,27): error TS2339: Property 'id' does not exist on type 'Meeting'.
src/services/syncService.ts(179,21): error TS2339: Property 'id' does not exist on type 'Meeting'.
src/services/syncService.ts(181,31): error TS2339: Property 'companyName' does not exist on type 'Meeting'.
src/services/syncService.ts(182,31): error TS2339: Property 'contactName' does not exist on type 'Meeting'.
src/services/syncService.ts(183,31): error TS2339: Property 'contactRole' does not exist on type 'Meeting'.
src/services/syncService.ts(184,32): error TS2339: Property 'contactEmail' does not exist on type 'Meeting'.
src/services/syncService.ts(185,32): error TS2339: Property 'contactPhone' does not exist on type 'Meeting'.
src/services/syncService.ts(186,31): error TS2551: Property 'meetingDate' does not exist on type 'Meeting'. Did you mean 'meetingId'?
src/services/syncService.ts(187,9): error TS2322: Type 'MeetingStatus' is not assignable to type '"draft" | "in_progress" | "completed" | "archived" | undefined'.
  Type '"discovery_in_progress"' is not assignable to type '"draft" | "in_progress" | "completed" | "archived" | undefined'.
src/services/syncService.ts(192,30): error TS2339: Property 'aiInsights' does not exist on type 'Meeting'.
src/services/syncService.ts(212,46): error TS2339: Property 'version' does not exist on type 'never'.
src/services/syncService.ts(216,19): error TS2345: Argument of type 'Partial<{ id: string; created_at: string; updated_at: string; owner_id: string; company_name: string; contact_name: string; contact_role: string; contact_email: string | null; contact_phone: string | null; ... 10 more ...; last_modified_by: string | null; }>' is not assignable to parameter of type 'never'.
src/services/syncService.ts(217,29): error TS2339: Property 'id' does not exist on type 'Meeting'.
src/services/syncService.ts(226,31): error TS2339: Property 'id' does not exist on type 'Meeting'.
src/services/syncService.ts(238,19): error TS2769: No overload matches this call.
  Overload 1 of 2, '(values: never, options?: { count?: "exact" | "planned" | "estimated" | undefined; } | undefined): PostgrestFilterBuilder<{ PostgrestVersion: "12"; }, never, never, null, "meetings", never, "POST">', gave the following error.
    Argument of type 'Partial<{ id: string; created_at: string; updated_at: string; owner_id: string; company_name: string; contact_name: string; contact_role: string; contact_email: string | null; contact_phone: string | null; ... 10 more ...; last_modified_by: string | null; }>' is not assignable to parameter of type 'never'.
  Overload 2 of 2, '(values: never[], options?: { count?: "exact" | "planned" | "estimated" | undefined; defaultToNull?: boolean | undefined; } | undefined): PostgrestFilterBuilder<{ PostgrestVersion: "12"; }, never, never, null, "meetings", never, "POST">', gave the following error.
    Argument of type 'Partial<{ id: string; created_at: string; updated_at: string; owner_id: string; company_name: string; contact_name: string; contact_role: string; contact_email: string | null; contact_phone: string | null; ... 10 more ...; last_modified_by: string | null; }>' is not assignable to parameter of type 'never[]'.
      Type 'Partial<{ id: string; created_at: string; updated_at: string; owner_id: string; company_name: string; contact_name: string; contact_role: string; contact_email: string | null; contact_phone: string | null; ... 10 more ...; last_modified_by: string | null; }>' is missing the following properties from type 'never[]': length, pop, push, concat, and 29 more.
src/services/syncService.ts(247,31): error TS2339: Property 'id' does not exist on type 'Meeting'.
src/services/syncService.ts(258,15): error TS2304: Cannot find name 'existingMeeting'.
src/services/syncService.ts(269,38): error TS2339: Property 'updatedAt' does not exist on type 'Meeting'.
src/services/syncService.ts(273,63): error TS2339: Property 'version' does not exist on type 'Meeting'.
src/services/syncService.ts(312,37): error TS2339: Property 'id' does not exist on type 'Meeting'.
src/services/syncService.ts(373,13): error TS2322: Type '{ id: any; companyName: any; contactName: any; contactRole: any; contactEmail: any; contactPhone: any; meetingDate: any; status: any; modules: any; painPoints: any; customFieldValues: any; wizardState: any; aiInsights: any; createdAt: any; updatedAt: any; version: any; }[]' is not assignable to type 'Meeting[]'.
  Type '{ id: any; companyName: any; contactName: any; contactRole: any; contactEmail: any; contactPhone: any; meetingDate: any; status: any; modules: any; painPoints: any; customFieldValues: any; wizardState: any; aiInsights: any; createdAt: any; updatedAt: any; version: any; }' is missing the following properties from type 'Meeting': meetingId, clientName, date, phase, phaseHistory
src/services/syncService.ts(409,17): error TS2769: No overload matches this call.
  Overload 1 of 2, '(values: never, options?: { count?: "exact" | "planned" | "estimated" | undefined; } | undefined): PostgrestFilterBuilder<{ PostgrestVersion: "12"; }, never, never, null, "meeting_activities", never, "POST">', gave the following error.
    Argument of type 'Partial<{ id: string; created_at: string; meeting_id: string; user_id: string; action: string; module: string | null; field: string | null; old_value: Json; new_value: Json; metadata: Json; }>' is not assignable to parameter of type 'never'.
  Overload 2 of 2, '(values: never[], options?: { count?: "exact" | "planned" | "estimated" | undefined; defaultToNull?: boolean | undefined; } | undefined): PostgrestFilterBuilder<{ PostgrestVersion: "12"; }, never, never, null, "meeting_activities", never, "POST">', gave the following error.
    Argument of type 'Partial<{ id: string; created_at: string; meeting_id: string; user_id: string; action: string; module: string | null; field: string | null; old_value: Json; new_value: Json; metadata: Json; }>' is not assignable to parameter of type 'never[]'.
      Type 'Partial<{ id: string; created_at: string; meeting_id: string; user_id: string; action: string; module: string | null; field: string | null; old_value: Json; new_value: Json; metadata: Json; }>' is missing the following properties from type 'never[]': length, pop, push, concat, and 29 more.
src/services/zohoSyncService.ts(28,13): error TS2353: Object literal may only specify known properties, and 'lastSync' does not exist in type '{ recordId: string; module: "Potentials1"; lastSyncTime?: string | undefined; syncEnabled?: boolean | undefined; contactInfo?: { email?: string | undefined; phone?: string | undefined; } | undefined; }'.
src/store/useMeetingStore.ts(1283,52): error TS2339: Property 'id' does not exist on type 'Meeting'.
src/store/useMeetingStore.ts(1289,31): error TS2339: Property 'updatedAt' does not exist on type 'Meeting'.
src/store/useMeetingStore.ts(1290,44): error TS2339: Property 'updatedAt' does not exist on type 'Meeting'.
src/store/useMeetingStore.ts(1290,75): error TS2339: Property 'updatedAt' does not exist on type 'Meeting'.
src/store/useMeetingStore.ts(1293,46): error TS2339: Property 'id' does not exist on type 'Meeting'.
src/store/useMeetingStore.ts(1300,44): error TS2339: Property 'id' does not exist on type 'Meeting'.
src/store/useMeetingStore.ts(1365,18): error TS7053: Element implicitly has an 'any' type because expression of type 'string' can't be used to index type 'Modules'.
  No index signature with a parameter of type 'string' was found on type 'Modules'.
src/store/useMeetingStore.ts(1495,50): error TS7006: Parameter 't' implicitly has an 'any' type.
src/store/useMeetingStore.ts(1497,52): error TS7006: Parameter 't' implicitly has an 'any' type.
src/store/useMeetingStore.ts(1576,28): error TS2339: Property 'supabaseId' does not exist on type 'Meeting'.
src/store/useMeetingStore.ts(1626,28): error TS2339: Property 'supabaseId' does not exist on type 'Meeting'.
src/store/useMeetingStore.ts(1672,49): error TS7006: Parameter 't' implicitly has an 'any' type.
src/store/useMeetingStore.ts(1713,81): error TS7006: Parameter 'task' implicitly has an 'any' type.
src/store/useMeetingStore.ts(1736,11): error TS7006: Parameter 'task' implicitly has an 'any' type.
src/store/useMeetingStore.ts(1763,74): error TS7006: Parameter 't' implicitly has an 'any' type.
src/store/useMeetingStore.ts(1780,74): error TS7006: Parameter 't' implicitly has an 'any' type.
src/store/useMeetingStore.ts(1783,53): error TS7006: Parameter 'tc' implicitly has an 'any' type.
src/store/useMeetingStore.ts(1824,88): error TS7006: Parameter 'blocker' implicitly has an 'any' type.
src/store/useMeetingStore.ts(2056,15): error TS2322: Type '{ zohoIntegration: { recordId: any; lastSyncTime: string; syncEnabled: boolean; module?: "Potentials1" | undefined; contactInfo?: { email?: string; phone?: string; }; }; ... 16 more ...; developmentTracking?: DevelopmentTrackingData; }' is not assignable to type 'Meeting'.
  The types of 'zohoIntegration.module' are incompatible between these types.
    Type '"Potentials1" | undefined' is not assignable to type '"Potentials1"'.
      Type 'undefined' is not assignable to type '"Potentials1"'.
src/test-pdf-page.tsx(19,11): error TS2561: Object literal may only specify known properties, but 'nameEn' does not exist in type 'SelectedService'. Did you mean to write 'name'?
src/test-pdf-page.tsx(30,11): error TS2561: Object literal may only specify known properties, but 'nameEn' does not exist in type 'SelectedService'. Did you mean to write 'name'?
src/test-pdf-page.tsx(41,11): error TS2561: Object literal may only specify known properties, but 'nameEn' does not exist in type 'SelectedService'. Did you mean to write 'name'?
src/test-pdf-page.tsx(56,9): error TS2740: Type '{ totalServices: number; }' is missing the following properties from type 'ProposalSummary': totalAutomations, totalAIAgents, totalIntegrations, identifiedProcesses, and 2 more.
src/types/index.ts(17,1): error TS2308: Module './design-system' has already exported a member named 'AlertVariant'. Consider explicitly re-exporting to resolve the ambiguity.
src/types/index.ts(17,1): error TS2308: Module './design-system' has already exported a member named 'LoadingState'. Consider explicitly re-exporting to resolve the ambiguity.
src/types/index.ts(134,24): error TS2304: Cannot find name 'ImplementationSpecData'.
src/types/index.ts(135,25): error TS2304: Cannot find name 'DevelopmentTrackingData'.
src/types/index.ts(159,14): error TS2304: Cannot find name 'ProposalData'.
src/types/index.ts(161,18): error TS2304: Cannot find name 'CollectedRequirements'.
src/types/index.ts(1576,3): error TS2484: Export declaration conflicts with exported declaration of 'AIModelSelection'.
src/utils/__tests__/dataMigration.test.ts(13,1): error TS6192: All imports in import declaration are unused.
src/utils/__tests__/dataMigration.test.ts(77,14): error TS18048: 'result.meeting.modules.leadsAndSales.leadSources' is possibly 'undefined'.
src/utils/__tests__/dataMigration.test.ts(98,51): error TS2339: Property 'leadSourcesMetadata' does not exist on type 'LeadsAndSalesModule'.
src/utils/__tests__/dataMigration.test.ts(99,51): error TS2339: Property 'leadSourcesMetadata' does not exist on type 'LeadsAndSalesModule'.
src/utils/__tests__/dataMigration.test.ts(100,51): error TS2339: Property 'leadSourcesMetadata' does not exist on type 'LeadsAndSalesModule'.
src/utils/__tests__/dataMigration.test.ts(171,14): error TS18048: 'result.meeting.modules.leadsAndSales.leadSources' is possibly 'undefined'.
src/utils/__tests__/dataMigration.test.ts(219,14): error TS18048: 'result.meeting.modules.customerService.channels' is possibly 'undefined'.
src/utils/__tests__/dataMigration.test.ts(240,53): error TS2339: Property 'channelsMetadata' does not exist on type 'CustomerServiceModule'.
src/utils/__tests__/dataMigration.test.ts(241,53): error TS2339: Property 'channelsMetadata' does not exist on type 'CustomerServiceModule'.
src/utils/__tests__/dataMigration.test.ts(242,53): error TS2339: Property 'channelsMetadata' does not exist on type 'CustomerServiceModule'.
src/utils/__tests__/dataMigration.test.ts(313,14): error TS18048: 'result.meeting.modules.customerService.channels' is possibly 'undefined'.
src/utils/__tests__/smartRecommendationsEngine.test.ts(35,11): error TS2322: Type 'string' is not assignable to type 'string[]'.
src/utils/__tests__/smartRecommendationsEngine.test.ts(64,35): error TS2353: Object literal may only specify known properties, and 'frequency' does not exist in type 'WorkProcess'.
src/utils/__tests__/smartRecommendationsEngine.test.ts(73,15): error TS2353: Object literal may only specify known properties, and 'name' does not exist in type 'DocumentFlow'.
src/utils/__tests__/smartRecommendationsEngine.test.ts(85,15): error TS2353: Object literal may only specify known properties, and 'type' does not exist in type 'ProjectIssue'.
src/utils/__tests__/smartRecommendationsEngine.test.ts(86,15): error TS2353: Object literal may only specify known properties, and 'type' does not exist in type 'ProjectIssue'.
src/utils/__tests__/smartRecommendationsEngine.test.ts(93,9): error TS2740: Type '{}' is missing the following properties from type '{ departments: Department[]; onboardingSteps: number; onboardingDuration: number; trainingRequirements: string[]; performanceReviewFrequency: string; employeeTurnoverRate: number; hrSystemsInUse: string[]; }': departments, onboardingSteps, onboardingDuration, trainingRequirements, and 3 more.
src/utils/__tests__/smartRecommendationsEngine.test.ts(94,9): error TS2740: Type '{}' is missing the following properties from type '{ inventoryMethod: string; shippingProcesses: string[]; supplierCount: number; orderFulfillmentTime: number; warehouseOperations: string[]; deliveryIssues: string; returnProcessTime: number; inventoryAccuracy: number; }': inventoryMethod, shippingProcesses, supplierCount, orderFulfillmentTime, and 4 more.
src/utils/__tests__/smartRecommendationsEngine.test.ts(535,13): error TS2739: Type '{}' is missing the following properties from type '{ processes: WorkProcess[]; commonFailures: string[]; errorTrackingSystem: string; processDocumentation: string; automationReadiness: number; }': processes, commonFailures, errorTrackingSystem, processDocumentation, automationReadiness
src/utils/__tests__/smartRecommendationsEngine.test.ts(536,13): error TS2740: Type '{}' is missing the following properties from type '{ flows: DocumentFlow[]; storageLocations: string[]; searchDifficulties: string; versionControlMethod: string; approvalWorkflow: string; documentRetention: number; }': flows, storageLocations, searchDifficulties, versionControlMethod, and 2 more.
src/utils/__tests__/smartRecommendationsEngine.test.ts(537,13): error TS2740: Type '{}' is missing the following properties from type '{ tools: string[]; taskCreationSources: string[]; issues: ProjectIssue[]; resourceAllocationMethod: string; timelineAccuracy: number; projectVisibility: string; deadlineMissRate: number; }': tools, taskCreationSources, issues, resourceAllocationMethod, and 3 more.
src/utils/__tests__/smartRecommendationsEngine.test.ts(538,13): error TS2740: Type '{}' is missing the following properties from type '{ departments: Department[]; onboardingSteps: number; onboardingDuration: number; trainingRequirements: string[]; performanceReviewFrequency: string; employeeTurnoverRate: number; hrSystemsInUse: string[]; }': departments, onboardingSteps, onboardingDuration, trainingRequirements, and 3 more.
src/utils/__tests__/smartRecommendationsEngine.test.ts(539,13): error TS2740: Type '{}' is missing the following properties from type '{ inventoryMethod: string; shippingProcesses: string[]; supplierCount: number; orderFulfillmentTime: number; warehouseOperations: string[]; deliveryIssues: string; returnProcessTime: number; inventoryAccuracy: number; }': inventoryMethod, shippingProcesses, supplierCount, orderFulfillmentTime, and 4 more.
src/utils/__tests__/smartRecommendationsEngine.test.ts(558,13): error TS2739: Type '{ meetingId: string; clientName: string; date: Date; modules: { overview: {}; leadsAndSales: any; customerService: any; operations: any; reporting: {}; aiAgents: {}; systems: {}; roi: {}; planning: {}; }; painPoints: never[]; }' is missing the following properties from type 'Meeting': phase, status, phaseHistory
src/utils/acceptanceCriteriaGenerator.ts(86,7): error TS2322: Type '"medium" | "critical" | "high" | "low"' is not assignable to type '"must_have" | "should_have" | "nice_to_have" | "must" | "should" | "nice"'.
  Type '"medium"' is not assignable to type '"must_have" | "should_have" | "nice_to_have" | "must" | "should" | "nice"'.
src/utils/acceptanceCriteriaGenerator.ts(97,9): error TS2322: Type '"medium" | "critical" | "high" | "low"' is not assignable to type '"must_have" | "should_have" | "nice_to_have" | "must" | "should" | "nice"'.
  Type '"medium"' is not assignable to type '"must_have" | "should_have" | "nice_to_have" | "must" | "should" | "nice"'.
src/utils/acceptanceCriteriaGenerator.ts(157,9): error TS1117: An object literal cannot have multiple properties with the same name.
src/utils/acceptanceCriteriaGenerator.ts(385,17): error TS18048: 'criteria.functional' is possibly 'undefined'.
src/utils/acceptanceCriteriaGenerator.ts(386,17): error TS18048: 'criteria.performance' is possibly 'undefined'.
src/utils/acceptanceCriteriaGenerator.ts(387,17): error TS18048: 'criteria.security' is possibly 'undefined'.
src/utils/acceptanceCriteriaGenerator.ts(388,17): error TS18048: 'criteria.usability' is possibly 'undefined'.
src/utils/acceptanceCriteriaGenerator.ts(392,17): error TS18048: 'criteria.functional' is possibly 'undefined'.
src/utils/acceptanceCriteriaGenerator.ts(393,18): error TS18048: 'criteria.performance' is possibly 'undefined'.
src/utils/acceptanceCriteriaGenerator.ts(394,15): error TS18048: 'criteria.security' is possibly 'undefined'.
src/utils/acceptanceCriteriaGenerator.ts(395,16): error TS18048: 'criteria.usability' is possibly 'undefined'.
src/utils/acceptanceCriteriaGenerator.ts(396,15): error TS18048: 'criteria.functional' is possibly 'undefined'.
src/utils/acceptanceCriteriaGenerator.ts(397,17): error TS18048: 'criteria.functional' is possibly 'undefined'.
src/utils/acceptanceCriteriaGenerator.ts(398,17): error TS18048: 'criteria.functional' is possibly 'undefined'.
src/utils/acceptanceCriteriaGenerator.ts(407,17): error TS18048: 'criteria.functional' is possibly 'undefined'.
src/utils/acceptanceCriteriaGenerator.ts(407,49): error TS18048: 'r.category' is possibly 'undefined'.
src/utils/acceptanceCriteriaGenerator.ts(408,18): error TS18048: 'criteria.performance' is possibly 'undefined'.
src/utils/acceptanceCriteriaGenerator.ts(409,15): error TS18048: 'criteria.security' is possibly 'undefined'.
src/utils/acceptanceCriteriaGenerator.ts(410,16): error TS18048: 'criteria.usability' is possibly 'undefined'.
src/utils/acceptanceCriteriaGenerator.ts(419,17): error TS18048: 'criteria.functional' is possibly 'undefined'.
src/utils/acceptanceCriteriaGenerator.ts(422,18): error TS18048: 'criteria.performance' is possibly 'undefined'.
src/utils/acceptanceCriteriaGenerator.ts(425,15): error TS18048: 'criteria.security' is possibly 'undefined'.
src/utils/acceptanceCriteriaGenerator.ts(440,17): error TS18048: 'criteria.functional' is possibly 'undefined'.
src/utils/acceptanceCriteriaGenerator.ts(441,8): error TS18048: 'r.category' is possibly 'undefined'.
src/utils/acceptanceCriteriaGenerator.ts(441,37): error TS18048: 'r.category' is possibly 'undefined'.
src/utils/acceptanceCriteriaGenerator.ts(444,18): error TS18048: 'criteria.performance' is possibly 'undefined'.
src/utils/acceptanceCriteriaGenerator.ts(447,15): error TS18048: 'criteria.security' is possibly 'undefined'.
src/utils/acceptanceCriteriaGenerator.ts(450,16): error TS18048: 'criteria.usability' is possibly 'undefined'.
src/utils/aiAgentExpander.ts(157,48): error TS2339: Property 'productServices' does not exist on type 'LeadsAndSalesModule'.
src/utils/aiAgentExpander.ts(381,7): error TS2353: Object literal may only specify known properties, and 'reasonForSelection' does not exist in type 'AIModelSelection'.
src/utils/aiAgentExpander.ts(392,5): error TS2353: Object literal may only specify known properties, and 'reasonForSelection' does not exist in type 'AIModelSelection'.
src/utils/aiAgentExpander.ts(406,59): error TS18048: 'a.knowledgeBase.totalTokensEstimated' is possibly 'undefined'.
src/utils/aiAgentExpander.ts(407,51): error TS18048: 'a.conversationFlow.intents' is possibly 'undefined'.
src/utils/dataMappingGenerator.ts(395,21): error TS2304: Cannot find name 'target'.
src/utils/dataMappingGenerator.ts(398,15): error TS2304: Cannot find name 'target'.
src/utils/dataMappingGenerator.ts(399,33): error TS2304: Cannot find name 'target'.
src/utils/dataMappingGenerator.ts(408,29): error TS2304: Cannot find name 'target'.
src/utils/dataMigration.examples.ts(103,46): error TS2339: Property 'leadSourcesMetadata' does not exist on type 'LeadsAndSalesModule'.
src/utils/dataMigration.examples.ts(105,78): error TS2339: Property 'leadSourcesMetadata' does not exist on type 'LeadsAndSalesModule'.
src/utils/dataMigration.examples.ts(106,77): error TS2339: Property 'leadSourcesMetadata' does not exist on type 'LeadsAndSalesModule'.
src/utils/dataMigration.examples.ts(109,48): error TS2339: Property 'channelsMetadata' does not exist on type 'CustomerServiceModule'.
src/utils/dataMigration.examples.ts(111,84): error TS2339: Property 'channelsMetadata' does not exist on type 'CustomerServiceModule'.
src/utils/dataMigration.examples.ts(112,84): error TS2339: Property 'channelsMetadata' does not exist on type 'CustomerServiceModule'.
src/utils/dataMigration.ts(176,5): error TS2740: Type '{}' is missing the following properties from type 'Modules': overview, leadsAndSales, customerService, operations, and 4 more.
src/utils/dataMigration.ts(352,5): error TS2740: Type '{}' is missing the following properties from type 'Modules': overview, leadsAndSales, customerService, operations, and 4 more.
src/utils/dataMigration.ts(518,5): error TS2740: Type '{}' is missing the following properties from type 'Modules': overview, leadsAndSales, customerService, operations, and 4 more.
src/utils/downloadProposalPDF.ts(539,26): error TS2345: Argument of type '{ margin: number; filename: string; image: { type: string; quality: number; }; html2canvas: { scale: number; useCORS: boolean; letterRendering: boolean; logging: boolean; windowWidth: number; windowHeight: number; }; jsPDF: { ...; }; pagebreak: { ...; }; }' is not assignable to parameter of type 'Html2PdfOptions'.
  The types of 'image.type' are incompatible between these types.
    Type 'string' is not assignable to type '"jpeg" | "png" | "webp" | undefined'.
src/utils/englishExport.ts(31,27): error TS2339: Property 'systemName' does not exist on type 'DetailedSystemInfo'.
src/utils/englishExport.ts(31,48): error TS2339: Property 'authentication' does not exist on type 'DetailedSystemInfo'.
src/utils/englishExport.ts(32,15): error TS2339: Property 'technicalNotes' does not exist on type 'DetailedSystemInfo'.
src/utils/englishExport.ts(33,36): error TS2339: Property 'technicalNotes' does not exist on type 'DetailedSystemInfo'.
src/utils/exportCSV.ts(198,17): error TS7006: Parameter 'row' implicitly has an 'any' type.
src/utils/exportCSV.ts(234,17): error TS7006: Parameter 'row' implicitly has an 'any' type.
src/utils/exportCSV.ts(288,17): error TS7006: Parameter 'row' implicitly has an 'any' type.
src/utils/exportCSV.ts(354,17): error TS7006: Parameter 'row' implicitly has an 'any' type.
src/utils/exportCSV.ts(414,17): error TS7006: Parameter 'row' implicitly has an 'any' type.
src/utils/exportTechnicalSpec.ts(240,52): error TS6196: 'DetailedAIAgentSpec' is declared but never used.
src/utils/exportTechnicalSpec.ts(378,27): error TS2362: The left-hand side of an arithmetic operation must be of type 'any', 'number', 'bigint' or an enum type.
src/utils/exportTechnicalSpec.ts(378,65): error TS2363: The right-hand side of an arithmetic operation must be of type 'any', 'number', 'bigint' or an enum type.
src/utils/integrationFlowSuggester.ts(237,7): error TS2353: Object literal may only specify known properties, and 'escalationTrigger' does not exist in type 'ErrorHandlingStrategy'.
src/utils/pdfGenerators.ts(35,10): error TS2345: Argument of type '{ margin: number; filename: string; image: { type: string; quality: number; }; html2canvas: { scale: number; useCORS: boolean; letterRendering: boolean; }; jsPDF: { unit: string; format: string; orientation: string; }; }' is not assignable to parameter of type 'Html2PdfOptions'.
  The types of 'image.type' are incompatible between these types.
    Type 'string' is not assignable to type '"jpeg" | "png" | "webp" | undefined'.
src/utils/requirementsPrefillEngine.ts(170,43): error TS2538: Type 'string[]' cannot be used as an index type.
src/utils/requirementsPrefillEngine.ts(372,45): error TS2538: Type 'string[]' cannot be used as an index type.
src/utils/requirementsPrefillEngine.ts(542,17): error TS2339: Property 'documentTypes' does not exist on type '{ flows: DocumentFlow[]; storageLocations: string[]; searchDifficulties: string; versionControlMethod: string; approvalWorkflow: string; documentRetention: number; }'.
src/utils/requirementsPrefillEngine.ts(543,42): error TS2339: Property 'documentTypes' does not exist on type '{ flows: DocumentFlow[]; storageLocations: string[]; searchDifficulties: string; versionControlMethod: string; approvalWorkflow: string; documentRetention: number; }'.
src/utils/requirementsPrefillEngine.ts(543,61): error TS7006: Parameter 'd' implicitly has an 'any' type.
src/utils/requirementsPrefillEngine.ts(551,41): error TS2339: Property 'storage' does not exist on type '{ flows: DocumentFlow[]; storageLocations: string[]; searchDifficulties: string; versionControlMethod: string; approvalWorkflow: string; documentRetention: number; }'.
src/utils/requirementsPrefillEngine.ts(554,46): error TS2339: Property 'organization' does not exist on type '{ flows: DocumentFlow[]; storageLocations: string[]; searchDifficulties: string; versionControlMethod: string; approvalWorkflow: string; documentRetention: number; }'.
src/utils/requirementsPrefillEngine.ts(557,17): error TS2339: Property 'incomingDocuments' does not exist on type '{ flows: DocumentFlow[]; storageLocations: string[]; searchDifficulties: string; versionControlMethod: string; approvalWorkflow: string; documentRetention: number; }'.
src/utils/requirementsPrefillEngine.ts(558,45): error TS2339: Property 'incomingDocuments' does not exist on type '{ flows: DocumentFlow[]; storageLocations: string[]; searchDifficulties: string; versionControlMethod: string; approvalWorkflow: string; documentRetention: number; }'.
src/utils/requirementsPrefillEngine.ts(562,43): error TS2339: Property 'accuracyRequired' does not exist on type '{ flows: DocumentFlow[]; storageLocations: string[]; searchDifficulties: string; versionControlMethod: string; approvalWorkflow: string; documentRetention: number; }'.
src/utils/requirementsPrefillEngine.ts(707,9): error TS2367: This comparison appears to be unintentional because the types 'number' and 'string' have no overlap.
src/utils/requirementsPrefillEngine.ts(708,14): error TS2367: This comparison appears to be unintentional because the types 'number' and 'string' have no overlap.
src/utils/requirementsPrefillEngine.ts(713,14): error TS2339: Property 'leadVolume' does not exist on type 'LeadsAndSalesModule'.
src/utils/requirementsPrefillEngine.ts(714,27): error TS2339: Property 'leadVolume' does not exist on type 'LeadsAndSalesModule'.
src/utils/requirementsPrefillEngine.ts(785,14): error TS2339: Property 'leadVolume' does not exist on type 'LeadsAndSalesModule'.
src/utils/requirementsPrefillEngine.ts(786,25): error TS2339: Property 'leadVolume' does not exist on type 'LeadsAndSalesModule'.
src/utils/smartRecommendationsEngine.ts(464,9): error TS2367: This comparison appears to be unintentional because the types 'string[] | undefined' and 'string' have no overlap.
src/utils/toast.tsx(160,13): error TS2345: Argument of type '() => () => boolean' is not assignable to parameter of type 'EffectCallback'.
  Type '() => boolean' is not assignable to type 'void | Destructor'.
    Type '() => boolean' is not assignable to type 'Destructor'.
      Type 'boolean' is not assignable to type 'void | { [UNDEFINED_VOID_ONLY]: never; }'.
