src/components/Auth/Login.tsx(2,23): error TS6133: 'Link' is declared but its value is never read.
src/components/Common/ExportMenu.tsx(1,8): error TS6133: 'React' is declared but its value is never read.
src/components/Common/FormFields/Input.tsx(122,10): error TS6133: 'isFocused' is declared but its value is never read.
src/components/Common/PhaseNavigator.old.tsx(2,23): error TS6133: 'Circle' is declared but its value is never read.
src/components/Dashboard/Dashboard.tsx(10,3): error TS6133: 'Download' is declared but its value is never read.
src/components/Dashboard/Dashboard.tsx(11,3): error TS6133: 'FileText' is declared but its value is never read.
src/components/Dashboard/Dashboard.tsx(16,3): error TS6133: 'Mail' is declared but its value is never read.
src/components/Dashboard/Dashboard.tsx(17,3): error TS6133: 'MessageCircle' is declared but its value is never read.
src/components/Dashboard/Dashboard.tsx(18,3): error TS6133: 'FileSpreadsheet' is declared but its value is never read.
src/components/Dashboard/Dashboard.tsx(20,3): error TS6133: 'ChevronDown' is declared but its value is never read.
src/components/Dashboard/Dashboard.tsx(82,10): error TS6133: 'exportMenuOpen' is declared but its value is never read.
src/components/Dashboard/Dashboard.tsx(113,9): error TS6133: 'handleModuleClick' is declared but its value is never read.
src/components/Dashboard/Dashboard.tsx(141,9): error TS6133: 'handleExportJSON' is declared but its value is never read.
src/components/Dashboard/Dashboard.tsx(153,9): error TS6133: 'handleExportExcel' is declared but its value is never read.
src/components/Dashboard/Dashboard.tsx(253,9): error TS6133: 'handleExportWhatsApp' is declared but its value is never read.
src/components/Dashboard/Dashboard.tsx(285,9): error TS6133: 'handleExportEmail' is declared but its value is never read.
src/components/Dashboard/Dashboard.tsx(321,9): error TS6133: 'handleExportTechnicalSpec' is declared but its value is never read.
src/components/Feedback/AutoSaveIndicator.tsx(22,11): error TS6133: 'checkSaveStatus' is declared but its value is never read.
src/components/Modules/AIAgents/AIAgentUseCaseBuilder.tsx(2,48): error TS6133: 'AlertCircle' is declared but its value is never read.
src/components/Modules/AIAgents/AIModelSelector.tsx(1,27): error TS6133: 'useMemo' is declared but its value is never read.
src/components/Modules/CustomerService/CustomerServiceModule.tsx(90,10): error TS6133: 'customFeedbackMethod' is declared but its value is never read.
src/components/Modules/CustomerService/CustomerServiceModule.tsx(95,10): error TS6133: 'customReviewPlatform' is declared but its value is never read.
src/components/Modules/CustomerService/CustomerServiceModule.tsx(95,32): error TS6133: 'setCustomReviewPlatform' is declared but its value is never read.
src/components/Modules/EssentialDetails/components/LeadManagementSection.tsx(2,33): error TS6133: 'Select' is declared but its value is never read.
src/components/Modules/LeadsAndSales/LeadsAndSalesModule.tsx(3,44): error TS6133: 'ChevronUp' is declared but its value is never read.
src/components/Modules/LeadsAndSales/LeadsAndSalesModule.tsx(3,74): error TS6133: 'AlertTriangle' is declared but its value is never read.
src/components/Modules/LeadsAndSales/LeadsAndSalesModule.tsx(5,41): error TS6133: 'Button' is declared but its value is never read.
src/components/Modules/Overview/OverviewModule.tsx(3,22): error TS6133: 'Plus' is declared but its value is never read.
src/components/Modules/Overview/OverviewModule.tsx(3,28): error TS6133: 'X' is declared but its value is never read.
src/components/Modules/Overview/OverviewModule.tsx(3,39): error TS6133: 'Users' is declared but its value is never read.
src/components/Modules/Planning/PlanningModule.tsx(3,22): error TS6133: 'Target' is declared but its value is never read.
src/components/Modules/Planning/PlanningModule.tsx(3,30): error TS6133: 'Rocket' is declared but its value is never read.
src/components/Modules/Planning/PlanningModule.tsx(3,38): error TS6133: 'Calendar' is declared but its value is never read.
src/components/Modules/Proposal/ProposalModule.tsx(6,38): error TS6133: 'ChevronDown' is declared but its value is never read.
src/components/Modules/Proposal/ProposalModule.tsx(6,51): error TS6133: 'Filter' is declared but its value is never read.
src/components/Modules/Proposal/ProposalModule.tsx(7,3): error TS6133: 'TrendingUp' is declared but its value is never read.
src/components/Modules/Proposal/ProposalModule.tsx(7,15): error TS6133: 'Calendar' is declared but its value is never read.
src/components/Modules/Proposal/ProposalModule.tsx(7,37): error TS6133: 'MessageCircle' is declared but its value is never read.
src/components/Modules/Proposal/ProposalModule.tsx(7,52): error TS6133: 'Mail' is declared but its value is never read.
src/components/Modules/Proposal/ProposalModule.tsx(10,10): error TS6133: 'Card' is declared but its value is never read.
src/components/Modules/Proposal/ProposalModule.tsx(16,3): error TS6133: 'SERVICES_DATABASE' is declared but its value is never read.
src/components/Modules/Proposal/ProposalModule.tsx(17,3): error TS6133: 'ServiceItem' is declared but its value is never read.
src/components/Modules/Proposal/ProposalModule.tsx(88,10): error TS6133: 'editingNotes' is declared but its value is never read.
src/components/Modules/Proposal/ProposalModule.tsx(115,10): error TS6133: 'showCart' is declared but its value is never read.
src/components/Modules/Proposal/ProposalModule.tsx(115,20): error TS6133: 'setShowCart' is declared but its value is never read.
src/components/Modules/Proposal/ProposalModule.tsx(116,10): error TS6133: 'viewMode' is declared but its value is never read.
src/components/Modules/Proposal/ProposalModule.tsx(116,20): error TS6133: 'setViewMode' is declared but its value is never read.
src/components/Modules/Proposal/ProposalModule.tsx(251,9): error TS6133: 'updateServiceNotes' is declared but its value is never read.
src/components/Modules/Reporting/ReportingModule.tsx(13,1): error TS6133: 'Option' is declared but its value is never read.
src/components/Modules/Reporting/ReportingModule.tsx(105,11): error TS6133: 'dailyReports' is declared but its value is never read.
src/components/Modules/Reporting/ReportingModule.tsx(106,11): error TS6133: 'weeklyReports' is declared but its value is never read.
src/components/Modules/Reporting/ReportingModule.tsx(107,11): error TS6133: 'monthlyReports' is declared but its value is never read.
src/components/Modules/ROI/ROIModule.tsx(3,22): error TS6133: 'Calculator' is declared but its value is never read.
src/components/Modules/ROI/ROIModule.tsx(6,37): error TS6133: 'RatingField' is declared but its value is never read.
src/components/Modules/ROI/ROIVisualization.tsx(63,3): error TS6133: 'netSavings' is declared but its value is never read.
src/components/Modules/ROI/ROIVisualization.tsx(176,11): error TS6133: 'total' is declared but its value is never read.
src/components/Modules/Systems/SystemsModule.tsx(3,22): error TS6133: 'Database' is declared but its value is never read.
src/components/Modules/Systems/SystemsModule.tsx(3,32): error TS6133: 'Link2' is declared but its value is never read.
src/components/Modules/Systems/SystemsModule.tsx(3,39): error TS6133: 'Shield' is declared but its value is never read.
src/components/Modules/Systems/SystemsModule.tsx(3,47): error TS6133: 'Cloud' is declared but its value is never read.
src/components/Modules/Systems/SystemsModule.tsx(3,54): error TS6133: 'AlertTriangle' is declared but its value is never read.
src/components/Modules/Systems/SystemsModule.tsx(6,37): error TS6133: 'RatingField' is declared but its value is never read.
src/components/Modules/Systems/SystemsModuleEnhanced.tsx(10,29): error TS6133: 'getSystemLabel' is declared but its value is never read.
src/components/NextSteps/NextStepsGenerator.tsx(1,1): error TS6133: 'React' is declared but its value is never read.
src/components/NextSteps/NextStepsGenerator.tsx(13,3): error TS6133: 'Users' is declared but its value is never read.
src/components/NextSteps/NextStepsGenerator.tsx(14,3): error TS6133: 'Code' is declared but its value is never read.
src/components/NextSteps/NextStepsGenerator.tsx(15,3): error TS6133: 'TrendingUp' is declared but its value is never read.
src/components/NextSteps/NextStepsGenerator.tsx(16,3): error TS6133: 'Target' is declared but its value is never read.
src/components/NextSteps/NextStepsGenerator.tsx(17,3): error TS6133: 'Zap' is declared but its value is never read.
src/components/Phase2/AcceptanceCriteriaBuilder.tsx(22,10): error TS6133: 'Input' is declared but its value is never read.
src/components/Phase2/AIAgentDetailedSpec.tsx(23,3): error TS6133: 'KnowledgeBase' is declared but its value is never read.
src/components/Phase2/AIAgentDetailedSpec.tsx(25,3): error TS6133: 'DetailedConversationFlow' is declared but its value is never read.
src/components/Phase2/AIAgentDetailedSpec.tsx(27,3): error TS6133: 'AIAgentIntegrations' is declared but its value is never read.
src/components/Phase2/AIAgentDetailedSpec.tsx(29,3): error TS6133: 'AIAgentTraining' is declared but its value is never read.
src/components/Phase2/AIAgentDetailedSpec.tsx(31,3): error TS6133: 'AIModelSelection' is declared but its value is never read.
src/components/Phase2/AIAgentDetailedSpec.tsx(37,17): error TS6133: 'Select' is declared but its value is never read.
src/components/Phase2/AIAgentDetailedSpec.tsx(56,7): error TS6133: 'INTENT_TYPES' is declared but its value is never read.
src/components/Phase2/ImplementationSpecDashboard.tsx(12,3): error TS6133: 'Settings' is declared but its value is never read.
src/components/Phase2/ImplementationSpecDashboard.tsx(15,3): error TS6133: 'FileText' is declared but its value is never read.
src/components/Phase2/ImplementationSpecDashboard.tsx(16,3): error TS6133: 'Download' is declared but its value is never read.
src/components/Phase2/ImplementationSpecDashboard.tsx(17,3): error TS6133: 'Copy' is declared but its value is never read.
src/components/Phase2/ImplementationSpecDashboard.tsx(18,3): error TS6133: 'FileDown' is declared but its value is never read.
src/components/Phase2/ImplementationSpecDashboard.tsx(28,10): error TS6133: 'Card' is declared but its value is never read.
src/components/Phase2/ImplementationSpecDashboard.tsx(28,24): error TS6133: 'Badge' is declared but its value is never read.
src/components/Phase2/ImplementationSpecDashboard.tsx(201,9): error TS6133: 'handleExportMarkdown' is declared but its value is never read.
src/components/Phase2/ImplementationSpecDashboard.tsx(205,9): error TS6133: 'handleExportText' is declared but its value is never read.
src/components/Phase2/ImplementationSpecDashboard.tsx(209,9): error TS6133: 'handleCopyToClipboard' is declared but its value is never read.
src/components/Phase2/IntegrationFlowBuilder.tsx(25,3): error TS6133: 'FlowTrigger' is declared but its value is never read.
src/components/Phase2/IntegrationFlowBuilder.tsx(27,3): error TS6133: 'ErrorHandlingStrategy' is declared but its value is never read.
src/components/Phase2/IntegrationFlowBuilder.tsx(35,33): error TS6133: 'TextArea' is declared but its value is never read.
src/components/Phase2/SystemDeepDive.tsx(4,44): error TS6133: 'SystemField' is declared but its value is never read.
src/components/Phase2/SystemDeepDive.tsx(6,107): error TS6133: 'Edit2' is declared but its value is never read.
src/components/Phase2/SystemDeepDive.tsx(9,33): error TS6133: 'getSuggestedModules' is declared but its value is never read.
src/components/Phase2/SystemDeepDive.tsx(70,24): error TS6133: 'setAuthTemplate' is declared but its value is never read.
src/components/Phase2/SystemDeepDiveSelection.tsx(8,1): error TS6133: 'DetailedSystemSpec' is declared but its value is never read.
src/components/Phase2/SystemDeepDiveSelection.tsx(74,9): error TS6133: 'hasDeepDive' is declared but its value is never read.
src/components/Phase3/DeveloperDashboard.tsx(5,10): error TS6133: 'DevelopmentTask' is declared but its value is never read.
src/components/Phase3/DeveloperDashboard.tsx(24,1): error TS6133: 'Badge' is declared but its value is never read.
src/components/Phase3/SprintView.tsx(4,18): error TS6133: 'DevelopmentTask' is declared but its value is never read.
src/components/Phase3/SprintView.tsx(7,1): error TS6133: 'Badge' is declared but its value is never read.
src/components/Phase3/SprintView.tsx(9,7): error TS6133: 'generateId' is declared but its value is never read.
src/components/Phase3/SprintView.tsx(133,10): error TS6133: 'showCreateSprint' is declared but its value is never read.
src/components/Phase3/TaskDetail.tsx(6,1): error TS6133: 'Input' is declared but its value is never read.
src/components/Phase3/TaskDetail.tsx(7,1): error TS6133: 'TextArea' is declared but its value is never read.
src/components/Phase3/TaskDetail.tsx(8,1): error TS6133: 'Select' is declared but its value is never read.
src/components/Phase3/TaskDetail.tsx(9,1): error TS6133: 'Badge' is declared but its value is never read.
src/components/Phase3/TaskDetail.tsx(19,40): error TS6133: 'updateTaskTestCase' is declared but its value is never read.
src/components/PhaseWorkflow/PhaseNavigator.tsx(276,49): error TS6133: 'index' is declared but its value is never read.
src/components/Requirements/RequirementsGathering.tsx(2,10): error TS6133: 'ServiceRequirementsTemplate' is declared but its value is never read.
src/components/Requirements/RequirementsNavigator.tsx(80,9): error TS6133: 'currentService' is declared but its value is never read.
src/components/Settings/AISettings.tsx(8,3): error TS6133: 'ExclamationTriangleIcon' is declared but its value is never read.
src/components/Summary/SummaryTab.tsx(7,3): error TS6133: 'MeetingStatus' is declared but its value is never read.
src/components/Summary/SummaryTab.tsx(18,3): error TS6133: 'Users' is declared but its value is never read.
src/components/Summary/SummaryTab.tsx(25,3): error TS6133: 'ChevronRight' is declared but its value is never read.
src/components/Summary/SummaryTab.tsx(190,9): error TS6133: 'moduleProgress' is declared but its value is never read.
src/components/Summary/SummaryTab.tsx(484,54): error TS6133: 'idx' is declared but its value is never read.
src/components/Summary/SummaryTab.tsx(519,64): error TS6133: 'idx' is declared but its value is never read.
src/components/Summary/SummaryTab.tsx(619,9): error TS6133: 'isEnglish' is declared but its value is never read.
src/components/Summary/SummaryTab.tsx(944,9): error TS6133: 'currentStatus' is declared but its value is never read.
src/components/Visualizations/IntegrationVisualizer.tsx(14,30): error TS6133: 'SystemIntegrationNeed' is declared but its value is never read.
src/components/Visualizations/IntegrationVisualizer.tsx(36,7): error TS6133: 'STATUS_COLORS' is declared but its value is never read.
src/components/Visualizations/IntegrationVisualizer.tsx(159,17): error TS6133: 'setNodes' is declared but its value is never read.
src/components/Visualizations/IntegrationVisualizer.tsx(160,17): error TS6133: 'setEdges' is declared but its value is never read.
src/components/Wizard/WizardMode.tsx(11,10): error TS6133: 'WizardState' is declared but its value is never read.
src/components/Wizard/WizardMode.tsx(18,5): error TS6133: 'updateMeeting' is declared but its value is never read.
src/components/Wizard/WizardMode.tsx(21,5): error TS6133: 'setWizardState' is declared but its value is never read.
src/components/Wizard/WizardMode.tsx(24,5): error TS6133: 'navigateWizardStep' is declared but its value is never read.
src/components/Wizard/WizardMode.tsx(172,9): error TS6133: 'handlePrevious' is declared but its value is never read.
src/components/Wizard/WizardMode.tsx(190,9): error TS6133: 'handleSkip' is declared but its value is never read.
src/components/Wizard/WizardProgress.tsx(42,9): error TS6133: 'getStepStatus' is declared but its value is never read.
src/components/Wizard/WizardProgress.tsx(49,9): error TS6133: 'getStepIcon' is declared but its value is never read.
src/components/Wizard/WizardProgress.tsx(62,9): error TS6133: 'getStepColor' is declared but its value is never read.
src/components/Wizard/WizardStepNavigation.tsx(44,19): error TS6133: 'isPending' is declared but its value is never read.
src/components/Wizard/WizardSummary.tsx(9,3): error TS6133: 'Users' is declared but its value is never read.
src/components/Wizard/WizardSummary.tsx(10,3): error TS6133: 'Target' is declared but its value is never read.
src/contexts/AuthContext.tsx(331,23): error TS6133: 'error' is declared but its value is never read.
src/hooks/useCollaboration.ts(6,1): error TS6133: 'Meeting' is declared but its value is never read.
src/hooks/useCollaboration.ts(42,11): error TS6133: 'currentMeeting' is declared but its value is never read.
src/hooks/useCollaboration.ts(108,47): error TS6133: 'key' is declared but its value is never read.
src/hooks/useCollaboration.ts(115,48): error TS6133: 'key' is declared but its value is never read.
src/services/AIService.ts(10,30): error TS6133: 'Recommendation' is declared but its value is never read.
src/services/AIService.ts(28,11): error TS6133: 'isProcessing' is declared but its value is never read.
src/services/AIService.ts(536,58): error TS6133: 'module' is declared but its value is never read.
src/services/AIService.ts(541,38): error TS6133: 'leadSources' is declared but its value is never read.
src/services/AIService.ts(569,15): error TS6133: 'channels' is declared but its value is never read.
src/services/AIService.ts(585,15): error TS6133: 'processes' is declared but its value is never read.
src/services/AIService.ts(601,27): error TS6133: 'scheduledReports' is declared but its value is never read.
src/services/supabaseService.ts(56,15): error TS6133: 'data' is declared but its value is never read.
src/services/syncService.ts(1,42): error TS6133: 'optimisticUpdate' is declared but its value is never read.
src/services/zohoSyncService.ts(5,11): error TS6133: 'compressData' is declared but its value is never read.
src/services/zohoSyncService.ts(15,11): error TS6133: 'decompressData' is declared but its value is never read.
src/store/useMeetingStore.ts(1820,24): error TS6133: 'taskId' is declared but its value is never read.
src/utils/__tests__/dataMigration.test.ts(5,32): error TS6133: 'beforeEach' is declared but its value is never read.
src/utils/__tests__/dataMigration.test.ts(5,44): error TS6133: 'vi' is declared but its value is never read.
src/utils/aiAgentExpander.ts(242,29): error TS6133: 'useCase' is declared but its value is never read.
src/utils/aiAgentExpander.ts(346,59): error TS6133: 'idx' is declared but its value is never read.
src/utils/aiAgentExpander.ts(372,9): error TS6133: 'isReady' is declared but its value is never read.
src/utils/dataMappingGenerator.ts(29,3): error TS6133: 'meeting' is declared but its value is never read.
src/utils/dataMappingGenerator.ts(271,55): error TS6133: 'target' is declared but its value is never read.
src/utils/dataMappingGenerator.ts(295,32): error TS6133: 'source' is declared but its value is never read.
src/utils/dataMappingGenerator.ts(295,60): error TS6133: 'target' is declared but its value is never read.
src/utils/dataMigration.examples.ts(16,3): error TS6133: 'clearMigrationLogs' is declared but its value is never read.
src/utils/dataMigration.ts(23,19): error TS6133: 'LeadsAndSalesModule' is declared but its value is never read.
src/utils/dataMigration.ts(23,40): error TS6133: 'CustomerServiceModule' is declared but its value is never read.
src/utils/proposalEngine.ts(601,9): error TS6133: 'missingOpportunities' is declared but its value is never read.
src/utils/proposalEngine.ts(1905,9): error TS6133: 'service' is declared but its value is never read.
src/utils/smartRecommendationsEngine.ts(8,19): error TS6133: 'DetailedSystemInfo' is declared but its value is never read.
src/utils/smartRecommendationsEngine.ts(8,39): error TS6133: 'SystemIntegrationNeed' is declared but its value is never read.
src/utils/smartRecommendationsEngine.ts(8,62): error TS6133: 'PainPoint' is declared but its value is never read.
src/utils/smartRecommendationsEngine.ts(164,11): error TS6133: 'ops' is declared but its value is never read.
src/utils/smartRecommendationsEngine.ts(1182,11): error TS6133: 'getInvoiceGenerationRecommendation' is declared but its value is never read.
src/utils/taskGenerator.ts(366,50): error TS6133: 'spec' is declared but its value is never read.
src/utils/taskGenerator.ts(506,9): error TS6133: 'currentSprint' is declared but its value is never read.
src/utils/technicalSpecGenerator.ts(1,39): error TS6133: 'SystemIntegrationNeed' is declared but its value is never read.
src/utils/technicalSpecGenerator.ts(2,10): error TS6133: 'getSystemLabel' is declared but its value is never read.
src/utils/technicalSpecGenerator.ts(253,3): error TS6133: 'meeting' is declared but its value is never read.
src/utils/technicalSpecGenerator.ts(330,11): error TS6133: 'systemDetails' is declared but its value is never read.
src/utils/technicalSpecGenerator.ts(406,3): error TS6133: 'systems' is declared but its value is never read.
src/utils/validationGuards.ts(14,33): error TS6133: 'MeetingStatus' is declared but its value is never read.
src/utils/validationGuards.ts(463,9): error TS6133: 'warnings' is declared but its value is never read.
vite.config.ts(11,7): error TS6133: 'env' is declared but its value is never read.
