
> discovery-assistant@0.0.0 build:typecheck
> tsc -b && vite build

src/components/Common/DiscoveryStatusBadge.tsx(22,47): error TS2503: Cannot find namespace 'JSX'.
src/components/Examples/ValidatedFormExample.tsx(63,19): error TS2349: This expression is not callable.
  Type 'ValidationRule[]' has no call signatures.
src/components/Examples/ValidatedFormExample.tsx(64,14): error TS2349: This expression is not callable.
  Type 'ValidationRule[]' has no call signatures.
src/components/Examples/ValidatedFormExample.tsx(65,14): error TS2349: This expression is not callable.
  Type 'ValidationRule[]' has no call signatures.
src/components/Examples/ValidatedFormExample.tsx(72,18): error TS2349: This expression is not callable.
  Type 'ValidationRule[]' has no call signatures.
src/components/Examples/ValidatedFormExample.tsx(79,20): error TS2349: This expression is not callable.
  Type 'ValidationRule[]' has no call signatures.
src/components/Feedback/FeedbackModal.tsx(41,22): error TS6133: 'setScreenshot' is declared but its value is never read.
src/components/Modules/Operations/OperationsModule.tsx(204,7): error TS2365: Operator '>' cannot be applied to types 'string' and 'number'.
src/components/Modules/Overview/OverviewModule.tsx(164,17): error TS2322: Type '{ children: Element[]; title: string; subtitle: string; }' is not assignable to type 'IntrinsicAttributes & CardProps'.
  Property 'title' does not exist on type 'IntrinsicAttributes & CardProps'.
src/components/Modules/Overview/OverviewModule.tsx(176,17): error TS2322: Type 'string | number' is not assignable to type 'string'.
  Type 'number' is not assignable to type 'string'.
src/components/Modules/Overview/OverviewModule.tsx(177,17): error TS2322: Type 'Dispatch<SetStateAction<number | undefined>>' is not assignable to type '(value: string) => void'.
  Types of parameters 'value' and 'value' are incompatible.
    Type 'string' is not assignable to type 'SetStateAction<number | undefined>'.
src/components/Modules/Overview/OverviewModule.tsx(202,17): error TS2322: Type '{ children: Element[]; title: string; subtitle: string; icon: Element; }' is not assignable to type 'IntrinsicAttributes & CardProps'.
  Property 'title' does not exist on type 'IntrinsicAttributes & CardProps'.
src/components/Modules/Overview/OverviewModule.tsx(223,13): error TS2322: Type '{ children: Element[]; title: string; subtitle: string; icon: Element; className: string; }' is not assignable to type 'IntrinsicAttributes & CardProps'.
  Property 'title' does not exist on type 'IntrinsicAttributes & CardProps'.
src/components/Modules/Overview/OverviewModule.tsx(243,19): error TS2322: Type '{ children: Element; title: string; subtitle: string; className: string; }' is not assignable to type 'IntrinsicAttributes & CardProps'.
  Property 'title' does not exist on type 'IntrinsicAttributes & CardProps'.
src/components/Modules/Overview/OverviewModule.tsx(276,19): error TS2322: Type '{ children: Element; title: string; subtitle: string; className: string; }' is not assignable to type 'IntrinsicAttributes & CardProps'.
  Property 'title' does not exist on type 'IntrinsicAttributes & CardProps'.
src/components/Modules/Overview/OverviewModule.tsx(310,13): error TS2322: Type '{ children: Element; title: string; subtitle: string; className: string; }' is not assignable to type 'IntrinsicAttributes & CardProps'.
  Property 'title' does not exist on type 'IntrinsicAttributes & CardProps'.
src/components/Modules/Overview/OverviewModule.tsx(318,17): error TS2322: Type 'Dispatch<SetStateAction<"none" | "full" | "basic">>' is not assignable to type '(value: string) => void'.
  Types of parameters 'value' and 'value' are incompatible.
    Type 'string' is not assignable to type 'SetStateAction<"none" | "full" | "basic">'.
src/components/Modules/Overview/OverviewModule.tsx(360,19): error TS2322: Type '{ children: Element; title: string; className: string; }' is not assignable to type 'IntrinsicAttributes & CardProps'.
  Property 'title' does not exist on type 'IntrinsicAttributes & CardProps'.
src/components/Modules/Planning/PlanningModule.tsx(10,41): error TS2339: Property 'completeMeeting' does not exist on type 'MeetingStore'.
src/components/Modules/Planning/PlanningModule.tsx(276,17): error TS2322: Type '"date"' is not assignable to type '"url" | "email" | "text" | "tel" | undefined'.
src/components/Modules/Proposal/ProposalModule.tsx(16,3): error TS2724: '"../../../config/servicesDatabase"' has no exported member named 'ServiceCategoryId'. Did you mean 'SERVICE_CATEGORIES'?
src/components/Modules/Proposal/ProposalModule.tsx(36,33): error TS2503: Cannot find namespace 'JSX'.
src/components/Modules/Proposal/ProposalModule.tsx(312,60): error TS2345: Argument of type '(moduleName: keyof Modules, data: any) => void' is not assignable to parameter of type '(moduleName: string, data: any) => void'.
  Types of parameters 'moduleName' and 'moduleName' are incompatible.
    Type 'string' is not assignable to type 'keyof Modules'.
src/components/Modules/Proposal/ProposalModule.tsx(384,60): error TS2345: Argument of type '(moduleName: keyof Modules, data: any) => void' is not assignable to parameter of type '(moduleName: string, data: any) => void'.
  Types of parameters 'moduleName' and 'moduleName' are incompatible.
    Type 'string' is not assignable to type 'keyof Modules'.
src/components/Modules/ROI/ROIModule.tsx(184,17): error TS2322: Type '{ children: Element; title: string; subtitle: string; }' is not assignable to type 'IntrinsicAttributes & CardProps'.
  Property 'title' does not exist on type 'IntrinsicAttributes & CardProps'.
src/components/Modules/ROI/ROIModule.tsx(248,17): error TS2322: Type '{ children: Element; title: string; subtitle: string; }' is not assignable to type 'IntrinsicAttributes & CardProps'.
  Property 'title' does not exist on type 'IntrinsicAttributes & CardProps'.
src/components/Modules/ROI/ROIModule.tsx(295,17): error TS2322: Type '{ children: Element; title: string; subtitle: string; }' is not assignable to type 'IntrinsicAttributes & CardProps'.
  Property 'title' does not exist on type 'IntrinsicAttributes & CardProps'.
src/components/Modules/ROI/ROIModule.tsx(341,17): error TS2322: Type '{ children: Element; title: string; subtitle: string; }' is not assignable to type 'IntrinsicAttributes & CardProps'.
  Property 'title' does not exist on type 'IntrinsicAttributes & CardProps'.
src/components/Modules/Systems/DetailedSystemCard.tsx(114,11): error TS2322: Type '"number"' is not assignable to type '"url" | "email" | "text" | "tel" | undefined'.
src/components/Modules/Systems/DetailedSystemCard.tsx(123,11): error TS2322: Type '"number"' is not assignable to type '"url" | "email" | "text" | "tel" | undefined'.
src/components/Modules/Systems/SystemsModule.tsx(100,17): error TS2322: Type '{ children: Element; title: string; subtitle: string; }' is not assignable to type 'IntrinsicAttributes & CardProps'.
  Property 'title' does not exist on type 'IntrinsicAttributes & CardProps'.
src/components/Modules/Systems/SystemsModule.tsx(132,19): error TS2322: Type '{ severity: string; description: string; }' is not assignable to type 'IntrinsicAttributes & PainPointFlagProps'.
  Property 'severity' does not exist on type 'IntrinsicAttributes & PainPointFlagProps'.
src/components/Modules/Systems/SystemsModule.tsx(140,17): error TS2322: Type '{ children: Element; title: string; subtitle: string; }' is not assignable to type 'IntrinsicAttributes & CardProps'.
  Property 'title' does not exist on type 'IntrinsicAttributes & CardProps'.
src/components/Modules/Systems/SystemsModule.tsx(185,19): error TS2322: Type '{ severity: string; description: string; }' is not assignable to type 'IntrinsicAttributes & PainPointFlagProps'.
  Property 'severity' does not exist on type 'IntrinsicAttributes & PainPointFlagProps'.
src/components/Modules/Systems/SystemsModule.tsx(193,17): error TS2322: Type '{ children: Element; title: string; subtitle: string; }' is not assignable to type 'IntrinsicAttributes & CardProps'.
  Property 'title' does not exist on type 'IntrinsicAttributes & CardProps'.
src/components/Modules/Systems/SystemsModule.tsx(234,19): error TS2322: Type '{ severity: string; description: string; }' is not assignable to type 'IntrinsicAttributes & PainPointFlagProps'.
  Property 'severity' does not exist on type 'IntrinsicAttributes & PainPointFlagProps'.
src/components/Modules/Systems/SystemsModule.tsx(242,17): error TS2322: Type '{ children: Element; title: string; subtitle: string; }' is not assignable to type 'IntrinsicAttributes & CardProps'.
  Property 'title' does not exist on type 'IntrinsicAttributes & CardProps'.
src/components/Modules/Systems/SystemsModule.tsx(287,17): error TS2322: Type '{ children: Element; title: string; subtitle: string; }' is not assignable to type 'IntrinsicAttributes & CardProps'.
  Property 'title' does not exist on type 'IntrinsicAttributes & CardProps'.
src/components/Modules/Systems/SystemsModule.tsx(335,19): error TS2322: Type '{ severity: string; description: string; }' is not assignable to type 'IntrinsicAttributes & PainPointFlagProps'.
  Property 'severity' does not exist on type 'IntrinsicAttributes & PainPointFlagProps'.
src/components/Modules/Systems/SystemsModule.tsx(342,19): error TS2322: Type '{ severity: string; description: string; }' is not assignable to type 'IntrinsicAttributes & PainPointFlagProps'.
  Property 'severity' does not exist on type 'IntrinsicAttributes & PainPointFlagProps'.
src/components/Modules/Systems/SystemsModuleEnhanced.tsx(174,19): error TS2322: Type '{ severity: string; description: string; }' is not assignable to type 'IntrinsicAttributes & PainPointFlagProps'.
  Property 'severity' does not exist on type 'IntrinsicAttributes & PainPointFlagProps'.
src/components/Modules/Systems/SystemsModuleEnhanced.tsx(282,19): error TS2322: Type '{ severity: string; description: string; }' is not assignable to type 'IntrinsicAttributes & PainPointFlagProps'.
  Property 'severity' does not exist on type 'IntrinsicAttributes & PainPointFlagProps'.
src/components/Modules/Systems/SystemsModuleEnhanced.tsx(331,19): error TS2322: Type '{ severity: string; description: string; }' is not assignable to type 'IntrinsicAttributes & PainPointFlagProps'.
  Property 'severity' does not exist on type 'IntrinsicAttributes & PainPointFlagProps'.
src/components/Modules/Systems/SystemsModuleEnhanced.tsx(432,19): error TS2322: Type '{ severity: string; description: string; }' is not assignable to type 'IntrinsicAttributes & PainPointFlagProps'.
  Property 'severity' does not exist on type 'IntrinsicAttributes & PainPointFlagProps'.
src/components/Modules/Systems/SystemsModuleEnhanced.tsx(439,19): error TS2322: Type '{ severity: string; description: string; }' is not assignable to type 'IntrinsicAttributes & PainPointFlagProps'.
  Property 'severity' does not exist on type 'IntrinsicAttributes & PainPointFlagProps'.
src/components/NextSteps/NextStepsGenerator.tsx(41,94): error TS2345: Argument of type '(phase: MeetingPhase) => boolean' is not assignable to parameter of type '(phase: string) => boolean'.
  Types of parameters 'phase' and 'phase' are incompatible.
    Type 'string' is not assignable to type 'MeetingPhase'.
src/components/Phase2/AcceptanceCriteriaBuilder.tsx(52,9): error TS18048: 'criteria.functionalCriteria' is possibly 'undefined'.
src/components/Phase2/AcceptanceCriteriaBuilder.tsx(57,37): error TS18048: 'criteria.signOffBy' is possibly 'undefined'.
src/components/Phase2/AcceptanceCriteriaBuilder.tsx(80,12): error TS2488: Type 'FunctionalRequirement[] | undefined' must have a '[Symbol.iterator]()' method that returns an iterator.
src/components/Phase2/AcceptanceCriteriaBuilder.tsx(101,27): error TS18048: 'criteria.functionalCriteria' is possibly 'undefined'.
src/components/Phase2/AcceptanceCriteriaBuilder.tsx(109,12): error TS2488: Type 'PerformanceRequirement[] | undefined' must have a '[Symbol.iterator]()' method that returns an iterator.
src/components/Phase2/AcceptanceCriteriaBuilder.tsx(128,28): error TS18048: 'criteria.performanceCriteria' is possibly 'undefined'.
src/components/Phase2/AcceptanceCriteriaBuilder.tsx(136,12): error TS2488: Type 'SecurityRequirement[] | undefined' must have a '[Symbol.iterator]()' method that returns an iterator.
src/components/Phase2/AcceptanceCriteriaBuilder.tsx(155,25): error TS18048: 'criteria.securityCriteria' is possibly 'undefined'.
src/components/Phase2/AcceptanceCriteriaBuilder.tsx(164,24): error TS18048: 'criteria.deploymentCriteria' is possibly 'undefined'.
src/components/Phase2/AcceptanceCriteriaBuilder.tsx(164,24): error TS2488: Type '{ name?: string | undefined; role?: string | undefined; email?: string | undefined; }[] | undefined' must have a '[Symbol.iterator]()' method that returns an iterator.
src/components/Phase2/AcceptanceCriteriaBuilder.tsx(170,25): error TS18048: 'criteria.deploymentCriteria' is possibly 'undefined'.
src/components/Phase2/AcceptanceCriteriaBuilder.tsx(186,20): error TS18048: 'criteria.deploymentCriteria' is possibly 'undefined'.
src/components/Phase2/AcceptanceCriteriaBuilder.tsx(186,20): error TS18048: 'criteria.deploymentCriteria.approvers' is possibly 'undefined'.
src/components/Phase2/AcceptanceCriteriaBuilder.tsx(186,65): error TS2769: No overload matches this call.
  Overload 1 of 2, '(predicate: (value: { name?: string | undefined; role?: string | undefined; email?: string | undefined; }, index: number, array: { name?: string | undefined; role?: string | undefined; email?: string | undefined; }[]) => value is { ...; }, thisArg?: any): { ...; }[]', gave the following error.
    Argument of type '(_item: SignOffPerson, i: number) => boolean' is not assignable to parameter of type '(value: { name?: string | undefined; role?: string | undefined; email?: string | undefined; }, index: number, array: { name?: string | undefined; role?: string | undefined; email?: string | undefined; }[]) => value is { ...; }'.
      Types of parameters '_item' and 'value' are incompatible.
        Type '{ name?: string | undefined; role?: string | undefined; email?: string | undefined; }' is not assignable to type 'SignOffPerson'.
          Types of property 'name' are incompatible.
            Type 'string | undefined' is not assignable to type 'string'.
              Type 'undefined' is not assignable to type 'string'.
  Overload 2 of 2, '(predicate: (value: { name?: string | undefined; role?: string | undefined; email?: string | undefined; }, index: number, array: { name?: string | undefined; role?: string | undefined; email?: string | undefined; }[]) => unknown, thisArg?: any): { ...; }[]', gave the following error.
    Argument of type '(_item: SignOffPerson, i: number) => boolean' is not assignable to parameter of type '(value: { name?: string | undefined; role?: string | undefined; email?: string | undefined; }, index: number, array: { name?: string | undefined; role?: string | undefined; email?: string | undefined; }[]) => unknown'.
      Types of parameters '_item' and 'value' are incompatible.
        Type '{ name?: string | undefined; role?: string | undefined; email?: string | undefined; }' is not assignable to type 'SignOffPerson'.
          Types of property 'name' are incompatible.
            Type 'string | undefined' is not assignable to type 'string'.
              Type 'undefined' is not assignable to type 'string'.
src/components/Phase2/AcceptanceCriteriaBuilder.tsx(196,25): error TS18048: 'criteria.deploymentCriteria' is possibly 'undefined'.
src/components/Phase2/AcceptanceCriteriaBuilder.tsx(196,25): error TS2488: Type 'string[] | undefined' must have a '[Symbol.iterator]()' method that returns an iterator.
src/components/Phase2/AcceptanceCriteriaBuilder.tsx(202,25): error TS18048: 'criteria.deploymentCriteria' is possibly 'undefined'.
src/components/Phase2/AcceptanceCriteriaBuilder.tsx(218,21): error TS18048: 'criteria.deploymentCriteria' is possibly 'undefined'.
src/components/Phase2/AcceptanceCriteriaBuilder.tsx(218,21): error TS18048: 'criteria.deploymentCriteria.smokeTests' is possibly 'undefined'.
src/components/Phase2/AcceptanceCriteriaBuilder.tsx(226,22): error TS2488: Type 'SignOffPerson[] | undefined' must have a '[Symbol.iterator]()' method that returns an iterator.
src/components/Phase2/AcceptanceCriteriaBuilder.tsx(239,18): error TS18048: 'criteria.signOffBy' is possibly 'undefined'.
src/components/Phase2/AcceptanceCriteriaBuilder.tsx(270,63): error TS18048: 'criteria.functionalCriteria' is possibly 'undefined'.
src/components/Phase2/AcceptanceCriteriaBuilder.tsx(271,65): error TS18048: 'criteria.performanceCriteria' is possibly 'undefined'.
src/components/Phase2/AcceptanceCriteriaBuilder.tsx(272,60): error TS18048: 'criteria.securityCriteria' is possibly 'undefined'.
src/components/Phase2/AcceptanceCriteriaBuilder.tsx(306,18): error TS18048: 'criteria.functionalCriteria' is possibly 'undefined'.
src/components/Phase2/AcceptanceCriteriaBuilder.tsx(320,22): error TS18048: 'criteria.functionalCriteria' is possibly 'undefined'.
src/components/Phase2/AcceptanceCriteriaBuilder.tsx(411,18): error TS18048: 'criteria.performanceCriteria' is possibly 'undefined'.
src/components/Phase2/AcceptanceCriteriaBuilder.tsx(425,22): error TS18048: 'criteria.performanceCriteria' is possibly 'undefined'.
src/components/Phase2/AcceptanceCriteriaBuilder.tsx(509,18): error TS18048: 'criteria.securityCriteria' is possibly 'undefined'.
src/components/Phase2/AcceptanceCriteriaBuilder.tsx(523,22): error TS18048: 'criteria.securityCriteria' is possibly 'undefined'.
src/components/Phase2/AcceptanceCriteriaBuilder.tsx(593,19): error TS2322: Type 'string | undefined' is not assignable to type 'string'.
  Type 'undefined' is not assignable to type 'string'.
src/components/Phase2/AcceptanceCriteriaBuilder.tsx(593,26): error TS18048: 'criteria.deploymentCriteria' is possibly 'undefined'.
src/components/Phase2/AcceptanceCriteriaBuilder.tsx(598,38): error TS2339: Property 'target' does not exist on type 'string'.
src/components/Phase2/AcceptanceCriteriaBuilder.tsx(622,22): error TS18048: 'criteria.deploymentCriteria' is possibly 'undefined'.
src/components/Phase2/AcceptanceCriteriaBuilder.tsx(622,22): error TS18048: 'criteria.deploymentCriteria.approvers' is possibly 'undefined'.
src/components/Phase2/AcceptanceCriteriaBuilder.tsx(622,64): error TS2345: Argument of type '(approver: SignOffPerson, index: number) => JSX.Element' is not assignable to parameter of type '(value: { name?: string | undefined; role?: string | undefined; email?: string | undefined; }, index: number, array: { name?: string | undefined; role?: string | undefined; email?: string | undefined; }[]) => Element'.
  Types of parameters 'approver' and 'value' are incompatible.
    Type '{ name?: string | undefined; role?: string | undefined; email?: string | undefined; }' is not assignable to type 'SignOffPerson'.
      Types of property 'name' are incompatible.
        Type 'string | undefined' is not assignable to type 'string'.
          Type 'undefined' is not assignable to type 'string'.
src/components/Phase2/AcceptanceCriteriaBuilder.tsx(681,19): error TS2322: Type 'string | undefined' is not assignable to type 'string'.
  Type 'undefined' is not assignable to type 'string'.
src/components/Phase2/AcceptanceCriteriaBuilder.tsx(681,26): error TS18048: 'criteria.deploymentCriteria' is possibly 'undefined'.
src/components/Phase2/AcceptanceCriteriaBuilder.tsx(686,39): error TS2339: Property 'target' does not exist on type 'string'.
src/components/Phase2/AcceptanceCriteriaBuilder.tsx(708,22): error TS18048: 'criteria.deploymentCriteria' is possibly 'undefined'.
src/components/Phase2/AcceptanceCriteriaBuilder.tsx(708,22): error TS18048: 'criteria.deploymentCriteria.smokeTests' is possibly 'undefined'.
src/components/Phase2/AcceptanceCriteriaBuilder.tsx(764,22): error TS18048: 'criteria.signOffBy' is possibly 'undefined'.
src/components/Phase2/AIAgentDetailedSpec.tsx(57,57): error TS7006: Parameter 'a' implicitly has an 'any' type.
src/components/Phase2/AIAgentDetailedSpec.tsx(63,9): error TS18047: 'currentMeeting' is possibly 'null'.
src/components/Phase2/AIAgentDetailedSpec.tsx(65,48): error TS7006: Parameter 's' implicitly has an 'any' type.
src/components/Phase2/AIAgentDetailedSpec.tsx(66,52): error TS7006: Parameter 's' implicitly has an 'any' type.
src/components/Phase2/AIAgentDetailedSpec.tsx(129,50): error TS7006: Parameter 's' implicitly has an 'any' type.
src/components/Phase2/AIAgentDetailedSpec.tsx(134,49): error TS7006: Parameter 's' implicitly has an 'any' type.
src/components/Phase2/AIAgentDetailedSpec.tsx(135,46): error TS7006: Parameter 's' implicitly has an 'any' type.
src/components/Phase2/AIAgentDetailedSpec.tsx(135,83): error TS7006: Parameter 's' implicitly has an 'any' type.
src/components/Phase2/AIAgentDetailedSpec.tsx(223,13): error TS2322: Type '"document"' is not assignable to type '"pdf" | "json" | "csv" | "google_drive" | "crm_field" | "sharepoint" | "confluence" | "notion" | "website" | "api_endpoint"'.
src/components/Phase2/AIAgentDetailedSpec.tsx(225,13): error TS2322: Type 'KnowledgeSource | { type: "document"; name: string; path: string; lastUpdated: Date; }' is not assignable to type 'KnowledgeSource'.
  Object literal may only specify known properties, and 'path' does not exist in type 'KnowledgeSource'.
src/components/Phase2/AIAgentDetailedSpec.tsx(261,14): error TS2488: Type 'Intent[] | undefined' must have a '[Symbol.iterator]()' method that returns an iterator.
src/components/Phase2/AIAgentDetailedSpec.tsx(290,18): error TS18048: 'agent.conversationFlow.intents' is possibly 'undefined'.
src/components/Phase2/AIAgentDetailedSpec.tsx(301,14): error TS2488: Type 'FAQPair[] | undefined' must have a '[Symbol.iterator]()' method that returns an iterator.
src/components/Phase2/AIAgentDetailedSpec.tsx(329,19): error TS18048: 'agent.training.faqPairs' is possibly 'undefined'.
src/components/Phase2/AIAgentDetailedSpec.tsx(340,14): error TS2488: Type 'Webhook[] | undefined' must have a '[Symbol.iterator]()' method that returns an iterator.
src/components/Phase2/AIAgentDetailedSpec.tsx(357,25): error TS18048: 'agent.integrations.customWebhooks' is possibly 'undefined'.
src/components/Phase2/AIAgentDetailedSpec.tsx(449,17): error TS7006: Parameter 'a' implicitly has an 'any' type.
src/components/Phase2/AIAgentDetailedSpec.tsx(505,63): error TS18048: 'agent.conversationFlow.intents' is possibly 'undefined'.
src/components/Phase2/AIAgentDetailedSpec.tsx(507,60): error TS18048: 'agent.training.faqPairs' is possibly 'undefined'.
src/components/Phase2/AIAgentDetailedSpec.tsx(533,65): error TS2339: Property 'target' does not exist on type 'string'.
src/components/Phase2/AIAgentDetailedSpec.tsx(633,47): error TS2339: Property 'path' does not exist on type 'KnowledgeSource'.
src/components/Phase2/AIAgentDetailedSpec.tsx(634,81): error TS2353: Object literal may only specify known properties, and 'path' does not exist in type 'Partial<KnowledgeSource>'.
src/components/Phase2/AIAgentDetailedSpec.tsx(706,19): error TS2322: Type 'string | undefined' is not assignable to type 'string'.
  Type 'undefined' is not assignable to type 'string'.
src/components/Phase2/AIAgentDetailedSpec.tsx(711,35): error TS2339: Property 'target' does not exist on type 'string'.
src/components/Phase2/AIAgentDetailedSpec.tsx(733,22): error TS18048: 'agent.conversationFlow.intents' is possibly 'undefined'.
src/components/Phase2/AIAgentDetailedSpec.tsx(782,19): error TS2322: Type 'string | undefined' is not assignable to type 'string'.
  Type 'undefined' is not assignable to type 'string'.
src/components/Phase2/AIAgentDetailedSpec.tsx(787,43): error TS2339: Property 'target' does not exist on type 'string'.
src/components/Phase2/AIAgentDetailedSpec.tsx(867,23): error TS2322: Type 'string | undefined' is not assignable to type 'string'.
  Type 'undefined' is not assignable to type 'string'.
src/components/Phase2/AIAgentDetailedSpec.tsx(872,40): error TS2339: Property 'target' does not exist on type 'string'.
src/components/Phase2/AIAgentDetailedSpec.tsx(938,20): error TS18048: 'agent.integrations.customWebhooks' is possibly 'undefined'.
src/components/Phase2/AIAgentDetailedSpec.tsx(940,24): error TS18048: 'agent.integrations.customWebhooks' is possibly 'undefined'.
src/components/Phase2/AIAgentDetailedSpec.tsx(1005,22): error TS18048: 'agent.training.faqPairs' is possibly 'undefined'.
src/components/Phase2/AIAgentDetailedSpec.tsx(1060,22): error TS18048: 'agent.training.faqPairs' is possibly 'undefined'.
src/components/Phase2/AIAgentDetailedSpec.tsx(1258,19): error TS18048: 'agentCriteria.functional' is possibly 'undefined'.
src/components/Phase2/AIAgentDetailedSpec.tsx(1259,19): error TS18048: 'agentCriteria.performance' is possibly 'undefined'.
src/components/Phase2/AIAgentDetailedSpec.tsx(1260,19): error TS18048: 'agentCriteria.usability' is possibly 'undefined'.
src/components/Phase2/AIAgentDetailedSpec.tsx(1276,22): error TS18048: 'agentCriteria.functional' is possibly 'undefined'.
src/components/Phase2/AIAgentDetailedSpec.tsx(1279,49): error TS18048: 'agentCriteria.functional' is possibly 'undefined'.
src/components/Phase2/AIAgentDetailedSpec.tsx(1282,28): error TS18048: 'agentCriteria.functional' is possibly 'undefined'.
src/components/Phase2/AIAgentDetailedSpec.tsx(1297,22): error TS18048: 'agentCriteria.performance' is possibly 'undefined'.
src/components/Phase2/AIAgentDetailedSpec.tsx(1300,44): error TS18048: 'agentCriteria.performance' is possibly 'undefined'.
src/components/Phase2/AIAgentDetailedSpec.tsx(1303,28): error TS18048: 'agentCriteria.performance' is possibly 'undefined'.
src/components/Phase2/AIAgentDetailedSpec.tsx(1320,22): error TS18048: 'agentCriteria.usability' is possibly 'undefined'.
src/components/Phase2/AIAgentDetailedSpec.tsx(1323,45): error TS18048: 'agentCriteria.usability' is possibly 'undefined'.
src/components/Phase2/AIAgentDetailedSpec.tsx(1326,28): error TS18048: 'agentCriteria.usability' is possibly 'undefined'.
src/components/Phase2/IntegrationFlowBuilder.tsx(68,61): error TS7006: Parameter 'f' implicitly has an 'any' type.
src/components/Phase2/IntegrationFlowBuilder.tsx(72,76): error TS7006: Parameter 's' implicitly has an 'any' type.
src/components/Phase2/IntegrationFlowBuilder.tsx(143,41): error TS2345: Argument of type 'string' is not assignable to parameter of type 'SystemCategory'.
src/components/Phase2/IntegrationFlowBuilder.tsx(385,17): error TS7006: Parameter 'f' implicitly has an 'any' type.
src/components/Phase2/IntegrationFlowBuilder.tsx(424,11): error TS2322: Type '{ onUndo: () => void; onRedo: () => void; onSave: () => void; canUndo: boolean; canRedo: boolean; stepCount: number; completionPercentage: number; }' is not assignable to type 'IntrinsicAttributes & IntegrationFlowToolbarProps'.
  Property 'stepCount' does not exist on type 'IntrinsicAttributes & IntegrationFlowToolbarProps'.
src/components/Phase2/IntegrationFlowBuilder.tsx(469,56): error TS2339: Property 'target' does not exist on type 'string'.
src/components/Phase2/IntegrationFlowBuilder.tsx(478,20): error TS2322: Type '{ children: any[]; label: string; value: string; onChange: (e: string) => void; required: true; }' is not assignable to type 'IntrinsicAttributes & SelectProps'.
  Property 'children' does not exist on type 'IntrinsicAttributes & SelectProps'.
src/components/Phase2/IntegrationFlowBuilder.tsx(482,66): error TS2339: Property 'target' does not exist on type 'string'.
src/components/Phase2/IntegrationFlowBuilder.tsx(494,20): error TS2322: Type '{ children: any[]; label: string; value: string; onChange: (e: string) => void; required: true; }' is not assignable to type 'IntrinsicAttributes & SelectProps'.
  Property 'children' does not exist on type 'IntrinsicAttributes & SelectProps'.
src/components/Phase2/IntegrationFlowBuilder.tsx(498,66): error TS2339: Property 'target' does not exist on type 'string'.
src/components/Phase2/IntegrationFlowBuilder.tsx(543,65): error TS2339: Property 'target' does not exist on type 'string'.
src/components/Phase2/IntegrationFlowBuilder.tsx(559,66): error TS2339: Property 'target' does not exist on type 'string'.
src/components/Phase2/IntegrationFlowBuilder.tsx(568,18): error TS2322: Type '{ children: Element[]; label: string; value: "manual" | "hourly" | "daily" | "weekly" | "realtime" | "every_5_min" | "every_15_min"; onChange: (e: string) => void; }' is not assignable to type 'IntrinsicAttributes & SelectProps'.
  Property 'children' does not exist on type 'IntrinsicAttributes & SelectProps'.
src/components/Phase2/IntegrationFlowBuilder.tsx(572,61): error TS2339: Property 'target' does not exist on type 'string'.
src/components/Phase2/IntegrationFlowBuilder.tsx(896,43): error TS18048: 'integrationCriteria.functional' is possibly 'undefined'.
src/components/Phase2/IntegrationFlowBuilder.tsx(896,90): error TS18048: 'integrationCriteria.performance' is possibly 'undefined'.
src/components/Phase2/IntegrationFlowBuilder.tsx(911,22): error TS18048: 'integrationCriteria.functional' is possibly 'undefined'.
src/components/Phase2/IntegrationFlowBuilder.tsx(914,49): error TS18048: 'integrationCriteria.functional' is possibly 'undefined'.
src/components/Phase2/IntegrationFlowBuilder.tsx(917,28): error TS18048: 'integrationCriteria.functional' is possibly 'undefined'.
src/components/Phase2/IntegrationFlowBuilder.tsx(934,22): error TS18048: 'integrationCriteria.performance' is possibly 'undefined'.
src/components/Phase2/IntegrationFlowBuilder.tsx(937,44): error TS18048: 'integrationCriteria.performance' is possibly 'undefined'.
src/components/Phase2/IntegrationFlowBuilder.tsx(940,28): error TS18048: 'integrationCriteria.performance' is possibly 'undefined'.
src/components/Phase2/ServiceRequirements/AdditionalServices/AddCustomReportsSpec.tsx(111,39): error TS7006: Parameter 'item' implicitly has an 'any' type.
src/components/Phase2/ServiceRequirements/AdditionalServices/AddDashboardSpec.tsx(121,39): error TS7006: Parameter 'item' implicitly has an 'any' type.
src/components/Phase2/ServiceRequirements/AdditionalServices/AddDashboardSpec.tsx(214,9): error TS6133: 'addUserRole' is declared but its value is never read.
src/components/Phase2/ServiceRequirements/AdditionalServices/AddDashboardSpec.tsx(231,9): error TS6133: 'removeUserRole' is declared but its value is never read.
src/components/Phase2/ServiceRequirements/AdditionalServices/DataCleanupSpec.tsx(100,39): error TS7006: Parameter 'item' implicitly has an 'any' type.
src/components/Phase2/ServiceRequirements/AdditionalServices/DataMigrationSpec.tsx(117,39): error TS7006: Parameter 'item' implicitly has an 'any' type.
src/components/Phase2/ServiceRequirements/AdditionalServices/TrainingWorkshopsSpec.tsx(137,39): error TS7006: Parameter 'item' implicitly has an 'any' type.
src/components/Phase2/ServiceRequirements/AIAgents/AIBrandedSpec.tsx(3,15): error TS2724: '"../../../../types/aiAgentServices"' has no exported member named 'AIBrandedRequirements'. Did you mean 'AITriageRequirements'?
src/components/Phase2/ServiceRequirements/AIAgents/AIBrandedSpec.tsx(118,46): error TS7006: Parameter 'prev' implicitly has an 'any' type.
src/components/Phase2/ServiceRequirements/AIAgents/AIBrandedSpec.tsx(132,46): error TS7006: Parameter 'prev' implicitly has an 'any' type.
src/components/Phase2/ServiceRequirements/AIAgents/AIBrandedSpec.tsx(146,46): error TS7006: Parameter 'prev' implicitly has an 'any' type.
src/components/Phase2/ServiceRequirements/AIAgents/AIBrandedSpec.tsx(159,46): error TS7006: Parameter 'prev' implicitly has an 'any' type.
src/components/Phase2/ServiceRequirements/AIAgents/AIBrandedSpec.tsx(180,46): error TS7006: Parameter 'prev' implicitly has an 'any' type.
src/components/Phase2/ServiceRequirements/AIAgents/AIBrandedSpec.tsx(197,46): error TS7006: Parameter 'prev' implicitly has an 'any' type.
src/components/Phase2/ServiceRequirements/AIAgents/AIBrandedSpec.tsx(214,46): error TS7006: Parameter 'prev' implicitly has an 'any' type.
src/components/Phase2/ServiceRequirements/AIAgents/AIBrandedSpec.tsx(227,46): error TS7006: Parameter 'prev' implicitly has an 'any' type.
src/components/Phase2/ServiceRequirements/AIAgents/AIBrandedSpec.tsx(245,46): error TS7006: Parameter 'prev' implicitly has an 'any' type.
src/components/Phase2/ServiceRequirements/AIAgents/AIBrandedSpec.tsx(262,46): error TS7006: Parameter 'prev' implicitly has an 'any' type.
src/components/Phase2/ServiceRequirements/AIAgents/AIBrandedSpec.tsx(279,46): error TS7006: Parameter 'prev' implicitly has an 'any' type.
src/components/Phase2/ServiceRequirements/AIAgents/AIBrandedSpec.tsx(306,46): error TS7006: Parameter 'prev' implicitly has an 'any' type.
src/components/Phase2/ServiceRequirements/AIAgents/AIBrandedSpec.tsx(319,46): error TS7006: Parameter 'prev' implicitly has an 'any' type.
src/components/Phase2/ServiceRequirements/AIAgents/AIBrandedSpec.tsx(334,46): error TS7006: Parameter 'prev' implicitly has an 'any' type.
src/components/Phase2/ServiceRequirements/AIAgents/AIBrandedSpec.tsx(347,46): error TS7006: Parameter 'prev' implicitly has an 'any' type.
src/components/Phase2/ServiceRequirements/AIAgents/AIBrandedSpec.tsx(370,46): error TS7006: Parameter 'prev' implicitly has an 'any' type.
src/components/Phase2/ServiceRequirements/AIAgents/AIBrandedSpec.tsx(384,46): error TS7006: Parameter 'prev' implicitly has an 'any' type.
src/components/Phase2/ServiceRequirements/AIAgents/AIBrandedSpec.tsx(401,46): error TS7006: Parameter 'prev' implicitly has an 'any' type.
src/components/Phase2/ServiceRequirements/AIAgents/AIFAQBotSpec.tsx(15,3): error TS6133: 'Zap' is declared but its value is never read.
src/components/Phase2/ServiceRequirements/AIAgents/AIFAQBotSpec.tsx(337,39): error TS2339: Property 'target' does not exist on type 'string'.
src/components/Phase2/ServiceRequirements/AIAgents/AIFAQBotSpec.tsx(338,34): error TS2339: Property 'target' does not exist on type 'string'.
src/components/Phase2/ServiceRequirements/AIAgents/AIFAQBotSpec.tsx(350,72): error TS2339: Property 'target' does not exist on type 'string'.
src/components/Phase2/ServiceRequirements/AIAgents/AIFAQBotSpec.tsx(361,81): error TS2339: Property 'target' does not exist on type 'string'.
src/components/Phase2/ServiceRequirements/AIAgents/AIFAQBotSpec.tsx(372,81): error TS2339: Property 'target' does not exist on type 'string'.
src/components/Phase2/ServiceRequirements/AIAgents/AIFAQBotSpec.tsx(446,23): error TS2322: Type 'number' is not assignable to type 'string'.
src/components/Phase2/ServiceRequirements/AIAgents/AIFAQBotSpec.tsx(449,88): error TS2339: Property 'target' does not exist on type 'string'.
src/components/Phase2/ServiceRequirements/AIAgents/AIFAQBotSpec.tsx(467,80): error TS2339: Property 'target' does not exist on type 'string'.
src/components/Phase2/ServiceRequirements/AIAgents/AIFAQBotSpec.tsx(481,89): error TS2339: Property 'target' does not exist on type 'string'.
src/components/Phase2/ServiceRequirements/AIAgents/AIFAQBotSpec.tsx(495,95): error TS2339: Property 'target' does not exist on type 'string'.
src/components/Phase2/ServiceRequirements/AIAgents/AIFAQBotSpec.tsx(509,23): error TS2322: Type 'number' is not assignable to type 'string'.
src/components/Phase2/ServiceRequirements/AIAgents/AIFAQBotSpec.tsx(512,95): error TS2339: Property 'target' does not exist on type 'string'.
src/components/Phase2/ServiceRequirements/AIAgents/AIFAQBotSpec.tsx(610,25): error TS2322: Type 'number' is not assignable to type 'string'.
src/components/Phase2/ServiceRequirements/AIAgents/AIFAQBotSpec.tsx(613,111): error TS2339: Property 'target' does not exist on type 'string'.
src/components/Phase2/ServiceRequirements/AIAgents/AIFAQBotSpec.tsx(629,91): error TS2339: Property 'target' does not exist on type 'string'.
src/components/Phase2/ServiceRequirements/AIAgents/AIFAQBotSpec.tsx(646,49): error TS2339: Property 'target' does not exist on type 'string'.
src/components/Phase2/ServiceRequirements/AIAgents/AIFAQBotSpec.tsx(646,77): error TS7006: Parameter 's' implicitly has an 'any' type.
src/components/Phase2/ServiceRequirements/AIAgents/AIFAQBotSpec.tsx(694,23): error TS2322: Type 'number' is not assignable to type 'string'.
src/components/Phase2/ServiceRequirements/AIAgents/AIFAQBotSpec.tsx(697,83): error TS2339: Property 'target' does not exist on type 'string'.
src/components/Phase2/ServiceRequirements/AIAgents/AIFAQBotSpec.tsx(712,23): error TS2322: Type 'number' is not assignable to type 'string'.
src/components/Phase2/ServiceRequirements/AIAgents/AIFAQBotSpec.tsx(715,93): error TS2339: Property 'target' does not exist on type 'string'.
src/components/Phase2/ServiceRequirements/AIAgents/AIFAQBotSpec.tsx(729,23): error TS2322: Type 'number' is not assignable to type 'string'.
src/components/Phase2/ServiceRequirements/AIAgents/AIFAQBotSpec.tsx(732,85): error TS2339: Property 'target' does not exist on type 'string'.
src/components/Phase2/ServiceRequirements/AIAgents/AIFAQBotSpec.tsx(782,91): error TS2339: Property 'target' does not exist on type 'string'.
src/components/Phase2/ServiceRequirements/AIAgents/AIFAQBotSpec.tsx(796,95): error TS2339: Property 'target' does not exist on type 'string'.
src/components/Phase2/ServiceRequirements/AIAgents/AIFAQBotSpec.tsx(810,99): error TS2339: Property 'target' does not exist on type 'string'.
src/components/Phase2/ServiceRequirements/AIAgents/AIFAQBotSpec.tsx(821,23): error TS2322: Type '"color"' is not assignable to type '"number" | "email" | "text" | "password" | "tel" | undefined'.
src/components/Phase2/ServiceRequirements/AIAgents/AIFAQBotSpec.tsx(825,96): error TS2339: Property 'target' does not exist on type 'string'.
src/components/Phase2/ServiceRequirements/AIAgents/AIFAQBotSpec.tsx(871,23): error TS2322: Type 'number' is not assignable to type 'string'.
src/components/Phase2/ServiceRequirements/AIAgents/AIFAQBotSpec.tsx(874,107): error TS2339: Property 'target' does not exist on type 'string'.
src/components/Phase2/ServiceRequirements/AIAgents/AIFAQBotSpec.tsx(890,90): error TS2339: Property 'target' does not exist on type 'string'.
src/components/Phase2/ServiceRequirements/AIAgents/AIFAQBotSpec.tsx(972,23): error TS2322: Type 'number' is not assignable to type 'string'.
src/components/Phase2/ServiceRequirements/AIAgents/AIFAQBotSpec.tsx(975,110): error TS2339: Property 'target' does not exist on type 'string'.
src/components/Phase2/ServiceRequirements/AIAgents/AIFAQBotSpec.tsx(988,23): error TS2322: Type 'number' is not assignable to type 'string'.
src/components/Phase2/ServiceRequirements/AIAgents/AIFAQBotSpec.tsx(991,112): error TS2339: Property 'target' does not exist on type 'string'.
src/components/Phase2/ServiceRequirements/AIAgents/AIFAQBotSpec.tsx(1004,23): error TS2322: Type 'number' is not assignable to type 'string'.
src/components/Phase2/ServiceRequirements/AIAgents/AIFAQBotSpec.tsx(1007,91): error TS2339: Property 'target' does not exist on type 'string'.
src/components/Phase2/ServiceRequirements/AIAgents/AIFAQBotSpec.tsx(1020,23): error TS2322: Type 'number' is not assignable to type 'string'.
src/components/Phase2/ServiceRequirements/AIAgents/AIFAQBotSpec.tsx(1023,89): error TS2339: Property 'target' does not exist on type 'string'.
src/components/Phase2/ServiceRequirements/AIAgents/AIFAQBotSpec.tsx(1071,25): error TS2322: Type 'number' is not assignable to type 'string'.
src/components/Phase2/ServiceRequirements/AIAgents/AIFAQBotSpec.tsx(1074,96): error TS2339: Property 'target' does not exist on type 'string'.
src/components/Phase2/ServiceRequirements/AIAgents/AIFAQBotSpec.tsx(1088,25): error TS2322: Type 'number' is not assignable to type 'string'.
src/components/Phase2/ServiceRequirements/AIAgents/AIFAQBotSpec.tsx(1091,94): error TS2339: Property 'target' does not exist on type 'string'.
src/components/Phase2/ServiceRequirements/AIAgents/AIFAQBotSpec.tsx(1150,13): error TS2322: Type '"outline"' is not assignable to type '"success" | "primary" | "danger" | "secondary" | "ghost" | undefined'.
src/components/Phase2/ServiceRequirements/AIAgents/AIFormAssistantSpec.tsx(3,15): error TS2305: Module '"../../../../types/aiAgentServices"' has no exported member 'AIFormAssistantRequirements'.
src/components/Phase2/ServiceRequirements/AIAgents/AIFormAssistantSpec.tsx(126,21): error TS2322: Type 'unknown' is not assignable to type 'boolean | undefined'.
src/components/Phase2/ServiceRequirements/AIAgents/AIFormAssistantSpec.tsx(127,48): error TS7006: Parameter 'prev' implicitly has an 'any' type.
src/components/Phase2/ServiceRequirements/AIAgents/AIFormAssistantSpec.tsx(152,21): error TS2322: Type 'unknown' is not assignable to type 'boolean | undefined'.
src/components/Phase2/ServiceRequirements/AIAgents/AIFormAssistantSpec.tsx(153,48): error TS7006: Parameter 'prev' implicitly has an 'any' type.
src/components/Phase2/ServiceRequirements/AIAgents/AIFormAssistantSpec.tsx(182,21): error TS2322: Type 'unknown' is not assignable to type 'boolean | undefined'.
src/components/Phase2/ServiceRequirements/AIAgents/AIFormAssistantSpec.tsx(188,33): error TS7006: Parameter 'prev' implicitly has an 'any' type.
src/components/Phase2/ServiceRequirements/AIAgents/AIFormAssistantSpec.tsx(210,58): error TS7006: Parameter 'field' implicitly has an 'any' type.
src/components/Phase2/ServiceRequirements/AIAgents/AIFormAssistantSpec.tsx(210,65): error TS7006: Parameter 'index' implicitly has an 'any' type.
src/components/Phase2/ServiceRequirements/AIAgents/AIFormAssistantSpec.tsx(221,37): error TS7006: Parameter 'prev' implicitly has an 'any' type.
src/components/Phase2/ServiceRequirements/AIAgents/AIFormAssistantSpec.tsx(239,37): error TS7006: Parameter 'prev' implicitly has an 'any' type.
src/components/Phase2/ServiceRequirements/AIAgents/AIFormAssistantSpec.tsx(260,35): error TS7006: Parameter 'prev' implicitly has an 'any' type.
src/components/Phase2/ServiceRequirements/AIAgents/AIFormAssistantSpec.tsx(279,49): error TS7006: Parameter 'faq' implicitly has an 'any' type.
src/components/Phase2/ServiceRequirements/AIAgents/AIFormAssistantSpec.tsx(279,54): error TS7006: Parameter 'index' implicitly has an 'any' type.
src/components/Phase2/ServiceRequirements/AIAgents/AIFormAssistantSpec.tsx(289,35): error TS7006: Parameter 'prev' implicitly has an 'any' type.
src/components/Phase2/ServiceRequirements/AIAgents/AIFormAssistantSpec.tsx(305,35): error TS7006: Parameter 'prev' implicitly has an 'any' type.
src/components/Phase2/ServiceRequirements/AIAgents/AIFormAssistantSpec.tsx(328,46): error TS7006: Parameter 'prev' implicitly has an 'any' type.
src/components/Phase2/ServiceRequirements/AIAgents/AIFormAssistantSpec.tsx(345,46): error TS7006: Parameter 'prev' implicitly has an 'any' type.
src/components/Phase2/ServiceRequirements/AIAgents/AIFormAssistantSpec.tsx(372,31): error TS7006: Parameter 'prev' implicitly has an 'any' type.
src/components/Phase2/ServiceRequirements/AIAgents/AIFormAssistantSpec.tsx(393,46): error TS7006: Parameter 'prev' implicitly has an 'any' type.
src/components/Phase2/ServiceRequirements/AIAgents/AIFormAssistantSpec.tsx(405,46): error TS7006: Parameter 'prev' implicitly has an 'any' type.
src/components/Phase2/ServiceRequirements/AIAgents/AIFormAssistantSpec.tsx(417,46): error TS7006: Parameter 'prev' implicitly has an 'any' type.
src/components/Phase2/ServiceRequirements/AIAgents/AIFormAssistantSpec.tsx(429,46): error TS7006: Parameter 'prev' implicitly has an 'any' type.
src/components/Phase2/ServiceRequirements/AIAgents/AILeadQualifierSpec.tsx(292,39): error TS2339: Property 'target' does not exist on type 'string'.
src/components/Phase2/ServiceRequirements/AIAgents/AILeadQualifierSpec.tsx(293,34): error TS2339: Property 'target' does not exist on type 'string'.
src/components/Phase2/ServiceRequirements/AIAgents/AILeadQualifierSpec.tsx(305,72): error TS2339: Property 'target' does not exist on type 'string'.
src/components/Phase2/ServiceRequirements/AIAgents/AILeadQualifierSpec.tsx(316,76): error TS2339: Property 'target' does not exist on type 'string'.
src/components/Phase2/ServiceRequirements/AIAgents/AILeadQualifierSpec.tsx(367,23): error TS2322: Type 'string | number' is not assignable to type 'string'.
  Type 'number' is not assignable to type 'string'.
src/components/Phase2/ServiceRequirements/AIAgents/AILeadQualifierSpec.tsx(372,94): error TS2339: Property 'target' does not exist on type 'string'.
src/components/Phase2/ServiceRequirements/AIAgents/AILeadQualifierSpec.tsx(384,83): error TS2322: Type '"outline"' is not assignable to type '"success" | "primary" | "danger" | "secondary" | "ghost" | undefined'.
src/components/Phase2/ServiceRequirements/AIAgents/AILeadQualifierSpec.tsx(394,82): error TS2339: Property 'target' does not exist on type 'string'.
src/components/Phase2/ServiceRequirements/AIAgents/AILeadQualifierSpec.tsx(416,23): error TS2322: Type 'number' is not assignable to type 'string'.
src/components/Phase2/ServiceRequirements/AIAgents/AILeadQualifierSpec.tsx(421,92): error TS2339: Property 'target' does not exist on type 'string'.
src/components/Phase2/ServiceRequirements/AIAgents/AILeadQualifierSpec.tsx(447,51): error TS2339: Property 'target' does not exist on type 'string'.
src/components/Phase2/ServiceRequirements/AIAgents/AILeadQualifierSpec.tsx(447,79): error TS7006: Parameter 's' implicitly has an 'any' type.
src/components/Phase2/ServiceRequirements/AIAgents/AILeadQualifierSpec.tsx(460,86): error TS2322: Type '"outline"' is not assignable to type '"success" | "primary" | "danger" | "secondary" | "ghost" | undefined'.
src/components/Phase2/ServiceRequirements/AIAgents/AILeadQualifierSpec.tsx(470,85): error TS2339: Property 'target' does not exist on type 'string'.
src/components/Phase2/ServiceRequirements/AIAgents/AILeadQualifierSpec.tsx(492,23): error TS2322: Type 'number' is not assignable to type 'string'.
src/components/Phase2/ServiceRequirements/AIAgents/AILeadQualifierSpec.tsx(497,98): error TS2339: Property 'target' does not exist on type 'string'.
src/components/Phase2/ServiceRequirements/AIAgents/AILeadQualifierSpec.tsx(523,43): error TS2339: Property 'target' does not exist on type 'string'.
src/components/Phase2/ServiceRequirements/AIAgents/AILeadQualifierSpec.tsx(523,71): error TS7006: Parameter 's' implicitly has an 'any' type.
src/components/Phase2/ServiceRequirements/AIAgents/AILeadQualifierSpec.tsx(536,81): error TS2322: Type '"outline"' is not assignable to type '"success" | "primary" | "danger" | "secondary" | "ghost" | undefined'.
src/components/Phase2/ServiceRequirements/AIAgents/AILeadQualifierSpec.tsx(546,80): error TS2339: Property 'target' does not exist on type 'string'.
src/components/Phase2/ServiceRequirements/AIAgents/AILeadQualifierSpec.tsx(568,23): error TS2322: Type 'number' is not assignable to type 'string'.
src/components/Phase2/ServiceRequirements/AIAgents/AILeadQualifierSpec.tsx(573,88): error TS2339: Property 'target' does not exist on type 'string'.
src/components/Phase2/ServiceRequirements/AIAgents/AILeadQualifierSpec.tsx(599,47): error TS2339: Property 'target' does not exist on type 'string'.
src/components/Phase2/ServiceRequirements/AIAgents/AILeadQualifierSpec.tsx(599,75): error TS7006: Parameter 's' implicitly has an 'any' type.
src/components/Phase2/ServiceRequirements/AIAgents/AILeadQualifierSpec.tsx(612,85): error TS2322: Type '"outline"' is not assignable to type '"success" | "primary" | "danger" | "secondary" | "ghost" | undefined'.
src/components/Phase2/ServiceRequirements/AIAgents/AILeadQualifierSpec.tsx(622,84): error TS2339: Property 'target' does not exist on type 'string'.
src/components/Phase2/ServiceRequirements/AIAgents/AILeadQualifierSpec.tsx(644,23): error TS2322: Type 'number' is not assignable to type 'string'.
src/components/Phase2/ServiceRequirements/AIAgents/AILeadQualifierSpec.tsx(649,96): error TS2339: Property 'target' does not exist on type 'string'.
src/components/Phase2/ServiceRequirements/AIAgents/AILeadQualifierSpec.tsx(688,23): error TS2322: Type 'number' is not assignable to type 'string'.
src/components/Phase2/ServiceRequirements/AIAgents/AILeadQualifierSpec.tsx(691,98): error TS2339: Property 'target' does not exist on type 'string'.
src/components/Phase2/ServiceRequirements/AIAgents/AILeadQualifierSpec.tsx(705,93): error TS2339: Property 'target' does not exist on type 'string'.
src/components/Phase2/ServiceRequirements/AIAgents/AILeadQualifierSpec.tsx(769,23): error TS2322: Type 'number' is not assignable to type 'string'.
src/components/Phase2/ServiceRequirements/AIAgents/AILeadQualifierSpec.tsx(772,94): error TS2339: Property 'target' does not exist on type 'string'.
src/components/Phase2/ServiceRequirements/AIAgents/AILeadQualifierSpec.tsx(807,29): error TS2322: Type '{ websiteBehavior: boolean; emailEngagement?: boolean | undefined; contentDownloads?: boolean | undefined; }' is not assignable to type '{ websiteBehavior: boolean; emailEngagement: boolean; contentDownloads: boolean; }'.
  Types of property 'emailEngagement' are incompatible.
    Type 'boolean | undefined' is not assignable to type 'boolean'.
      Type 'undefined' is not assignable to type 'boolean'.
src/components/Phase2/ServiceRequirements/AIAgents/AILeadQualifierSpec.tsx(826,29): error TS2322: Type '{ emailEngagement: boolean; websiteBehavior?: boolean | undefined; contentDownloads?: boolean | undefined; }' is not assignable to type '{ websiteBehavior: boolean; emailEngagement: boolean; contentDownloads: boolean; }'.
  Types of property 'websiteBehavior' are incompatible.
    Type 'boolean | undefined' is not assignable to type 'boolean'.
      Type 'undefined' is not assignable to type 'boolean'.
src/components/Phase2/ServiceRequirements/AIAgents/AILeadQualifierSpec.tsx(845,29): error TS2322: Type '{ contentDownloads: boolean; websiteBehavior?: boolean | undefined; emailEngagement?: boolean | undefined; }' is not assignable to type '{ websiteBehavior: boolean; emailEngagement: boolean; contentDownloads: boolean; }'.
  Types of property 'websiteBehavior' are incompatible.
    Type 'boolean | undefined' is not assignable to type 'boolean'.
      Type 'undefined' is not assignable to type 'boolean'.
src/components/Phase2/ServiceRequirements/AIAgents/AILeadQualifierSpec.tsx(900,23): error TS2322: Type 'number' is not assignable to type 'string'.
src/components/Phase2/ServiceRequirements/AIAgents/AILeadQualifierSpec.tsx(903,89): error TS2339: Property 'target' does not exist on type 'string'.
src/components/Phase2/ServiceRequirements/AIAgents/AILeadQualifierSpec.tsx(967,23): error TS2322: Type 'number' is not assignable to type 'string'.
src/components/Phase2/ServiceRequirements/AIAgents/AILeadQualifierSpec.tsx(970,91): error TS2339: Property 'target' does not exist on type 'string'.
src/components/Phase2/ServiceRequirements/AIAgents/AILeadQualifierSpec.tsx(983,23): error TS2322: Type 'number' is not assignable to type 'string'.
src/components/Phase2/ServiceRequirements/AIAgents/AILeadQualifierSpec.tsx(986,99): error TS2339: Property 'target' does not exist on type 'string'.
src/components/Phase2/ServiceRequirements/AIAgents/AILeadQualifierSpec.tsx(1000,23): error TS2322: Type 'number' is not assignable to type 'string'.
src/components/Phase2/ServiceRequirements/AIAgents/AILeadQualifierSpec.tsx(1003,96): error TS2339: Property 'target' does not exist on type 'string'.
src/components/Phase2/ServiceRequirements/AIAgents/AILeadQualifierSpec.tsx(1061,55): error TS2322: Type '"outline"' is not assignable to type '"success" | "primary" | "danger" | "secondary" | "ghost" | undefined'.
src/components/Phase2/ServiceRequirements/AIAgents/AISalesAgentSpec.tsx(17,88): error TS6196: 'MessagingChannel' is declared but never used.
src/components/Phase2/ServiceRequirements/AIAgents/AISalesAgentSpec.tsx(361,39): error TS2339: Property 'target' does not exist on type 'string'.
src/components/Phase2/ServiceRequirements/AIAgents/AISalesAgentSpec.tsx(362,34): error TS2339: Property 'target' does not exist on type 'string'.
src/components/Phase2/ServiceRequirements/AIAgents/AISalesAgentSpec.tsx(374,72): error TS2339: Property 'target' does not exist on type 'string'.
src/components/Phase2/ServiceRequirements/AIAgents/AISalesAgentSpec.tsx(385,81): error TS2339: Property 'target' does not exist on type 'string'.
src/components/Phase2/ServiceRequirements/AIAgents/AISalesAgentSpec.tsx(431,23): error TS2322: Type 'number' is not assignable to type 'string'.
src/components/Phase2/ServiceRequirements/AIAgents/AISalesAgentSpec.tsx(436,53): error TS2339: Property 'target' does not exist on type 'string'.
src/components/Phase2/ServiceRequirements/AIAgents/AISalesAgentSpec.tsx(452,45): error TS2339: Property 'target' does not exist on type 'string'.
src/components/Phase2/ServiceRequirements/AIAgents/AISalesAgentSpec.tsx(474,44): error TS2339: Property 'target' does not exist on type 'string'.
src/components/Phase2/ServiceRequirements/AIAgents/AISalesAgentSpec.tsx(522,69): error TS2322: Type '"outline"' is not assignable to type '"success" | "primary" | "danger" | "secondary" | "ghost" | undefined'.
src/components/Phase2/ServiceRequirements/AIAgents/AISalesAgentSpec.tsx(534,91): error TS2339: Property 'target' does not exist on type 'string'.
src/components/Phase2/ServiceRequirements/AIAgents/AISalesAgentSpec.tsx(568,46): error TS2339: Property 'target' does not exist on type 'string'.
src/components/Phase2/ServiceRequirements/AIAgents/AISalesAgentSpec.tsx(568,74): error TS7006: Parameter 's' implicitly has an 'any' type.
src/components/Phase2/ServiceRequirements/AIAgents/AISalesAgentSpec.tsx(605,25): error TS2322: Type 'string | number' is not assignable to type 'string'.
  Type 'number' is not assignable to type 'string'.
src/components/Phase2/ServiceRequirements/AIAgents/AISalesAgentSpec.tsx(612,59): error TS2339: Property 'target' does not exist on type 'string'.
src/components/Phase2/ServiceRequirements/AIAgents/AISalesAgentSpec.tsx(632,45): error TS2339: Property 'target' does not exist on type 'string'.
src/components/Phase2/ServiceRequirements/AIAgents/AISalesAgentSpec.tsx(657,41): error TS2339: Property 'target' does not exist on type 'string'.
src/components/Phase2/ServiceRequirements/AIAgents/AISalesAgentSpec.tsx(657,69): error TS7006: Parameter 's' implicitly has an 'any' type.
src/components/Phase2/ServiceRequirements/AIAgents/AISalesAgentSpec.tsx(682,37): error TS2339: Property 'target' does not exist on type 'string'.
src/components/Phase2/ServiceRequirements/AIAgents/AISalesAgentSpec.tsx(719,25): error TS2322: Type '"time"' is not assignable to type '"number" | "email" | "text" | "password" | "tel" | undefined'.
src/components/Phase2/ServiceRequirements/AIAgents/AISalesAgentSpec.tsx(729,42): error TS2339: Property 'target' does not exist on type 'string'.
src/components/Phase2/ServiceRequirements/AIAgents/AISalesAgentSpec.tsx(742,25): error TS2322: Type '"time"' is not assignable to type '"number" | "email" | "text" | "password" | "tel" | undefined'.
src/components/Phase2/ServiceRequirements/AIAgents/AISalesAgentSpec.tsx(752,40): error TS2339: Property 'target' does not exist on type 'string'.
src/components/Phase2/ServiceRequirements/AIAgents/AISalesAgentSpec.tsx(768,25): error TS2322: Type 'number' is not assignable to type 'string'.
src/components/Phase2/ServiceRequirements/AIAgents/AISalesAgentSpec.tsx(775,54): error TS2339: Property 'target' does not exist on type 'string'.
src/components/Phase2/ServiceRequirements/AIAgents/AISalesAgentSpec.tsx(788,64): error TS2322: Type '"outline"' is not assignable to type '"success" | "primary" | "danger" | "secondary" | "ghost" | undefined'.
src/components/Phase2/ServiceRequirements/AIAgents/AISalesAgentSpec.tsx(798,77): error TS2339: Property 'target' does not exist on type 'string'.
src/components/Phase2/ServiceRequirements/AIAgents/AISalesAgentSpec.tsx(807,27): error TS2322: Type 'number' is not assignable to type 'string'.
src/components/Phase2/ServiceRequirements/AIAgents/AISalesAgentSpec.tsx(808,97): error TS2339: Property 'target' does not exist on type 'string'.
src/components/Phase2/ServiceRequirements/AIAgents/AISalesAgentSpec.tsx(940,39): error TS2339: Property 'target' does not exist on type 'string'.
src/components/Phase2/ServiceRequirements/AIAgents/AISalesAgentSpec.tsx(992,45): error TS2339: Property 'target' does not exist on type 'string'.
src/components/Phase2/ServiceRequirements/AIAgents/AISalesAgentSpec.tsx(992,73): error TS7006: Parameter 's' implicitly has an 'any' type.
src/components/Phase2/ServiceRequirements/AIAgents/AISalesAgentSpec.tsx(1010,23): error TS2322: Type 'number' is not assignable to type 'string'.
src/components/Phase2/ServiceRequirements/AIAgents/AISalesAgentSpec.tsx(1015,51): error TS2339: Property 'target' does not exist on type 'string'.
src/components/Phase2/ServiceRequirements/AIAgents/AISalesAgentSpec.tsx(1029,23): error TS2322: Type 'number' is not assignable to type 'string'.
src/components/Phase2/ServiceRequirements/AIAgents/AISalesAgentSpec.tsx(1034,54): error TS2339: Property 'target' does not exist on type 'string'.
src/components/Phase2/ServiceRequirements/AIAgents/AISalesAgentSpec.tsx(1054,23): error TS2322: Type 'number' is not assignable to type 'string'.
src/components/Phase2/ServiceRequirements/AIAgents/AISalesAgentSpec.tsx(1059,58): error TS2339: Property 'target' does not exist on type 'string'.
src/components/Phase2/ServiceRequirements/AIAgents/AISalesAgentSpec.tsx(1077,25): error TS2322: Type 'number' is not assignable to type 'string'.
src/components/Phase2/ServiceRequirements/AIAgents/AISalesAgentSpec.tsx(1084,62): error TS2339: Property 'target' does not exist on type 'string'.
src/components/Phase2/ServiceRequirements/AIAgents/AISalesAgentSpec.tsx(1099,25): error TS2322: Type 'number' is not assignable to type 'string'.
src/components/Phase2/ServiceRequirements/AIAgents/AISalesAgentSpec.tsx(1106,57): error TS2339: Property 'target' does not exist on type 'string'.
src/components/Phase2/ServiceRequirements/AIAgents/AISalesAgentSpec.tsx(1158,55): error TS2322: Type '"outline"' is not assignable to type '"success" | "primary" | "danger" | "secondary" | "ghost" | undefined'.
src/components/Phase2/ServiceRequirements/AIAgents/AITriageSpec.tsx(378,39): error TS2339: Property 'target' does not exist on type 'string'.
src/components/Phase2/ServiceRequirements/AIAgents/AITriageSpec.tsx(379,46): error TS2339: Property 'target' does not exist on type 'string'.
src/components/Phase2/ServiceRequirements/AIAgents/AITriageSpec.tsx(391,74): error TS2339: Property 'target' does not exist on type 'string'.
src/components/Phase2/ServiceRequirements/AIAgents/AITriageSpec.tsx(402,76): error TS2339: Property 'target' does not exist on type 'string'.
src/components/Phase2/ServiceRequirements/AIAgents/AITriageSpec.tsx(416,82): error TS2339: Property 'target' does not exist on type 'string'.
src/components/Phase2/ServiceRequirements/AIAgents/AITriageSpec.tsx(437,25): error TS2322: Type 'number' is not assignable to type 'string'.
src/components/Phase2/ServiceRequirements/AIAgents/AITriageSpec.tsx(440,95): error TS2339: Property 'target' does not exist on type 'string'.
src/components/Phase2/ServiceRequirements/AIAgents/AITriageSpec.tsx(452,25): error TS2322: Type 'number' is not assignable to type 'string'.
src/components/Phase2/ServiceRequirements/AIAgents/AITriageSpec.tsx(455,91): error TS2339: Property 'target' does not exist on type 'string'.
src/components/Phase2/ServiceRequirements/AIAgents/AITriageSpec.tsx(469,25): error TS2322: Type 'number' is not assignable to type 'string'.
src/components/Phase2/ServiceRequirements/AIAgents/AITriageSpec.tsx(472,103): error TS2339: Property 'target' does not exist on type 'string'.
src/components/Phase2/ServiceRequirements/AIAgents/AITriageSpec.tsx(534,84): error TS2339: Property 'target' does not exist on type 'string'.
src/components/Phase2/ServiceRequirements/AIAgents/AITriageSpec.tsx(545,86): error TS2339: Property 'target' does not exist on type 'string'.
src/components/Phase2/ServiceRequirements/AIAgents/AITriageSpec.tsx(558,41): error TS2339: Property 'target' does not exist on type 'string'.
src/components/Phase2/ServiceRequirements/AIAgents/AITriageSpec.tsx(558,69): error TS7006: Parameter 's' implicitly has an 'any' type.
src/components/Phase2/ServiceRequirements/AIAgents/AITriageSpec.tsx(570,90): error TS2339: Property 'target' does not exist on type 'string'.
src/components/Phase2/ServiceRequirements/AIAgents/AITriageSpec.tsx(611,55): error TS2322: Type '"outline"' is not assignable to type '"success" | "primary" | "danger" | "secondary" | "ghost" | undefined'.
src/components/Phase2/ServiceRequirements/AIAgents/AITriageSpec.tsx(639,86): error TS2339: Property 'target' does not exist on type 'string'.
src/components/Phase2/ServiceRequirements/AIAgents/AITriageSpec.tsx(650,88): error TS2339: Property 'target' does not exist on type 'string'.
src/components/Phase2/ServiceRequirements/AIAgents/AITriageSpec.tsx(663,96): error TS2339: Property 'target' does not exist on type 'string'.
src/components/Phase2/ServiceRequirements/AIAgents/AITriageSpec.tsx(709,54): error TS2322: Type '"outline"' is not assignable to type '"success" | "primary" | "danger" | "secondary" | "ghost" | undefined'.
src/components/Phase2/ServiceRequirements/AIAgents/AITriageSpec.tsx(737,89): error TS2339: Property 'target' does not exist on type 'string'.
src/components/Phase2/ServiceRequirements/AIAgents/AITriageSpec.tsx(748,89): error TS2339: Property 'target' does not exist on type 'string'.
src/components/Phase2/ServiceRequirements/AIAgents/AITriageSpec.tsx(762,69): error TS2339: Property 'target' does not exist on type 'string'.
src/components/Phase2/ServiceRequirements/AIAgents/AITriageSpec.tsx(780,71): error TS2339: Property 'target' does not exist on type 'string'.
src/components/Phase2/ServiceRequirements/AIAgents/AITriageSpec.tsx(794,99): error TS2339: Property 'target' does not exist on type 'string'.
src/components/Phase2/ServiceRequirements/AIAgents/AITriageSpec.tsx(811,31): error TS2322: Type 'string | number' is not assignable to type 'string'.
  Type 'number' is not assignable to type 'string'.
src/components/Phase2/ServiceRequirements/AIAgents/AITriageSpec.tsx(812,100): error TS2339: Property 'target' does not exist on type 'string'.
src/components/Phase2/ServiceRequirements/AIAgents/AITriageSpec.tsx(873,29): error TS2322: Type 'number' is not assignable to type 'string'.
src/components/Phase2/ServiceRequirements/AIAgents/AITriageSpec.tsx(878,114): error TS2339: Property 'target' does not exist on type 'string'.
src/components/Phase2/ServiceRequirements/AIAgents/AITriageSpec.tsx(892,29): error TS2322: Type 'number' is not assignable to type 'string'.
src/components/Phase2/ServiceRequirements/AIAgents/AITriageSpec.tsx(897,110): error TS2339: Property 'target' does not exist on type 'string'.
src/components/Phase2/ServiceRequirements/AIAgents/AITriageSpec.tsx(911,29): error TS2322: Type 'number' is not assignable to type 'string'.
src/components/Phase2/ServiceRequirements/AIAgents/AITriageSpec.tsx(916,109): error TS2339: Property 'target' does not exist on type 'string'.
src/components/Phase2/ServiceRequirements/AIAgents/AITriageSpec.tsx(930,29): error TS2322: Type 'number' is not assignable to type 'string'.
src/components/Phase2/ServiceRequirements/AIAgents/AITriageSpec.tsx(935,110): error TS2339: Property 'target' does not exist on type 'string'.
src/components/Phase2/ServiceRequirements/AIAgents/AITriageSpec.tsx(949,29): error TS2322: Type 'number' is not assignable to type 'string'.
src/components/Phase2/ServiceRequirements/AIAgents/AITriageSpec.tsx(954,114): error TS2339: Property 'target' does not exist on type 'string'.
src/components/Phase2/ServiceRequirements/AIAgents/AITriageSpec.tsx(1100,94): error TS2339: Property 'target' does not exist on type 'string'.
src/components/Phase2/ServiceRequirements/AIAgents/AITriageSpec.tsx(1119,82): error TS2339: Property 'target' does not exist on type 'string'.
src/components/Phase2/ServiceRequirements/AIAgents/AITriageSpec.tsx(1135,79): error TS2339: Property 'target' does not exist on type 'string'.
src/components/Phase2/ServiceRequirements/AIAgents/AITriageSpec.tsx(1153,43): error TS2339: Property 'target' does not exist on type 'string'.
src/components/Phase2/ServiceRequirements/AIAgents/AITriageSpec.tsx(1153,71): error TS7006: Parameter 's' implicitly has an 'any' type.
src/components/Phase2/ServiceRequirements/AIAgents/AITriageSpec.tsx(1172,45): error TS2339: Property 'target' does not exist on type 'string'.
src/components/Phase2/ServiceRequirements/AIAgents/AITriageSpec.tsx(1172,73): error TS7006: Parameter 's' implicitly has an 'any' type.
src/components/Phase2/ServiceRequirements/AIAgents/AITriageSpec.tsx(1191,44): error TS2339: Property 'target' does not exist on type 'string'.
src/components/Phase2/ServiceRequirements/AIAgents/AITriageSpec.tsx(1191,72): error TS7006: Parameter 's' implicitly has an 'any' type.
src/components/Phase2/ServiceRequirements/AIAgents/AITriageSpec.tsx(1221,92): error TS2339: Property 'target' does not exist on type 'string'.
src/components/Phase2/ServiceRequirements/AIAgents/AITriageSpec.tsx(1255,13): error TS2322: Type '"outline"' is not assignable to type '"success" | "primary" | "danger" | "secondary" | "ghost" | undefined'.
src/components/Phase2/ServiceRequirements/Automations/AutoAppointmentRemindersSpec.tsx(3,15): error TS2305: Module '"../../../../types/automationServices"' has no exported member 'AutoAppointmentRemindersRequirements'.
src/components/Phase2/ServiceRequirements/Automations/AutoAppointmentRemindersSpec.tsx(5,10): error TS6133: 'Plus' is declared but its value is never read.
src/components/Phase2/ServiceRequirements/Automations/AutoAppointmentRemindersSpec.tsx(5,16): error TS6133: 'Trash2' is declared but its value is never read.
src/components/Phase2/ServiceRequirements/Automations/AutoAppointmentRemindersSpec.tsx(7,7): error TS6133: 'generateId' is declared but its value is never read.
src/components/Phase2/ServiceRequirements/Automations/AutoAppointmentRemindersSpec.tsx(108,44): error TS7006: Parameter 'prev' implicitly has an 'any' type.
src/components/Phase2/ServiceRequirements/Automations/AutoAppointmentRemindersSpec.tsx(124,44): error TS7006: Parameter 'prev' implicitly has an 'any' type.
src/components/Phase2/ServiceRequirements/Automations/AutoAppointmentRemindersSpec.tsx(139,44): error TS7006: Parameter 'prev' implicitly has an 'any' type.
src/components/Phase2/ServiceRequirements/Automations/AutoAppointmentRemindersSpec.tsx(162,72): error TS7006: Parameter 't' implicitly has an 'any' type.
src/components/Phase2/ServiceRequirements/Automations/AutoAppointmentRemindersSpec.tsx(163,33): error TS7006: Parameter 'prev' implicitly has an 'any' type.
src/components/Phase2/ServiceRequirements/Automations/AutoAppointmentRemindersSpec.tsx(185,48): error TS7006: Parameter 'prev' implicitly has an 'any' type.
src/components/Phase2/ServiceRequirements/Automations/AutoAppointmentRemindersSpec.tsx(203,48): error TS7006: Parameter 'prev' implicitly has an 'any' type.
src/components/Phase2/ServiceRequirements/Automations/AutoAppointmentRemindersSpec.tsx(227,48): error TS7006: Parameter 'prev' implicitly has an 'any' type.
src/components/Phase2/ServiceRequirements/Automations/AutoApprovalWorkflowSpec.tsx(74,7): error TS2353: Object literal may only specify known properties, and 'webhookEndpoint' does not exist in type '{ system: "custom" | "crm" | "erp" | "hrms" | "document_management"; authMethod: "oauth" | "api_key" | "basic_auth"; credentials: { clientId?: string | undefined; clientSecret?: string | undefined; apiKey?: string | undefined; }; webhookSupport: boolean; updateStatusEndpoint?: string | undefined; }'.
src/components/Phase2/ServiceRequirements/Automations/AutoApprovalWorkflowSpec.tsx(83,39): error TS7006: Parameter 'a' implicitly has an 'any' type.
src/components/Phase2/ServiceRequirements/Automations/AutoApprovalWorkflowSpec.tsx(95,42): error TS7006: Parameter 'a' implicitly has an 'any' type.
src/components/Phase2/ServiceRequirements/Automations/AutoApprovalWorkflowSpec.tsx(462,50): error TS2339: Property 'webhookEndpoint' does not exist on type '{ system: "custom" | "crm" | "erp" | "hrms" | "document_management"; authMethod: "oauth" | "api_key" | "basic_auth"; credentials: { clientId?: string | undefined; clientSecret?: string | undefined; apiKey?: string | undefined; }; webhookSupport: boolean; updateStatusEndpoint?: string | undefined; }'.
src/components/Phase2/ServiceRequirements/Automations/AutoApprovalWorkflowSpec.tsx(467,27): error TS2353: Object literal may only specify known properties, and 'webhookEndpoint' does not exist in type '{ system: "custom" | "crm" | "erp" | "hrms" | "document_management"; authMethod: "oauth" | "api_key" | "basic_auth"; credentials: { clientId?: string | undefined; clientSecret?: string | undefined; apiKey?: string | undefined; }; webhookSupport: boolean; updateStatusEndpoint?: string | undefined; }'.
src/components/Phase2/ServiceRequirements/Automations/AutoApprovalWorkflowSpec.tsx(1267,35): error TS2322: Type '{ adminEmail: string; action?: "alert_admin" | "auto_approve" | "auto_reject" | undefined; }' is not assignable to type '{ action: "alert_admin" | "auto_approve" | "auto_reject"; adminEmail?: string | undefined; }'.
  Types of property 'action' are incompatible.
    Type '"alert_admin" | "auto_approve" | "auto_reject" | undefined' is not assignable to type '"alert_admin" | "auto_approve" | "auto_reject"'.
      Type 'undefined' is not assignable to type '"alert_admin" | "auto_approve" | "auto_reject"'.
src/components/Phase2/ServiceRequirements/Automations/AutoComplexLogicSpec.tsx(3,15): error TS2305: Module '"../../../../types/automationServices"' has no exported member 'AutoComplexLogicRequirements'.
src/components/Phase2/ServiceRequirements/Automations/AutoComplexLogicSpec.tsx(117,39): error TS7006: Parameter 'rule' implicitly has an 'any' type.
src/components/Phase2/ServiceRequirements/Automations/AutoComplexLogicSpec.tsx(117,45): error TS7006: Parameter 'index' implicitly has an 'any' type.
src/components/Phase2/ServiceRequirements/Automations/AutoComplexLogicSpec.tsx(166,22): error TS18046: 'tree' is of type 'unknown'.
src/components/Phase2/ServiceRequirements/Automations/AutoComplexLogicSpec.tsx(166,38): error TS7006: Parameter 'step' implicitly has an 'any' type.
src/components/Phase2/ServiceRequirements/Automations/AutoComplexLogicSpec.tsx(166,44): error TS7006: Parameter 'index' implicitly has an 'any' type.
src/components/Phase2/ServiceRequirements/Automations/AutoComplexLogicSpec.tsx(174,48): error TS7006: Parameter 'answer' implicitly has an 'any' type.
src/components/Phase2/ServiceRequirements/Automations/AutoComplexLogicSpec.tsx(174,56): error TS7006: Parameter 'ansIndex' implicitly has an 'any' type.
src/components/Phase2/ServiceRequirements/Automations/AutoComplexLogicSpec.tsx(197,46): error TS7006: Parameter 'prev' implicitly has an 'any' type.
src/components/Phase2/ServiceRequirements/Automations/AutoComplexLogicSpec.tsx(214,46): error TS7006: Parameter 'prev' implicitly has an 'any' type.
src/components/Phase2/ServiceRequirements/Automations/AutoComplexLogicSpec.tsx(231,46): error TS7006: Parameter 'prev' implicitly has an 'any' type.
src/components/Phase2/ServiceRequirements/Automations/AutoComplexLogicSpec.tsx(250,51): error TS7006: Parameter 'endpoint' implicitly has an 'any' type.
src/components/Phase2/ServiceRequirements/Automations/AutoComplexLogicSpec.tsx(250,61): error TS7006: Parameter 'index' implicitly has an 'any' type.
src/components/Phase2/ServiceRequirements/Automations/AutoComplexLogicSpec.tsx(261,37): error TS7006: Parameter 'prev' implicitly has an 'any' type.
src/components/Phase2/ServiceRequirements/Automations/AutoComplexLogicSpec.tsx(278,37): error TS7006: Parameter 'prev' implicitly has an 'any' type.
src/components/Phase2/ServiceRequirements/Automations/AutoComplexLogicSpec.tsx(294,37): error TS7006: Parameter 'prev' implicitly has an 'any' type.
src/components/Phase2/ServiceRequirements/Automations/AutoComplexLogicSpec.tsx(317,35): error TS7006: Parameter 'prev' implicitly has an 'any' type.
src/components/Phase2/ServiceRequirements/Automations/AutoComplexLogicSpec.tsx(340,46): error TS7006: Parameter 'prev' implicitly has an 'any' type.
src/components/Phase2/ServiceRequirements/Automations/AutoComplexLogicSpec.tsx(352,60): error TS7006: Parameter 'action' implicitly has an 'any' type.
src/components/Phase2/ServiceRequirements/Automations/AutoComplexLogicSpec.tsx(352,68): error TS7006: Parameter 'index' implicitly has an 'any' type.
src/components/Phase2/ServiceRequirements/Automations/AutoComplexLogicSpec.tsx(368,48): error TS7006: Parameter 'prev' implicitly has an 'any' type.
src/components/Phase2/ServiceRequirements/Automations/AutoComplexLogicSpec.tsx(383,48): error TS7006: Parameter 'prev' implicitly has an 'any' type.
src/components/Phase2/ServiceRequirements/Automations/AutoComplexLogicSpec.tsx(398,48): error TS7006: Parameter 'prev' implicitly has an 'any' type.
src/components/Phase2/ServiceRequirements/Automations/AutoCustomSpec.tsx(27,39): error TS7006: Parameter 'a' implicitly has an 'any' type.
src/components/Phase2/ServiceRequirements/Automations/AutoCustomSpec.tsx(40,40): error TS7006: Parameter 'a' implicitly has an 'any' type.
src/components/Phase2/ServiceRequirements/Automations/AutoDataSyncSpec.tsx(27,39): error TS7006: Parameter 'a' implicitly has an 'any' type.
src/components/Phase2/ServiceRequirements/Automations/AutoDataSyncSpec.tsx(40,40): error TS7006: Parameter 'a' implicitly has an 'any' type.
src/components/Phase2/ServiceRequirements/Automations/AutoDocumentGenerationSpec.tsx(25,39): error TS7006: Parameter 'a' implicitly has an 'any' type.
src/components/Phase2/ServiceRequirements/Automations/AutoDocumentGenerationSpec.tsx(38,40): error TS7006: Parameter 'a' implicitly has an 'any' type.
src/components/Phase2/ServiceRequirements/Automations/AutoDocumentMgmtSpec.tsx(27,39): error TS7006: Parameter 'a' implicitly has an 'any' type.
src/components/Phase2/ServiceRequirements/Automations/AutoDocumentMgmtSpec.tsx(40,40): error TS7006: Parameter 'a' implicitly has an 'any' type.
src/components/Phase2/ServiceRequirements/Automations/AutoEndToEndSpec.tsx(27,39): error TS7006: Parameter 'a' implicitly has an 'any' type.
src/components/Phase2/ServiceRequirements/Automations/AutoEndToEndSpec.tsx(40,40): error TS7006: Parameter 'a' implicitly has an 'any' type.
src/components/Phase2/ServiceRequirements/Automations/AutoFormToCrmSpec.tsx(31,39): error TS7006: Parameter 'a' implicitly has an 'any' type.
src/components/Phase2/ServiceRequirements/Automations/AutoFormToCrmSpec.tsx(44,40): error TS7006: Parameter 'a' implicitly has an 'any' type.
src/components/Phase2/ServiceRequirements/Automations/AutoLeadResponseSpec.tsx(108,39): error TS7006: Parameter 'item' implicitly has an 'any' type.
src/components/Phase2/ServiceRequirements/Automations/AutoLeadWorkflowSpec.tsx(32,39): error TS7006: Parameter 'a' implicitly has an 'any' type.
src/components/Phase2/ServiceRequirements/Automations/AutoLeadWorkflowSpec.tsx(45,40): error TS7006: Parameter 'a' implicitly has an 'any' type.
src/components/Phase2/ServiceRequirements/Automations/AutoMeetingSchedulerSpec.tsx(34,39): error TS7006: Parameter 'a' implicitly has an 'any' type.
src/components/Phase2/ServiceRequirements/Automations/AutoMeetingSchedulerSpec.tsx(47,40): error TS7006: Parameter 'a' implicitly has an 'any' type.
src/components/Phase2/ServiceRequirements/Automations/AutoMultiSystemSpec.tsx(23,39): error TS7006: Parameter 'a' implicitly has an 'any' type.
src/components/Phase2/ServiceRequirements/Automations/AutoMultiSystemSpec.tsx(36,40): error TS7006: Parameter 'a' implicitly has an 'any' type.
src/components/Phase2/ServiceRequirements/Automations/AutoNotificationsSpec.tsx(13,5): error TS2353: Object literal may only specify known properties, and 'stateManagement' does not exist in type 'AutoNotificationsRequirements | (() => AutoNotificationsRequirements)'.
src/components/Phase2/ServiceRequirements/Automations/AutoNotificationsSpec.tsx(83,39): error TS7006: Parameter 'a' implicitly has an 'any' type.
src/components/Phase2/ServiceRequirements/Automations/AutoNotificationsSpec.tsx(95,42): error TS7006: Parameter 'a' implicitly has an 'any' type.
src/components/Phase2/ServiceRequirements/Automations/AutoNotificationsSpec.tsx(123,7): error TS2353: Object literal may only specify known properties, and 'approvalHierarchy' does not exist in type 'SetStateAction<AutoNotificationsRequirements>'.
src/components/Phase2/ServiceRequirements/Automations/AutoNotificationsSpec.tsx(124,19): error TS2339: Property 'approvalHierarchy' does not exist on type 'AutoNotificationsRequirements'.
src/components/Phase2/ServiceRequirements/Automations/AutoNotificationsSpec.tsx(126,21): error TS2339: Property 'approvalHierarchy' does not exist on type 'AutoNotificationsRequirements'.
src/components/Phase2/ServiceRequirements/Automations/AutoNotificationsSpec.tsx(128,27): error TS2339: Property 'approvalHierarchy' does not exist on type 'AutoNotificationsRequirements'.
src/components/Phase2/ServiceRequirements/Automations/AutoNotificationsSpec.tsx(141,7): error TS2353: Object literal may only specify known properties, and 'approvalHierarchy' does not exist in type 'SetStateAction<AutoNotificationsRequirements>'.
src/components/Phase2/ServiceRequirements/Automations/AutoNotificationsSpec.tsx(142,19): error TS2339: Property 'approvalHierarchy' does not exist on type 'AutoNotificationsRequirements'.
src/components/Phase2/ServiceRequirements/Automations/AutoNotificationsSpec.tsx(143,24): error TS2339: Property 'approvalHierarchy' does not exist on type 'AutoNotificationsRequirements'.
src/components/Phase2/ServiceRequirements/Automations/AutoNotificationsSpec.tsx(143,57): error TS7006: Parameter '_' implicitly has an 'any' type.
src/components/Phase2/ServiceRequirements/Automations/AutoNotificationsSpec.tsx(143,60): error TS7006: Parameter 'i' implicitly has an 'any' type.
src/components/Phase2/ServiceRequirements/Automations/AutoNotificationsSpec.tsx(149,38): error TS2339: Property 'approvalHierarchy' does not exist on type 'AutoNotificationsRequirements'.
src/components/Phase2/ServiceRequirements/Automations/AutoNotificationsSpec.tsx(158,7): error TS2353: Object literal may only specify known properties, and 'approvalHierarchy' does not exist in type 'SetStateAction<AutoNotificationsRequirements>'.
src/components/Phase2/ServiceRequirements/Automations/AutoNotificationsSpec.tsx(159,19): error TS2339: Property 'approvalHierarchy' does not exist on type 'AutoNotificationsRequirements'.
src/components/Phase2/ServiceRequirements/Automations/AutoNotificationsSpec.tsx(166,38): error TS2339: Property 'approvalHierarchy' does not exist on type 'AutoNotificationsRequirements'.
src/components/Phase2/ServiceRequirements/Automations/AutoNotificationsSpec.tsx(167,87): error TS7006: Parameter '_' implicitly has an 'any' type.
src/components/Phase2/ServiceRequirements/Automations/AutoNotificationsSpec.tsx(167,90): error TS7006: Parameter 'i' implicitly has an 'any' type.
src/components/Phase2/ServiceRequirements/Automations/AutoNotificationsSpec.tsx(170,7): error TS2353: Object literal may only specify known properties, and 'approvalHierarchy' does not exist in type 'SetStateAction<AutoNotificationsRequirements>'.
src/components/Phase2/ServiceRequirements/Automations/AutoNotificationsSpec.tsx(171,19): error TS2339: Property 'approvalHierarchy' does not exist on type 'AutoNotificationsRequirements'.
src/components/Phase2/ServiceRequirements/Automations/AutoNotificationsSpec.tsx(180,7): error TS2353: Object literal may only specify known properties, and 'routingLogic' does not exist in type 'SetStateAction<AutoNotificationsRequirements>'.
src/components/Phase2/ServiceRequirements/Automations/AutoNotificationsSpec.tsx(181,19): error TS2339: Property 'routingLogic' does not exist on type 'AutoNotificationsRequirements'.
src/components/Phase2/ServiceRequirements/Automations/AutoNotificationsSpec.tsx(183,21): error TS2339: Property 'routingLogic' does not exist on type 'AutoNotificationsRequirements'.
src/components/Phase2/ServiceRequirements/Automations/AutoNotificationsSpec.tsx(196,7): error TS2353: Object literal may only specify known properties, and 'routingLogic' does not exist in type 'SetStateAction<AutoNotificationsRequirements>'.
src/components/Phase2/ServiceRequirements/Automations/AutoNotificationsSpec.tsx(197,19): error TS2339: Property 'routingLogic' does not exist on type 'AutoNotificationsRequirements'.
src/components/Phase2/ServiceRequirements/Automations/AutoNotificationsSpec.tsx(198,30): error TS2339: Property 'routingLogic' does not exist on type 'AutoNotificationsRequirements'.
src/components/Phase2/ServiceRequirements/Automations/AutoNotificationsSpec.tsx(198,64): error TS7006: Parameter '_' implicitly has an 'any' type.
src/components/Phase2/ServiceRequirements/Automations/AutoNotificationsSpec.tsx(198,67): error TS7006: Parameter 'i' implicitly has an 'any' type.
src/components/Phase2/ServiceRequirements/Automations/AutoNotificationsSpec.tsx(206,7): error TS2353: Object literal may only specify known properties, and 'escalation' does not exist in type 'SetStateAction<AutoNotificationsRequirements>'.
src/components/Phase2/ServiceRequirements/Automations/AutoNotificationsSpec.tsx(207,19): error TS2339: Property 'escalation' does not exist on type 'AutoNotificationsRequirements'.
src/components/Phase2/ServiceRequirements/Automations/AutoNotificationsSpec.tsx(209,21): error TS2339: Property 'escalation' does not exist on type 'AutoNotificationsRequirements'.
src/components/Phase2/ServiceRequirements/Automations/AutoNotificationsSpec.tsx(211,26): error TS2339: Property 'escalation' does not exist on type 'AutoNotificationsRequirements'.
src/components/Phase2/ServiceRequirements/Automations/AutoNotificationsSpec.tsx(224,7): error TS2353: Object literal may only specify known properties, and 'escalation' does not exist in type 'SetStateAction<AutoNotificationsRequirements>'.
src/components/Phase2/ServiceRequirements/Automations/AutoNotificationsSpec.tsx(225,19): error TS2339: Property 'escalation' does not exist on type 'AutoNotificationsRequirements'.
src/components/Phase2/ServiceRequirements/Automations/AutoNotificationsSpec.tsx(226,33): error TS2339: Property 'escalation' does not exist on type 'AutoNotificationsRequirements'.
src/components/Phase2/ServiceRequirements/Automations/AutoNotificationsSpec.tsx(226,68): error TS7006: Parameter '_' implicitly has an 'any' type.
src/components/Phase2/ServiceRequirements/Automations/AutoNotificationsSpec.tsx(226,71): error TS7006: Parameter 'i' implicitly has an 'any' type.
src/components/Phase2/ServiceRequirements/Automations/AutoNotificationsSpec.tsx(294,39): error TS2339: Property 'stateManagement' does not exist on type 'AutoNotificationsRequirements'.
src/components/Phase2/ServiceRequirements/Automations/AutoNotificationsSpec.tsx(297,27): error TS2353: Object literal may only specify known properties, and 'stateManagement' does not exist in type 'SetStateAction<AutoNotificationsRequirements>'.
src/components/Phase2/ServiceRequirements/Automations/AutoNotificationsSpec.tsx(298,39): error TS2339: Property 'stateManagement' does not exist on type 'AutoNotificationsRequirements'.
src/components/Phase2/ServiceRequirements/Automations/AutoNotificationsSpec.tsx(310,30): error TS2339: Property 'stateManagement' does not exist on type 'AutoNotificationsRequirements'.
src/components/Phase2/ServiceRequirements/Automations/AutoNotificationsSpec.tsx(310,83): error TS2339: Property 'stateManagement' does not exist on type 'AutoNotificationsRequirements'.
src/components/Phase2/ServiceRequirements/Automations/AutoNotificationsSpec.tsx(319,43): error TS2339: Property 'stateManagement' does not exist on type 'AutoNotificationsRequirements'.
src/components/Phase2/ServiceRequirements/Automations/AutoNotificationsSpec.tsx(322,31): error TS2353: Object literal may only specify known properties, and 'stateManagement' does not exist in type 'SetStateAction<AutoNotificationsRequirements>'.
src/components/Phase2/ServiceRequirements/Automations/AutoNotificationsSpec.tsx(323,43): error TS2339: Property 'stateManagement' does not exist on type 'AutoNotificationsRequirements'.
src/components/Phase2/ServiceRequirements/Automations/AutoNotificationsSpec.tsx(325,45): error TS2339: Property 'stateManagement' does not exist on type 'AutoNotificationsRequirements'.
src/components/Phase2/ServiceRequirements/Automations/AutoNotificationsSpec.tsx(340,43): error TS2339: Property 'stateManagement' does not exist on type 'AutoNotificationsRequirements'.
src/components/Phase2/ServiceRequirements/Automations/AutoNotificationsSpec.tsx(343,31): error TS2353: Object literal may only specify known properties, and 'stateManagement' does not exist in type 'SetStateAction<AutoNotificationsRequirements>'.
src/components/Phase2/ServiceRequirements/Automations/AutoNotificationsSpec.tsx(344,43): error TS2339: Property 'stateManagement' does not exist on type 'AutoNotificationsRequirements'.
src/components/Phase2/ServiceRequirements/Automations/AutoNotificationsSpec.tsx(346,45): error TS2339: Property 'stateManagement' does not exist on type 'AutoNotificationsRequirements'.
src/components/Phase2/ServiceRequirements/Automations/AutoNotificationsSpec.tsx(358,30): error TS2339: Property 'stateManagement' does not exist on type 'AutoNotificationsRequirements'.
src/components/Phase2/ServiceRequirements/Automations/AutoNotificationsSpec.tsx(358,78): error TS2339: Property 'stateManagement' does not exist on type 'AutoNotificationsRequirements'.
src/components/Phase2/ServiceRequirements/Automations/AutoNotificationsSpec.tsx(368,45): error TS2339: Property 'stateManagement' does not exist on type 'AutoNotificationsRequirements'.
src/components/Phase2/ServiceRequirements/Automations/AutoNotificationsSpec.tsx(371,33): error TS2353: Object literal may only specify known properties, and 'stateManagement' does not exist in type 'SetStateAction<AutoNotificationsRequirements>'.
src/components/Phase2/ServiceRequirements/Automations/AutoNotificationsSpec.tsx(372,45): error TS2339: Property 'stateManagement' does not exist on type 'AutoNotificationsRequirements'.
src/components/Phase2/ServiceRequirements/Automations/AutoNotificationsSpec.tsx(374,47): error TS2339: Property 'stateManagement' does not exist on type 'AutoNotificationsRequirements'.
src/components/Phase2/ServiceRequirements/Automations/AutoNotificationsSpec.tsx(389,45): error TS2339: Property 'stateManagement' does not exist on type 'AutoNotificationsRequirements'.
src/components/Phase2/ServiceRequirements/Automations/AutoNotificationsSpec.tsx(392,33): error TS2353: Object literal may only specify known properties, and 'stateManagement' does not exist in type 'SetStateAction<AutoNotificationsRequirements>'.
src/components/Phase2/ServiceRequirements/Automations/AutoNotificationsSpec.tsx(393,45): error TS2339: Property 'stateManagement' does not exist on type 'AutoNotificationsRequirements'.
src/components/Phase2/ServiceRequirements/Automations/AutoNotificationsSpec.tsx(395,47): error TS2339: Property 'stateManagement' does not exist on type 'AutoNotificationsRequirements'.
src/components/Phase2/ServiceRequirements/Automations/AutoNotificationsSpec.tsx(418,39): error TS2339: Property 'sourceSystem' does not exist on type 'AutoNotificationsRequirements'.
src/components/Phase2/ServiceRequirements/Automations/AutoNotificationsSpec.tsx(421,27): error TS2353: Object literal may only specify known properties, and 'sourceSystem' does not exist in type 'SetStateAction<AutoNotificationsRequirements>'.
src/components/Phase2/ServiceRequirements/Automations/AutoNotificationsSpec.tsx(422,39): error TS2339: Property 'sourceSystem' does not exist on type 'AutoNotificationsRequirements'.
src/components/Phase2/ServiceRequirements/Automations/AutoNotificationsSpec.tsx(440,39): error TS2339: Property 'sourceSystem' does not exist on type 'AutoNotificationsRequirements'.
src/components/Phase2/ServiceRequirements/Automations/AutoNotificationsSpec.tsx(443,27): error TS2353: Object literal may only specify known properties, and 'sourceSystem' does not exist in type 'SetStateAction<AutoNotificationsRequirements>'.
src/components/Phase2/ServiceRequirements/Automations/AutoNotificationsSpec.tsx(444,39): error TS2339: Property 'sourceSystem' does not exist on type 'AutoNotificationsRequirements'.
src/components/Phase2/ServiceRequirements/Automations/AutoNotificationsSpec.tsx(462,37): error TS2339: Property 'sourceSystem' does not exist on type 'AutoNotificationsRequirements'.
src/components/Phase2/ServiceRequirements/Automations/AutoNotificationsSpec.tsx(465,25): error TS2353: Object literal may only specify known properties, and 'sourceSystem' does not exist in type 'SetStateAction<AutoNotificationsRequirements>'.
src/components/Phase2/ServiceRequirements/Automations/AutoNotificationsSpec.tsx(466,37): error TS2339: Property 'sourceSystem' does not exist on type 'AutoNotificationsRequirements'.
src/components/Phase2/ServiceRequirements/Automations/AutoNotificationsSpec.tsx(482,41): error TS2339: Property 'multiLevelConfig' does not exist on type 'AutoNotificationsRequirements'.
src/components/Phase2/ServiceRequirements/Automations/AutoNotificationsSpec.tsx(485,27): error TS2353: Object literal may only specify known properties, and 'multiLevelConfig' does not exist in type 'SetStateAction<AutoNotificationsRequirements>'.
src/components/Phase2/ServiceRequirements/Automations/AutoNotificationsSpec.tsx(486,39): error TS2339: Property 'multiLevelConfig' does not exist on type 'AutoNotificationsRequirements'.
src/components/Phase2/ServiceRequirements/Automations/AutoNotificationsSpec.tsx(496,29): error TS2339: Property 'multiLevelConfig' does not exist on type 'AutoNotificationsRequirements'.
src/components/Phase2/ServiceRequirements/Automations/AutoNotificationsSpec.tsx(503,41): error TS2339: Property 'multiLevelConfig' does not exist on type 'AutoNotificationsRequirements'.
src/components/Phase2/ServiceRequirements/Automations/AutoNotificationsSpec.tsx(506,29): error TS2353: Object literal may only specify known properties, and 'multiLevelConfig' does not exist in type 'SetStateAction<AutoNotificationsRequirements>'.
src/components/Phase2/ServiceRequirements/Automations/AutoNotificationsSpec.tsx(507,41): error TS2339: Property 'multiLevelConfig' does not exist on type 'AutoNotificationsRequirements'.
src/components/Phase2/ServiceRequirements/Automations/AutoNotificationsSpec.tsx(536,25): error TS2339: Property 'approvalHierarchy' does not exist on type 'AutoNotificationsRequirements'.
src/components/Phase2/ServiceRequirements/Automations/AutoNotificationsSpec.tsx(536,55): error TS7006: Parameter 'level' implicitly has an 'any' type.
src/components/Phase2/ServiceRequirements/Automations/AutoNotificationsSpec.tsx(536,62): error TS7006: Parameter 'levelIndex' implicitly has an 'any' type.
src/components/Phase2/ServiceRequirements/Automations/AutoNotificationsSpec.tsx(557,62): error TS2339: Property 'approvalHierarchy' does not exist on type 'AutoNotificationsRequirements'.
src/components/Phase2/ServiceRequirements/Automations/AutoNotificationsSpec.tsx(561,31): error TS2353: Object literal may only specify known properties, and 'approvalHierarchy' does not exist in type 'SetStateAction<AutoNotificationsRequirements>'.
src/components/Phase2/ServiceRequirements/Automations/AutoNotificationsSpec.tsx(562,43): error TS2339: Property 'approvalHierarchy' does not exist on type 'AutoNotificationsRequirements'.
src/components/Phase2/ServiceRequirements/Automations/AutoNotificationsSpec.tsx(579,62): error TS2339: Property 'approvalHierarchy' does not exist on type 'AutoNotificationsRequirements'.
src/components/Phase2/ServiceRequirements/Automations/AutoNotificationsSpec.tsx(583,31): error TS2353: Object literal may only specify known properties, and 'approvalHierarchy' does not exist in type 'SetStateAction<AutoNotificationsRequirements>'.
src/components/Phase2/ServiceRequirements/Automations/AutoNotificationsSpec.tsx(584,43): error TS2339: Property 'approvalHierarchy' does not exist on type 'AutoNotificationsRequirements'.
src/components/Phase2/ServiceRequirements/Automations/AutoNotificationsSpec.tsx(607,45): error TS7006: Parameter 'approver' implicitly has an 'any' type.
src/components/Phase2/ServiceRequirements/Automations/AutoNotificationsSpec.tsx(607,55): error TS7006: Parameter 'approverIndex' implicitly has an 'any' type.
src/components/Phase2/ServiceRequirements/Automations/AutoNotificationsSpec.tsx(614,66): error TS2339: Property 'approvalHierarchy' does not exist on type 'AutoNotificationsRequirements'.
src/components/Phase2/ServiceRequirements/Automations/AutoNotificationsSpec.tsx(618,35): error TS2353: Object literal may only specify known properties, and 'approvalHierarchy' does not exist in type 'SetStateAction<AutoNotificationsRequirements>'.
src/components/Phase2/ServiceRequirements/Automations/AutoNotificationsSpec.tsx(619,47): error TS2339: Property 'approvalHierarchy' does not exist on type 'AutoNotificationsRequirements'.
src/components/Phase2/ServiceRequirements/Automations/AutoNotificationsSpec.tsx(631,66): error TS2339: Property 'approvalHierarchy' does not exist on type 'AutoNotificationsRequirements'.
src/components/Phase2/ServiceRequirements/Automations/AutoNotificationsSpec.tsx(635,35): error TS2353: Object literal may only specify known properties, and 'approvalHierarchy' does not exist in type 'SetStateAction<AutoNotificationsRequirements>'.
src/components/Phase2/ServiceRequirements/Automations/AutoNotificationsSpec.tsx(636,47): error TS2339: Property 'approvalHierarchy' does not exist on type 'AutoNotificationsRequirements'.
src/components/Phase2/ServiceRequirements/Automations/AutoNotificationsSpec.tsx(648,66): error TS2339: Property 'approvalHierarchy' does not exist on type 'AutoNotificationsRequirements'.
src/components/Phase2/ServiceRequirements/Automations/AutoNotificationsSpec.tsx(652,35): error TS2353: Object literal may only specify known properties, and 'approvalHierarchy' does not exist in type 'SetStateAction<AutoNotificationsRequirements>'.
src/components/Phase2/ServiceRequirements/Automations/AutoNotificationsSpec.tsx(653,47): error TS2339: Property 'approvalHierarchy' does not exist on type 'AutoNotificationsRequirements'.
src/components/Phase2/ServiceRequirements/Automations/AutoNotificationsSpec.tsx(680,41): error TS2339: Property 'approvalHierarchy' does not exist on type 'AutoNotificationsRequirements'.
src/components/Phase2/ServiceRequirements/Automations/AutoNotificationsSpec.tsx(683,27): error TS2353: Object literal may only specify known properties, and 'approvalHierarchy' does not exist in type 'SetStateAction<AutoNotificationsRequirements>'.
src/components/Phase2/ServiceRequirements/Automations/AutoNotificationsSpec.tsx(684,39): error TS2339: Property 'approvalHierarchy' does not exist on type 'AutoNotificationsRequirements'.
src/components/Phase2/ServiceRequirements/Automations/AutoNotificationsSpec.tsx(695,41): error TS2339: Property 'approvalHierarchy' does not exist on type 'AutoNotificationsRequirements'.
src/components/Phase2/ServiceRequirements/Automations/AutoNotificationsSpec.tsx(698,27): error TS2353: Object literal may only specify known properties, and 'approvalHierarchy' does not exist in type 'SetStateAction<AutoNotificationsRequirements>'.
src/components/Phase2/ServiceRequirements/Automations/AutoNotificationsSpec.tsx(699,39): error TS2339: Property 'approvalHierarchy' does not exist on type 'AutoNotificationsRequirements'.
src/components/Phase2/ServiceRequirements/Automations/AutoNotificationsSpec.tsx(727,37): error TS2339: Property 'routingLogic' does not exist on type 'AutoNotificationsRequirements'.
src/components/Phase2/ServiceRequirements/Automations/AutoNotificationsSpec.tsx(730,25): error TS2353: Object literal may only specify known properties, and 'routingLogic' does not exist in type 'SetStateAction<AutoNotificationsRequirements>'.
src/components/Phase2/ServiceRequirements/Automations/AutoNotificationsSpec.tsx(731,37): error TS2339: Property 'routingLogic' does not exist on type 'AutoNotificationsRequirements'.
src/components/Phase2/ServiceRequirements/Automations/AutoNotificationsSpec.tsx(744,27): error TS2339: Property 'routingLogic' does not exist on type 'AutoNotificationsRequirements'.
src/components/Phase2/ServiceRequirements/Automations/AutoNotificationsSpec.tsx(744,58): error TS7006: Parameter 'rule' implicitly has an 'any' type.
src/components/Phase2/ServiceRequirements/Automations/AutoNotificationsSpec.tsx(744,64): error TS7006: Parameter 'index' implicitly has an 'any' type.
src/components/Phase2/ServiceRequirements/Automations/AutoNotificationsSpec.tsx(751,61): error TS2339: Property 'routingLogic' does not exist on type 'AutoNotificationsRequirements'.
src/components/Phase2/ServiceRequirements/Automations/AutoNotificationsSpec.tsx(755,31): error TS2353: Object literal may only specify known properties, and 'routingLogic' does not exist in type 'SetStateAction<AutoNotificationsRequirements>'.
src/components/Phase2/ServiceRequirements/Automations/AutoNotificationsSpec.tsx(756,43): error TS2339: Property 'routingLogic' does not exist on type 'AutoNotificationsRequirements'.
src/components/Phase2/ServiceRequirements/Automations/AutoNotificationsSpec.tsx(768,61): error TS2339: Property 'routingLogic' does not exist on type 'AutoNotificationsRequirements'.
src/components/Phase2/ServiceRequirements/Automations/AutoNotificationsSpec.tsx(772,31): error TS2353: Object literal may only specify known properties, and 'routingLogic' does not exist in type 'SetStateAction<AutoNotificationsRequirements>'.
src/components/Phase2/ServiceRequirements/Automations/AutoNotificationsSpec.tsx(773,43): error TS2339: Property 'routingLogic' does not exist on type 'AutoNotificationsRequirements'.
src/components/Phase2/ServiceRequirements/Automations/AutoNotificationsSpec.tsx(806,39): error TS2339: Property 'emailNotifications' does not exist on type 'AutoNotificationsRequirements'.
src/components/Phase2/ServiceRequirements/Automations/AutoNotificationsSpec.tsx(809,27): error TS2353: Object literal may only specify known properties, and 'emailNotifications' does not exist in type 'SetStateAction<AutoNotificationsRequirements>'.
src/components/Phase2/ServiceRequirements/Automations/AutoNotificationsSpec.tsx(810,39): error TS2339: Property 'emailNotifications' does not exist on type 'AutoNotificationsRequirements'.
src/components/Phase2/ServiceRequirements/Automations/AutoNotificationsSpec.tsx(822,29): error TS2339: Property 'emailNotifications' does not exist on type 'AutoNotificationsRequirements'.
src/components/Phase2/ServiceRequirements/Automations/AutoNotificationsSpec.tsx(829,41): error TS2339: Property 'emailNotifications' does not exist on type 'AutoNotificationsRequirements'.
src/components/Phase2/ServiceRequirements/Automations/AutoNotificationsSpec.tsx(832,29): error TS2353: Object literal may only specify known properties, and 'emailNotifications' does not exist in type 'SetStateAction<AutoNotificationsRequirements>'.
src/components/Phase2/ServiceRequirements/Automations/AutoNotificationsSpec.tsx(833,41): error TS2339: Property 'emailNotifications' does not exist on type 'AutoNotificationsRequirements'.
src/components/Phase2/ServiceRequirements/Automations/AutoNotificationsSpec.tsx(842,29): error TS2339: Property 'emailNotifications' does not exist on type 'AutoNotificationsRequirements'.
src/components/Phase2/ServiceRequirements/Automations/AutoNotificationsSpec.tsx(848,43): error TS2339: Property 'emailNotifications' does not exist on type 'AutoNotificationsRequirements'.
src/components/Phase2/ServiceRequirements/Automations/AutoNotificationsSpec.tsx(851,31): error TS2353: Object literal may only specify known properties, and 'emailNotifications' does not exist in type 'SetStateAction<AutoNotificationsRequirements>'.
src/components/Phase2/ServiceRequirements/Automations/AutoNotificationsSpec.tsx(852,43): error TS2339: Property 'emailNotifications' does not exist on type 'AutoNotificationsRequirements'.
src/components/Phase2/ServiceRequirements/Automations/AutoNotificationsSpec.tsx(854,45): error TS2339: Property 'emailNotifications' does not exist on type 'AutoNotificationsRequirements'.
src/components/Phase2/ServiceRequirements/Automations/AutoNotificationsSpec.tsx(864,43): error TS2339: Property 'emailNotifications' does not exist on type 'AutoNotificationsRequirements'.
src/components/Phase2/ServiceRequirements/Automations/AutoNotificationsSpec.tsx(867,31): error TS2353: Object literal may only specify known properties, and 'emailNotifications' does not exist in type 'SetStateAction<AutoNotificationsRequirements>'.
src/components/Phase2/ServiceRequirements/Automations/AutoNotificationsSpec.tsx(868,43): error TS2339: Property 'emailNotifications' does not exist on type 'AutoNotificationsRequirements'.
src/components/Phase2/ServiceRequirements/Automations/AutoNotificationsSpec.tsx(870,45): error TS2339: Property 'emailNotifications' does not exist on type 'AutoNotificationsRequirements'.
src/components/Phase2/ServiceRequirements/Automations/AutoNotificationsSpec.tsx(880,43): error TS2339: Property 'emailNotifications' does not exist on type 'AutoNotificationsRequirements'.
src/components/Phase2/ServiceRequirements/Automations/AutoNotificationsSpec.tsx(883,31): error TS2353: Object literal may only specify known properties, and 'emailNotifications' does not exist in type 'SetStateAction<AutoNotificationsRequirements>'.
src/components/Phase2/ServiceRequirements/Automations/AutoNotificationsSpec.tsx(884,43): error TS2339: Property 'emailNotifications' does not exist on type 'AutoNotificationsRequirements'.
src/components/Phase2/ServiceRequirements/Automations/AutoNotificationsSpec.tsx(886,45): error TS2339: Property 'emailNotifications' does not exist on type 'AutoNotificationsRequirements'.
src/components/Phase2/ServiceRequirements/Automations/AutoNotificationsSpec.tsx(896,43): error TS2339: Property 'emailNotifications' does not exist on type 'AutoNotificationsRequirements'.
src/components/Phase2/ServiceRequirements/Automations/AutoNotificationsSpec.tsx(899,31): error TS2353: Object literal may only specify known properties, and 'emailNotifications' does not exist in type 'SetStateAction<AutoNotificationsRequirements>'.
src/components/Phase2/ServiceRequirements/Automations/AutoNotificationsSpec.tsx(900,43): error TS2339: Property 'emailNotifications' does not exist on type 'AutoNotificationsRequirements'.
src/components/Phase2/ServiceRequirements/Automations/AutoNotificationsSpec.tsx(902,45): error TS2339: Property 'emailNotifications' does not exist on type 'AutoNotificationsRequirements'.
src/components/Phase2/ServiceRequirements/Automations/AutoNotificationsSpec.tsx(917,48): error TS2339: Property 'emailNotifications' does not exist on type 'AutoNotificationsRequirements'.
src/components/Phase2/ServiceRequirements/Automations/AutoNotificationsSpec.tsx(927,31): error TS2322: Type 'unknown' is not assignable to type 'string | number | readonly string[] | undefined'.
src/components/Phase2/ServiceRequirements/Automations/AutoNotificationsSpec.tsx(930,33): error TS2353: Object literal may only specify known properties, and 'emailNotifications' does not exist in type 'SetStateAction<AutoNotificationsRequirements>'.
src/components/Phase2/ServiceRequirements/Automations/AutoNotificationsSpec.tsx(931,45): error TS2339: Property 'emailNotifications' does not exist on type 'AutoNotificationsRequirements'.
src/components/Phase2/ServiceRequirements/Automations/AutoNotificationsSpec.tsx(933,47): error TS2339: Property 'emailNotifications' does not exist on type 'AutoNotificationsRequirements'.
src/components/Phase2/ServiceRequirements/Automations/AutoNotificationsSpec.tsx(955,41): error TS2339: Property 'approvalMethods' does not exist on type 'AutoNotificationsRequirements'.
src/components/Phase2/ServiceRequirements/Automations/AutoNotificationsSpec.tsx(958,27): error TS2353: Object literal may only specify known properties, and 'approvalMethods' does not exist in type 'SetStateAction<AutoNotificationsRequirements>'.
src/components/Phase2/ServiceRequirements/Automations/AutoNotificationsSpec.tsx(959,39): error TS2339: Property 'approvalMethods' does not exist on type 'AutoNotificationsRequirements'.
src/components/Phase2/ServiceRequirements/Automations/AutoNotificationsSpec.tsx(970,41): error TS2339: Property 'approvalMethods' does not exist on type 'AutoNotificationsRequirements'.
src/components/Phase2/ServiceRequirements/Automations/AutoNotificationsSpec.tsx(973,27): error TS2353: Object literal may only specify known properties, and 'approvalMethods' does not exist in type 'SetStateAction<AutoNotificationsRequirements>'.
src/components/Phase2/ServiceRequirements/Automations/AutoNotificationsSpec.tsx(974,39): error TS2339: Property 'approvalMethods' does not exist on type 'AutoNotificationsRequirements'.
src/components/Phase2/ServiceRequirements/Automations/AutoNotificationsSpec.tsx(985,41): error TS2339: Property 'approvalMethods' does not exist on type 'AutoNotificationsRequirements'.
src/components/Phase2/ServiceRequirements/Automations/AutoNotificationsSpec.tsx(988,27): error TS2353: Object literal may only specify known properties, and 'approvalMethods' does not exist in type 'SetStateAction<AutoNotificationsRequirements>'.
src/components/Phase2/ServiceRequirements/Automations/AutoNotificationsSpec.tsx(989,39): error TS2339: Property 'approvalMethods' does not exist on type 'AutoNotificationsRequirements'.
src/components/Phase2/ServiceRequirements/Automations/AutoNotificationsSpec.tsx(1000,41): error TS2339: Property 'approvalMethods' does not exist on type 'AutoNotificationsRequirements'.
src/components/Phase2/ServiceRequirements/Automations/AutoNotificationsSpec.tsx(1003,27): error TS2353: Object literal may only specify known properties, and 'approvalMethods' does not exist in type 'SetStateAction<AutoNotificationsRequirements>'.
src/components/Phase2/ServiceRequirements/Automations/AutoNotificationsSpec.tsx(1004,39): error TS2339: Property 'approvalMethods' does not exist on type 'AutoNotificationsRequirements'.
src/components/Phase2/ServiceRequirements/Automations/AutoNotificationsSpec.tsx(1014,27): error TS2339: Property 'approvalMethods' does not exist on type 'AutoNotificationsRequirements'.
src/components/Phase2/ServiceRequirements/Automations/AutoNotificationsSpec.tsx(1024,43): error TS2339: Property 'approvalMethods' does not exist on type 'AutoNotificationsRequirements'.
src/components/Phase2/ServiceRequirements/Automations/AutoNotificationsSpec.tsx(1027,31): error TS2353: Object literal may only specify known properties, and 'approvalMethods' does not exist in type 'SetStateAction<AutoNotificationsRequirements>'.
src/components/Phase2/ServiceRequirements/Automations/AutoNotificationsSpec.tsx(1028,43): error TS2339: Property 'approvalMethods' does not exist on type 'AutoNotificationsRequirements'.
src/components/Phase2/ServiceRequirements/Automations/AutoNotificationsSpec.tsx(1030,45): error TS2339: Property 'approvalMethods' does not exist on type 'AutoNotificationsRequirements'.
src/components/Phase2/ServiceRequirements/Automations/AutoNotificationsSpec.tsx(1045,43): error TS2339: Property 'approvalMethods' does not exist on type 'AutoNotificationsRequirements'.
src/components/Phase2/ServiceRequirements/Automations/AutoNotificationsSpec.tsx(1048,31): error TS2353: Object literal may only specify known properties, and 'approvalMethods' does not exist in type 'SetStateAction<AutoNotificationsRequirements>'.
src/components/Phase2/ServiceRequirements/Automations/AutoNotificationsSpec.tsx(1049,43): error TS2339: Property 'approvalMethods' does not exist on type 'AutoNotificationsRequirements'.
src/components/Phase2/ServiceRequirements/Automations/AutoNotificationsSpec.tsx(1051,45): error TS2339: Property 'approvalMethods' does not exist on type 'AutoNotificationsRequirements'.
src/components/Phase2/ServiceRequirements/Automations/AutoNotificationsSpec.tsx(1064,27): error TS2339: Property 'approvalMethods' does not exist on type 'AutoNotificationsRequirements'.
src/components/Phase2/ServiceRequirements/Automations/AutoNotificationsSpec.tsx(1073,41): error TS2339: Property 'approvalMethods' does not exist on type 'AutoNotificationsRequirements'.
src/components/Phase2/ServiceRequirements/Automations/AutoNotificationsSpec.tsx(1076,29): error TS2353: Object literal may only specify known properties, and 'approvalMethods' does not exist in type 'SetStateAction<AutoNotificationsRequirements>'.
src/components/Phase2/ServiceRequirements/Automations/AutoNotificationsSpec.tsx(1077,41): error TS2339: Property 'approvalMethods' does not exist on type 'AutoNotificationsRequirements'.
src/components/Phase2/ServiceRequirements/Automations/AutoNotificationsSpec.tsx(1079,43): error TS2339: Property 'approvalMethods' does not exist on type 'AutoNotificationsRequirements'.
src/components/Phase2/ServiceRequirements/Automations/AutoNotificationsSpec.tsx(1091,43): error TS2339: Property 'approvalMethods' does not exist on type 'AutoNotificationsRequirements'.
src/components/Phase2/ServiceRequirements/Automations/AutoNotificationsSpec.tsx(1094,29): error TS2353: Object literal may only specify known properties, and 'approvalMethods' does not exist in type 'SetStateAction<AutoNotificationsRequirements>'.
src/components/Phase2/ServiceRequirements/Automations/AutoNotificationsSpec.tsx(1095,41): error TS2339: Property 'approvalMethods' does not exist on type 'AutoNotificationsRequirements'.
src/components/Phase2/ServiceRequirements/Automations/AutoNotificationsSpec.tsx(1097,43): error TS2339: Property 'approvalMethods' does not exist on type 'AutoNotificationsRequirements'.
src/components/Phase2/ServiceRequirements/Automations/AutoNotificationsSpec.tsx(1121,41): error TS2339: Property 'escalation' does not exist on type 'AutoNotificationsRequirements'.
src/components/Phase2/ServiceRequirements/Automations/AutoNotificationsSpec.tsx(1124,27): error TS2353: Object literal may only specify known properties, and 'escalation' does not exist in type 'SetStateAction<AutoNotificationsRequirements>'.
src/components/Phase2/ServiceRequirements/Automations/AutoNotificationsSpec.tsx(1125,39): error TS2339: Property 'escalation' does not exist on type 'AutoNotificationsRequirements'.
src/components/Phase2/ServiceRequirements/Automations/AutoNotificationsSpec.tsx(1135,27): error TS2339: Property 'escalation' does not exist on type 'AutoNotificationsRequirements'.
src/components/Phase2/ServiceRequirements/Automations/AutoNotificationsSpec.tsx(1148,31): error TS2339: Property 'escalation' does not exist on type 'AutoNotificationsRequirements'.
src/components/Phase2/ServiceRequirements/Automations/AutoNotificationsSpec.tsx(1148,63): error TS7006: Parameter 'tier' implicitly has an 'any' type.
src/components/Phase2/ServiceRequirements/Automations/AutoNotificationsSpec.tsx(1148,69): error TS7006: Parameter 'index' implicitly has an 'any' type.
src/components/Phase2/ServiceRequirements/Automations/AutoNotificationsSpec.tsx(1159,67): error TS2339: Property 'escalation' does not exist on type 'AutoNotificationsRequirements'.
src/components/Phase2/ServiceRequirements/Automations/AutoNotificationsSpec.tsx(1163,37): error TS2353: Object literal may only specify known properties, and 'escalation' does not exist in type 'SetStateAction<AutoNotificationsRequirements>'.
src/components/Phase2/ServiceRequirements/Automations/AutoNotificationsSpec.tsx(1164,49): error TS2339: Property 'escalation' does not exist on type 'AutoNotificationsRequirements'.
src/components/Phase2/ServiceRequirements/Automations/AutoNotificationsSpec.tsx(1181,67): error TS2339: Property 'escalation' does not exist on type 'AutoNotificationsRequirements'.
src/components/Phase2/ServiceRequirements/Automations/AutoNotificationsSpec.tsx(1185,37): error TS2353: Object literal may only specify known properties, and 'escalation' does not exist in type 'SetStateAction<AutoNotificationsRequirements>'.
src/components/Phase2/ServiceRequirements/Automations/AutoNotificationsSpec.tsx(1186,49): error TS2339: Property 'escalation' does not exist on type 'AutoNotificationsRequirements'.
src/components/Phase2/ServiceRequirements/Automations/AutoNotificationsSpec.tsx(1202,67): error TS2339: Property 'escalation' does not exist on type 'AutoNotificationsRequirements'.
src/components/Phase2/ServiceRequirements/Automations/AutoNotificationsSpec.tsx(1206,37): error TS2353: Object literal may only specify known properties, and 'escalation' does not exist in type 'SetStateAction<AutoNotificationsRequirements>'.
src/components/Phase2/ServiceRequirements/Automations/AutoNotificationsSpec.tsx(1207,49): error TS2339: Property 'escalation' does not exist on type 'AutoNotificationsRequirements'.
src/components/Phase2/ServiceRequirements/Automations/AutoNotificationsSpec.tsx(1238,45): error TS2339: Property 'escalation' does not exist on type 'AutoNotificationsRequirements'.
src/components/Phase2/ServiceRequirements/Automations/AutoNotificationsSpec.tsx(1241,33): error TS2353: Object literal may only specify known properties, and 'escalation' does not exist in type 'SetStateAction<AutoNotificationsRequirements>'.
src/components/Phase2/ServiceRequirements/Automations/AutoNotificationsSpec.tsx(1242,45): error TS2339: Property 'escalation' does not exist on type 'AutoNotificationsRequirements'.
src/components/Phase2/ServiceRequirements/Automations/AutoNotificationsSpec.tsx(1244,47): error TS2339: Property 'escalation' does not exist on type 'AutoNotificationsRequirements'.
src/components/Phase2/ServiceRequirements/Automations/AutoNotificationsSpec.tsx(1262,45): error TS2339: Property 'escalation' does not exist on type 'AutoNotificationsRequirements'.
src/components/Phase2/ServiceRequirements/Automations/AutoNotificationsSpec.tsx(1265,33): error TS2353: Object literal may only specify known properties, and 'escalation' does not exist in type 'SetStateAction<AutoNotificationsRequirements>'.
src/components/Phase2/ServiceRequirements/Automations/AutoNotificationsSpec.tsx(1266,45): error TS2339: Property 'escalation' does not exist on type 'AutoNotificationsRequirements'.
src/components/Phase2/ServiceRequirements/Automations/AutoNotificationsSpec.tsx(1268,47): error TS2339: Property 'escalation' does not exist on type 'AutoNotificationsRequirements'.
src/components/Phase2/ServiceRequirements/Automations/AutoNotificationsSpec.tsx(1294,41): error TS2339: Property 'auditTrail' does not exist on type 'AutoNotificationsRequirements'.
src/components/Phase2/ServiceRequirements/Automations/AutoNotificationsSpec.tsx(1297,27): error TS2353: Object literal may only specify known properties, and 'auditTrail' does not exist in type 'SetStateAction<AutoNotificationsRequirements>'.
src/components/Phase2/ServiceRequirements/Automations/AutoNotificationsSpec.tsx(1298,39): error TS2339: Property 'auditTrail' does not exist on type 'AutoNotificationsRequirements'.
src/components/Phase2/ServiceRequirements/Automations/AutoNotificationsSpec.tsx(1308,27): error TS2339: Property 'auditTrail' does not exist on type 'AutoNotificationsRequirements'.
src/components/Phase2/ServiceRequirements/Automations/AutoNotificationsSpec.tsx(1315,41): error TS2339: Property 'auditTrail' does not exist on type 'AutoNotificationsRequirements'.
src/components/Phase2/ServiceRequirements/Automations/AutoNotificationsSpec.tsx(1318,29): error TS2353: Object literal may only specify known properties, and 'auditTrail' does not exist in type 'SetStateAction<AutoNotificationsRequirements>'.
src/components/Phase2/ServiceRequirements/Automations/AutoNotificationsSpec.tsx(1319,41): error TS2339: Property 'auditTrail' does not exist on type 'AutoNotificationsRequirements'.
src/components/Phase2/ServiceRequirements/Automations/AutoNotificationsSpec.tsx(1337,41): error TS2339: Property 'auditTrail' does not exist on type 'AutoNotificationsRequirements'.
src/components/Phase2/ServiceRequirements/Automations/AutoNotificationsSpec.tsx(1340,29): error TS2353: Object literal may only specify known properties, and 'auditTrail' does not exist in type 'SetStateAction<AutoNotificationsRequirements>'.
src/components/Phase2/ServiceRequirements/Automations/AutoNotificationsSpec.tsx(1341,41): error TS2339: Property 'auditTrail' does not exist on type 'AutoNotificationsRequirements'.
src/components/Phase2/ServiceRequirements/Automations/AutoNotificationsSpec.tsx(1353,50): error TS2339: Property 'auditTrail' does not exist on type 'AutoNotificationsRequirements'.
src/components/Phase2/ServiceRequirements/Automations/AutoNotificationsSpec.tsx(1357,33): error TS2322: Type 'unknown' is not assignable to type 'boolean | undefined'.
src/components/Phase2/ServiceRequirements/Automations/AutoNotificationsSpec.tsx(1360,35): error TS2353: Object literal may only specify known properties, and 'auditTrail' does not exist in type 'SetStateAction<AutoNotificationsRequirements>'.
src/components/Phase2/ServiceRequirements/Automations/AutoNotificationsSpec.tsx(1361,47): error TS2339: Property 'auditTrail' does not exist on type 'AutoNotificationsRequirements'.
src/components/Phase2/ServiceRequirements/Automations/AutoNotificationsSpec.tsx(1363,49): error TS2339: Property 'auditTrail' does not exist on type 'AutoNotificationsRequirements'.
src/components/Phase2/ServiceRequirements/Automations/AutoReportsSpec.tsx(27,39): error TS7006: Parameter 'a' implicitly has an 'any' type.
src/components/Phase2/ServiceRequirements/Automations/AutoReportsSpec.tsx(40,40): error TS7006: Parameter 'a' implicitly has an 'any' type.
src/components/Phase2/ServiceRequirements/Automations/AutoServiceWorkflowSpec.tsx(3,15): error TS2724: '"../../../../types/automationServices"' has no exported member named 'AutoServiceWorkflowRequirements'. Did you mean 'AutoLeadWorkflowRequirements'?
src/components/Phase2/ServiceRequirements/Automations/AutoServiceWorkflowSpec.tsx(100,42): error TS7006: Parameter 'step' implicitly has an 'any' type.
src/components/Phase2/ServiceRequirements/Automations/AutoServiceWorkflowSpec.tsx(100,48): error TS7006: Parameter 'index' implicitly has an 'any' type.
src/components/Phase2/ServiceRequirements/Automations/AutoServiceWorkflowSpec.tsx(126,46): error TS7006: Parameter 'prev' implicitly has an 'any' type.
src/components/Phase2/ServiceRequirements/Automations/AutoServiceWorkflowSpec.tsx(143,46): error TS7006: Parameter 'prev' implicitly has an 'any' type.
src/components/Phase2/ServiceRequirements/Automations/AutoServiceWorkflowSpec.tsx(190,46): error TS7006: Parameter 'prev' implicitly has an 'any' type.
src/components/Phase2/ServiceRequirements/Automations/AutoServiceWorkflowSpec.tsx(202,46): error TS7006: Parameter 'prev' implicitly has an 'any' type.
src/components/Phase2/ServiceRequirements/Automations/AutoServiceWorkflowSpec.tsx(214,46): error TS7006: Parameter 'prev' implicitly has an 'any' type.
src/components/Phase2/ServiceRequirements/Automations/AutoSlaTrackingSpec.tsx(25,39): error TS7006: Parameter 'a' implicitly has an 'any' type.
src/components/Phase2/ServiceRequirements/Automations/AutoSlaTrackingSpec.tsx(38,40): error TS7006: Parameter 'a' implicitly has an 'any' type.
src/components/Phase2/ServiceRequirements/Automations/AutoSmartFollowupSpec.tsx(34,39): error TS7006: Parameter 'a' implicitly has an 'any' type.
src/components/Phase2/ServiceRequirements/Automations/AutoSmartFollowupSpec.tsx(47,40): error TS7006: Parameter 'a' implicitly has an 'any' type.
src/components/Phase2/ServiceRequirements/Automations/AutoTeamAlertsSpec.tsx(33,39): error TS7006: Parameter 'a' implicitly has an 'any' type.
src/components/Phase2/ServiceRequirements/Automations/AutoTeamAlertsSpec.tsx(46,40): error TS7006: Parameter 'a' implicitly has an 'any' type.
src/components/Phase2/ServiceRequirements/Automations/AutoWelcomeEmailSpec.tsx(3,15): error TS2305: Module '"../../../../types/automationServices"' has no exported member 'AutoWelcomeEmailRequirements'.
src/components/Phase2/ServiceRequirements/Automations/AutoWelcomeEmailSpec.tsx(5,10): error TS6133: 'Plus' is declared but its value is never read.
src/components/Phase2/ServiceRequirements/Automations/AutoWelcomeEmailSpec.tsx(5,16): error TS6133: 'Trash2' is declared but its value is never read.
src/components/Phase2/ServiceRequirements/Automations/AutoWelcomeEmailSpec.tsx(7,7): error TS6133: 'generateId' is declared but its value is never read.
src/components/Phase2/ServiceRequirements/Automations/AutoWelcomeEmailSpec.tsx(148,21): error TS2322: Type 'unknown' is not assignable to type 'boolean | undefined'.
src/components/Phase2/ServiceRequirements/Automations/AutoWelcomeEmailSpec.tsx(149,48): error TS7006: Parameter 'prev' implicitly has an 'any' type.
src/components/Phase2/ServiceRequirements/Automations/AutoWelcomeEmailSpec.tsx(171,44): error TS7006: Parameter 'prev' implicitly has an 'any' type.
src/components/Phase2/ServiceRequirements/Automations/AutoWelcomeEmailSpec.tsx(189,44): error TS7006: Parameter 'prev' implicitly has an 'any' type.
src/components/Phase2/ServiceRequirements/Automations/AutoWelcomeEmailSpec.tsx(203,44): error TS7006: Parameter 'prev' implicitly has an 'any' type.
src/components/Phase2/ServiceRequirements/Automations/AutoWelcomeEmailSpec.tsx(217,44): error TS7006: Parameter 'prev' implicitly has an 'any' type.
src/components/Phase2/ServiceRequirements/Automations/AutoWelcomeEmailSpec.tsx(240,50): error TS7006: Parameter 'prev' implicitly has an 'any' type.
src/components/Phase2/ServiceRequirements/Automations/AutoWelcomeEmailSpec.tsx(254,50): error TS7006: Parameter 'prev' implicitly has an 'any' type.
src/components/Phase2/ServiceRequirements/Automations/AutoWelcomeEmailSpec.tsx(278,50): error TS7006: Parameter 'prev' implicitly has an 'any' type.
src/components/Phase2/ServiceRequirements/Automations/AutoWelcomeEmailSpec.tsx(292,50): error TS7006: Parameter 'prev' implicitly has an 'any' type.
src/components/Phase2/ServiceRequirements/Automations/AutoWelcomeEmailSpec.tsx(316,50): error TS7006: Parameter 'prev' implicitly has an 'any' type.
src/components/Phase2/ServiceRequirements/Automations/AutoWelcomeEmailSpec.tsx(330,50): error TS7006: Parameter 'prev' implicitly has an 'any' type.
src/components/Phase2/ServiceRequirements/Automations/AutoWelcomeEmailSpec.tsx(353,46): error TS7006: Parameter 'prev' implicitly has an 'any' type.
src/components/Phase2/ServiceRequirements/Automations/AutoWelcomeEmailSpec.tsx(367,44): error TS7006: Parameter 'prev' implicitly has an 'any' type.
src/components/Phase2/ServiceRequirements/Automations/AutoWelcomeEmailSpec.tsx(382,46): error TS7006: Parameter 'prev' implicitly has an 'any' type.
src/components/Phase2/ServiceRequirements/Automations/AutoWelcomeEmailSpec.tsx(396,46): error TS7006: Parameter 'prev' implicitly has an 'any' type.
src/components/Phase2/ServiceRequirements/Automations/AutoWelcomeEmailSpec.tsx(414,46): error TS7006: Parameter 'prev' implicitly has an 'any' type.
src/components/Phase2/ServiceRequirements/Automations/AutoWelcomeEmailSpec.tsx(426,46): error TS7006: Parameter 'prev' implicitly has an 'any' type.
src/components/Phase2/ServiceRequirements/Automations/AutoWelcomeEmailSpec.tsx(438,46): error TS7006: Parameter 'prev' implicitly has an 'any' type.
src/components/Phase2/ServiceRequirements/Integrations/IntCalendarSpec.tsx(4,40): error TS6196: 'SystemConfig' is declared but never used.
src/components/Phase2/ServiceRequirements/Integrations/IntCalendarSpec.tsx(171,47): error TS7006: Parameter 'i' implicitly has an 'any' type.
src/components/Phase2/ServiceRequirements/Integrations/IntCalendarSpec.tsx(181,48): error TS7006: Parameter 'i' implicitly has an 'any' type.
src/components/Phase2/ServiceRequirements/Integrations/IntComplexSpec.tsx(13,47): error TS7006: Parameter 'i' implicitly has an 'any' type.
src/components/Phase2/ServiceRequirements/Integrations/IntComplexSpec.tsx(23,48): error TS7006: Parameter 'i' implicitly has an 'any' type.
src/components/Phase2/ServiceRequirements/Integrations/IntCrmAccountingSpec.tsx(13,47): error TS7006: Parameter 'i' implicitly has an 'any' type.
src/components/Phase2/ServiceRequirements/Integrations/IntCrmAccountingSpec.tsx(23,48): error TS7006: Parameter 'i' implicitly has an 'any' type.
src/components/Phase2/ServiceRequirements/Integrations/IntCrmMarketingSpec.tsx(4,44): error TS6196: 'SystemConfig' is declared but never used.
src/components/Phase2/ServiceRequirements/Integrations/IntCrmMarketingSpec.tsx(4,58): error TS6196: 'FieldMapping' is declared but never used.
src/components/Phase2/ServiceRequirements/Integrations/IntCrmMarketingSpec.tsx(118,47): error TS7006: Parameter 'i' implicitly has an 'any' type.
src/components/Phase2/ServiceRequirements/Integrations/IntCrmMarketingSpec.tsx(128,48): error TS7006: Parameter 'i' implicitly has an 'any' type.
src/components/Phase2/ServiceRequirements/Integrations/IntCrmSupportSpec.tsx(13,47): error TS7006: Parameter 'i' implicitly has an 'any' type.
src/components/Phase2/ServiceRequirements/Integrations/IntCrmSupportSpec.tsx(23,48): error TS7006: Parameter 'i' implicitly has an 'any' type.
src/components/Phase2/ServiceRequirements/Integrations/IntCustomSpec.tsx(13,47): error TS7006: Parameter 'i' implicitly has an 'any' type.
src/components/Phase2/ServiceRequirements/Integrations/IntCustomSpec.tsx(23,48): error TS7006: Parameter 'i' implicitly has an 'any' type.
src/components/Phase2/ServiceRequirements/Integrations/IntEcommerceSpec.tsx(13,47): error TS7006: Parameter 'i' implicitly has an 'any' type.
src/components/Phase2/ServiceRequirements/Integrations/IntEcommerceSpec.tsx(23,48): error TS7006: Parameter 'i' implicitly has an 'any' type.
src/components/Phase2/ServiceRequirements/Integrations/IntegrationComplexSpec.tsx(71,47): error TS7006: Parameter 'i' implicitly has an 'any' type.
src/components/Phase2/ServiceRequirements/Integrations/IntegrationComplexSpec.tsx(81,48): error TS7006: Parameter 'i' implicitly has an 'any' type.
src/components/Phase2/ServiceRequirements/Integrations/IntegrationComplexSpec.tsx(207,60): error TS2322: Type 'boolean' is not assignable to type 'true'.
src/components/Phase2/ServiceRequirements/Integrations/IntegrationSimpleSpec.tsx(4,46): error TS6196: 'SystemConfig' is declared but never used.
src/components/Phase2/ServiceRequirements/Integrations/IntegrationSimpleSpec.tsx(4,74): error TS6196: 'ErrorHandlingConfig' is declared but never used.
src/components/Phase2/ServiceRequirements/Integrations/IntegrationSimpleSpec.tsx(61,47): error TS7006: Parameter 'i' implicitly has an 'any' type.
src/components/Phase2/ServiceRequirements/Integrations/IntegrationSimpleSpec.tsx(71,48): error TS7006: Parameter 'i' implicitly has an 'any' type.
src/components/Phase2/ServiceRequirements/Integrations/WhatsappApiSetupSpec.tsx(125,47): error TS7006: Parameter 'i' implicitly has an 'any' type.
src/components/Phase2/ServiceRequirements/Integrations/WhatsappApiSetupSpec.tsx(135,48): error TS7006: Parameter 'i' implicitly has an 'any' type.
src/components/Phase2/ServiceRequirements/SystemImplementations/ImplAnalyticsSpec.tsx(214,39): error TS7006: Parameter 'item' implicitly has an 'any' type.
src/components/Phase2/ServiceRequirements/SystemImplementations/ImplCrmSpec.tsx(216,39): error TS7006: Parameter 'item' implicitly has an 'any' type.
src/components/Phase2/ServiceRequirements/SystemImplementations/ImplCrmSpec.tsx(655,17): error TS2322: Type '{ email: boolean; calendar?: boolean | undefined; website?: boolean | undefined; emailMarketing?: boolean; phoneSystem?: boolean; }' is not assignable to type '{ email: boolean; calendar: boolean; website: boolean; emailMarketing?: boolean | undefined; phoneSystem?: boolean | undefined; }'.
  Types of property 'calendar' are incompatible.
    Type 'boolean | undefined' is not assignable to type 'boolean'.
      Type 'undefined' is not assignable to type 'boolean'.
src/components/Phase2/ServiceRequirements/SystemImplementations/ImplCrmSpec.tsx(668,17): error TS2322: Type '{ calendar: boolean; email?: boolean | undefined; website?: boolean | undefined; emailMarketing?: boolean; phoneSystem?: boolean; }' is not assignable to type '{ email: boolean; calendar: boolean; website: boolean; emailMarketing?: boolean | undefined; phoneSystem?: boolean | undefined; }'.
  Types of property 'email' are incompatible.
    Type 'boolean | undefined' is not assignable to type 'boolean'.
      Type 'undefined' is not assignable to type 'boolean'.
src/components/Phase2/ServiceRequirements/SystemImplementations/ImplCrmSpec.tsx(681,17): error TS2322: Type '{ website: boolean; email?: boolean | undefined; calendar?: boolean | undefined; emailMarketing?: boolean; phoneSystem?: boolean; }' is not assignable to type '{ email: boolean; calendar: boolean; website: boolean; emailMarketing?: boolean | undefined; phoneSystem?: boolean | undefined; }'.
  Types of property 'email' are incompatible.
    Type 'boolean | undefined' is not assignable to type 'boolean'.
      Type 'undefined' is not assignable to type 'boolean'.
src/components/Phase2/ServiceRequirements/SystemImplementations/ImplCrmSpec.tsx(694,17): error TS2322: Type '{ emailMarketing: boolean; email?: boolean | undefined; calendar?: boolean | undefined; website?: boolean | undefined; phoneSystem?: boolean; }' is not assignable to type '{ email: boolean; calendar: boolean; website: boolean; emailMarketing?: boolean | undefined; phoneSystem?: boolean | undefined; }'.
  Types of property 'email' are incompatible.
    Type 'boolean | undefined' is not assignable to type 'boolean'.
      Type 'undefined' is not assignable to type 'boolean'.
src/components/Phase2/ServiceRequirements/SystemImplementations/ImplCrmSpec.tsx(707,17): error TS2322: Type '{ phoneSystem: boolean; email?: boolean | undefined; calendar?: boolean | undefined; website?: boolean | undefined; emailMarketing?: boolean; }' is not assignable to type '{ email: boolean; calendar: boolean; website: boolean; emailMarketing?: boolean | undefined; phoneSystem?: boolean | undefined; }'.
  Types of property 'email' are incompatible.
    Type 'boolean | undefined' is not assignable to type 'boolean'.
      Type 'undefined' is not assignable to type 'boolean'.
src/components/Phase2/SystemDeepDive.tsx(26,5): error TS7006: Parameter 's' implicitly has an 'any' type.
src/components/Phase2/SystemDeepDive.tsx(106,55): error TS7006: Parameter 's' implicitly has an 'any' type.
src/components/Phase2/SystemDeepDive.tsx(285,11): error TS2322: Type '{ completionPercentage: number; authComplete: boolean; modulesCount: number; migrationRequired: boolean; }' is not assignable to type 'IntrinsicAttributes & SystemSpecProgressProps'.
  Property 'completionPercentage' does not exist on type 'IntrinsicAttributes & SystemSpecProgressProps'.
src/components/Phase2/SystemDeepDive.tsx(364,75): error TS2339: Property 'target' does not exist on type 'string'.
src/components/Phase2/SystemDeepDive.tsx(369,20): error TS2322: Type '{ children: Element[]; label: string; value: "custom" | "oauth" | "api_key" | "basic_auth" | "jwt"; onChange: (e: string) => void; required: true; }' is not assignable to type 'IntrinsicAttributes & SelectProps'.
  Property 'children' does not exist on type 'IntrinsicAttributes & SelectProps'.
src/components/Phase2/SystemDeepDive.tsx(376,35): error TS2339: Property 'target' does not exist on type 'string'.
src/components/Phase2/SystemDeepDive.tsx(391,19): error TS2322: Type '"url"' is not assignable to type '"number" | "email" | "text" | "password" | "tel" | undefined'.
src/components/Phase2/SystemDeepDive.tsx(397,38): error TS2339: Property 'target' does not exist on type 'string'.
src/components/Phase2/SystemDeepDive.tsx(410,37): error TS2339: Property 'target' does not exist on type 'string'.
src/components/Phase2/SystemDeepDive.tsx(458,46): error TS2339: Property 'target' does not exist on type 'string'.
src/components/Phase2/SystemDeepDive.tsx(539,82): error TS2339: Property 'target' does not exist on type 'string'.
src/components/Phase2/SystemDeepDive.tsx(547,98): error TS2339: Property 'target' does not exist on type 'string'.
src/components/Phase2/SystemDeepDive.tsx(611,53): error TS2339: Property 'target' does not exist on type 'string'.
src/components/Phase2/SystemDeepDive.tsx(624,61): error TS2339: Property 'target' does not exist on type 'string'.
src/components/Phase2/SystemDeepDive.tsx(630,22): error TS2322: Type '{ children: Element[]; label: string; value: "manual" | "api" | "csv_export" | "csv_import" | "etl_tool" | "database_dump"; onChange: (e: string) => void; }' is not assignable to type 'IntrinsicAttributes & SelectProps'.
  Property 'children' does not exist on type 'IntrinsicAttributes & SelectProps'.
src/components/Phase2/SystemDeepDive.tsx(637,46): error TS2339: Property 'target' does not exist on type 'string'.
src/components/Phase2/SystemDeepDive.tsx(706,43): error TS2339: Property 'target' does not exist on type 'string'.
src/components/Phase2/SystemDeepDive.tsx(748,19): error TS18048: 'systemCriteria.functional' is possibly 'undefined'.
src/components/Phase2/SystemDeepDive.tsx(749,19): error TS18048: 'systemCriteria.performance' is possibly 'undefined'.
src/components/Phase2/SystemDeepDive.tsx(750,19): error TS18048: 'systemCriteria.security' is possibly 'undefined'.
src/components/Phase2/SystemDeepDive.tsx(751,19): error TS18048: 'systemCriteria.usability' is possibly 'undefined'.
src/components/Phase2/SystemDeepDive.tsx(768,22): error TS18048: 'systemCriteria.functional' is possibly 'undefined'.
src/components/Phase2/SystemDeepDive.tsx(772,49): error TS18048: 'systemCriteria.functional' is possibly 'undefined'.
src/components/Phase2/SystemDeepDive.tsx(775,28): error TS18048: 'systemCriteria.functional' is possibly 'undefined'.
src/components/Phase2/SystemDeepDive.tsx(824,22): error TS18048: 'systemCriteria.performance' is possibly 'undefined'.
src/components/Phase2/SystemDeepDive.tsx(828,44): error TS18048: 'systemCriteria.performance' is possibly 'undefined'.
src/components/Phase2/SystemDeepDive.tsx(831,28): error TS18048: 'systemCriteria.performance' is possibly 'undefined'.
src/components/Phase2/SystemDeepDive.tsx(851,22): error TS18048: 'systemCriteria.security' is possibly 'undefined'.
src/components/Phase2/SystemDeepDive.tsx(855,42): error TS18048: 'systemCriteria.security' is possibly 'undefined'.
src/components/Phase2/SystemDeepDive.tsx(858,28): error TS18048: 'systemCriteria.security' is possibly 'undefined'.
src/components/Phase2/SystemDeepDive.tsx(889,17): error TS2322: Type 'string | undefined' is not assignable to type 'string'.
  Type 'undefined' is not assignable to type 'string'.
src/components/Phase2/SystemDeepDive.tsx(890,75): error TS2339: Property 'target' does not exist on type 'string'.
src/components/Phase2/SystemDeepDiveSelection.tsx(26,9): error TS18047: 'currentMeeting' is possibly 'null'.
src/components/Phase2/SystemDeepDiveSelection.tsx(54,58): error TS2345: Argument of type 'string' is not assignable to parameter of type 'SystemCategory'.
src/components/Phase2/SystemDeepDiveSelection.tsx(74,41): error TS7006: Parameter 's' implicitly has an 'any' type.
src/components/Phase2/SystemDeepDiveSelection.tsx(220,15): error TS2322: Type '"outline"' is not assignable to type '"success" | "primary" | "danger" | "secondary" | "ghost" | undefined'.
src/components/Phase3/BlockerManagement.tsx(112,28): error TS7006: Parameter 'b' implicitly has an 'any' type.
src/components/Phase3/BlockerManagement.tsx(116,28): error TS7006: Parameter 'b' implicitly has an 'any' type.
src/components/Phase3/BlockerManagement.tsx(120,35): error TS7006: Parameter 'acc' implicitly has an 'any' type.
src/components/Phase3/BlockerManagement.tsx(120,40): error TS7006: Parameter 'blocker' implicitly has an 'any' type.
src/components/Phase3/BlockerManagement.tsx(121,31): error TS7006: Parameter 't' implicitly has an 'any' type.
src/components/Phase3/BlockerManagement.tsx(137,39): error TS7006: Parameter 'b' implicitly has an 'any' type.
src/components/Phase3/BlockerManagement.tsx(138,35): error TS7006: Parameter 'b' implicitly has an 'any' type.
src/components/Phase3/BlockerManagement.tsx(139,37): error TS7006: Parameter 'b' implicitly has an 'any' type.
src/components/Phase3/BlockerManagement.tsx(140,34): error TS7006: Parameter 'b' implicitly has an 'any' type.
src/components/Phase3/BlockerManagement.tsx(149,50): error TS7006: Parameter 'b' implicitly has an 'any' type.
src/components/Phase3/BlockerManagement.tsx(246,63): error TS2339: Property 'task' does not exist on type 'unknown'.
src/components/Phase3/BlockerManagement.tsx(246,69): error TS2339: Property 'blockers' does not exist on type 'unknown'.
src/components/Phase3/BlockerManagement.tsx(272,39): error TS7006: Parameter 'blocker' implicitly has an 'any' type.
src/components/Phase3/BlockerManagement.tsx(273,38): error TS7053: Element implicitly has an 'any' type because expression of type 'any' can't be used to index type '{ critical: { bg: string; text: string; border: string; icon: string; }; high: { bg: string; text: string; border: string; icon: string; }; medium: { bg: string; text: string; border: string; icon: string; }; low: { ...; }; }'.
src/components/Phase3/BlockerManagement.tsx(343,37): error TS7006: Parameter 'blocker' implicitly has an 'any' type.
src/components/Phase3/BlockerManagement.tsx(344,41): error TS7006: Parameter 't' implicitly has an 'any' type.
src/components/Phase3/BlockerManagement.tsx(345,32): error TS7053: Element implicitly has an 'any' type because expression of type 'any' can't be used to index type '{ critical: { bg: string; text: string; border: string; icon: string; }; high: { bg: string; text: string; border: string; icon: string; }; medium: { bg: string; text: string; border: string; icon: string; }; low: { ...; }; }'.
src/components/Phase3/DeveloperDashboard.tsx(282,34): error TS7006: Parameter 't' implicitly has an 'any' type.
src/components/Phase3/DeveloperDashboard.tsx(283,40): error TS7006: Parameter 't' implicitly has an 'any' type.
src/components/Phase3/DeveloperDashboard.tsx(284,38): error TS7006: Parameter 't' implicitly has an 'any' type.
src/components/Phase3/DeveloperDashboard.tsx(285,37): error TS7006: Parameter 't' implicitly has an 'any' type.
src/components/Phase3/DeveloperDashboard.tsx(286,34): error TS7006: Parameter 't' implicitly has an 'any' type.
src/components/Phase3/DeveloperDashboard.tsx(291,54): error TS7006: Parameter 't' implicitly has an 'any' type.
src/components/Phase3/DeveloperDashboard.tsx(295,26): error TS7006: Parameter 's' implicitly has an 'any' type.
src/components/Phase3/DeveloperDashboard.tsx(298,27): error TS7006: Parameter 't' implicitly has an 'any' type.
src/components/Phase3/DeveloperDashboard.tsx(303,27): error TS7006: Parameter 't' implicitly has an 'any' type.
src/components/Phase3/DeveloperDashboard.tsx(306,72): error TS7006: Parameter 't' implicitly has an 'any' type.
src/components/Phase3/DeveloperDashboard.tsx(307,64): error TS7006: Parameter 't' implicitly has an 'any' type.
src/components/Phase3/DeveloperDashboard.tsx(308,68): error TS7006: Parameter 't' implicitly has an 'any' type.
src/components/Phase3/DeveloperDashboard.tsx(309,62): error TS7006: Parameter 't' implicitly has an 'any' type.
src/components/Phase3/DeveloperDashboard.tsx(323,42): error TS7006: Parameter 't' implicitly has an 'any' type.
src/components/Phase3/DeveloperDashboard.tsx(326,42): error TS7006: Parameter 't' implicitly has an 'any' type.
src/components/Phase3/DeveloperDashboard.tsx(492,13): error TS2322: Type '{ sprints: any; systems: { id: unknown; label: unknown; count: any; }[]; priorities: { id: string; label: string; count: any; }[]; statuses: { id: string; label: string; count: any; }[]; }' is not assignable to type '{ sprints: FilterOption[]; systems: FilterOption[]; priorities: FilterOption[]; statuses: FilterOption[]; }'.
  Types of property 'systems' are incompatible.
    Type '{ id: unknown; label: unknown; count: any; }[]' is not assignable to type 'FilterOption[]'.
      Type '{ id: unknown; label: unknown; count: any; }' is not assignable to type 'FilterOption'.
        Types of property 'id' are incompatible.
          Type 'unknown' is not assignable to type 'string'.
src/components/Phase3/DeveloperDashboard.tsx(513,34): error TS7006: Parameter 'task' implicitly has an 'any' type.
src/components/Phase3/DeveloperDashboard.tsx(557,56): error TS7006: Parameter 't' implicitly has an 'any' type.
src/components/Phase3/DeveloperDashboard.tsx(566,38): error TS7006: Parameter 'task' implicitly has an 'any' type.
src/components/Phase3/ProgressTracking.tsx(15,41): error TS7006: Parameter 't' implicitly has an 'any' type.
src/components/Phase3/ProgressTracking.tsx(16,42): error TS7006: Parameter 't' implicitly has an 'any' type.
src/components/Phase3/ProgressTracking.tsx(17,39): error TS7006: Parameter 't' implicitly has an 'any' type.
src/components/Phase3/ProgressTracking.tsx(18,36): error TS7006: Parameter 't' implicitly has an 'any' type.
src/components/Phase3/ProgressTracking.tsx(20,38): error TS7006: Parameter 'sum' implicitly has an 'any' type.
src/components/Phase3/ProgressTracking.tsx(20,43): error TS7006: Parameter 't' implicitly has an 'any' type.
src/components/Phase3/ProgressTracking.tsx(21,41): error TS7006: Parameter 't' implicitly has an 'any' type.
src/components/Phase3/ProgressTracking.tsx(22,16): error TS7006: Parameter 'sum' implicitly has an 'any' type.
src/components/Phase3/ProgressTracking.tsx(22,21): error TS7006: Parameter 't' implicitly has an 'any' type.
src/components/Phase3/ProgressTracking.tsx(23,39): error TS7006: Parameter 'sum' implicitly has an 'any' type.
src/components/Phase3/ProgressTracking.tsx(23,44): error TS7006: Parameter 't' implicitly has an 'any' type.
src/components/Phase3/ProgressTracking.tsx(48,48): error TS7006: Parameter 't' implicitly has an 'any' type.
src/components/Phase3/ProgressTracking.tsx(48,71): error TS7006: Parameter 't' implicitly has an 'any' type.
src/components/Phase3/ProgressTracking.tsx(51,42): error TS7006: Parameter 't' implicitly has an 'any' type.
src/components/Phase3/ProgressTracking.tsx(52,46): error TS7006: Parameter 't' implicitly has an 'any' type.
src/components/Phase3/ProgressTracking.tsx(53,47): error TS7006: Parameter 't' implicitly has an 'any' type.
src/components/Phase3/ProgressTracking.tsx(54,44): error TS7006: Parameter 't' implicitly has an 'any' type.
src/components/Phase3/ProgressTracking.tsx(56,48): error TS7006: Parameter 'sum' implicitly has an 'any' type.
src/components/Phase3/ProgressTracking.tsx(56,53): error TS7006: Parameter 't' implicitly has an 'any' type.
src/components/Phase3/ProgressTracking.tsx(57,51): error TS7006: Parameter 't' implicitly has an 'any' type.
src/components/Phase3/ProgressTracking.tsx(58,18): error TS7006: Parameter 'sum' implicitly has an 'any' type.
src/components/Phase3/ProgressTracking.tsx(58,23): error TS7006: Parameter 't' implicitly has an 'any' type.
src/components/Phase3/ProgressTracking.tsx(74,24): error TS7006: Parameter 'sprint' implicitly has an 'any' type.
src/components/Phase3/ProgressTracking.tsx(75,40): error TS7006: Parameter 't' implicitly has an 'any' type.
src/components/Phase3/ProgressTracking.tsx(76,44): error TS7006: Parameter 't' implicitly has an 'any' type.
src/components/Phase3/ProgressTracking.tsx(77,46): error TS7006: Parameter 'sum' implicitly has an 'any' type.
src/components/Phase3/ProgressTracking.tsx(77,51): error TS7006: Parameter 't' implicitly has an 'any' type.
src/components/Phase3/ProgressTracking.tsx(78,49): error TS7006: Parameter 't' implicitly has an 'any' type.
src/components/Phase3/ProgressTracking.tsx(79,18): error TS7006: Parameter 'sum' implicitly has an 'any' type.
src/components/Phase3/ProgressTracking.tsx(79,23): error TS7006: Parameter 't' implicitly has an 'any' type.
src/components/Phase3/ProgressTracking.tsx(96,30): error TS7006: Parameter 't' implicitly has an 'any' type.
src/components/Phase3/ProgressTracking.tsx(97,26): error TS7006: Parameter 't' implicitly has an 'any' type.
src/components/Phase3/ProgressTracking.tsx(98,28): error TS7006: Parameter 't' implicitly has an 'any' type.
src/components/Phase3/ProgressTracking.tsx(99,25): error TS7006: Parameter 't' implicitly has an 'any' type.
src/components/Phase3/ProgressTracking.tsx(107,27): error TS7006: Parameter 't' implicitly has an 'any' type.
src/components/Phase3/ProgressTracking.tsx(108,31): error TS7006: Parameter 't' implicitly has an 'any' type.
src/components/Phase3/ProgressTracking.tsx(236,33): error TS7006: Parameter 't' implicitly has an 'any' type.
src/components/Phase3/ProgressTracking.tsx(241,75): error TS7006: Parameter 't' implicitly has an 'any' type.
src/components/Phase3/ProgressTracking.tsx(256,22): error TS2322: Type '{}' is not assignable to type 'Key | null | undefined'.
src/components/Phase3/ProgressTracking.tsx(259,65): error TS2322: Type '{}' is not assignable to type 'ReactNode'.
src/components/Phase3/ProgressTracking.tsx(295,34): error TS7006: Parameter 'sprint' implicitly has an 'any' type.
src/components/Phase3/ProgressTracking.tsx(308,73): error TS7053: Element implicitly has an 'any' type because expression of type 'any' can't be used to index type '{ planned: string; active: string; completed: string; }'.
src/components/Phase3/SprintView.tsx(149,20): error TS7006: Parameter 's' implicitly has an 'any' type.
src/components/Phase3/SprintView.tsx(150,20): error TS7006: Parameter 's' implicitly has an 'any' type.
src/components/Phase3/SprintView.tsx(154,25): error TS7006: Parameter 't' implicitly has an 'any' type.
src/components/Phase3/SprintView.tsx(159,42): error TS7006: Parameter 't' implicitly has an 'any' type.
src/components/Phase3/SprintView.tsx(160,43): error TS7006: Parameter 't' implicitly has an 'any' type.
src/components/Phase3/SprintView.tsx(161,40): error TS7006: Parameter 't' implicitly has an 'any' type.
src/components/Phase3/SprintView.tsx(162,44): error TS7006: Parameter 'sum' implicitly has an 'any' type.
src/components/Phase3/SprintView.tsx(162,49): error TS7006: Parameter 't' implicitly has an 'any' type.
src/components/Phase3/SprintView.tsx(163,47): error TS7006: Parameter 't' implicitly has an 'any' type.
src/components/Phase3/SprintView.tsx(163,81): error TS7006: Parameter 'sum' implicitly has an 'any' type.
src/components/Phase3/SprintView.tsx(163,86): error TS7006: Parameter 't' implicitly has an 'any' type.
src/components/Phase3/SprintView.tsx(206,11): error TS2739: Type '{ name: string; startDate: Date; endDate: Date; goal: string; status: "planned"; plannedCapacity: number; actualVelocity: number; }' is missing the following properties from type 'Sprint': id, meetingId, sprintNumber
src/components/Phase3/SprintView.tsx(223,5): error TS2304: Cannot find name 'setShowCreateSprint'.
src/components/Phase3/SprintView.tsx(267,26): error TS7006: Parameter 'sprint' implicitly has an 'any' type.
src/components/Phase3/SprintView.tsx(290,83): error TS7053: Element implicitly has an 'any' type because expression of type 'any' can't be used to index type '{ planned: string; active: string; completed: string; }'.
src/components/Phase3/SprintView.tsx(486,36): error TS7006: Parameter 'task' implicitly has an 'any' type.
src/components/Phase3/SprintView.tsx(510,75): error TS7053: Element implicitly has an 'any' type because expression of type 'any' can't be used to index type '{ todo: string; in_progress: string; in_review: string; blocked: string; done: string; }'.
src/components/Phase3/SprintView.tsx(515,46): error TS7053: Element implicitly has an 'any' type because expression of type 'any' can't be used to index type '{ critical: string; high: string; medium: string; low: string; }'.
src/components/Phase3/SystemView.tsx(126,24): error TS7006: Parameter 'system' implicitly has an 'any' type.
src/components/Phase3/SystemView.tsx(127,40): error TS7006: Parameter 't' implicitly has an 'any' type.
src/components/Phase3/SystemView.tsx(132,44): error TS7006: Parameter 't' implicitly has an 'any' type.
src/components/Phase3/SystemView.tsx(133,45): error TS7006: Parameter 't' implicitly has an 'any' type.
src/components/Phase3/SystemView.tsx(134,42): error TS7006: Parameter 't' implicitly has an 'any' type.
src/components/Phase3/SystemView.tsx(135,39): error TS7006: Parameter 't' implicitly has an 'any' type.
src/components/Phase3/SystemView.tsx(137,46): error TS7006: Parameter 'sum' implicitly has an 'any' type.
src/components/Phase3/SystemView.tsx(137,51): error TS7006: Parameter 't' implicitly has an 'any' type.
src/components/Phase3/SystemView.tsx(138,49): error TS7006: Parameter 't' implicitly has an 'any' type.
src/components/Phase3/SystemView.tsx(139,18): error TS7006: Parameter 'sum' implicitly has an 'any' type.
src/components/Phase3/SystemView.tsx(139,23): error TS7006: Parameter 't' implicitly has an 'any' type.
src/components/Phase3/SystemView.tsx(160,44): error TS7006: Parameter 'sum' implicitly has an 'any' type.
src/components/Phase3/SystemView.tsx(160,49): error TS7006: Parameter 's' implicitly has an 'any' type.
src/components/Phase3/SystemView.tsx(161,48): error TS7006: Parameter 'sum' implicitly has an 'any' type.
src/components/Phase3/SystemView.tsx(161,53): error TS7006: Parameter 's' implicitly has an 'any' type.
src/components/Phase3/SystemView.tsx(162,44): error TS7006: Parameter 'sum' implicitly has an 'any' type.
src/components/Phase3/SystemView.tsx(162,49): error TS7006: Parameter 's' implicitly has an 'any' type.
src/components/Phase3/SystemView.tsx(163,48): error TS7006: Parameter 'sum' implicitly has an 'any' type.
src/components/Phase3/SystemView.tsx(163,53): error TS7006: Parameter 's' implicitly has an 'any' type.
src/components/Phase3/SystemView.tsx(247,31): error TS7031: Binding element 'system' implicitly has an 'any' type.
src/components/Phase3/SystemView.tsx(247,46): error TS7031: Binding element 'sysTasks' implicitly has an 'any' type.
src/components/Phase3/SystemView.tsx(247,56): error TS7031: Binding element 'stats' implicitly has an 'any' type.
src/components/Phase3/SystemView.tsx(330,37): error TS7006: Parameter 'task' implicitly has an 'any' type.
src/components/Phase3/SystemView.tsx(354,42): error TS7053: Element implicitly has an 'any' type because expression of type 'any' can't be used to index type '{ critical: { label: string; color: string; }; high: { label: string; color: string; }; medium: { label: string; color: string; }; low: { label: string; color: string; }; }'.
src/components/Phase3/SystemView.tsx(359,116): error TS7053: Element implicitly has an 'any' type because expression of type 'any' can't be used to index type '{ todo: string; in_progress: string; in_review: string; blocked: string; done: string; }'.
src/components/Phase3/SystemView.tsx(362,32): error TS7053: Element implicitly has an 'any' type because expression of type 'any' can't be used to index type '{ todo: Element; in_progress: Element; in_review: Element; blocked: Element; done: Element; }'.
src/components/Phase3/TaskDetail.tsx(36,19): error TS2322: Type 'TaskTestCase | { id: string; scenario: string; expectedResult: string; actualResult: string; status: "pending"; }' is not assignable to type 'TaskTestCase'.
  Type '{ id: string; scenario: string; expectedResult: string; actualResult: string; status: "pending"; }' is missing the following properties from type 'TaskTestCase': description, steps, passed
src/components/Phase3/TaskDetail.tsx(36,52): error TS2739: Type '{ id: string; scenario: string; expectedResult: string; actualResult: string; status: "pending"; }' is missing the following properties from type 'TaskTestCase': description, steps, passed
src/components/Phase3/TaskDetail.tsx(323,41): error TS2339: Property 'scenario' does not exist on type 'TaskTestCase'.
src/components/Phase3/TaskDetail.tsx(361,41): error TS2339: Property 'status' does not exist on type 'TaskTestCase'.
src/components/PhaseWorkflow/ClientApprovalView.tsx(556,56): error TS2551: Property 'monthlySavingsHours' does not exist on type 'ROIScenario'. Did you mean 'monthlySavings'?
src/components/PhaseWorkflow/ClientApprovalView.tsx(572,56): error TS2339: Property 'paybackMonths' does not exist on type 'ROIScenario'.
src/components/PhaseWorkflow/ClientApprovalView.tsx(592,60): error TS2339: Property 'paybackMonths' does not exist on type 'ROIScenario'.
src/components/Requirements/RequirementsNavigator.tsx(28,29): error TS7006: Parameter 's' implicitly has an 'any' type.
src/components/Requirements/RequirementsNavigator.tsx(29,28): error TS7006: Parameter 's' implicitly has an 'any' type.
src/components/Settings/AISettings.tsx(37,9): error TS2322: Type '"local"' is not assignable to type '"custom" | "openai" | "xai-grok"'.
src/components/Settings/AISettings.tsx(131,7): error TS2322: Type '"cohere"' is not assignable to type 'AIProvider'.
src/components/Settings/AISettings.tsx(136,7): error TS2322: Type '"huggingface"' is not assignable to type 'AIProvider'.
src/components/Settings/AISettings.tsx(141,7): error TS2322: Type '"local"' is not assignable to type 'AIProvider'.
src/components/Settings/AISettings.tsx(153,12): error TS2678: Type '"cohere"' is not comparable to type 'AIProvider'.
src/components/Settings/AISettings.tsx(155,12): error TS2678: Type '"huggingface"' is not comparable to type 'AIProvider'.
src/components/Settings/AISettings.tsx(237,8): error TS2367: This comparison appears to be unintentional because the types '"custom" | "openai" | "xai-grok"' and '"local"' have no overlap.
src/components/Settings/AISettings.tsx(274,34): error TS2345: Argument of type '"custom" | "openai" | "xai-grok"' is not assignable to parameter of type 'AIProvider'.
  Type '"custom"' is not assignable to type 'AIProvider'.
src/components/Settings/AISettings.tsx(319,31): error TS2339: Property 'rateLimitPerMinute' does not exist on type 'AIConfig'.
src/components/Settings/AISettings.tsx(320,52): error TS2345: Argument of type '"rateLimitPerMinute"' is not assignable to parameter of type 'keyof AIConfig'.
src/components/Settings/AISettings.tsx(351,31): error TS2339: Property 'enableCache' does not exist on type 'AIConfig'.
src/components/Settings/AISettings.tsx(352,50): error TS2345: Argument of type '"enableCache"' is not assignable to parameter of type 'keyof AIConfig'.
src/components/Settings/AISettings.tsx(361,31): error TS2339: Property 'fallbackToLocal' does not exist on type 'AIConfig'.
src/components/Settings/AISettings.tsx(362,50): error TS2345: Argument of type '"fallbackToLocal"' is not assignable to parameter of type 'keyof AIConfig'.
src/components/Settings/AISettings.tsx(371,15): error TS2339: Property 'enableCache' does not exist on type 'AIConfig'.
src/components/Settings/AISettings.tsx(418,52): error TS2367: This comparison appears to be unintentional because the types '"custom" | "openai" | "xai-grok"' and '"local"' have no overlap.
src/components/Summary/SummaryTab.tsx(479,46): error TS7006: Parameter 'system' implicitly has an 'any' type.
src/components/Summary/SummaryTab.tsx(514,51): error TS7006: Parameter 'integration' implicitly has an 'any' type.
src/components/Summary/SummaryTab.tsx(595,24): error TS7006: Parameter 't' implicitly has an 'any' type.
src/components/Summary/SummaryTab.tsx(596,31): error TS7006: Parameter 't' implicitly has an 'any' type.
src/components/Summary/SummaryTab.tsx(597,29): error TS7006: Parameter 't' implicitly has an 'any' type.
src/components/Summary/SummaryTab.tsx(598,27): error TS7006: Parameter 't' implicitly has an 'any' type.
src/components/Summary/SummaryTab.tsx(599,24): error TS7006: Parameter 't' implicitly has an 'any' type.
src/components/Summary/SummaryTab.tsx(607,38): error TS7006: Parameter 's' implicitly has an 'any' type.
src/components/Summary/SummaryTab.tsx(611,43): error TS7006: Parameter 'b' implicitly has an 'any' type.
src/components/Summary/SummaryTab.tsx(612,45): error TS7006: Parameter 'b' implicitly has an 'any' type.
src/components/Summary/SummaryTab.tsx(774,39): error TS7006: Parameter 't' implicitly has an 'any' type.
src/components/Summary/SummaryTab.tsx(775,36): error TS7006: Parameter 'sum' implicitly has an 'any' type.
src/components/Summary/SummaryTab.tsx(775,41): error TS7006: Parameter 't' implicitly has an 'any' type.
src/components/Visualizations/IntegrationVisualizer.tsx(125,13): error TS2322: Type 'string | number[]' is not assignable to type 'StrokeDasharray<string | number> | undefined'.
  Type 'number[]' is not assignable to type 'StrokeDasharray<string | number> | undefined'.
    Type 'number[]' is not assignable to type 'string & {}'.
      Type 'number[]' is not assignable to type 'string'.
src/components/Wizard/WizardStepContent.tsx(60,21): error TS2339: Property 'allowCustom' does not exist on type '{ value: any; onChange: (value: any) => void; error: string; }'.
src/components/Wizard/WizardStepContent.tsx(61,21): error TS2339: Property 'onCustomAdd' does not exist on type '{ value: any; onChange: (value: any) => void; error: string; }'.
src/components/Wizard/WizardSummary.tsx(111,41): error TS2339: Property 'monthlySavings' does not exist on type 'ROIMetrics'.
src/components/Wizard/WizardSummary.tsx(125,37): error TS2339: Property 'hoursSaved' does not exist on type 'ROIMetrics'.
src/components/Wizard/WizardSummary.tsx(250,43): error TS2339: Property 'monthlySavings' does not exist on type 'ROIMetrics'.
src/components/Wizard/WizardSummary.tsx(326,51): error TS2339: Property 'map' does not exist on type '{ immediate?: string | undefined; followUp?: string | undefined; decisionMakers?: string | undefined; }'.
src/components/Wizard/WizardSummary.tsx(326,56): error TS7006: Parameter 'step' implicitly has an 'any' type.
src/components/Wizard/WizardSummary.tsx(326,62): error TS7006: Parameter 'index' implicitly has an 'any' type.
src/components/ZohoNotifications.tsx(161,14): error TS2322: Type '{ children: string; jsx: true; }' is not assignable to type 'DetailedHTMLProps<StyleHTMLAttributes<HTMLStyleElement>, HTMLStyleElement>'.
  Property 'jsx' does not exist on type 'DetailedHTMLProps<StyleHTMLAttributes<HTMLStyleElement>, HTMLStyleElement>'.
src/config/serviceComponentMapping.ts(55,1): error TS6133: 'IntComplexSpec' is declared but its value is never read.
src/config/serviceRequirementsTemplates.ts(1235,13): error TS2353: Object literal may only specify known properties, and 'rows' does not exist in type 'RequirementField'.
src/config/serviceRequirementsTemplates.ts(2477,13): error TS2353: Object literal may only specify known properties, and 'rows' does not exist in type 'RequirementField'.
src/config/serviceRequirementsTemplates.ts(2514,13): error TS2353: Object literal may only specify known properties, and 'rows' does not exist in type 'RequirementField'.
src/config/serviceRequirementsTemplates.ts(2598,13): error TS2353: Object literal may only specify known properties, and 'rows' does not exist in type 'RequirementField'.
src/config/serviceRequirementsTemplates.ts(3091,13): error TS2353: Object literal may only specify known properties, and 'itemFields' does not exist in type 'RequirementField'.
src/config/serviceRequirementsTemplates.ts(3307,9): error TS2353: Object literal may only specify known properties, and 'conditionalDisplay' does not exist in type 'RequirementSection'.
src/config/serviceRequirementsTemplates.ts(3360,9): error TS2353: Object literal may only specify known properties, and 'conditionalDisplay' does not exist in type 'RequirementSection'.
src/config/serviceRequirementsTemplates.ts(3401,9): error TS2353: Object literal may only specify known properties, and 'conditionalDisplay' does not exist in type 'RequirementSection'.
src/config/serviceRequirementsTemplates.ts(3438,9): error TS2353: Object literal may only specify known properties, and 'conditionalDisplay' does not exist in type 'RequirementSection'.
src/config/serviceRequirementsTemplates.ts(3469,9): error TS2353: Object literal may only specify known properties, and 'conditionalDisplay' does not exist in type 'RequirementSection'.
src/config/serviceRequirementsTemplates.ts(3511,13): error TS2353: Object literal may only specify known properties, and 'itemFields' does not exist in type 'RequirementField'.
src/config/serviceRequirementsTemplates.ts(3763,13): error TS2353: Object literal may only specify known properties, and 'itemFields' does not exist in type 'RequirementField'.
src/config/serviceRequirementsTemplates.ts(3810,13): error TS2353: Object literal may only specify known properties, and 'itemFields' does not exist in type 'RequirementField'.
src/config/serviceRequirementsTemplates.ts(3934,13): error TS2353: Object literal may only specify known properties, and 'itemFields' does not exist in type 'RequirementField'.
src/config/serviceRequirementsTemplates.ts(4066,13): error TS2353: Object literal may only specify known properties, and 'itemFields' does not exist in type 'RequirementField'.
src/config/serviceRequirementsTemplates.ts(4115,13): error TS2353: Object literal may only specify known properties, and 'itemFields' does not exist in type 'RequirementField'.
src/config/serviceRequirementsTemplates.ts(4150,13): error TS2353: Object literal may only specify known properties, and 'itemFields' does not exist in type 'RequirementField'.
src/config/serviceRequirementsTemplates.ts(4173,13): error TS2353: Object literal may only specify known properties, and 'itemFields' does not exist in type 'RequirementField'.
src/config/serviceRequirementsTemplates.ts(4200,13): error TS2353: Object literal may only specify known properties, and 'itemFields' does not exist in type 'RequirementField'.
src/config/serviceRequirementsTemplates.ts(4330,13): error TS2353: Object literal may only specify known properties, and 'itemFields' does not exist in type 'RequirementField'.
src/config/serviceRequirementsTemplates.ts(4419,13): error TS2353: Object literal may only specify known properties, and 'itemFields' does not exist in type 'RequirementField'.
src/config/serviceRequirementsTemplates.ts(4429,13): error TS2353: Object literal may only specify known properties, and 'itemFields' does not exist in type 'RequirementField'.
src/config/serviceRequirementsTemplates.ts(4506,13): error TS2353: Object literal may only specify known properties, and 'itemFields' does not exist in type 'RequirementField'.
src/config/serviceRequirementsTemplates.ts(4568,13): error TS2353: Object literal may only specify known properties, and 'itemFields' does not exist in type 'RequirementField'.
src/config/serviceRequirementsTemplates.ts(4595,13): error TS2353: Object literal may only specify known properties, and 'itemFields' does not exist in type 'RequirementField'.
src/config/serviceRequirementsTemplates.ts(4704,13): error TS2353: Object literal may only specify known properties, and 'itemFields' does not exist in type 'RequirementField'.
src/config/serviceRequirementsTemplates.ts(4754,13): error TS2353: Object literal may only specify known properties, and 'itemFields' does not exist in type 'RequirementField'.
src/config/serviceRequirementsTemplates.ts(4788,13): error TS2353: Object literal may only specify known properties, and 'itemFields' does not exist in type 'RequirementField'.
src/config/serviceRequirementsTemplates.ts(4837,13): error TS2353: Object literal may only specify known properties, and 'itemFields' does not exist in type 'RequirementField'.
src/config/serviceRequirementsTemplates.ts(5048,13): error TS2353: Object literal may only specify known properties, and 'itemFields' does not exist in type 'RequirementField'.
src/config/serviceRequirementsTemplates.ts(5058,13): error TS2353: Object literal may only specify known properties, and 'itemFields' does not exist in type 'RequirementField'.
src/config/serviceRequirementsTemplates.ts(5104,13): error TS2353: Object literal may only specify known properties, and 'itemFields' does not exist in type 'RequirementField'.
src/config/serviceRequirementsTemplates.ts(5127,13): error TS2353: Object literal may only specify known properties, and 'itemFields' does not exist in type 'RequirementField'.
src/config/wizardSteps.ts(868,34): error TS2367: This comparison appears to be unintentional because the types 'boolean | undefined' and 'string' have no overlap.
src/config/wizardSteps.ts(887,34): error TS2367: This comparison appears to be unintentional because the types 'boolean | undefined' and 'string' have no overlap.
src/config/wizardSteps.ts(904,34): error TS2367: This comparison appears to be unintentional because the types 'boolean | undefined' and 'string' have no overlap.
src/config/wizardSteps.ts(1590,34): error TS2367: This comparison appears to be unintentional because the types 'boolean | undefined' and 'string' have no overlap.
src/config/wizardSteps.ts(1604,34): error TS2367: This comparison appears to be unintentional because the types 'boolean | undefined' and 'string' have no overlap.
src/config/wizardSteps.ts(2355,16): error TS7053: Element implicitly has an 'any' type because expression of type 'string' can't be used to index type '{ b2b: string[]; b2c: string[]; b2b2c: string[]; marketplace: string[]; saas: string[]; }'.
  No index signature with a parameter of type 'string' was found on type '{ b2b: string[]; b2c: string[]; b2b2c: string[]; marketplace: string[]; saas: string[]; }'.
src/contexts/AuthContext.tsx(171,10): error TS2769: No overload matches this call.
  Overload 1 of 2, '(values: never, options?: { count?: "exact" | "planned" | "estimated" | undefined; } | undefined): PostgrestFilterBuilder<{ PostgrestVersion: "12"; }, never, never, null, "profiles", never, "POST">', gave the following error.
    Argument of type '{ id: any; email: any; full_name: string | null; company_name: string | null; }[]' is not assignable to parameter of type 'never'.
  Overload 2 of 2, '(values: never[], options?: { count?: "exact" | "planned" | "estimated" | undefined; defaultToNull?: boolean | undefined; } | undefined): PostgrestFilterBuilder<{ PostgrestVersion: "12"; }, never, never, null, "profiles", never, "POST">', gave the following error.
    Type '{ id: any; email: any; full_name: string | null; company_name: string | null; }' is not assignable to type 'never'.
src/contexts/AuthContext.tsx(223,17): error TS2345: Argument of type '{ updated_at: string; id?: string | undefined; created_at?: string | undefined; email?: string | undefined; full_name?: string | null | undefined; company_name?: string | null | undefined; ... 4 more ...; last_seen?: string | ... 1 more ... | undefined; }' is not assignable to parameter of type 'never'.
src/hooks/useCollaboration.ts(6,15): error TS6196: 'MeetingCollaborator' is declared but never used.
src/hooks/useCollaboration.ts(392,10): error TS2769: No overload matches this call.
  Overload 1 of 2, '(values: never, options?: { count?: "exact" | "planned" | "estimated" | undefined; } | undefined): PostgrestFilterBuilder<{ PostgrestVersion: "12"; }, never, never, null, "meeting_comments", never, "POST">', gave the following error.
    Argument of type '{ meeting_id: string; user_id: string; module: string | null; field: string | null; comment: string; }' is not assignable to parameter of type 'never'.
  Overload 2 of 2, '(values: never[], options?: { count?: "exact" | "planned" | "estimated" | undefined; defaultToNull?: boolean | undefined; } | undefined): PostgrestFilterBuilder<{ PostgrestVersion: "12"; }, never, never, null, "meeting_comments", never, "POST">', gave the following error.
    Object literal may only specify known properties, and 'meeting_id' does not exist in type 'never[]'.
src/hooks/useCollaboration.ts(421,17): error TS2345: Argument of type '{ is_resolved: boolean; resolved_by: string; resolved_at: string; }' is not assignable to parameter of type 'never'.
src/hooks/useFormValidation.ts(20,20): error TS2724: '"../utils/validation"' has no exported member named 'validateAll'. Did you mean 'validate'?
src/hooks/useFormValidation.ts(20,33): error TS2305: Module '"../utils/validation"' has no exported member 'ValidationConfig'.
src/hooks/useFormValidation.ts(20,51): error TS2305: Module '"../utils/validation"' has no exported member 'sanitizeInput'.
src/hooks/useFormValidation.ts(169,45): error TS2554: Expected 2 arguments, but got 3.
src/hooks/useFormValidation.ts(170,14): error TS18047: 'result' is possibly 'null'.
src/hooks/useFormValidation.ts(170,21): error TS2339: Property 'error' does not exist on type 'string'.
src/hooks/useFormValidation.ts(406,5): error TS2322: Type '(name: keyof T, value: any) => string | null' is not assignable to type '(name: keyof T) => string | null'.
  Target signature provides too few arguments. Expected 2 or more, but got 1.
src/lib/supabase.ts(178,15): error TS2345: Argument of type 'Partial<T>' is not assignable to parameter of type 'never'.
src/lib/supabase.ts(206,13): error TS2769: No overload matches this call.
  Overload 1 of 2, '(values: never, options?: { count?: "exact" | "planned" | "estimated" | undefined; } | undefined): PostgrestFilterBuilder<{ PostgrestVersion: "12"; }, never, never, null, string, never, "POST">', gave the following error.
    Argument of type 'T[]' is not assignable to parameter of type 'never'.
  Overload 2 of 2, '(values: never[], options?: { count?: "exact" | "planned" | "estimated" | undefined; defaultToNull?: boolean | undefined; } | undefined): PostgrestFilterBuilder<{ PostgrestVersion: "12"; }, never, never, null, string, never, "POST">', gave the following error.
    Argument of type 'T[]' is not assignable to parameter of type 'never[]'.
      Type 'T' is not assignable to type 'never'.
src/pages/PDFTestPage.tsx(19,7): error TS2561: Object literal may only specify known properties, but 'nameEn' does not exist in type 'SelectedService'. Did you mean to write 'name'?
src/pages/PDFTestPage.tsx(37,7): error TS2561: Object literal may only specify known properties, but 'nameEn' does not exist in type 'SelectedService'. Did you mean to write 'name'?
src/pages/PDFTestPage.tsx(55,7): error TS2561: Object literal may only specify known properties, but 'nameEn' does not exist in type 'SelectedService'. Did you mean to write 'name'?
src/pages/PDFTestPage.tsx(74,7): error TS2561: Object literal may only specify known properties, but 'nameEn' does not exist in type 'SelectedService'. Did you mean to write 'name'?
src/services/AIService.ts(7,3): error TS2305: Module '"../types"' has no exported member 'AIInsight'.
src/services/AIService.ts(8,3): error TS2305: Module '"../types"' has no exported member 'AIAnalysisResult'.
src/services/AIService.ts(12,11): error TS6196: 'ProviderConfig' is declared but never used.
src/services/AIService.ts(46,66): error TS2322: Type '"cohere"' is not assignable to type 'AIProvider'.
src/services/AIService.ts(46,76): error TS2322: Type '"huggingface"' is not assignable to type 'AIProvider'.
src/services/AIService.ts(46,91): error TS2322: Type '"local"' is not assignable to type 'AIProvider'.
src/services/AIService.ts(51,5): error TS2322: Type '"local"' is not assignable to type 'AIProvider'.
src/services/AIService.ts(66,7): error TS2322: Type 'AIProvider' is not assignable to type '"custom" | "openai" | "xai-grok"'.
  Type '"anthropic"' is not assignable to type '"custom" | "openai" | "xai-grok"'.
src/services/AIService.ts(85,12): error TS2678: Type '"cohere"' is not comparable to type 'AIProvider'.
src/services/AIService.ts(86,12): error TS2678: Type '"huggingface"' is not comparable to type 'AIProvider'.
src/services/AIService.ts(127,20): error TS2339: Property 'success' does not exist on type 'AIResponse'.
src/services/AIService.ts(127,40): error TS2339: Property 'data' does not exist on type 'AIResponse'.
src/services/AIService.ts(128,68): error TS2339: Property 'data' does not exist on type 'AIResponse'.
src/services/AIService.ts(159,20): error TS2339: Property 'success' does not exist on type 'AIResponse'.
src/services/AIService.ts(159,40): error TS2339: Property 'data' does not exist on type 'AIResponse'.
src/services/AIService.ts(160,54): error TS2339: Property 'data' does not exist on type 'AIResponse'.
src/services/AIService.ts(189,20): error TS2339: Property 'success' does not exist on type 'AIResponse'.
src/services/AIService.ts(189,40): error TS2339: Property 'data' does not exist on type 'AIResponse'.
src/services/AIService.ts(190,54): error TS2339: Property 'data' does not exist on type 'AIResponse'.
src/services/AIService.ts(206,16): error TS2353: Object literal may only specify known properties, and 'success' does not exist in type 'AIResponse'.
src/services/AIService.ts(218,14): error TS2678: Type '"cohere"' is not comparable to type 'AIProvider'.
src/services/AIService.ts(220,14): error TS2678: Type '"huggingface"' is not comparable to type 'AIProvider'.
src/services/AIService.ts(223,20): error TS2353: Object literal may only specify known properties, and 'success' does not exist in type 'AIResponse'.
src/services/AIService.ts(227,9): error TS2353: Object literal may only specify known properties, and 'success' does not exist in type 'AIResponse'.
src/services/AIService.ts(264,7): error TS2353: Object literal may only specify known properties, and 'success' does not exist in type 'AIResponse'.
src/services/AIService.ts(278,7): error TS2769: No overload matches this call.
  Overload 1 of 2, '(input: string | URL | Request, init?: RequestInit | undefined): Promise<Response>', gave the following error.
    Type '{ 'Content-Type': string; 'x-api-key': string | undefined; 'anthropic-version': string; }' is not assignable to type 'HeadersInit | undefined'.
      Type '{ 'Content-Type': string; 'x-api-key': string | undefined; 'anthropic-version': string; }' is not assignable to type 'undefined'.
  Overload 2 of 2, '(input: URL | RequestInfo, init?: RequestInit | undefined): Promise<Response>', gave the following error.
    Type '{ 'Content-Type': string; 'x-api-key': string | undefined; 'anthropic-version': string; }' is not assignable to type 'HeadersInit | undefined'.
      Type '{ 'Content-Type': string; 'x-api-key': string | undefined; 'anthropic-version': string; }' is not assignable to type 'undefined'.
src/services/AIService.ts(302,7): error TS2353: Object literal may only specify known properties, and 'success' does not exist in type 'AIResponse'.
src/services/AIService.ts(329,7): error TS2353: Object literal may only specify known properties, and 'success' does not exist in type 'AIResponse'.
src/services/AIService.ts(360,7): error TS2353: Object literal may only specify known properties, and 'success' does not exist in type 'AIResponse'.
src/services/AIService.ts(368,67): error TS7053: Element implicitly has an 'any' type because expression of type 'string' can't be used to index type 'Modules'.
  No index signature with a parameter of type 'string' was found on type 'Modules'.
src/services/AIService.ts(374,23): error TS2339: Property 'companyName' does not exist on type 'Meeting'.
src/services/AIService.ts(398,23): error TS2339: Property 'companyName' does not exist on type 'Meeting'.
src/services/AIService.ts(542,26): error TS2365: Operator '>' cannot be applied to types 'SpeedToLead' and 'number'.
src/services/AIService.ts(548,11): error TS2353: Object literal may only specify known properties, and 'estimatedValue' does not exist in type 'AIRecommendation'.
src/services/AIService.ts(554,33): error TS2339: Property 'manual' does not exist on type 'FollowUpStrategy'.
src/services/AIService.ts(560,11): error TS2353: Object literal may only specify known properties, and 'estimatedValue' does not exist in type 'AIRecommendation'.
src/services/AIService.ts(568,15): error TS2339: Property 'automationLevel' does not exist on type 'CustomerServiceModule'.
src/services/AIService.ts(576,11): error TS2353: Object literal may only specify known properties, and 'estimatedValue' does not exist in type 'AIRecommendation'.
src/services/AIService.ts(584,15): error TS2339: Property 'bottlenecks' does not exist on type 'OperationsModule'.
src/services/AIService.ts(592,11): error TS2353: Object literal may only specify known properties, and 'estimatedValue' does not exist in type 'AIRecommendation'.
src/services/AIService.ts(602,37): error TS2339: Property 'manual' does not exist on type 'DashboardConfig'.
src/services/AIService.ts(608,11): error TS2353: Object literal may only specify known properties, and 'estimatedValue' does not exist in type 'AIRecommendation'.
src/services/AIService.ts(625,11): error TS2353: Object literal may only specify known properties, and 'estimatedValue' does not exist in type 'AIRecommendation'.
src/services/AIService.ts(641,14): error TS7053: Element implicitly has an 'any' type because expression of type 'string' can't be used to index type 'Modules'.
  No index signature with a parameter of type 'string' was found on type 'Modules'.
src/services/AIService.ts(641,50): error TS7053: Element implicitly has an 'any' type because expression of type 'string' can't be used to index type 'Modules'.
  No index signature with a parameter of type 'string' was found on type 'Modules'.
src/services/AIService.ts(657,50): error TS2339: Property 'manual' does not exist on type 'FollowUpStrategy'.
src/services/AIService.ts(658,42): error TS2339: Property 'automationLevel' does not exist on type 'CustomerServiceModule'.
src/services/AIService.ts(659,48): error TS2339: Property 'manual' does not exist on type 'DashboardConfig'.
src/services/AIService.ts(741,23): error TS2339: Property 'enableCache' does not exist on type 'AIConfig'.
src/services/AIService.ts(755,23): error TS2339: Property 'enableCache' does not exist on type 'AIConfig'.
src/services/AIService.ts(765,25): error TS2345: Argument of type 'string | undefined' is not assignable to parameter of type 'string'.
  Type 'undefined' is not assignable to type 'string'.
src/services/AIService.ts(771,23): error TS2339: Property 'rateLimitPerMinute' does not exist on type 'AIConfig'.
src/services/AIService.ts(779,57): error TS2339: Property 'timestamp' does not exist on type 'AIRequest'.
src/services/AIService.ts(782,49): error TS2339: Property 'rateLimitPerMinute' does not exist on type 'AIConfig'.
src/services/AIService.ts(784,53): error TS2339: Property 'timestamp' does not exist on type 'AIRequest'.
src/services/AIService.ts(793,7): error TS2353: Object literal may only specify known properties, and 'id' does not exist in type 'AIRequest'.
src/services/AIService.ts(826,27): error TS2339: Property 'success' does not exist on type 'AIResponse'.
src/services/AIService.ts(827,27): error TS2339: Property 'success' does not exist on type 'AIResponse'.
src/services/discoveryStatusService.ts(67,53): error TS7006: Parameter 's' implicitly has an 'any' type.
src/services/emailService.ts(85,32): error TS2551: Property 'totalServices' does not exist on type 'ProposalData'. Did you mean 'totalPrice'?
src/services/emailService.ts(315,54): error TS2551: Property 'totalServices' does not exist on type 'ProposalData'. Did you mean 'totalPrice'?
src/services/syncService.ts(131,21): error TS2345: Argument of type 'any' is not assignable to parameter of type 'never'.
src/services/syncService.ts(166,39): error TS2339: Property 'id' does not exist on type 'Meeting'.
src/services/syncService.ts(175,27): error TS2339: Property 'id' does not exist on type 'Meeting'.
src/services/syncService.ts(179,21): error TS2339: Property 'id' does not exist on type 'Meeting'.
src/services/syncService.ts(181,31): error TS2339: Property 'companyName' does not exist on type 'Meeting'.
src/services/syncService.ts(182,31): error TS2339: Property 'contactName' does not exist on type 'Meeting'.
src/services/syncService.ts(183,31): error TS2339: Property 'contactRole' does not exist on type 'Meeting'.
src/services/syncService.ts(184,32): error TS2339: Property 'contactEmail' does not exist on type 'Meeting'.
src/services/syncService.ts(185,32): error TS2339: Property 'contactPhone' does not exist on type 'Meeting'.
src/services/syncService.ts(186,31): error TS2551: Property 'meetingDate' does not exist on type 'Meeting'. Did you mean 'meetingId'?
src/services/syncService.ts(187,9): error TS2322: Type 'MeetingStatus' is not assignable to type '"draft" | "in_progress" | "completed" | "archived" | undefined'.
  Type '"deployed"' is not assignable to type '"draft" | "in_progress" | "completed" | "archived" | undefined'.
src/services/syncService.ts(192,30): error TS2339: Property 'aiInsights' does not exist on type 'Meeting'.
src/services/syncService.ts(212,46): error TS2339: Property 'version' does not exist on type 'never'.
src/services/syncService.ts(216,19): error TS2345: Argument of type 'Partial<{ id: string; created_at: string; updated_at: string; owner_id: string; company_name: string; contact_name: string; contact_role: string; contact_email: string | null; contact_phone: string | null; ... 10 more ...; last_modified_by: string | null; }>' is not assignable to parameter of type 'never'.
src/services/syncService.ts(217,29): error TS2339: Property 'id' does not exist on type 'Meeting'.
src/services/syncService.ts(226,31): error TS2339: Property 'id' does not exist on type 'Meeting'.
src/services/syncService.ts(238,19): error TS2769: No overload matches this call.
  Overload 1 of 2, '(values: never, options?: { count?: "exact" | "planned" | "estimated" | undefined; } | undefined): PostgrestFilterBuilder<{ PostgrestVersion: "12"; }, never, never, null, "meetings", never, "POST">', gave the following error.
    Argument of type 'Partial<{ id: string; created_at: string; updated_at: string; owner_id: string; company_name: string; contact_name: string; contact_role: string; contact_email: string | null; contact_phone: string | null; ... 10 more ...; last_modified_by: string | null; }>' is not assignable to parameter of type 'never'.
  Overload 2 of 2, '(values: never[], options?: { count?: "exact" | "planned" | "estimated" | undefined; defaultToNull?: boolean | undefined; } | undefined): PostgrestFilterBuilder<{ PostgrestVersion: "12"; }, never, never, null, "meetings", never, "POST">', gave the following error.
    Argument of type 'Partial<{ id: string; created_at: string; updated_at: string; owner_id: string; company_name: string; contact_name: string; contact_role: string; contact_email: string | null; contact_phone: string | null; ... 10 more ...; last_modified_by: string | null; }>' is not assignable to parameter of type 'never[]'.
      Type 'Partial<{ id: string; created_at: string; updated_at: string; owner_id: string; company_name: string; contact_name: string; contact_role: string; contact_email: string | null; contact_phone: string | null; ... 10 more ...; last_modified_by: string | null; }>' is missing the following properties from type 'never[]': length, pop, push, concat, and 29 more.
src/services/syncService.ts(247,31): error TS2339: Property 'id' does not exist on type 'Meeting'.
src/services/syncService.ts(258,15): error TS2304: Cannot find name 'existingMeeting'.
src/services/syncService.ts(269,38): error TS2339: Property 'updatedAt' does not exist on type 'Meeting'.
src/services/syncService.ts(273,63): error TS2339: Property 'version' does not exist on type 'Meeting'.
src/services/syncService.ts(312,37): error TS2339: Property 'id' does not exist on type 'Meeting'.
src/services/syncService.ts(373,13): error TS2322: Type '{ id: any; companyName: any; contactName: any; contactRole: any; contactEmail: any; contactPhone: any; meetingDate: any; status: any; modules: any; painPoints: any; customFieldValues: any; wizardState: any; aiInsights: any; createdAt: any; updatedAt: any; version: any; }[]' is not assignable to type 'Meeting[]'.
  Type '{ id: any; companyName: any; contactName: any; contactRole: any; contactEmail: any; contactPhone: any; meetingDate: any; status: any; modules: any; painPoints: any; customFieldValues: any; wizardState: any; aiInsights: any; createdAt: any; updatedAt: any; version: any; }' is missing the following properties from type 'Meeting': meetingId, clientName, date, phase, phaseHistory
src/services/syncService.ts(409,17): error TS2769: No overload matches this call.
  Overload 1 of 2, '(values: never, options?: { count?: "exact" | "planned" | "estimated" | undefined; } | undefined): PostgrestFilterBuilder<{ PostgrestVersion: "12"; }, never, never, null, "meeting_activities", never, "POST">', gave the following error.
    Argument of type 'Partial<{ id: string; created_at: string; meeting_id: string; user_id: string; action: string; module: string | null; field: string | null; old_value: Json; new_value: Json; metadata: Json; }>' is not assignable to parameter of type 'never'.
  Overload 2 of 2, '(values: never[], options?: { count?: "exact" | "planned" | "estimated" | undefined; defaultToNull?: boolean | undefined; } | undefined): PostgrestFilterBuilder<{ PostgrestVersion: "12"; }, never, never, null, "meeting_activities", never, "POST">', gave the following error.
    Argument of type 'Partial<{ id: string; created_at: string; meeting_id: string; user_id: string; action: string; module: string | null; field: string | null; old_value: Json; new_value: Json; metadata: Json; }>' is not assignable to parameter of type 'never[]'.
      Type 'Partial<{ id: string; created_at: string; meeting_id: string; user_id: string; action: string; module: string | null; field: string | null; old_value: Json; new_value: Json; metadata: Json; }>' is missing the following properties from type 'never[]': length, pop, push, concat, and 29 more.
src/services/zohoSyncService.ts(28,13): error TS2353: Object literal may only specify known properties, and 'lastSync' does not exist in type '{ recordId: string; module: "Potentials1"; lastSyncTime?: string | undefined; syncEnabled?: boolean | undefined; contactInfo?: { email?: string | undefined; phone?: string | undefined; } | undefined; }'.
src/store/useMeetingStore.ts(1284,52): error TS2339: Property 'id' does not exist on type 'Meeting'.
src/store/useMeetingStore.ts(1290,31): error TS2339: Property 'updatedAt' does not exist on type 'Meeting'.
src/store/useMeetingStore.ts(1291,44): error TS2339: Property 'updatedAt' does not exist on type 'Meeting'.
src/store/useMeetingStore.ts(1291,75): error TS2339: Property 'updatedAt' does not exist on type 'Meeting'.
src/store/useMeetingStore.ts(1294,46): error TS2339: Property 'id' does not exist on type 'Meeting'.
src/store/useMeetingStore.ts(1301,44): error TS2339: Property 'id' does not exist on type 'Meeting'.
src/store/useMeetingStore.ts(1366,18): error TS7053: Element implicitly has an 'any' type because expression of type 'string' can't be used to index type 'Modules'.
  No index signature with a parameter of type 'string' was found on type 'Modules'.
src/store/useMeetingStore.ts(1416,25): error TS2364: The left-hand side of an assignment expression must be a variable or a property access.
src/store/useMeetingStore.ts(1417,25): error TS2693: 'Record' only refers to a type, but is being used as a value here.
src/store/useMeetingStore.ts(1417,25): error TS2364: The left-hand side of an assignment expression must be a variable or a property access.
src/store/useMeetingStore.ts(1444,30): error TS2339: Property '_validationCache' does not exist on type 'MeetingStore'.
src/store/useMeetingStore.ts(1526,58): error TS7006: Parameter 't' implicitly has an 'any' type.
src/store/useMeetingStore.ts(1528,60): error TS7006: Parameter 't' implicitly has an 'any' type.
src/store/useMeetingStore.ts(1546,15): error TS2339: Property '_validationCache' does not exist on type 'MeetingStore'.
src/store/useMeetingStore.ts(1550,19): error TS2339: Property '_lastLoggedState' does not exist on type 'MeetingStore'.
src/store/useMeetingStore.ts(1554,17): error TS2339: Property '_lastLoggedState' does not exist on type 'MeetingStore'.
src/store/useMeetingStore.ts(1627,28): error TS2339: Property 'supabaseId' does not exist on type 'Meeting'.
src/store/useMeetingStore.ts(1677,28): error TS2339: Property 'supabaseId' does not exist on type 'Meeting'.
src/store/useMeetingStore.ts(1723,49): error TS7006: Parameter 't' implicitly has an 'any' type.
src/store/useMeetingStore.ts(1764,81): error TS7006: Parameter 'task' implicitly has an 'any' type.
src/store/useMeetingStore.ts(1787,11): error TS7006: Parameter 'task' implicitly has an 'any' type.
src/store/useMeetingStore.ts(1814,74): error TS7006: Parameter 't' implicitly has an 'any' type.
src/store/useMeetingStore.ts(1831,74): error TS7006: Parameter 't' implicitly has an 'any' type.
src/store/useMeetingStore.ts(1834,53): error TS7006: Parameter 'tc' implicitly has an 'any' type.
src/store/useMeetingStore.ts(1875,88): error TS7006: Parameter 'blocker' implicitly has an 'any' type.
src/store/useMeetingStore.ts(2107,15): error TS2322: Type '{ zohoIntegration: { recordId: any; lastSyncTime: string; syncEnabled: boolean; module?: "Potentials1" | undefined; contactInfo?: { email?: string; phone?: string; }; }; ... 16 more ...; developmentTracking?: DevelopmentTrackingData; }' is not assignable to type 'Meeting'.
  The types of 'zohoIntegration.module' are incompatible between these types.
    Type '"Potentials1" | undefined' is not assignable to type '"Potentials1"'.
      Type 'undefined' is not assignable to type '"Potentials1"'.
src/test-pdf-page.tsx(19,11): error TS2561: Object literal may only specify known properties, but 'nameEn' does not exist in type 'SelectedService'. Did you mean to write 'name'?
src/test-pdf-page.tsx(30,11): error TS2561: Object literal may only specify known properties, but 'nameEn' does not exist in type 'SelectedService'. Did you mean to write 'name'?
src/test-pdf-page.tsx(41,11): error TS2561: Object literal may only specify known properties, but 'nameEn' does not exist in type 'SelectedService'. Did you mean to write 'name'?
src/test-pdf-page.tsx(56,9): error TS2740: Type '{ totalServices: number; }' is missing the following properties from type 'ProposalSummary': totalAutomations, totalAIAgents, totalIntegrations, identifiedProcesses, and 2 more.
src/types/index.ts(17,1): error TS2308: Module './design-system' has already exported a member named 'AlertVariant'. Consider explicitly re-exporting to resolve the ambiguity.
src/types/index.ts(17,1): error TS2308: Module './design-system' has already exported a member named 'LoadingState'. Consider explicitly re-exporting to resolve the ambiguity.
src/types/index.ts(40,1): error TS2308: Module './automationServices' has already exported a member named 'AITriageRequirements'. Consider explicitly re-exporting to resolve the ambiguity.
src/types/index.ts(40,1): error TS2308: Module './automationServices' has already exported a member named 'PriorityRule'. Consider explicitly re-exporting to resolve the ambiguity.
src/types/index.ts(40,1): error TS2308: Module './automationServices' has already exported a member named 'RoutingRule'. Consider explicitly re-exporting to resolve the ambiguity.
src/types/index.ts(40,1): error TS2308: Module './automationServices' has already exported a member named 'TriageCategory'. Consider explicitly re-exporting to resolve the ambiguity.
src/types/index.ts(153,24): error TS2304: Cannot find name 'ImplementationSpecData'.
src/types/index.ts(154,25): error TS2304: Cannot find name 'DevelopmentTrackingData'.
src/types/index.ts(178,14): error TS2304: Cannot find name 'ProposalData'.
src/types/index.ts(180,18): error TS2304: Cannot find name 'CollectedRequirements'.
src/types/index.ts(1595,3): error TS2484: Export declaration conflicts with exported declaration of 'AIModelSelection'.
src/types/phase2.ts(10,3): error TS6133: 'AutomationServiceConfig' is declared but its value is never read.
src/types/phase2.ts(15,3): error TS6133: 'AIAgentServiceConfig' is declared but its value is never read.
src/types/phase2.ts(20,3): error TS6133: 'IntegrationServiceConfig' is declared but its value is never read.
src/types/phase2.ts(25,3): error TS6133: 'SystemImplementationServiceConfig' is declared but its value is never read.
src/types/phase2.ts(30,3): error TS6133: 'AdditionalServiceConfig' is declared but its value is never read.
src/utils/__tests__/dataMigration.test.ts(13,1): error TS6192: All imports in import declaration are unused.
src/utils/__tests__/dataMigration.test.ts(77,14): error TS18048: 'result.meeting.modules.leadsAndSales.leadSources' is possibly 'undefined'.
src/utils/__tests__/dataMigration.test.ts(98,51): error TS2339: Property 'leadSourcesMetadata' does not exist on type 'LeadsAndSalesModule'.
src/utils/__tests__/dataMigration.test.ts(99,51): error TS2339: Property 'leadSourcesMetadata' does not exist on type 'LeadsAndSalesModule'.
src/utils/__tests__/dataMigration.test.ts(100,51): error TS2339: Property 'leadSourcesMetadata' does not exist on type 'LeadsAndSalesModule'.
src/utils/__tests__/dataMigration.test.ts(171,14): error TS18048: 'result.meeting.modules.leadsAndSales.leadSources' is possibly 'undefined'.
src/utils/__tests__/dataMigration.test.ts(219,14): error TS18048: 'result.meeting.modules.customerService.channels' is possibly 'undefined'.
src/utils/__tests__/dataMigration.test.ts(240,53): error TS2339: Property 'channelsMetadata' does not exist on type 'CustomerServiceModule'.
src/utils/__tests__/dataMigration.test.ts(241,53): error TS2339: Property 'channelsMetadata' does not exist on type 'CustomerServiceModule'.
src/utils/__tests__/dataMigration.test.ts(242,53): error TS2339: Property 'channelsMetadata' does not exist on type 'CustomerServiceModule'.
src/utils/__tests__/dataMigration.test.ts(313,14): error TS18048: 'result.meeting.modules.customerService.channels' is possibly 'undefined'.
src/utils/__tests__/serviceRequirementsValidation.test.ts(13,8): error TS6133: 'ServiceValidationResult' is declared but its value is never read.
src/utils/__tests__/smartRecommendationsEngine.test.ts(35,11): error TS2322: Type 'string' is not assignable to type 'string[]'.
src/utils/__tests__/smartRecommendationsEngine.test.ts(64,35): error TS2353: Object literal may only specify known properties, and 'frequency' does not exist in type 'WorkProcess'.
src/utils/__tests__/smartRecommendationsEngine.test.ts(73,15): error TS2353: Object literal may only specify known properties, and 'name' does not exist in type 'DocumentFlow'.
src/utils/__tests__/smartRecommendationsEngine.test.ts(85,15): error TS2353: Object literal may only specify known properties, and 'type' does not exist in type 'ProjectIssue'.
src/utils/__tests__/smartRecommendationsEngine.test.ts(86,15): error TS2353: Object literal may only specify known properties, and 'type' does not exist in type 'ProjectIssue'.
src/utils/__tests__/smartRecommendationsEngine.test.ts(93,9): error TS2740: Type '{}' is missing the following properties from type '{ departments: Department[]; onboardingSteps: number; onboardingDuration: number; trainingRequirements: string[]; performanceReviewFrequency: string; employeeTurnoverRate: number; hrSystemsInUse: string[]; }': departments, onboardingSteps, onboardingDuration, trainingRequirements, and 3 more.
src/utils/__tests__/smartRecommendationsEngine.test.ts(94,9): error TS2740: Type '{}' is missing the following properties from type '{ inventoryMethod: string; shippingProcesses: string[]; supplierCount: number; orderFulfillmentTime: number; warehouseOperations: string[]; deliveryIssues: string; returnProcessTime: number; inventoryAccuracy: number; }': inventoryMethod, shippingProcesses, supplierCount, orderFulfillmentTime, and 4 more.
src/utils/__tests__/smartRecommendationsEngine.test.ts(535,13): error TS2739: Type '{}' is missing the following properties from type '{ processes: WorkProcess[]; commonFailures: string[]; errorTrackingSystem: string; processDocumentation: string; automationReadiness: number; }': processes, commonFailures, errorTrackingSystem, processDocumentation, automationReadiness
src/utils/__tests__/smartRecommendationsEngine.test.ts(536,13): error TS2740: Type '{}' is missing the following properties from type '{ flows: DocumentFlow[]; storageLocations: string[]; searchDifficulties: string; versionControlMethod: string; approvalWorkflow: string; documentRetention: number; }': flows, storageLocations, searchDifficulties, versionControlMethod, and 2 more.
src/utils/__tests__/smartRecommendationsEngine.test.ts(537,13): error TS2740: Type '{}' is missing the following properties from type '{ tools: string[]; taskCreationSources: string[]; issues: ProjectIssue[]; resourceAllocationMethod: string; timelineAccuracy: number; projectVisibility: string; deadlineMissRate: number; }': tools, taskCreationSources, issues, resourceAllocationMethod, and 3 more.
src/utils/__tests__/smartRecommendationsEngine.test.ts(538,13): error TS2740: Type '{}' is missing the following properties from type '{ departments: Department[]; onboardingSteps: number; onboardingDuration: number; trainingRequirements: string[]; performanceReviewFrequency: string; employeeTurnoverRate: number; hrSystemsInUse: string[]; }': departments, onboardingSteps, onboardingDuration, trainingRequirements, and 3 more.
src/utils/__tests__/smartRecommendationsEngine.test.ts(539,13): error TS2740: Type '{}' is missing the following properties from type '{ inventoryMethod: string; shippingProcesses: string[]; supplierCount: number; orderFulfillmentTime: number; warehouseOperations: string[]; deliveryIssues: string; returnProcessTime: number; inventoryAccuracy: number; }': inventoryMethod, shippingProcesses, supplierCount, orderFulfillmentTime, and 4 more.
src/utils/__tests__/smartRecommendationsEngine.test.ts(558,13): error TS2739: Type '{ meetingId: string; clientName: string; date: Date; modules: { overview: {}; leadsAndSales: any; customerService: any; operations: any; reporting: {}; aiAgents: {}; systems: {}; roi: {}; planning: {}; }; painPoints: never[]; }' is missing the following properties from type 'Meeting': phase, status, phaseHistory
src/utils/acceptanceCriteriaGenerator.ts(86,7): error TS2322: Type '"medium" | "critical" | "high" | "low"' is not assignable to type '"must_have" | "should_have" | "nice_to_have" | "must" | "should" | "nice"'.
  Type '"medium"' is not assignable to type '"must_have" | "should_have" | "nice_to_have" | "must" | "should" | "nice"'.
src/utils/acceptanceCriteriaGenerator.ts(97,9): error TS2322: Type '"medium" | "critical" | "high" | "low"' is not assignable to type '"must_have" | "should_have" | "nice_to_have" | "must" | "should" | "nice"'.
  Type '"medium"' is not assignable to type '"must_have" | "should_have" | "nice_to_have" | "must" | "should" | "nice"'.
src/utils/acceptanceCriteriaGenerator.ts(157,9): error TS1117: An object literal cannot have multiple properties with the same name.
src/utils/acceptanceCriteriaGenerator.ts(385,17): error TS18048: 'criteria.functional' is possibly 'undefined'.
src/utils/acceptanceCriteriaGenerator.ts(386,17): error TS18048: 'criteria.performance' is possibly 'undefined'.
src/utils/acceptanceCriteriaGenerator.ts(387,17): error TS18048: 'criteria.security' is possibly 'undefined'.
src/utils/acceptanceCriteriaGenerator.ts(388,17): error TS18048: 'criteria.usability' is possibly 'undefined'.
src/utils/acceptanceCriteriaGenerator.ts(392,17): error TS18048: 'criteria.functional' is possibly 'undefined'.
src/utils/acceptanceCriteriaGenerator.ts(393,18): error TS18048: 'criteria.performance' is possibly 'undefined'.
src/utils/acceptanceCriteriaGenerator.ts(394,15): error TS18048: 'criteria.security' is possibly 'undefined'.
src/utils/acceptanceCriteriaGenerator.ts(395,16): error TS18048: 'criteria.usability' is possibly 'undefined'.
src/utils/acceptanceCriteriaGenerator.ts(396,15): error TS18048: 'criteria.functional' is possibly 'undefined'.
src/utils/acceptanceCriteriaGenerator.ts(397,17): error TS18048: 'criteria.functional' is possibly 'undefined'.
src/utils/acceptanceCriteriaGenerator.ts(398,17): error TS18048: 'criteria.functional' is possibly 'undefined'.
src/utils/acceptanceCriteriaGenerator.ts(407,17): error TS18048: 'criteria.functional' is possibly 'undefined'.
src/utils/acceptanceCriteriaGenerator.ts(407,49): error TS18048: 'r.category' is possibly 'undefined'.
src/utils/acceptanceCriteriaGenerator.ts(408,18): error TS18048: 'criteria.performance' is possibly 'undefined'.
src/utils/acceptanceCriteriaGenerator.ts(409,15): error TS18048: 'criteria.security' is possibly 'undefined'.
src/utils/acceptanceCriteriaGenerator.ts(410,16): error TS18048: 'criteria.usability' is possibly 'undefined'.
src/utils/acceptanceCriteriaGenerator.ts(419,17): error TS18048: 'criteria.functional' is possibly 'undefined'.
src/utils/acceptanceCriteriaGenerator.ts(422,18): error TS18048: 'criteria.performance' is possibly 'undefined'.
src/utils/acceptanceCriteriaGenerator.ts(425,15): error TS18048: 'criteria.security' is possibly 'undefined'.
src/utils/acceptanceCriteriaGenerator.ts(440,17): error TS18048: 'criteria.functional' is possibly 'undefined'.
src/utils/acceptanceCriteriaGenerator.ts(441,8): error TS18048: 'r.category' is possibly 'undefined'.
src/utils/acceptanceCriteriaGenerator.ts(441,37): error TS18048: 'r.category' is possibly 'undefined'.
src/utils/acceptanceCriteriaGenerator.ts(444,18): error TS18048: 'criteria.performance' is possibly 'undefined'.
src/utils/acceptanceCriteriaGenerator.ts(447,15): error TS18048: 'criteria.security' is possibly 'undefined'.
src/utils/acceptanceCriteriaGenerator.ts(450,16): error TS18048: 'criteria.usability' is possibly 'undefined'.
src/utils/aiAgentExpander.ts(157,48): error TS2339: Property 'productServices' does not exist on type 'LeadsAndSalesModule'.
src/utils/aiAgentExpander.ts(381,7): error TS2353: Object literal may only specify known properties, and 'reasonForSelection' does not exist in type 'AIModelSelection'.
src/utils/aiAgentExpander.ts(392,5): error TS2353: Object literal may only specify known properties, and 'reasonForSelection' does not exist in type 'AIModelSelection'.
src/utils/aiAgentExpander.ts(406,59): error TS18048: 'a.knowledgeBase.totalTokensEstimated' is possibly 'undefined'.
src/utils/aiAgentExpander.ts(407,51): error TS18048: 'a.conversationFlow.intents' is possibly 'undefined'.
src/utils/dataMappingGenerator.ts(395,21): error TS2304: Cannot find name 'target'.
src/utils/dataMappingGenerator.ts(398,15): error TS2304: Cannot find name 'target'.
src/utils/dataMappingGenerator.ts(399,33): error TS2304: Cannot find name 'target'.
src/utils/dataMappingGenerator.ts(408,29): error TS2304: Cannot find name 'target'.
src/utils/dataMigration.examples.ts(103,46): error TS2339: Property 'leadSourcesMetadata' does not exist on type 'LeadsAndSalesModule'.
src/utils/dataMigration.examples.ts(105,78): error TS2339: Property 'leadSourcesMetadata' does not exist on type 'LeadsAndSalesModule'.
src/utils/dataMigration.examples.ts(106,77): error TS2339: Property 'leadSourcesMetadata' does not exist on type 'LeadsAndSalesModule'.
src/utils/dataMigration.examples.ts(109,48): error TS2339: Property 'channelsMetadata' does not exist on type 'CustomerServiceModule'.
src/utils/dataMigration.examples.ts(111,84): error TS2339: Property 'channelsMetadata' does not exist on type 'CustomerServiceModule'.
src/utils/dataMigration.examples.ts(112,84): error TS2339: Property 'channelsMetadata' does not exist on type 'CustomerServiceModule'.
src/utils/dataMigration.ts(176,5): error TS2740: Type '{}' is missing the following properties from type 'Modules': overview, leadsAndSales, customerService, operations, and 4 more.
src/utils/dataMigration.ts(352,5): error TS2740: Type '{}' is missing the following properties from type 'Modules': overview, leadsAndSales, customerService, operations, and 4 more.
src/utils/dataMigration.ts(518,5): error TS2740: Type '{}' is missing the following properties from type 'Modules': overview, leadsAndSales, customerService, operations, and 4 more.
src/utils/downloadProposalPDF.ts(539,26): error TS2345: Argument of type '{ margin: number; filename: string; image: { type: string; quality: number; }; html2canvas: { scale: number; useCORS: boolean; letterRendering: boolean; logging: boolean; windowWidth: number; windowHeight: number; }; jsPDF: { ...; }; pagebreak: { ...; }; }' is not assignable to parameter of type 'Html2PdfOptions'.
  The types of 'image.type' are incompatible between these types.
    Type 'string' is not assignable to type '"png" | "jpeg" | "webp" | undefined'.
src/utils/pdfGenerators.ts(36,10): error TS2345: Argument of type '{ margin: number; filename: string; image: { type: "jpeg"; quality: number; }; html2canvas: { scale: number; useCORS: boolean; letterRendering: boolean; }; jsPDF: { unit: string; format: string; orientation: string; }; }' is not assignable to parameter of type 'Html2PdfOptions'.
  The types of 'jsPDF.orientation' are incompatible between these types.
    Type 'string' is not assignable to type '"portrait" | "landscape" | undefined'.
src/utils/requirementsPrefillEngine.ts(170,43): error TS2538: Type 'string[]' cannot be used as an index type.
src/utils/requirementsPrefillEngine.ts(372,45): error TS2538: Type 'string[]' cannot be used as an index type.
src/utils/requirementsPrefillEngine.ts(542,17): error TS2339: Property 'documentTypes' does not exist on type '{ flows: DocumentFlow[]; storageLocations: string[]; searchDifficulties: string; versionControlMethod: string; approvalWorkflow: string; documentRetention: number; }'.
src/utils/requirementsPrefillEngine.ts(543,42): error TS2339: Property 'documentTypes' does not exist on type '{ flows: DocumentFlow[]; storageLocations: string[]; searchDifficulties: string; versionControlMethod: string; approvalWorkflow: string; documentRetention: number; }'.
src/utils/requirementsPrefillEngine.ts(543,61): error TS7006: Parameter 'd' implicitly has an 'any' type.
src/utils/requirementsPrefillEngine.ts(551,41): error TS2339: Property 'storage' does not exist on type '{ flows: DocumentFlow[]; storageLocations: string[]; searchDifficulties: string; versionControlMethod: string; approvalWorkflow: string; documentRetention: number; }'.
src/utils/requirementsPrefillEngine.ts(554,46): error TS2339: Property 'organization' does not exist on type '{ flows: DocumentFlow[]; storageLocations: string[]; searchDifficulties: string; versionControlMethod: string; approvalWorkflow: string; documentRetention: number; }'.
src/utils/requirementsPrefillEngine.ts(557,17): error TS2339: Property 'incomingDocuments' does not exist on type '{ flows: DocumentFlow[]; storageLocations: string[]; searchDifficulties: string; versionControlMethod: string; approvalWorkflow: string; documentRetention: number; }'.
src/utils/requirementsPrefillEngine.ts(558,45): error TS2339: Property 'incomingDocuments' does not exist on type '{ flows: DocumentFlow[]; storageLocations: string[]; searchDifficulties: string; versionControlMethod: string; approvalWorkflow: string; documentRetention: number; }'.
src/utils/requirementsPrefillEngine.ts(562,43): error TS2339: Property 'accuracyRequired' does not exist on type '{ flows: DocumentFlow[]; storageLocations: string[]; searchDifficulties: string; versionControlMethod: string; approvalWorkflow: string; documentRetention: number; }'.
src/utils/requirementsPrefillEngine.ts(707,9): error TS2367: This comparison appears to be unintentional because the types 'number' and 'string' have no overlap.
src/utils/requirementsPrefillEngine.ts(708,14): error TS2367: This comparison appears to be unintentional because the types 'number' and 'string' have no overlap.
src/utils/requirementsPrefillEngine.ts(713,14): error TS2339: Property 'leadVolume' does not exist on type 'LeadsAndSalesModule'.
src/utils/requirementsPrefillEngine.ts(714,27): error TS2339: Property 'leadVolume' does not exist on type 'LeadsAndSalesModule'.
src/utils/requirementsPrefillEngine.ts(785,14): error TS2339: Property 'leadVolume' does not exist on type 'LeadsAndSalesModule'.
src/utils/requirementsPrefillEngine.ts(786,25): error TS2339: Property 'leadVolume' does not exist on type 'LeadsAndSalesModule'.
src/utils/smartRecommendationsEngine.ts(464,9): error TS2367: This comparison appears to be unintentional because the types 'string[] | undefined' and 'string' have no overlap.
src/utils/toast.tsx(160,13): error TS2345: Argument of type '() => () => boolean' is not assignable to parameter of type 'EffectCallback'.
  Type '() => boolean' is not assignable to type 'void | Destructor'.
    Type '() => boolean' is not assignable to type 'Destructor'.
      Type 'boolean' is not assignable to type 'void | { [UNDEFINED_VOID_ONLY]: never; }'.
